#
# There is insufficient memory for the Java Runtime Environment to continue.
# Native memory allocation (malloc) failed to allocate 1048576 bytes for AllocateHeap
# Possible reasons:
#   The system is out of physical RAM or swap space
#   In 32 bit mode, the process size limit was hit
# Possible solutions:
#   Reduce memory load on the system
#   Increase physical memory or swap space
#   Check if swap backing store is full
#   Use 64 bit Java on a 64 bit OS
#   Decrease Java heap size (-Xmx/-Xms)
#   Decrease number of Java threads
#   Decrease Java thread stack sizes (-Xss)
#   Set larger code cache with -XX:ReservedCodeCacheSize=
# This output file may be truncated or incomplete.
#
#  Out of Memory Error (memory/allocation.inline.hpp:61), pid=7164, tid=0x00000000000011fc
#
# JRE version:  (8.0_101-b13) (build )
# Java VM: Java HotSpot(TM) 64-Bit Server VM (25.101-b13 mixed mode windows-amd64 compressed oops)
# Failed to write core dump. Minidumps are not enabled by default on client versions of Windows
#

---------------  T H R E A D  ---------------

Current thread (0x00000000023d1000):  JavaThread "Unknown thread" [_thread_in_vm, id=4604, stack(0x00000000022a0000,0x00000000023a0000)]

Stack: [0x00000000022a0000,0x00000000023a0000]
[error occurred during error reporting (printing stack bounds), id 0xc0000005]

Native frames: (J=compiled Java code, j=interpreted, Vv=VM code, C=native code)


---------------  P R O C E S S  ---------------

Java Threads: ( => current thread )

Other Threads:

=>0x00000000023d1000 (exited) JavaThread "Unknown thread" [_thread_in_vm, id=4604, stack(0x00000000022a0000,0x00000000023a0000)]

VM state:not at safepoint (normal execution)

VM Mutex/Monitor currently owned by a thread: None

Heap:
 PSYoungGen      total 17920K, used 307K [0x00000000eab00000, 0x00000000ebf00000, 0x0000000100000000)
  eden space 15360K, 2% used [0x00000000eab00000,0x00000000eab4ccd8,0x00000000eba00000)
  from space 2560K, 0% used [0x00000000ebc80000,0x00000000ebc80000,0x00000000ebf00000)
  to   space 2560K, 0% used [0x00000000eba00000,0x00000000eba00000,0x00000000ebc80000)
 ParOldGen       total 40960K, used 0K [0x00000000c0000000, 0x00000000c2800000, 0x00000000eab00000)
  object space 40960K, 0% used [0x00000000c0000000,0x00000000c0000000,0x00000000c2800000)
 Metaspace       used 769K, capacity 4480K, committed 4480K, reserved 1056768K
  class space    used 75K, capacity 384K, committed 384K, reserved 1048576K

Card table byte_map: [0x00000000118a0000,0x0000000011ab0000] byte_map_base: 0x00000000112a0000

Marking Bits: (ParMarkBitMap*) 0x000000006e06a6d0
 Begin Bits: [0x0000000011e10000, 0x0000000012e10000)
 End Bits:   [0x0000000012e10000, 0x0000000013e10000)

Polling page: 0x00000000023a0000

CodeCache: size=245760Kb used=327Kb max_used=327Kb free=245432Kb
 bounds [0x00000000024e0000, 0x0000000002750000, 0x00000000114e0000]
 total_blobs=57 nmethods=0 adapters=38
 compilation: enabled

Compilation events (0 events):
No events

GC Heap History (0 events):
No events

Deoptimization events (0 events):
No events

Internal exceptions (0 events):
No events

Events (10 events):
Event: 0.036 loading class java/lang/Short
Event: 0.036 loading class java/lang/Short done
Event: 0.036 loading class java/lang/Integer
Event: 0.036 loading class java/lang/Integer done
Event: 0.036 loading class java/lang/Long
Event: 0.036 loading class java/lang/Long done
Event: 0.037 loading class java/lang/NullPointerException
Event: 0.038 loading class java/lang/NullPointerException done
Event: 0.038 loading class java/lang/ArithmeticException
Event: 0.038 loading class java/lang/ArithmeticException done


Dynamic libraries:
0x00007ff609bd0000 - 0x00007ff609c07000 	C:\Program Files\Java\jdk1.8.0_101\bin\java.exe
0x00007fff403c0000 - 0x00007fff40581000 	C:\Windows\SYSTEM32\ntdll.dll
0x00007fff401c0000 - 0x00007fff4026d000 	C:\Windows\system32\KERNEL32.DLL
0x00007fff3d180000 - 0x00007fff3d35d000 	C:\Windows\system32\KERNELBASE.dll
0x00007fff3dcb0000 - 0x00007fff3dd56000 	C:\Windows\system32\ADVAPI32.dll
0x00007fff400e0000 - 0x00007fff4017d000 	C:\Windows\system32\msvcrt.dll
0x00007fff3dfe0000 - 0x00007fff3e03b000 	C:\Windows\system32\sechost.dll
0x00007fff3da90000 - 0x00007fff3dbb6000 	C:\Windows\system32\RPCRT4.dll
0x00007fff40270000 - 0x00007fff403be000 	C:\Windows\system32\USER32.dll
0x00007fff3e810000 - 0x00007fff3e996000 	C:\Windows\system32\GDI32.dll
0x00007fff2fba0000 - 0x00007fff2fe14000 	C:\Windows\WinSxS\amd64_microsoft.windows.common-controls_6595b64144ccf1df_6.0.10240.16384_none_f41f7b285750ef43\COMCTL32.dll
0x00007fff40180000 - 0x00007fff401b6000 	C:\Windows\system32\IMM32.DLL
0x00007fff3ea50000 - 0x00007fff3ebac000 	C:\Windows\system32\MSCTF.dll
0x000000006e0f0000 - 0x000000006e1c2000 	C:\Program Files\Java\jdk1.8.0_101\jre\bin\msvcr100.dll
0x000000006d850000 - 0x000000006e0ea000 	C:\Program Files\Java\jdk1.8.0_101\jre\bin\server\jvm.dll
0x00007fff3e370000 - 0x00007fff3e378000 	C:\Windows\system32\PSAPI.DLL
0x00007fff3b470000 - 0x00007fff3b493000 	C:\Windows\SYSTEM32\WINMM.dll
0x00007fff3a250000 - 0x00007fff3a259000 	C:\Windows\SYSTEM32\WSOCK32.dll
0x00007fff39b40000 - 0x00007fff39b4a000 	C:\Windows\SYSTEM32\VERSION.dll
0x00007fff3b330000 - 0x00007fff3b35c000 	C:\Windows\SYSTEM32\WINMMBASE.dll
0x00007fff3e530000 - 0x00007fff3e599000 	C:\Windows\system32\WS2_32.dll
0x00007fff3d990000 - 0x00007fff3d9d4000 	C:\Windows\system32\cfgmgr32.dll
0x00007fff3e800000 - 0x00007fff3e808000 	C:\Windows\system32\NSI.dll
0x00007fff3b780000 - 0x00007fff3b7a7000 	C:\Windows\SYSTEM32\DEVOBJ.dll
0x000000006d840000 - 0x000000006d84f000 	C:\Program Files\Java\jdk1.8.0_101\jre\bin\verify.dll
0x000000006d810000 - 0x000000006d839000 	C:\Program Files\Java\jdk1.8.0_101\jre\bin\java.dll
0x000000006d7f0000 - 0x000000006d806000 	C:\Program Files\Java\jdk1.8.0_101\jre\bin\zip.dll

VM Arguments:
jvm_args: -Djava.awt.headless=true -Xmx1024M -Dfile.encoding=x-windows-874 -Duser.country=US -Duser.language=en -Duser.variant 
java_command: com.android.dx.command.Main --dex --force-jumbo --num-threads=4 --output C:\Users\komkrid\Desktop\PGP-master\app\build\intermediates\pre-dexed\debug\com.android.support-support-vector-drawable-23.4.0_bf6d88f727b3b5986593cd7ad5129d12cc2aba7a.jar C:\Users\komkrid\Desktop\PGP-master\app\build\intermediates\exploded-aar\com.android.support\support-vector-drawable\23.4.0\jars\classes.jar
java_class_path (initial): C:\Users\komkrid\AppData\Local\Android\sdk\build-tools\24.0.0\lib\dx.jar
Launcher Type: SUN_STANDARD

Environment Variables:
JAVA_HOME=C:\Program Files\Java\jdk1.8.0_101
PATH=C:\ProgramData\Oracle\Java\javapath;C:\Windows\system32;C:\Windows;C:\Windows\System32\Wbem;C:\Windows\System32\WindowsPowerShell\v1.0\;C:\Program Files (x86)\AMD\ATI.ACE\Core-Static;C:\Program Files (x86)\Common Files\Tom Sawyer Software\8.0.0;C:\Program Files\Git\cmd;C:\ProgramData\Oracle\Java\javapath;C:\Windows\system32;C:\Windows;C:\Windows\System32\Wbem;C:\Windows\System32\WindowsPowerShell\v1.0\;C:\Program Files (x86)\AMD\ATI.ACE\Core-Static;C:\Program Files (x86)\Common Files\Tom Sawyer Software\8.0.0;C:\Program Files\Git\cmd;C:\Program Files\Java\jdk1.8.0_101\bin;C:\Users\komkrid\AppData\Local\Android\sdk\platform-tools;C:\Users\komkrid\AppData\Local\Android\sdk\tools;C:\android-adb\
USERNAME=komkrid
OS=Windows_NT
PROCESSOR_IDENTIFIER=AMD64 Family 16 Model 6 Stepping 3, AuthenticAMD



---------------  S Y S T E M  ---------------

OS: Windows 10.0 , 64 bit Build 10240 (10.0.10240.16384)

CPU:total 2 (2 cores per cpu, 1 threads per core) family 16 model 6 stepping 3, cmov, cx8, fxsr, mmx, sse, sse2, sse3, popcnt, mmxext, 3dnowpref, lzcnt, tsc, tscinvbit, tscinv

Memory: 4k page, physical 3930412k(177920k free), swap 7002412k(5980k free)

vm_info: Java HotSpot(TM) 64-Bit Server VM (25.101-b13) for windows-amd64 JRE (1.8.0_101-b13), built on Jun 22 2016 01:21:29 by "java_re" with MS VC++ 10.0 (VS2010)

time: Mon Jan 23 14:17:57 2017
elapsed time: 0 seconds (0d 0h 0m 0s)

