#
# There is insufficient memory for the Java Runtime Environment to continue.
# Native memory allocation (malloc) failed to allocate 131088 bytes for Chunk::new
# Possible reasons:
#   The system is out of physical RAM or swap space
#   In 32 bit mode, the process size limit was hit
# Possible solutions:
#   Reduce memory load on the system
#   Increase physical memory or swap space
#   Check if swap backing store is full
#   Use 64 bit Java on a 64 bit OS
#   Decrease Java heap size (-Xmx/-Xms)
#   Decrease number of Java threads
#   Decrease Java thread stack sizes (-Xss)
#   Set larger code cache with -XX:ReservedCodeCacheSize=
# This output file may be truncated or incomplete.
#
#  Out of Memory Error (allocation.cpp:390), pid=656, tid=0x00000000000017a8
#
# JRE version: Java(TM) SE Runtime Environment (8.0_101-b13) (build 1.8.0_101-b13)
# Java VM: Java HotSpot(TM) 64-Bit Server VM (25.101-b13 mixed mode windows-amd64 compressed oops)
# Failed to write core dump. Minidumps are not enabled by default on client versions of Windows
#

---------------  T H R E A D  ---------------

Current thread (0x0000000014a70800):  JavaThread "C2 CompilerThread0" daemon [_thread_in_native, id=6056, stack(0x0000000015a80000,0x0000000015b80000)]

Stack: [0x0000000015a80000,0x0000000015b80000]
[error occurred during error reporting (printing stack bounds), id 0xc0000005]

Native frames: (J=compiled Java code, j=interpreted, Vv=VM code, C=native code)


Current CompileTask:
C2:   4220 1295   !   4       com.android.dx.cf.code.BytecodeArray::parseInstruction (2764 bytes)


---------------  P R O C E S S  ---------------

Java Threads: ( => current thread )
  0x0000000015dca000 JavaThread "pool-1-thread-4" [_thread_in_vm, id=732, stack(0x0000000016680000,0x0000000016780000)]
  0x0000000015dc6800 JavaThread "pool-1-thread-3" [_thread_in_Java, id=6488, stack(0x0000000016580000,0x0000000016680000)]
  0x0000000015dae000 JavaThread "pool-1-thread-2" [_thread_in_vm, id=5668, stack(0x0000000016480000,0x0000000016580000)]
  0x0000000015dac800 JavaThread "pool-2-thread-1" [_thread_blocked, id=304, stack(0x0000000016380000,0x0000000016480000)]
  0x0000000015da0000 JavaThread "pool-1-thread-1" [_thread_in_Java, id=1000, stack(0x0000000016280000,0x0000000016380000)]
  0x0000000015b87800 JavaThread "Service Thread" daemon [_thread_blocked, id=7980, stack(0x0000000016080000,0x0000000016180000)]
  0x0000000015b83000 JavaThread "C1 CompilerThread1" daemon [_thread_blocked, id=4920, stack(0x0000000015f80000,0x0000000016080000)]
=>0x0000000014a70800 JavaThread "C2 CompilerThread0" daemon [_thread_in_native, id=6056, stack(0x0000000015a80000,0x0000000015b80000)]
  0x0000000014a6f000 JavaThread "Attach Listener" daemon [_thread_blocked, id=6416, stack(0x0000000015980000,0x0000000015a80000)]
  0x0000000014abe800 JavaThread "Signal Dispatcher" daemon [_thread_blocked, id=6880, stack(0x0000000015880000,0x0000000015980000)]
  0x0000000014a58800 JavaThread "Finalizer" daemon [_thread_blocked, id=3184, stack(0x00000000156a0000,0x00000000157a0000)]
  0x00000000025cd800 JavaThread "Reference Handler" daemon [_thread_blocked, id=6352, stack(0x00000000155a0000,0x00000000156a0000)]
  0x00000000024e1000 JavaThread "main" [_thread_in_Java, id=6108, stack(0x00000000023e0000,0x00000000024e0000)]

Other Threads:
  0x0000000014a35800 VMThread [stack: 0x00000000154a0000,0x00000000155a0000] [id=2604]
  0x0000000015bbe000 WatcherThread [stack: 0x0000000016180000,0x0000000016280000] [id=9172]

VM state:not at safepoint (normal execution)

VM Mutex/Monitor currently owned by a thread: None

Heap:
 PSYoungGen      total 17920K, used 12960K [0x00000000eab00000, 0x00000000ebf00000, 0x0000000100000000)
  eden space 15360K, 67% used [0x00000000eab00000,0x00000000eb529868,0x00000000eba00000)
  from space 2560K, 99% used [0x00000000ebc80000,0x00000000ebefeab8,0x00000000ebf00000)
  to   space 2560K, 0% used [0x00000000eba00000,0x00000000eba00000,0x00000000ebc80000)
 ParOldGen       total 40960K, used 2537K [0x00000000c0000000, 0x00000000c2800000, 0x00000000eab00000)
  object space 40960K, 6% used [0x00000000c0000000,0x00000000c027a4d0,0x00000000c2800000)
 Metaspace       used 6128K, capacity 6966K, committed 7040K, reserved 1056768K
  class space    used 601K, capacity 622K, committed 640K, reserved 1048576K

Card table byte_map: [0x00000000119a0000,0x0000000011bb0000] byte_map_base: 0x00000000113a0000

Marking Bits: (ParMarkBitMap*) 0x000000006e06a6d0
 Begin Bits: [0x0000000011f10000, 0x0000000012f10000)
 End Bits:   [0x0000000012f10000, 0x0000000013f10000)

Polling page: 0x00000000007f0000

CodeCache: size=245760Kb used=5499Kb max_used=5499Kb free=240260Kb
 bounds [0x00000000025e0000, 0x0000000002b50000, 0x00000000115e0000]
 total_blobs=1584 nmethods=1316 adapters=182
 compilation: enabled

Compilation events (10 events):
Event: 4.210 Thread 0x0000000015b83000 1323       3       com.android.dx.ssa.SsaBasicBlock::addMoveToEnd (172 bytes)
Event: 4.213 Thread 0x0000000015b83000 nmethod 1323 0x0000000002b3c590 code [0x0000000002b3c920, 0x0000000002b3e848]
Event: 4.214 Thread 0x0000000015b83000 1324       3       com.android.dx.rop.code.InsnList::contentEquals (54 bytes)
Event: 4.214 Thread 0x0000000015b83000 nmethod 1324 0x0000000002b3fe10 code [0x0000000002b3ffe0, 0x0000000002b40a88]
Event: 4.215 Thread 0x0000000015b83000 1325       3       com.android.dx.rop.code.Insn::contentEquals (84 bytes)
Event: 4.216 Thread 0x0000000015b83000 nmethod 1325 0x0000000002b40dd0 code [0x0000000002b40fc0, 0x0000000002b41bf8]
Event: 4.216 Thread 0x0000000015b83000 1326       3       com.android.dx.rop.code.ThrowingInsn::accept (8 bytes)
Event: 4.216 Thread 0x0000000015b83000 nmethod 1326 0x0000000002b41e50 code [0x0000000002b41fc0, 0x0000000002b421e8]
Event: 4.217 Thread 0x0000000015b83000 1327       3       java.util.concurrent.locks.AbstractOwnableSynchronizer::setExclusiveOwnerThread (6 bytes)
Event: 4.217 Thread 0x0000000015b83000 nmethod 1327 0x0000000002b422d0 code [0x0000000002b42420, 0x0000000002b42590]

GC Heap History (4 events):
Event: 3.039 GC heap before
{Heap before GC invocations=1 (full 0):
 PSYoungGen      total 17920K, used 15360K [0x00000000eab00000, 0x00000000ebf00000, 0x0000000100000000)
  eden space 15360K, 100% used [0x00000000eab00000,0x00000000eba00000,0x00000000eba00000)
  from space 2560K, 0% used [0x00000000ebc80000,0x00000000ebc80000,0x00000000ebf00000)
  to   space 2560K, 0% used [0x00000000eba00000,0x00000000eba00000,0x00000000ebc80000)
 ParOldGen       total 40960K, used 0K [0x00000000c0000000, 0x00000000c2800000, 0x00000000eab00000)
  object space 40960K, 0% used [0x00000000c0000000,0x00000000c0000000,0x00000000c2800000)
 Metaspace       used 5473K, capacity 6386K, committed 6528K, reserved 1056768K
  class space    used 596K, capacity 618K, committed 640K, reserved 1048576K
Event: 3.048 GC heap after
Heap after GC invocations=1 (full 0):
 PSYoungGen      total 17920K, used 2532K [0x00000000eab00000, 0x00000000ebf00000, 0x0000000100000000)
  eden space 15360K, 0% used [0x00000000eab00000,0x00000000eab00000,0x00000000eba00000)
  from space 2560K, 98% used [0x00000000eba00000,0x00000000ebc79238,0x00000000ebc80000)
  to   space 2560K, 0% used [0x00000000ebc80000,0x00000000ebc80000,0x00000000ebf00000)
 ParOldGen       total 40960K, used 869K [0x00000000c0000000, 0x00000000c2800000, 0x00000000eab00000)
  object space 40960K, 2% used [0x00000000c0000000,0x00000000c00d94c0,0x00000000c2800000)
 Metaspace       used 5473K, capacity 6386K, committed 6528K, reserved 1056768K
  class space    used 596K, capacity 618K, committed 640K, reserved 1048576K
}
Event: 3.945 GC heap before
{Heap before GC invocations=2 (full 0):
 PSYoungGen      total 17920K, used 17892K [0x00000000eab00000, 0x00000000ebf00000, 0x0000000100000000)
  eden space 15360K, 100% used [0x00000000eab00000,0x00000000eba00000,0x00000000eba00000)
  from space 2560K, 98% used [0x00000000eba00000,0x00000000ebc79238,0x00000000ebc80000)
  to   space 2560K, 0% used [0x00000000ebc80000,0x00000000ebc80000,0x00000000ebf00000)
 ParOldGen       total 40960K, used 869K [0x00000000c0000000, 0x00000000c2800000, 0x00000000eab00000)
  object space 40960K, 2% used [0x00000000c0000000,0x00000000c00d94c0,0x00000000c2800000)
 Metaspace       used 6056K, capacity 6902K, committed 7040K, reserved 1056768K
  class space    used 601K, capacity 622K, committed 640K, reserved 1048576K
Event: 3.962 GC heap after
Heap after GC invocations=2 (full 0):
 PSYoungGen      total 17920K, used 2554K [0x00000000eab00000, 0x00000000ebf00000, 0x0000000100000000)
  eden space 15360K, 0% used [0x00000000eab00000,0x00000000eab00000,0x00000000eba00000)
  from space 2560K, 99% used [0x00000000ebc80000,0x00000000ebefeab8,0x00000000ebf00000)
  to   space 2560K, 0% used [0x00000000eba00000,0x00000000eba00000,0x00000000ebc80000)
 ParOldGen       total 40960K, used 2537K [0x00000000c0000000, 0x00000000c2800000, 0x00000000eab00000)
  object space 40960K, 6% used [0x00000000c0000000,0x00000000c027a4d0,0x00000000c2800000)
 Metaspace       used 6056K, capacity 6902K, committed 7040K, reserved 1056768K
  class space    used 601K, capacity 622K, committed 640K, reserved 1048576K
}

Deoptimization events (10 events):
Event: 3.537 Thread 0x00000000024e1000 Uncommon trap: reason=unstable_if action=reinterpret pc=0x0000000002821734 method=java.util.BitSet.ensureCapacity(I)V @ 6
Event: 3.845 Thread 0x00000000024e1000 Uncommon trap: reason=unstable_if action=reinterpret pc=0x00000000028e9f6c method=java.lang.String.<init>([CII)V @ 18
Event: 3.890 Thread 0x0000000015dca000 Uncommon trap: reason=unloaded action=reinterpret pc=0x00000000028ce0b0 method=com.android.dx.ssa.SsaRenamer$BlockRenamer.visitMoveInsn(Lcom/android/dx/ssa/NormalSsaInsn;)V @ 208
Event: 3.891 Thread 0x0000000015dca000 Uncommon trap: reason=unstable_if action=reinterpret pc=0x00000000029d12cc method=com.android.dx.ssa.NormalSsaInsn.getLocalAssignment()Lcom/android/dx/rop/code/RegisterSpec; @ 12
Event: 3.891 Thread 0x0000000015dca000 Uncommon trap: reason=unstable_if action=reinterpret pc=0x00000000029cbba8 method=com.android.dx.ssa.NormalSsaInsn.getLocalAssignment()Lcom/android/dx/rop/code/RegisterSpec; @ 12
Event: 3.891 Thread 0x0000000015dca000 Uncommon trap: reason=unstable_if action=reinterpret pc=0x00000000029cbef0 method=com.android.dx.ssa.NormalSsaInsn.getLocalAssignment()Lcom/android/dx/rop/code/RegisterSpec; @ 12
Event: 3.892 Thread 0x00000000024e1000 Uncommon trap: reason=class_check action=maybe_recompile pc=0x000000000283b0b0 method=com.android.dx.ssa.NormalSsaInsn.accept(Lcom/android/dx/ssa/SsaInsn$Visitor;)V @ 9
Event: 3.892 Thread 0x00000000024e1000 Uncommon trap: reason=class_check action=maybe_recompile pc=0x000000000283b0b0 method=com.android.dx.ssa.NormalSsaInsn.accept(Lcom/android/dx/ssa/SsaInsn$Visitor;)V @ 9
Event: 3.892 Thread 0x00000000024e1000 Uncommon trap: reason=class_check action=maybe_recompile pc=0x000000000283b0b0 method=com.android.dx.ssa.NormalSsaInsn.accept(Lcom/android/dx/ssa/SsaInsn$Visitor;)V @ 9
Event: 3.892 Thread 0x00000000024e1000 Uncommon trap: reason=class_check action=maybe_recompile pc=0x000000000283b0b0 method=com.android.dx.ssa.NormalSsaInsn.accept(Lcom/android/dx/ssa/SsaInsn$Visitor;)V @ 9

Internal exceptions (2 events):
Event: 0.225 Thread 0x00000000024e1000 Exception <a 'java/lang/NoSuchMethodError': Method sun.misc.Unsafe.defineClass(Ljava/lang/String;[BII)Ljava/lang/Class; name or signature does not match> (0x00000000eab07cc0) thrown at [C:\re\workspace\8-2-build-windows-amd64-cygwin\jdk8u101\7261\hotspot\s¦¡qógÄÌ?
Event: 0.225 Thread 0x00000000024e1000 Exception <a 'java/lang/NoSuchMethodError': Method sun.misc.Unsafe.prefetchRead(Ljava/lang/Object;J)V name or signature does not match> (0x00000000eab07fa8) thrown at [C:\re\workspace\8-2-build-windows-amd64-cygwin\jdk8u101\7261\hotspot\src\share\vm\prims\

Events (10 events):
Event: 3.892 Thread 0x00000000024e1000 Uncommon trap: trap_request=0xffffffde fr.pc=0x000000000283b0b0
Event: 3.892 Thread 0x00000000024e1000 DEOPT PACKING pc=0x000000000283b0b0 sp=0x00000000024de1d0
Event: 3.892 Thread 0x00000000024e1000 DEOPT UNPACKING pc=0x000000000262582a sp=0x00000000024de170 mode 2
Event: 3.892 Thread 0x00000000024e1000 Uncommon trap: trap_request=0xffffffde fr.pc=0x000000000283b0b0
Event: 3.892 Thread 0x00000000024e1000 DEOPT PACKING pc=0x000000000283b0b0 sp=0x00000000024de1d0
Event: 3.892 Thread 0x00000000024e1000 DEOPT UNPACKING pc=0x000000000262582a sp=0x00000000024de170 mode 2
Event: 3.945 Executing VM operation: ParallelGCFailedAllocation
Event: 3.962 Executing VM operation: ParallelGCFailedAllocation done
Event: 4.076 loading class com/android/dx/cf/attrib/AttExceptions
Event: 4.076 loading class com/android/dx/cf/attrib/AttExceptions done


Dynamic libraries:
0x00007ff609bd0000 - 0x00007ff609c07000 	C:\Program Files\Java\jdk1.8.0_101\bin\java.exe
0x00007fff403c0000 - 0x00007fff40581000 	C:\Windows\SYSTEM32\ntdll.dll
0x00007fff401c0000 - 0x00007fff4026d000 	C:\Windows\system32\KERNEL32.DLL
0x00007fff3d180000 - 0x00007fff3d35d000 	C:\Windows\system32\KERNELBASE.dll
0x00007fff3dcb0000 - 0x00007fff3dd56000 	C:\Windows\system32\ADVAPI32.dll
0x00007fff400e0000 - 0x00007fff4017d000 	C:\Windows\system32\msvcrt.dll
0x00007fff3dfe0000 - 0x00007fff3e03b000 	C:\Windows\system32\sechost.dll
0x00007fff3da90000 - 0x00007fff3dbb6000 	C:\Windows\system32\RPCRT4.dll
0x00007fff40270000 - 0x00007fff403be000 	C:\Windows\system32\USER32.dll
0x00007fff3e810000 - 0x00007fff3e996000 	C:\Windows\system32\GDI32.dll
0x00007fff2fba0000 - 0x00007fff2fe14000 	C:\Windows\WinSxS\amd64_microsoft.windows.common-controls_6595b64144ccf1df_6.0.10240.16384_none_f41f7b285750ef43\COMCTL32.dll
0x00007fff40180000 - 0x00007fff401b6000 	C:\Windows\system32\IMM32.DLL
0x00007fff3ea50000 - 0x00007fff3ebac000 	C:\Windows\system32\MSCTF.dll
0x000000006e0f0000 - 0x000000006e1c2000 	C:\Program Files\Java\jdk1.8.0_101\jre\bin\msvcr100.dll
0x000000006d850000 - 0x000000006e0ea000 	C:\Program Files\Java\jdk1.8.0_101\jre\bin\server\jvm.dll
0x00007fff3e370000 - 0x00007fff3e378000 	C:\Windows\system32\PSAPI.DLL
0x00007fff3a250000 - 0x00007fff3a259000 	C:\Windows\SYSTEM32\WSOCK32.dll
0x00007fff3e530000 - 0x00007fff3e599000 	C:\Windows\system32\WS2_32.dll
0x00007fff3e800000 - 0x00007fff3e808000 	C:\Windows\system32\NSI.dll
0x00007fff3b470000 - 0x00007fff3b493000 	C:\Windows\SYSTEM32\WINMM.dll
0x00007fff39b40000 - 0x00007fff39b4a000 	C:\Windows\SYSTEM32\VERSION.dll
0x00007fff3b330000 - 0x00007fff3b35c000 	C:\Windows\SYSTEM32\WINMMBASE.dll
0x00007fff3d990000 - 0x00007fff3d9d4000 	C:\Windows\system32\cfgmgr32.dll
0x00007fff3b780000 - 0x00007fff3b7a7000 	C:\Windows\SYSTEM32\DEVOBJ.dll
0x000000006d840000 - 0x000000006d84f000 	C:\Program Files\Java\jdk1.8.0_101\jre\bin\verify.dll
0x000000006d810000 - 0x000000006d839000 	C:\Program Files\Java\jdk1.8.0_101\jre\bin\java.dll
0x000000006d7f0000 - 0x000000006d806000 	C:\Program Files\Java\jdk1.8.0_101\jre\bin\zip.dll
0x00007fff3ebb0000 - 0x00007fff400d2000 	C:\Windows\system32\SHELL32.dll
0x00007fff3d360000 - 0x00007fff3d989000 	C:\Windows\system32\windows.storage.dll
0x00007fff3dd60000 - 0x00007fff3dfdc000 	C:\Windows\system32\combase.dll
0x00007fff3e2b0000 - 0x00007fff3e301000 	C:\Windows\system32\shlwapi.dll
0x00007fff3cdf0000 - 0x00007fff3cdff000 	C:\Windows\system32\kernel.appcore.dll
0x00007fff3d0c0000 - 0x00007fff3d173000 	C:\Windows\system32\shcore.dll
0x00007fff3ce40000 - 0x00007fff3ce8a000 	C:\Windows\system32\powrprof.dll
0x00007fff3ce00000 - 0x00007fff3ce13000 	C:\Windows\system32\profapi.dll

VM Arguments:
jvm_args: -Djava.awt.headless=true -Xmx1024M -Dfile.encoding=x-windows-874 -Duser.country=US -Duser.language=en -Duser.variant 
java_command: com.android.dx.command.Main --dex --force-jumbo --num-threads=4 --output C:\Users\komkrid\Desktop\PGP-master\app\build\intermediates\pre-dexed\debug\com.google.android.gms-play-services-analytics-8.4.0_71d6f81842198d88f6856e12bbbe2626f623510b.jar C:\Users\komkrid\Desktop\PGP-master\app\build\intermediates\exploded-aar\com.google.android.gms\play-services-analytics\8.4.0\jars\classes.jar
java_class_path (initial): C:\Users\komkrid\AppData\Local\Android\sdk\build-tools\24.0.0\lib\dx.jar
Launcher Type: SUN_STANDARD

Environment Variables:
JAVA_HOME=C:\Program Files\Java\jdk1.8.0_101
PATH=C:\ProgramData\Oracle\Java\javapath;C:\Windows\system32;C:\Windows;C:\Windows\System32\Wbem;C:\Windows\System32\WindowsPowerShell\v1.0\;C:\Program Files (x86)\AMD\ATI.ACE\Core-Static;C:\Program Files (x86)\Common Files\Tom Sawyer Software\8.0.0;C:\Program Files\Git\cmd;C:\ProgramData\Oracle\Java\javapath;C:\Windows\system32;C:\Windows;C:\Windows\System32\Wbem;C:\Windows\System32\WindowsPowerShell\v1.0\;C:\Program Files (x86)\AMD\ATI.ACE\Core-Static;C:\Program Files (x86)\Common Files\Tom Sawyer Software\8.0.0;C:\Program Files\Git\cmd;C:\Program Files\Java\jdk1.8.0_101\bin;C:\Users\komkrid\AppData\Local\Android\sdk\platform-tools;C:\Users\komkrid\AppData\Local\Android\sdk\tools;C:\android-adb\
USERNAME=komkrid
OS=Windows_NT
PROCESSOR_IDENTIFIER=AMD64 Family 16 Model 6 Stepping 3, AuthenticAMD



---------------  S Y S T E M  ---------------

OS: Windows 10.0 , 64 bit Build 10240 (10.0.10240.16384)

CPU:total 2 (2 cores per cpu, 1 threads per core) family 16 model 6 stepping 3, cmov, cx8, fxsr, mmx, sse, sse2, sse3, popcnt, mmxext, 3dnowpref, lzcnt, tsc, tscinvbit, tscinv

Memory: 4k page, physical 3930412k(233160k free), swap 7002412k(4740k free)

vm_info: Java HotSpot(TM) 64-Bit Server VM (25.101-b13) for windows-amd64 JRE (1.8.0_101-b13), built on Jun 22 2016 01:21:29 by "java_re" with MS VC++ 10.0 (VS2010)

time: Mon Jan 23 13:58:25 2017
elapsed time: 4 seconds (0d 0h 0m 4s)

