#
# There is insufficient memory for the Java Runtime Environment to continue.
# Native memory allocation (malloc) failed to allocate 32744 bytes for ChunkPool::allocate
# Possible reasons:
#   The system is out of physical RAM or swap space
#   In 32 bit mode, the process size limit was hit
# Possible solutions:
#   Reduce memory load on the system
#   Increase physical memory or swap space
#   Check if swap backing store is full
#   Use 64 bit Java on a 64 bit OS
#   Decrease Java heap size (-Xmx/-Xms)
#   Decrease number of Java threads
#   Decrease Java thread stack sizes (-Xss)
#   Set larger code cache with -XX:ReservedCodeCacheSize=
# This output file may be truncated or incomplete.
#
#  Out of Memory Error (allocation.cpp:273), pid=6972, tid=0x0000000000000de0
#
# JRE version: Java(TM) SE Runtime Environment (8.0_101-b13) (build 1.8.0_101-b13)
# Java VM: Java HotSpot(TM) 64-Bit Server VM (25.101-b13 mixed mode windows-amd64 compressed oops)
# Failed to write core dump. Minidumps are not enabled by default on client versions of Windows
#

---------------  T H R E A D  ---------------

Current thread (0x0000000015120800):  JavaThread "C2 CompilerThread0" daemon [_thread_in_native, id=3552, stack(0x0000000016140000,0x0000000016240000)]

Stack: [0x0000000016140000,0x0000000016240000]
[error occurred during error reporting (printing stack bounds), id 0xc0000005]

Native frames: (J=compiled Java code, j=interpreted, Vv=VM code, C=native code)


Current CompileTask:
C2:   5452 1445   !   4       com.android.dx.cf.code.BytecodeArray::parseInstruction (2764 bytes)


---------------  P R O C E S S  ---------------

Java Threads: ( => current thread )
  0x000000001656a000 JavaThread "pool-1-thread-4" [_thread_blocked, id=3372, stack(0x0000000016d40000,0x0000000016e40000)]
  0x0000000016563000 JavaThread "pool-1-thread-3" [_thread_blocked, id=3012, stack(0x0000000016c40000,0x0000000016d40000)]
  0x000000001655e800 JavaThread "pool-1-thread-2" [_thread_blocked, id=5072, stack(0x0000000016b40000,0x0000000016c40000)]
  0x0000000016559000 JavaThread "pool-2-thread-1" [_thread_blocked, id=368, stack(0x0000000016a40000,0x0000000016b40000)]
  0x0000000016558000 JavaThread "pool-1-thread-1" [_thread_in_Java, id=4364, stack(0x0000000016940000,0x0000000016a40000)]
  0x0000000015127000 JavaThread "Service Thread" daemon [_thread_blocked, id=6616, stack(0x0000000016740000,0x0000000016840000)]
  0x0000000015123800 JavaThread "C1 CompilerThread1" daemon [_thread_blocked, id=3300, stack(0x0000000016240000,0x0000000016340000)]
=>0x0000000015120800 JavaThread "C2 CompilerThread0" daemon [_thread_in_native, id=3552, stack(0x0000000016140000,0x0000000016240000)]
  0x000000001511f000 JavaThread "Attach Listener" daemon [_thread_blocked, id=5228, stack(0x0000000016040000,0x0000000016140000)]
  0x000000001516e800 JavaThread "Signal Dispatcher" daemon [_thread_blocked, id=3140, stack(0x0000000015f40000,0x0000000016040000)]
  0x0000000015108800 JavaThread "Finalizer" daemon [_thread_blocked, id=7804, stack(0x0000000015d60000,0x0000000015e60000)]
  0x0000000002c2d800 JavaThread "Reference Handler" daemon [_thread_blocked, id=4200, stack(0x0000000015c60000,0x0000000015d60000)]
  0x0000000002b41000 JavaThread "main" [_thread_blocked, id=5184, stack(0x00000000029f0000,0x0000000002af0000)]

Other Threads:
  0x00000000150e5800 VMThread [stack: 0x0000000015b60000,0x0000000015c60000] [id=1140]
  0x00000000151bc800 WatcherThread [stack: 0x0000000016840000,0x0000000016940000] [id=2480]

VM state:not at safepoint (normal execution)

VM Mutex/Monitor currently owned by a thread: None

Heap:
 PSYoungGen      total 33280K, used 21617K [0x00000000eab00000, 0x00000000ece00000, 0x0000000100000000)
  eden space 30720K, 62% used [0x00000000eab00000,0x00000000ebda4608,0x00000000ec900000)
  from space 2560K, 98% used [0x00000000ecb80000,0x00000000ecdf8018,0x00000000ece00000)
  to   space 2560K, 0% used [0x00000000ec900000,0x00000000ec900000,0x00000000ecb80000)
 ParOldGen       total 40960K, used 2841K [0x00000000c0000000, 0x00000000c2800000, 0x00000000eab00000)
  object space 40960K, 6% used [0x00000000c0000000,0x00000000c02c6658,0x00000000c2800000)
 Metaspace       used 6214K, capacity 7094K, committed 7296K, reserved 1056768K
  class space    used 602K, capacity 622K, committed 640K, reserved 1048576K

Card table byte_map: [0x0000000012050000,0x0000000012260000] byte_map_base: 0x0000000011a50000

Marking Bits: (ParMarkBitMap*) 0x000000005b1ba6d0
 Begin Bits: [0x00000000125c0000, 0x00000000135c0000)
 End Bits:   [0x00000000135c0000, 0x00000000145c0000)

Polling page: 0x0000000002af0000

CodeCache: size=245760Kb used=6231Kb max_used=6231Kb free=239528Kb
 bounds [0x0000000002c90000, 0x00000000032b0000, 0x0000000011c90000]
 total_blobs=1746 nmethods=1478 adapters=182
 compilation: enabled

Compilation events (10 events):
Event: 4.801 Thread 0x0000000015123800 1486       3       com.android.dx.rop.cst.CstArray$List::<init> (6 bytes)
Event: 4.801 Thread 0x0000000015123800 nmethod 1486 0x00000000032a8b50 code [0x00000000032a8cc0, 0x00000000032a8e48]
Event: 4.801 Thread 0x0000000015123800 1487       3       com.android.dx.rop.cst.CstArray::<init> (28 bytes)
Event: 4.802 Thread 0x0000000015123800 nmethod 1487 0x00000000032a8ed0 code [0x00000000032a9080, 0x00000000032a9598]
Event: 4.807 Thread 0x0000000015123800 1489       3       java.util.concurrent.locks.AbstractQueuedSynchronizer::acquire (27 bytes)
Event: 4.808 Thread 0x0000000015123800 nmethod 1489 0x00000000032a97d0 code [0x00000000032a9980, 0x00000000032a9e38]
Event: 4.812 Thread 0x0000000015123800 1490       3       java.lang.String::lastIndexOf (151 bytes)
Event: 4.812 Thread 0x0000000015123800 nmethod 1490 0x00000000032a9f90 code [0x00000000032aa140, 0x00000000032aa690]
Event: 4.826 Thread 0x0000000015123800 1491       3       com.android.dx.rop.cst.CstFieldRef::<init> (7 bytes)
Event: 4.826 Thread 0x0000000015123800 nmethod 1491 0x00000000032aab10 code [0x00000000032aac80, 0x00000000032aae08]

GC Heap History (4 events):
Event: 2.305 GC heap before
{Heap before GC invocations=1 (full 0):
 PSYoungGen      total 17920K, used 15360K [0x00000000eab00000, 0x00000000ebf00000, 0x0000000100000000)
  eden space 15360K, 100% used [0x00000000eab00000,0x00000000eba00000,0x00000000eba00000)
  from space 2560K, 0% used [0x00000000ebc80000,0x00000000ebc80000,0x00000000ebf00000)
  to   space 2560K, 0% used [0x00000000eba00000,0x00000000eba00000,0x00000000ebc80000)
 ParOldGen       total 40960K, used 0K [0x00000000c0000000, 0x00000000c2800000, 0x00000000eab00000)
  object space 40960K, 0% used [0x00000000c0000000,0x00000000c0000000,0x00000000c2800000)
 Metaspace       used 5784K, capacity 6710K, committed 6784K, reserved 1056768K
  class space    used 599K, capacity 622K, committed 640K, reserved 1048576K
Event: 2.358 GC heap after
Heap after GC invocations=1 (full 0):
 PSYoungGen      total 17920K, used 2535K [0x00000000eab00000, 0x00000000ece00000, 0x0000000100000000)
  eden space 15360K, 0% used [0x00000000eab00000,0x00000000eab00000,0x00000000eba00000)
  from space 2560K, 99% used [0x00000000eba00000,0x00000000ebc79c88,0x00000000ebc80000)
  to   space 2560K, 0% used [0x00000000ecb80000,0x00000000ecb80000,0x00000000ece00000)
 ParOldGen       total 40960K, used 1104K [0x00000000c0000000, 0x00000000c2800000, 0x00000000eab00000)
  object space 40960K, 2% used [0x00000000c0000000,0x00000000c0114048,0x00000000c2800000)
 Metaspace       used 5784K, capacity 6710K, committed 6784K, reserved 1056768K
  class space    used 599K, capacity 622K, committed 640K, reserved 1048576K
}
Event: 3.105 GC heap before
{Heap before GC invocations=2 (full 0):
 PSYoungGen      total 17920K, used 17895K [0x00000000eab00000, 0x00000000ece00000, 0x0000000100000000)
  eden space 15360K, 100% used [0x00000000eab00000,0x00000000eba00000,0x00000000eba00000)
  from space 2560K, 99% used [0x00000000eba00000,0x00000000ebc79c88,0x00000000ebc80000)
  to   space 2560K, 0% used [0x00000000ecb80000,0x00000000ecb80000,0x00000000ece00000)
 ParOldGen       total 40960K, used 1104K [0x00000000c0000000, 0x00000000c2800000, 0x00000000eab00000)
  object space 40960K, 2% used [0x00000000c0000000,0x00000000c0114048,0x00000000c2800000)
 Metaspace       used 6061K, capacity 6966K, committed 7040K, reserved 1056768K
  class space    used 599K, capacity 622K, committed 640K, reserved 1048576K
Event: 3.167 GC heap after
Heap after GC invocations=2 (full 0):
 PSYoungGen      total 33280K, used 2528K [0x00000000eab00000, 0x00000000ece00000, 0x0000000100000000)
  eden space 30720K, 0% used [0x00000000eab00000,0x00000000eab00000,0x00000000ec900000)
  from space 2560K, 98% used [0x00000000ecb80000,0x00000000ecdf8018,0x00000000ece00000)
  to   space 2560K, 0% used [0x00000000ec900000,0x00000000ec900000,0x00000000ecb80000)
 ParOldGen       total 40960K, used 2841K [0x00000000c0000000, 0x00000000c2800000, 0x00000000eab00000)
  object space 40960K, 6% used [0x00000000c0000000,0x00000000c02c6658,0x00000000c2800000)
 Metaspace       used 6061K, capacity 6966K, committed 7040K, reserved 1056768K
  class space    used 599K, capacity 622K, committed 640K, reserved 1048576K
}

Deoptimization events (10 events):
Event: 4.336 Thread 0x000000001656a000 Uncommon trap: reason=bimorphic action=maybe_recompile pc=0x0000000002f12370 method=java.util.HashMap.getNode(ILjava/lang/Object;)Ljava/util/HashMap$Node; @ 126
Event: 4.436 Thread 0x0000000002b41000 Uncommon trap: reason=unloaded action=reinterpret pc=0x00000000032064f8 method=com.android.dx.cf.cst.ConstantPoolParser.parse0(ILjava/util/BitSet;)Lcom/android/dx/rop/cst/Constant; @ 198
Event: 4.698 Thread 0x0000000002b41000 Uncommon trap: reason=unstable_if action=reinterpret pc=0x00000000030a3d78 method=java.lang.String.<init>([CII)V @ 18
Event: 4.711 Thread 0x0000000016558000 Uncommon trap: reason=unloaded action=reinterpret pc=0x0000000002f73030 method=com.android.dx.ssa.SsaRenamer$BlockRenamer.visitMoveInsn(Lcom/android/dx/ssa/NormalSsaInsn;)V @ 208
Event: 4.713 Thread 0x0000000016558000 Uncommon trap: reason=unstable_if action=reinterpret pc=0x0000000003026d0c method=com.android.dx.ssa.NormalSsaInsn.getLocalAssignment()Lcom/android/dx/rop/code/RegisterSpec; @ 12
Event: 4.713 Thread 0x0000000016558000 Uncommon trap: reason=unstable_if action=reinterpret pc=0x00000000031f988c method=com.android.dx.ssa.SsaMethod.isRegALocal(Lcom/android/dx/rop/code/RegisterSpec;)Z @ 80
Event: 4.714 Thread 0x0000000016558000 Uncommon trap: reason=unstable_if action=reinterpret pc=0x0000000003013be8 method=com.android.dx.ssa.NormalSsaInsn.getLocalAssignment()Lcom/android/dx/rop/code/RegisterSpec; @ 12
Event: 4.715 Thread 0x0000000016558000 Uncommon trap: reason=unstable_if action=reinterpret pc=0x00000000030268f0 method=com.android.dx.ssa.NormalSsaInsn.getLocalAssignment()Lcom/android/dx/rop/code/RegisterSpec; @ 12
Event: 4.715 Thread 0x0000000016558000 Uncommon trap: reason=unstable_if action=reinterpret pc=0x00000000031f3870 method=com.android.dx.ssa.NormalSsaInsn.getLocalAssignment()Lcom/android/dx/rop/code/RegisterSpec; @ 12
Event: 4.768 Thread 0x0000000016558000 Uncommon trap: reason=unstable_if action=reinterpret pc=0x000000000323d814 method=com.android.dx.ssa.SCCP.simulateBranch(Lcom/android/dx/ssa/SsaInsn;)V @ 107

Internal exceptions (2 events):
Event: 0.227 Thread 0x0000000002b41000 Exception <a 'java/lang/NoSuchMethodError': Method sun.misc.Unsafe.defineClass(Ljava/lang/String;[BII)Ljava/lang/Class; name or signature does not match> (0x00000000eab07cc0) thrown at [C:\re\workspace\8-2-build-windows-amd64-cygwin\jdk8u101\7261\hotspot\s£K®çÍ?
Event: 0.228 Thread 0x0000000002b41000 Exception <a 'java/lang/NoSuchMethodError': Method sun.misc.Unsafe.prefetchRead(Ljava/lang/Object;J)V name or signature does not match> (0x00000000eab07fa8) thrown at [C:\re\workspace\8-2-build-windows-amd64-cygwin\jdk8u101\7261\hotspot\src\share\vm\prims\

Events (10 events):
Event: 4.715 Thread 0x0000000016558000 DEOPT UNPACKING pc=0x0000000002cd582a sp=0x0000000016a3e410 mode 2
Event: 4.768 Thread 0x0000000016558000 Uncommon trap: trap_request=0xffffff65 fr.pc=0x000000000323d814
Event: 4.768 Thread 0x0000000016558000 DEOPT PACKING pc=0x000000000323d814 sp=0x0000000016a3e3b0
Event: 4.768 Thread 0x0000000016558000 DEOPT UNPACKING pc=0x0000000002cd582a sp=0x0000000016a3e378 mode 2
Event: 4.796 loading class com/android/dx/cf/direct/AnnotationParser
Event: 4.796 loading class com/android/dx/cf/direct/AnnotationParser done
Event: 4.798 loading class com/android/dx/cf/attrib/AttRuntimeVisibleAnnotations
Event: 4.798 loading class com/android/dx/cf/attrib/AttRuntimeVisibleAnnotations done
Event: 4.798 loading class com/android/dx/cf/attrib/BaseAnnotations
Event: 4.798 loading class com/android/dx/cf/attrib/BaseAnnotations done


Dynamic libraries:
0x00007ff6f1450000 - 0x00007ff6f1487000 	C:\Program Files\Java\jdk1.8.0_101\bin\java.exe
0x00007ffa7e4c0000 - 0x00007ffa7e681000 	C:\Windows\SYSTEM32\ntdll.dll
0x00007ffa7e280000 - 0x00007ffa7e32d000 	C:\Windows\system32\KERNEL32.DLL
0x00007ffa7b9b0000 - 0x00007ffa7bb8d000 	C:\Windows\system32\KERNELBASE.dll
0x00007ffa7d690000 - 0x00007ffa7d736000 	C:\Windows\system32\ADVAPI32.dll
0x00007ffa7d440000 - 0x00007ffa7d4dd000 	C:\Windows\system32\msvcrt.dll
0x00007ffa7dd20000 - 0x00007ffa7dd7b000 	C:\Windows\system32\sechost.dll
0x00007ffa7d9c0000 - 0x00007ffa7dae6000 	C:\Windows\system32\RPCRT4.dll
0x00007ffa7dbd0000 - 0x00007ffa7dd1e000 	C:\Windows\system32\USER32.dll
0x00007ffa7e330000 - 0x00007ffa7e4b6000 	C:\Windows\system32\GDI32.dll
0x00007ffa74cc0000 - 0x00007ffa74f34000 	C:\Windows\WinSxS\amd64_microsoft.windows.common-controls_6595b64144ccf1df_6.0.10240.16384_none_f41f7b285750ef43\COMCTL32.dll
0x00007ffa7d210000 - 0x00007ffa7d246000 	C:\Windows\system32\IMM32.DLL
0x00007ffa7d740000 - 0x00007ffa7d89c000 	C:\Windows\system32\MSCTF.dll
0x000000005bd60000 - 0x000000005be32000 	C:\Program Files\Java\jdk1.8.0_101\jre\bin\msvcr100.dll
0x000000005a9a0000 - 0x000000005b23a000 	C:\Program Files\Java\jdk1.8.0_101\jre\bin\server\jvm.dll
0x00007ffa7d420000 - 0x00007ffa7d428000 	C:\Windows\system32\PSAPI.DLL
0x00007ffa784a0000 - 0x00007ffa784a9000 	C:\Windows\SYSTEM32\WSOCK32.dll
0x00007ffa7d180000 - 0x00007ffa7d1e9000 	C:\Windows\system32\WS2_32.dll
0x00007ffa7bc40000 - 0x00007ffa7bc48000 	C:\Windows\system32\NSI.dll
0x00007ffa79570000 - 0x00007ffa79593000 	C:\Windows\SYSTEM32\WINMM.dll
0x00007ffa77b70000 - 0x00007ffa77b7a000 	C:\Windows\SYSTEM32\VERSION.dll
0x00007ffa79540000 - 0x00007ffa7956c000 	C:\Windows\SYSTEM32\WINMMBASE.dll
0x00007ffa7af90000 - 0x00007ffa7afd4000 	C:\Windows\system32\cfgmgr32.dll
0x00007ffa79880000 - 0x00007ffa798a7000 	C:\Windows\SYSTEM32\DEVOBJ.dll
0x000000005bd50000 - 0x000000005bd5f000 	C:\Program Files\Java\jdk1.8.0_101\jre\bin\verify.dll
0x000000005bd20000 - 0x000000005bd49000 	C:\Program Files\Java\jdk1.8.0_101\jre\bin\java.dll
0x000000005bd00000 - 0x000000005bd16000 	C:\Program Files\Java\jdk1.8.0_101\jre\bin\zip.dll
0x00007ffa7bc50000 - 0x00007ffa7d172000 	C:\Windows\system32\SHELL32.dll
0x00007ffa7b320000 - 0x00007ffa7b949000 	C:\Windows\system32\windows.storage.dll
0x00007ffa7dd80000 - 0x00007ffa7dffc000 	C:\Windows\system32\combase.dll
0x00007ffa7d960000 - 0x00007ffa7d9b1000 	C:\Windows\system32\shlwapi.dll
0x00007ffa7aef0000 - 0x00007ffa7aeff000 	C:\Windows\system32\kernel.appcore.dll
0x00007ffa7b090000 - 0x00007ffa7b143000 	C:\Windows\system32\shcore.dll
0x00007ffa7af00000 - 0x00007ffa7af4a000 	C:\Windows\system32\powrprof.dll
0x00007ffa7af70000 - 0x00007ffa7af83000 	C:\Windows\system32\profapi.dll

VM Arguments:
jvm_args: -Djava.awt.headless=true -Xmx1024M -Dfile.encoding=x-windows-874 -Duser.country=US -Duser.language=en -Duser.variant 
java_command: com.android.dx.command.Main --dex --force-jumbo --num-threads=4 --output C:\Users\komkrid\Desktop\PGP-master\app\build\intermediates\pre-dexed\debug\com.google.android.gms-play-services-nearby-8.1.0_f68e04fcc8b6bd9dd1ee70f059774a6b73e6bf49.jar C:\Users\komkrid\Desktop\PGP-master\app\build\intermediates\exploded-aar\com.google.android.gms\play-services-nearby\8.1.0\jars\classes.jar
java_class_path (initial): C:\Users\komkrid\AppData\Local\Android\sdk\build-tools\24.0.0\lib\dx.jar
Launcher Type: SUN_STANDARD

Environment Variables:
JAVA_HOME=C:\Program Files\Java\jdk1.8.0_101
PATH=C:\ProgramData\Oracle\Java\javapath;C:\Windows\system32;C:\Windows;C:\Windows\System32\Wbem;C:\Windows\System32\WindowsPowerShell\v1.0\;C:\Program Files (x86)\AMD\ATI.ACE\Core-Static;C:\Program Files (x86)\Common Files\Tom Sawyer Software\8.0.0;C:\Program Files\Git\cmd;C:\ProgramData\Oracle\Java\javapath;C:\Windows\system32;C:\Windows;C:\Windows\System32\Wbem;C:\Windows\System32\WindowsPowerShell\v1.0\;C:\Program Files (x86)\AMD\ATI.ACE\Core-Static;C:\Program Files (x86)\Common Files\Tom Sawyer Software\8.0.0;C:\Program Files\Git\cmd;C:\Program Files\Java\jdk1.8.0_101\bin;C:\Users\komkrid\AppData\Local\Android\sdk\platform-tools;C:\Users\komkrid\AppData\Local\Android\sdk\tools;C:\android-adb\
USERNAME=komkrid
OS=Windows_NT
PROCESSOR_IDENTIFIER=AMD64 Family 16 Model 6 Stepping 3, AuthenticAMD



---------------  S Y S T E M  ---------------

OS: Windows 10.0 , 64 bit Build 10240 (10.0.10240.16384)

CPU:total 2 (2 cores per cpu, 1 threads per core) family 16 model 6 stepping 3, cmov, cx8, fxsr, mmx, sse, sse2, sse3, popcnt, mmxext, 3dnowpref, lzcnt, tsc, tscinvbit, tscinv

Memory: 4k page, physical 3930412k(214020k free), swap 7002412k(3960k free)

vm_info: Java HotSpot(TM) 64-Bit Server VM (25.101-b13) for windows-amd64 JRE (1.8.0_101-b13), built on Jun 22 2016 01:21:29 by "java_re" with MS VC++ 10.0 (VS2010)

time: Thu Jan 19 12:15:03 2017
elapsed time: 5 seconds (0d 0h 0m 5s)

