#
# There is insufficient memory for the Java Runtime Environment to continue.
# Native memory allocation (malloc) failed to allocate 735136 bytes for Chunk::new
# Possible reasons:
#   The system is out of physical RAM or swap space
#   In 32 bit mode, the process size limit was hit
# Possible solutions:
#   Reduce memory load on the system
#   Increase physical memory or swap space
#   Check if swap backing store is full
#   Use 64 bit Java on a 64 bit OS
#   Decrease Java heap size (-Xmx/-Xms)
#   Decrease number of Java threads
#   Decrease Java thread stack sizes (-Xss)
#   Set larger code cache with -XX:ReservedCodeCacheSize=
# This output file may be truncated or incomplete.
#
#  Out of Memory Error (allocation.cpp:390), pid=9008, tid=0x0000000000001834
#
# JRE version: Java(TM) SE Runtime Environment (8.0_101-b13) (build 1.8.0_101-b13)
# Java VM: Java HotSpot(TM) 64-Bit Server VM (25.101-b13 mixed mode windows-amd64 compressed oops)
# Failed to write core dump. Minidumps are not enabled by default on client versions of Windows
#

---------------  T H R E A D  ---------------

Current thread (0x00000000149b0800):  JavaThread "C2 CompilerThread0" daemon [_thread_in_native, id=6196, stack(0x00000000159c0000,0x0000000015ac0000)]

Stack: [0x00000000159c0000,0x0000000015ac0000]
[error occurred during error reporting (printing stack bounds), id 0xc0000005]

Native frames: (J=compiled Java code, j=interpreted, Vv=VM code, C=native code)


Current CompileTask:
C2:  22607 1764   !   4       com.android.dx.cf.code.BytecodeArray::parseInstruction (2764 bytes)


---------------  P R O C E S S  ---------------

Java Threads: ( => current thread )
  0x0000000015cf0000 JavaThread "pool-1-thread-4" [_thread_in_Java, id=1188, stack(0x00000000165c0000,0x00000000166c0000)]
  0x0000000015ced800 JavaThread "pool-1-thread-3" [_thread_blocked, id=7952, stack(0x00000000164c0000,0x00000000165c0000)]
  0x0000000015cea000 JavaThread "pool-1-thread-2" [_thread_blocked, id=992, stack(0x00000000163c0000,0x00000000164c0000)]
  0x0000000015ce4800 JavaThread "pool-2-thread-1" [_thread_blocked, id=2720, stack(0x00000000162c0000,0x00000000163c0000)]
  0x0000000015cdb800 JavaThread "pool-1-thread-1" [_thread_blocked, id=3644, stack(0x00000000161c0000,0x00000000162c0000)]
  0x0000000015ac7000 JavaThread "Service Thread" daemon [_thread_blocked, id=5540, stack(0x0000000015fc0000,0x00000000160c0000)]
  0x0000000015ac3000 JavaThread "C1 CompilerThread1" daemon [_thread_blocked, id=7844, stack(0x0000000015ec0000,0x0000000015fc0000)]
=>0x00000000149b0800 JavaThread "C2 CompilerThread0" daemon [_thread_in_native, id=6196, stack(0x00000000159c0000,0x0000000015ac0000)]
  0x00000000149af000 JavaThread "Attach Listener" daemon [_thread_blocked, id=6816, stack(0x00000000158c0000,0x00000000159c0000)]
  0x00000000149fe000 JavaThread "Signal Dispatcher" daemon [_thread_blocked, id=6844, stack(0x00000000157c0000,0x00000000158c0000)]
  0x0000000014998800 JavaThread "Finalizer" daemon [_thread_blocked, id=6848, stack(0x00000000155e0000,0x00000000156e0000)]
  0x000000000250d800 JavaThread "Reference Handler" daemon [_thread_blocked, id=9128, stack(0x00000000154e0000,0x00000000155e0000)]
  0x0000000002421000 JavaThread "main" [_thread_blocked, id=9040, stack(0x0000000002300000,0x0000000002400000)]

Other Threads:
  0x0000000014975800 VMThread [stack: 0x00000000153e0000,0x00000000154e0000] [id=5836]
  0x0000000015ae0800 WatcherThread [stack: 0x00000000160c0000,0x00000000161c0000] [id=7692]

VM state:not at safepoint (normal execution)

VM Mutex/Monitor currently owned by a thread: None

Heap:
 PSYoungGen      total 33280K, used 22572K [0x00000000eab00000, 0x00000000ece00000, 0x0000000100000000)
  eden space 30720K, 73% used [0x00000000eab00000,0x00000000ec10b358,0x00000000ec900000)
  from space 2560K, 0% used [0x00000000ecb80000,0x00000000ecb80000,0x00000000ece00000)
  to   space 2560K, 0% used [0x00000000ec900000,0x00000000ec900000,0x00000000ecb80000)
 ParOldGen       total 40960K, used 25194K [0x00000000c0000000, 0x00000000c2800000, 0x00000000eab00000)
  object space 40960K, 61% used [0x00000000c0000000,0x00000000c189a8d8,0x00000000c2800000)
 Metaspace       used 6476K, capacity 7192K, committed 7424K, reserved 1056768K
  class space    used 625K, capacity 656K, committed 768K, reserved 1048576K

Card table byte_map: [0x00000000118e0000,0x0000000011af0000] byte_map_base: 0x00000000112e0000

Marking Bits: (ParMarkBitMap*) 0x000000006e06a6d0
 Begin Bits: [0x0000000011e50000, 0x0000000012e50000)
 End Bits:   [0x0000000012e50000, 0x0000000013e50000)

Polling page: 0x0000000002270000

CodeCache: size=245760Kb used=7409Kb max_used=7417Kb free=238350Kb
 bounds [0x0000000002520000, 0x0000000002c70000, 0x0000000011520000]
 total_blobs=2009 nmethods=1740 adapters=182
 compilation: enabled

Compilation events (10 events):
Event: 22.574 Thread 0x0000000015ac3000 1776   !   2       com.android.dx.rop.code.RegisterSpec::intern (70 bytes)
Event: 22.575 Thread 0x0000000015ac3000 nmethod 1776 0x0000000002c3a010 code [0x0000000002c3a1c0, 0x0000000002c3a728]
Event: 22.575 Thread 0x0000000015ac3000 1777       2       com.android.dx.rop.code.RegisterSpec$ForComparison::set (16 bytes)
Event: 22.575 Thread 0x0000000015ac3000 nmethod 1777 0x0000000002c39cd0 code [0x0000000002c39e20, 0x0000000002c39f90]
Event: 22.575 Thread 0x0000000015ac3000 1778       2       com.android.dx.rop.code.RegisterSpec$ForComparison::hashCode (16 bytes)
Event: 22.575 Thread 0x0000000015ac3000 nmethod 1778 0x0000000002c5acd0 code [0x0000000002c5ae40, 0x0000000002c5b018]
Event: 22.575 Thread 0x0000000015ac3000 1779       2       com.android.dx.rop.code.RegisterSpec::access$600 (7 bytes)
Event: 22.576 Thread 0x0000000015ac3000 nmethod 1779 0x0000000002c5a890 code [0x0000000002c5aa00, 0x0000000002c5abb8]
Event: 22.576 Thread 0x0000000015ac3000 1780       2       java.util.HashMap::getNode (148 bytes)
Event: 22.577 Thread 0x0000000015ac3000 nmethod 1780 0x0000000002c59ed0 code [0x0000000002c5a080, 0x0000000002c5a4e8]

GC Heap History (10 events):
Event: 17.163 GC heap before
{Heap before GC invocations=5 (full 0):
 PSYoungGen      total 33280K, used 33248K [0x00000000eab00000, 0x00000000ece00000, 0x0000000100000000)
  eden space 30720K, 100% used [0x00000000eab00000,0x00000000ec900000,0x00000000ec900000)
  from space 2560K, 98% used [0x00000000ecb80000,0x00000000ecdf8010,0x00000000ece00000)
  to   space 2560K, 0% used [0x00000000ec900000,0x00000000ec900000,0x00000000ecb80000)
 ParOldGen       total 40960K, used 7403K [0x00000000c0000000, 0x00000000c2800000, 0x00000000eab00000)
  object space 40960K, 18% used [0x00000000c0000000,0x00000000c073ad20,0x00000000c2800000)
 Metaspace       used 6283K, capacity 7094K, committed 7296K, reserved 1056768K
  class space    used 602K, capacity 622K, committed 640K, reserved 1048576K
Event: 17.261 GC heap after
Heap after GC invocations=5 (full 0):
 PSYoungGen      total 33280K, used 2560K [0x00000000eab00000, 0x00000000ece00000, 0x0000000100000000)
  eden space 30720K, 0% used [0x00000000eab00000,0x00000000eab00000,0x00000000ec900000)
  from space 2560K, 100% used [0x00000000ec900000,0x00000000ecb80000,0x00000000ecb80000)
  to   space 2560K, 0% used [0x00000000ecb80000,0x00000000ecb80000,0x00000000ece00000)
 ParOldGen       total 40960K, used 11892K [0x00000000c0000000, 0x00000000c2800000, 0x00000000eab00000)
  object space 40960K, 29% used [0x00000000c0000000,0x00000000c0b9d1f8,0x00000000c2800000)
 Metaspace       used 6283K, capacity 7094K, committed 7296K, reserved 1056768K
  class space    used 602K, capacity 622K, committed 640K, reserved 1048576K
}
Event: 18.140 GC heap before
{Heap before GC invocations=6 (full 0):
 PSYoungGen      total 33280K, used 33280K [0x00000000eab00000, 0x00000000ece00000, 0x0000000100000000)
  eden space 30720K, 100% used [0x00000000eab00000,0x00000000ec900000,0x00000000ec900000)
  from space 2560K, 100% used [0x00000000ec900000,0x00000000ecb80000,0x00000000ecb80000)
  to   space 2560K, 0% used [0x00000000ecb80000,0x00000000ecb80000,0x00000000ece00000)
 ParOldGen       total 40960K, used 11892K [0x00000000c0000000, 0x00000000c2800000, 0x00000000eab00000)
  object space 40960K, 29% used [0x00000000c0000000,0x00000000c0b9d1f8,0x00000000c2800000)
 Metaspace       used 6313K, capacity 7094K, committed 7296K, reserved 1056768K
  class space    used 602K, capacity 622K, committed 640K, reserved 1048576K
Event: 18.323 GC heap after
Heap after GC invocations=6 (full 0):
 PSYoungGen      total 33280K, used 2549K [0x00000000eab00000, 0x00000000ece00000, 0x0000000100000000)
  eden space 30720K, 0% used [0x00000000eab00000,0x00000000eab00000,0x00000000ec900000)
  from space 2560K, 99% used [0x00000000ecb80000,0x00000000ecdfd628,0x00000000ece00000)
  to   space 2560K, 0% used [0x00000000ec900000,0x00000000ec900000,0x00000000ecb80000)
 ParOldGen       total 40960K, used 21442K [0x00000000c0000000, 0x00000000c2800000, 0x00000000eab00000)
  object space 40960K, 52% used [0x00000000c0000000,0x00000000c14f0998,0x00000000c2800000)
 Metaspace       used 6313K, capacity 7094K, committed 7296K, reserved 1056768K
  class space    used 602K, capacity 622K, committed 640K, reserved 1048576K
}
Event: 19.004 GC heap before
{Heap before GC invocations=7 (full 0):
 PSYoungGen      total 33280K, used 33269K [0x00000000eab00000, 0x00000000ece00000, 0x0000000100000000)
  eden space 30720K, 100% used [0x00000000eab00000,0x00000000ec900000,0x00000000ec900000)
  from space 2560K, 99% used [0x00000000ecb80000,0x00000000ecdfd628,0x00000000ece00000)
  to   space 2560K, 0% used [0x00000000ec900000,0x00000000ec900000,0x00000000ecb80000)
 ParOldGen       total 40960K, used 21442K [0x00000000c0000000, 0x00000000c2800000, 0x00000000eab00000)
  object space 40960K, 52% used [0x00000000c0000000,0x00000000c14f0998,0x00000000c2800000)
 Metaspace       used 6330K, capacity 7094K, committed 7296K, reserved 1056768K
  class space    used 602K, capacity 622K, committed 640K, reserved 1048576K
Event: 19.106 GC heap after
Heap after GC invocations=7 (full 0):
 PSYoungGen      total 33280K, used 2549K [0x00000000eab00000, 0x00000000ece00000, 0x0000000100000000)
  eden space 30720K, 0% used [0x00000000eab00000,0x00000000eab00000,0x00000000ec900000)
  from space 2560K, 99% used [0x00000000ec900000,0x00000000ecb7d628,0x00000000ecb80000)
  to   space 2560K, 0% used [0x00000000ecb80000,0x00000000ecb80000,0x00000000ece00000)
 ParOldGen       total 40960K, used 29262K [0x00000000c0000000, 0x00000000c2800000, 0x00000000eab00000)
  object space 40960K, 71% used [0x00000000c0000000,0x00000000c1c938d0,0x00000000c2800000)
 Metaspace       used 6330K, capacity 7094K, committed 7296K, reserved 1056768K
  class space    used 602K, capacity 622K, committed 640K, reserved 1048576K
}
Event: 20.003 GC heap before
{Heap before GC invocations=8 (full 0):
 PSYoungGen      total 33280K, used 33269K [0x00000000eab00000, 0x00000000ece00000, 0x0000000100000000)
  eden space 30720K, 100% used [0x00000000eab00000,0x00000000ec900000,0x00000000ec900000)
  from space 2560K, 99% used [0x00000000ec900000,0x00000000ecb7d628,0x00000000ecb80000)
  to   space 2560K, 0% used [0x00000000ecb80000,0x00000000ecb80000,0x00000000ece00000)
 ParOldGen       total 40960K, used 29262K [0x00000000c0000000, 0x00000000c2800000, 0x00000000eab00000)
  object space 40960K, 71% used [0x00000000c0000000,0x00000000c1c938d0,0x00000000c2800000)
 Metaspace       used 6358K, capacity 7094K, committed 7296K, reserved 1056768K
  class space    used 602K, capacity 622K, committed 640K, reserved 1048576K
Event: 20.203 GC heap after
Heap after GC invocations=8 (full 0):
 PSYoungGen      total 33280K, used 2560K [0x00000000eab00000, 0x00000000ece00000, 0x0000000100000000)
  eden space 30720K, 0% used [0x00000000eab00000,0x00000000eab00000,0x00000000ec900000)
  from space 2560K, 100% used [0x00000000ecb80000,0x00000000ece00000,0x00000000ece00000)
  to   space 2560K, 0% used [0x00000000ec900000,0x00000000ec900000,0x00000000ecb80000)
 ParOldGen       total 40960K, used 34208K [0x00000000c0000000, 0x00000000c2800000, 0x00000000eab00000)
  object space 40960K, 83% used [0x00000000c0000000,0x00000000c2168330,0x00000000c2800000)
 Metaspace       used 6358K, capacity 7094K, committed 7296K, reserved 1056768K
  class space    used 602K, capacity 622K, committed 640K, reserved 1048576K
}
Event: 20.203 GC heap before
{Heap before GC invocations=9 (full 1):
 PSYoungGen      total 33280K, used 2560K [0x00000000eab00000, 0x00000000ece00000, 0x0000000100000000)
  eden space 30720K, 0% used [0x00000000eab00000,0x00000000eab00000,0x00000000ec900000)
  from space 2560K, 100% used [0x00000000ecb80000,0x00000000ece00000,0x00000000ece00000)
  to   space 2560K, 0% used [0x00000000ec900000,0x00000000ec900000,0x00000000ecb80000)
 ParOldGen       total 40960K, used 34208K [0x00000000c0000000, 0x00000000c2800000, 0x00000000eab00000)
  object space 40960K, 83% used [0x00000000c0000000,0x00000000c2168330,0x00000000c2800000)
 Metaspace       used 6358K, capacity 7094K, committed 7296K, reserved 1056768K
  class space    used 602K, capacity 622K, committed 640K, reserved 1048576K
Event: 22.006 GC heap after
Heap after GC invocations=9 (full 1):
 PSYoungGen      total 33280K, used 0K [0x00000000eab00000, 0x00000000ece00000, 0x0000000100000000)
  eden space 30720K, 0% used [0x00000000eab00000,0x00000000eab00000,0x00000000ec900000)
  from space 2560K, 0% used [0x00000000ecb80000,0x00000000ecb80000,0x00000000ece00000)
  to   space 2560K, 0% used [0x00000000ec900000,0x00000000ec900000,0x00000000ecb80000)
 ParOldGen       total 40960K, used 25194K [0x00000000c0000000, 0x00000000c2800000, 0x00000000eab00000)
  object space 40960K, 61% used [0x00000000c0000000,0x00000000c189a8d8,0x00000000c2800000)
 Metaspace       used 6358K, capacity 7094K, committed 7296K, reserved 1056768K
  class space    used 602K, capacity 622K, committed 640K, reserved 1048576K
}

Deoptimization events (10 events):
Event: 19.347 Thread 0x0000000015cf0000 Uncommon trap: reason=unstable_if action=reinterpret pc=0x0000000002937adc method=com.android.dx.ssa.SsaRenamer$BlockRenamer.addMapping(ILcom/android/dx/rop/code/RegisterSpec;)V @ 120
Event: 19.841 Thread 0x0000000015cf0000 Uncommon trap: reason=bimorphic action=maybe_recompile pc=0x00000000027bdb24 method=java.util.HashMap.getNode(ILjava/lang/Object;)Ljava/util/HashMap$Node; @ 126
Event: 19.841 Thread 0x0000000015cf0000 Uncommon trap: reason=class_check action=maybe_recompile pc=0x000000000295e584 method=java.util.HashMap.putVal(ILjava/lang/Object;Ljava/lang/Object;ZZ)Ljava/lang/Object; @ 203
Event: 19.842 Thread 0x0000000015cf0000 Uncommon trap: reason=class_check action=maybe_recompile pc=0x000000000295e584 method=java.util.HashMap.putVal(ILjava/lang/Object;Ljava/lang/Object;ZZ)Ljava/lang/Object; @ 203
Event: 22.144 Thread 0x0000000015ced800 Uncommon trap: reason=bimorphic action=maybe_recompile pc=0x00000000028c469c method=java.util.HashMap.getNode(ILjava/lang/Object;)Ljava/util/HashMap$Node; @ 126
Event: 22.233 Thread 0x0000000015cdb800 Uncommon trap: reason=bimorphic action=maybe_recompile pc=0x0000000002c224cc method=com.android.dx.cf.code.BytecodeArray.parseInstruction(ILcom/android/dx/cf/code/BytecodeArray$Visitor;)I @ 987
Event: 22.237 Thread 0x0000000015cf0000 Uncommon trap: reason=bimorphic action=maybe_recompile pc=0x0000000002c26488 method=com.android.dx.cf.code.BytecodeArray.parseInstruction(ILcom/android/dx/cf/code/BytecodeArray$Visitor;)I @ 2281
Event: 22.237 Thread 0x0000000015cf0000 Uncommon trap: reason=bimorphic action=maybe_recompile pc=0x0000000002c26488 method=com.android.dx.cf.code.BytecodeArray.parseInstruction(ILcom/android/dx/cf/code/BytecodeArray$Visitor;)I @ 2281
Event: 22.511 Thread 0x0000000015cf0000 Uncommon trap: reason=unstable_if action=reinterpret pc=0x000000000290ab64 method=java.util.HashMap.putVal(ILjava/lang/Object;Ljava/lang/Object;ZZ)Ljava/lang/Object; @ 162
Event: 22.574 Thread 0x0000000015cf0000 Uncommon trap: reason=unstable_if action=reinterpret pc=0x0000000002c1a348 method=java.util.HashMap.getNode(ILjava/lang/Object;)Ljava/util/HashMap$Node; @ 84

Internal exceptions (5 events):
Event: 0.287 Thread 0x0000000002421000 Exception <a 'java/lang/NoSuchMethodError': Method sun.misc.Unsafe.defineClass(Ljava/lang/String;[BII)Ljava/lang/Class; name or signature does not match> (0x00000000eab07cc0) thrown at [C:\re\workspace\8-2-build-windows-amd64-cygwin\jdk8u101\7261\hotspot\sPgïû_“?
Event: 0.287 Thread 0x0000000002421000 Exception <a 'java/lang/NoSuchMethodError': Method sun.misc.Unsafe.prefetchRead(Ljava/lang/Object;J)V name or signature does not match> (0x00000000eab07fa8) thrown at [C:\re\workspace\8-2-build-windows-amd64-cygwin\jdk8u101\7261\hotspot\src\share\vm\prims\ˆ¿óì"ç6@
Event: 22.551 Thread 0x0000000015cf0000 Exception <a 'java/lang/ArrayIndexOutOfBoundsException': 18> (0x00000000ebe6c0d0) thrown at [C:\re\workspace\8-2-build-windows-amd64-cygwin\jdk8u101\7261\hotspot\src\share\vm\interpreter\interpreterRuntime.cpp, line 366]
Event: 22.552 Thread 0x0000000015cf0000 Exception <a 'java/lang/ArrayIndexOutOfBoundsException'> (0x00000000ebe6dc50) thrown at [C:\re\workspace\8-2-build-windows-amd64-cygwin\jdk8u101\7261\hotspot\src\share\vm\runtime\sharedRuntime.cpp, line 605]
Event: 22.572 Thread 0x0000000015cf0000 Exception <a 'java/lang/ArrayIndexOutOfBoundsException'> (0x00000000ebe6ef38) thrown at [C:\re\workspace\8-2-build-windows-amd64-cygwin\jdk8u101\7261\hotspot\src\share\vm\runtime\sharedRuntime.cpp, line 605]

Events (10 events):
Event: 22.571 loading class sun/reflect/generics/reflectiveObjects/ParameterizedTypeImpl done
Event: 22.572 loading class java/lang/reflect/TypeVariable
Event: 22.572 loading class java/lang/reflect/TypeVariable done
Event: 22.572 loading class sun/reflect/generics/reflectiveObjects/TypeVariableImpl
Event: 22.573 loading class sun/reflect/generics/reflectiveObjects/LazyReflectiveObjectGenerator
Event: 22.573 loading class sun/reflect/generics/reflectiveObjects/LazyReflectiveObjectGenerator done
Event: 22.573 loading class sun/reflect/generics/reflectiveObjects/TypeVariableImpl done
Event: 22.574 Thread 0x0000000015cf0000 Uncommon trap: trap_request=0xffffff65 fr.pc=0x0000000002c1a348
Event: 22.574 Thread 0x0000000015cf0000 DEOPT PACKING pc=0x0000000002c1a348 sp=0x00000000166be490
Event: 22.574 Thread 0x0000000015cf0000 DEOPT UNPACKING pc=0x000000000256582a sp=0x00000000166be408 mode 2


Dynamic libraries:
0x00007ff609bd0000 - 0x00007ff609c07000 	C:\Program Files\Java\jdk1.8.0_101\bin\java.exe
0x00007fff403c0000 - 0x00007fff40581000 	C:\Windows\SYSTEM32\ntdll.dll
0x00007fff401c0000 - 0x00007fff4026d000 	C:\Windows\system32\KERNEL32.DLL
0x00007fff3d180000 - 0x00007fff3d35d000 	C:\Windows\system32\KERNELBASE.dll
0x00007fff3dcb0000 - 0x00007fff3dd56000 	C:\Windows\system32\ADVAPI32.dll
0x00007fff400e0000 - 0x00007fff4017d000 	C:\Windows\system32\msvcrt.dll
0x00007fff3dfe0000 - 0x00007fff3e03b000 	C:\Windows\system32\sechost.dll
0x00007fff3da90000 - 0x00007fff3dbb6000 	C:\Windows\system32\RPCRT4.dll
0x00007fff40270000 - 0x00007fff403be000 	C:\Windows\system32\USER32.dll
0x00007fff3e810000 - 0x00007fff3e996000 	C:\Windows\system32\GDI32.dll
0x00007fff2fba0000 - 0x00007fff2fe14000 	C:\Windows\WinSxS\amd64_microsoft.windows.common-controls_6595b64144ccf1df_6.0.10240.16384_none_f41f7b285750ef43\COMCTL32.dll
0x00007fff40180000 - 0x00007fff401b6000 	C:\Windows\system32\IMM32.DLL
0x00007fff3ea50000 - 0x00007fff3ebac000 	C:\Windows\system32\MSCTF.dll
0x000000006e0f0000 - 0x000000006e1c2000 	C:\Program Files\Java\jdk1.8.0_101\jre\bin\msvcr100.dll
0x000000006d850000 - 0x000000006e0ea000 	C:\Program Files\Java\jdk1.8.0_101\jre\bin\server\jvm.dll
0x00007fff3e370000 - 0x00007fff3e378000 	C:\Windows\system32\PSAPI.DLL
0x00007fff3a250000 - 0x00007fff3a259000 	C:\Windows\SYSTEM32\WSOCK32.dll
0x00007fff3e530000 - 0x00007fff3e599000 	C:\Windows\system32\WS2_32.dll
0x00007fff3e800000 - 0x00007fff3e808000 	C:\Windows\system32\NSI.dll
0x00007fff3b470000 - 0x00007fff3b493000 	C:\Windows\SYSTEM32\WINMM.dll
0x00007fff39b40000 - 0x00007fff39b4a000 	C:\Windows\SYSTEM32\VERSION.dll
0x00007fff3b330000 - 0x00007fff3b35c000 	C:\Windows\SYSTEM32\WINMMBASE.dll
0x00007fff3d990000 - 0x00007fff3d9d4000 	C:\Windows\system32\cfgmgr32.dll
0x00007fff3b780000 - 0x00007fff3b7a7000 	C:\Windows\SYSTEM32\DEVOBJ.dll
0x000000006d840000 - 0x000000006d84f000 	C:\Program Files\Java\jdk1.8.0_101\jre\bin\verify.dll
0x000000006d810000 - 0x000000006d839000 	C:\Program Files\Java\jdk1.8.0_101\jre\bin\java.dll
0x000000006d7f0000 - 0x000000006d806000 	C:\Program Files\Java\jdk1.8.0_101\jre\bin\zip.dll
0x00007fff3ebb0000 - 0x00007fff400d2000 	C:\Windows\system32\SHELL32.dll
0x00007fff3d360000 - 0x00007fff3d989000 	C:\Windows\system32\windows.storage.dll
0x00007fff3dd60000 - 0x00007fff3dfdc000 	C:\Windows\system32\combase.dll
0x00007fff3e2b0000 - 0x00007fff3e301000 	C:\Windows\system32\shlwapi.dll
0x00007fff3cdf0000 - 0x00007fff3cdff000 	C:\Windows\system32\kernel.appcore.dll
0x00007fff3d0c0000 - 0x00007fff3d173000 	C:\Windows\system32\shcore.dll
0x00007fff3ce40000 - 0x00007fff3ce8a000 	C:\Windows\system32\powrprof.dll
0x00007fff3ce00000 - 0x00007fff3ce13000 	C:\Windows\system32\profapi.dll

VM Arguments:
jvm_args: -Djava.awt.headless=true -Xmx1024M -Dfile.encoding=x-windows-874 -Duser.country=US -Duser.language=en -Duser.variant 
java_command: com.android.dx.command.Main --dex --force-jumbo --num-threads=4 --output C:\Users\komkrid\Desktop\PGP-master\app\build\intermediates\pre-dexed\debug\com.google.android.gms-play-services-analytics-8.4.0_71d6f81842198d88f6856e12bbbe2626f623510b.jar C:\Users\komkrid\Desktop\PGP-master\app\build\intermediates\exploded-aar\com.google.android.gms\play-services-analytics\8.4.0\jars\classes.jar
java_class_path (initial): C:\Users\komkrid\AppData\Local\Android\sdk\build-tools\24.0.0\lib\dx.jar
Launcher Type: SUN_STANDARD

Environment Variables:
JAVA_HOME=C:\Program Files\Java\jdk1.8.0_101
PATH=C:\ProgramData\Oracle\Java\javapath;C:\Windows\system32;C:\Windows;C:\Windows\System32\Wbem;C:\Windows\System32\WindowsPowerShell\v1.0\;C:\Program Files (x86)\AMD\ATI.ACE\Core-Static;C:\Program Files (x86)\Common Files\Tom Sawyer Software\8.0.0;C:\Program Files\Git\cmd;C:\ProgramData\Oracle\Java\javapath;C:\Windows\system32;C:\Windows;C:\Windows\System32\Wbem;C:\Windows\System32\WindowsPowerShell\v1.0\;C:\Program Files (x86)\AMD\ATI.ACE\Core-Static;C:\Program Files (x86)\Common Files\Tom Sawyer Software\8.0.0;C:\Program Files\Git\cmd;C:\Program Files\Java\jdk1.8.0_101\bin;C:\Users\komkrid\AppData\Local\Android\sdk\platform-tools;C:\Users\komkrid\AppData\Local\Android\sdk\tools;C:\android-adb\
USERNAME=komkrid
OS=Windows_NT
PROCESSOR_IDENTIFIER=AMD64 Family 16 Model 6 Stepping 3, AuthenticAMD



---------------  S Y S T E M  ---------------

OS: Windows 10.0 , 64 bit Build 10240 (10.0.10240.16384)

CPU:total 2 (2 cores per cpu, 1 threads per core) family 16 model 6 stepping 3, cmov, cx8, fxsr, mmx, sse, sse2, sse3, popcnt, mmxext, 3dnowpref, lzcnt, tsc, tscinvbit, tscinv

Memory: 4k page, physical 3930412k(247160k free), swap 7002412k(5876k free)

vm_info: Java HotSpot(TM) 64-Bit Server VM (25.101-b13) for windows-amd64 JRE (1.8.0_101-b13), built on Jun 22 2016 01:21:29 by "java_re" with MS VC++ 10.0 (VS2010)

time: Mon Jan 23 16:01:37 2017
elapsed time: 22 seconds (0d 0h 0m 22s)

