#
# There is insufficient memory for the Java Runtime Environment to continue.
# Native memory allocation (malloc) failed to allocate 32744 bytes for ChunkPool::allocate
# Possible reasons:
#   The system is out of physical RAM or swap space
#   In 32 bit mode, the process size limit was hit
# Possible solutions:
#   Reduce memory load on the system
#   Increase physical memory or swap space
#   Check if swap backing store is full
#   Use 64 bit Java on a 64 bit OS
#   Decrease Java heap size (-Xmx/-Xms)
#   Decrease number of Java threads
#   Decrease Java thread stack sizes (-Xss)
#   Set larger code cache with -XX:ReservedCodeCacheSize=
# This output file may be truncated or incomplete.
#
#  Out of Memory Error (allocation.cpp:273), pid=1124, tid=0x000000000000142c
#
# JRE version: Java(TM) SE Runtime Environment (8.0_101-b13) (build 1.8.0_101-b13)
# Java VM: Java HotSpot(TM) 64-Bit Server VM (25.101-b13 mixed mode windows-amd64 compressed oops)
# Failed to write core dump. Minidumps are not enabled by default on client versions of Windows
#

---------------  T H R E A D  ---------------

Current thread (0x0000000014963800):  JavaThread "C1 CompilerThread1" daemon [_thread_in_native, id=5164, stack(0x00000000159a0000,0x0000000015aa0000)]

Stack: [0x00000000159a0000,0x0000000015aa0000]
[error occurred during error reporting (printing stack bounds), id 0xc0000005]

Native frames: (J=compiled Java code, j=interpreted, Vv=VM code, C=native code)


Current CompileTask:
C1:  18422 1705       2       com.android.dx.cf.code.RopperMachine::getSources (264 bytes)


---------------  P R O C E S S  ---------------

Java Threads: ( => current thread )
  0x0000000015cd2800 JavaThread "pool-1-thread-4" [_thread_in_Java, id=3824, stack(0x00000000164a0000,0x00000000165a0000)]
  0x0000000015cd2000 JavaThread "pool-1-thread-3" [_thread_in_Java, id=4028, stack(0x00000000163a0000,0x00000000164a0000)]
  0x0000000015ccb000 JavaThread "pool-1-thread-2" [_thread_in_Java, id=3048, stack(0x00000000162a0000,0x00000000163a0000)]
  0x0000000015cc8000 JavaThread "pool-2-thread-1" [_thread_blocked, id=4388, stack(0x00000000161a0000,0x00000000162a0000)]
  0x0000000015cc6800 JavaThread "pool-1-thread-1" [_thread_blocked, id=3004, stack(0x00000000160a0000,0x00000000161a0000)]
  0x0000000015aa7800 JavaThread "Service Thread" daemon [_thread_blocked, id=3156, stack(0x0000000015ea0000,0x0000000015fa0000)]
=>0x0000000014963800 JavaThread "C1 CompilerThread1" daemon [_thread_in_native, id=5164, stack(0x00000000159a0000,0x0000000015aa0000)]
  0x0000000014960800 JavaThread "C2 CompilerThread0" daemon [_thread_in_native, id=6048, stack(0x00000000158a0000,0x00000000159a0000)]
  0x000000001495f800 JavaThread "Attach Listener" daemon [_thread_blocked, id=5808, stack(0x00000000157a0000,0x00000000158a0000)]
  0x00000000149ae000 JavaThread "Signal Dispatcher" daemon [_thread_blocked, id=2800, stack(0x00000000156a0000,0x00000000157a0000)]
  0x0000000014948800 JavaThread "Finalizer" daemon [_thread_blocked, id=5376, stack(0x00000000155a0000,0x00000000156a0000)]
  0x00000000024bc800 JavaThread "Reference Handler" daemon [_thread_blocked, id=6388, stack(0x00000000154a0000,0x00000000155a0000)]
  0x00000000023d1000 JavaThread "main" [_thread_in_Java, id=3928, stack(0x00000000020d0000,0x00000000021d0000)]

Other Threads:
  0x0000000014925800 VMThread [stack: 0x00000000153a0000,0x00000000154a0000] [id=3560]
  0x0000000015ad5800 WatcherThread [stack: 0x0000000015fa0000,0x00000000160a0000] [id=3988]

VM state:not at safepoint (normal execution)

VM Mutex/Monitor currently owned by a thread: None

Heap:
 PSYoungGen      total 27648K, used 11870K [0x00000000eab00000, 0x00000000ef700000, 0x0000000100000000)
  eden space 25088K, 37% used [0x00000000eab00000,0x00000000eb41e1b8,0x00000000ec380000)
  from space 2560K, 99% used [0x00000000ecb80000,0x00000000ecdf9a20,0x00000000ece00000)
  to   space 8192K, 0% used [0x00000000ec380000,0x00000000ec380000,0x00000000ecb80000)
 ParOldGen       total 40960K, used 17584K [0x00000000c0000000, 0x00000000c2800000, 0x00000000eab00000)
  object space 40960K, 42% used [0x00000000c0000000,0x00000000c112c128,0x00000000c2800000)
 Metaspace       used 6395K, capacity 7128K, committed 7424K, reserved 1056768K
  class space    used 621K, capacity 656K, committed 768K, reserved 1048576K

Card table byte_map: [0x0000000011890000,0x0000000011aa0000] byte_map_base: 0x0000000011290000

Marking Bits: (ParMarkBitMap*) 0x00000000578ba6d0
 Begin Bits: [0x0000000011e00000, 0x0000000012e00000)
 End Bits:   [0x0000000012e00000, 0x0000000013e00000)

Polling page: 0x0000000000900000

CodeCache: size=245760Kb used=7448Kb max_used=7466Kb free=238311Kb
 bounds [0x00000000024d0000, 0x0000000002c30000, 0x00000000114d0000]
 total_blobs=1933 nmethods=1664 adapters=182
 compilation: enabled

Compilation events (10 events):
Event: 17.869 Thread 0x0000000014963800 nmethod 1701 0x0000000002bcdb50 code [0x0000000002bcdd20, 0x0000000002bce298]
Event: 17.871 Thread 0x0000000014963800 1702       2       com.android.dx.ssa.InterferenceRegisterMapper::areAnyPinned (81 bytes)
Event: 17.872 Thread 0x0000000014963800 nmethod 1702 0x0000000002bf13d0 code [0x0000000002bf1560, 0x0000000002bf18b8]
Event: 17.881 Thread 0x0000000014963800 1703       2       com.android.dx.rop.type.Type::isCategory1 (36 bytes)
Event: 17.881 Thread 0x0000000014963800 nmethod 1703 0x0000000002bd11d0 code [0x0000000002bd1320, 0x0000000002bd1490]
Event: 18.294 Thread 0x0000000014960800 nmethod 1682 0x0000000002c1dbd0 code [0x0000000002c1de80, 0x0000000002c1fe28]
Event: 18.294 Thread 0x0000000014960800 1696   !   4       com.android.dx.cf.code.BytecodeArray::parseInstruction (2764 bytes)
Event: 18.354 Thread 0x0000000014963800 1704       2       com.android.dx.rop.code.CstInsn::contentEquals (31 bytes)
Event: 18.354 Thread 0x0000000014963800 nmethod 1704 0x0000000002bcd6d0 code [0x0000000002bcd840, 0x0000000002bcda58]
Event: 18.360 Thread 0x0000000014963800 1705       2       com.android.dx.cf.code.RopperMachine::getSources (264 bytes)

GC Heap History (10 events):
Event: 9.153 GC heap before
{Heap before GC invocations=2 (full 0):
 PSYoungGen      total 17920K, used 17914K [0x00000000eab00000, 0x00000000ebf00000, 0x0000000100000000)
  eden space 15360K, 100% used [0x00000000eab00000,0x00000000eba00000,0x00000000eba00000)
  from space 2560K, 99% used [0x00000000eba00000,0x00000000ebc7eab8,0x00000000ebc80000)
  to   space 2560K, 0% used [0x00000000ebc80000,0x00000000ebc80000,0x00000000ebf00000)
 ParOldGen       total 40960K, used 1404K [0x00000000c0000000, 0x00000000c2800000, 0x00000000eab00000)
  object space 40960K, 3% used [0x00000000c0000000,0x00000000c015f138,0x00000000c2800000)
 Metaspace       used 6088K, capacity 6966K, committed 7040K, reserved 1056768K
  class space    used 600K, capacity 622K, committed 640K, reserved 1048576K
Event: 9.208 GC heap after
Heap after GC invocations=2 (full 0):
 PSYoungGen      total 17920K, used 2528K [0x00000000eab00000, 0x00000000ece00000, 0x0000000100000000)
  eden space 15360K, 0% used [0x00000000eab00000,0x00000000eab00000,0x00000000eba00000)
  from space 2560K, 98% used [0x00000000ebc80000,0x00000000ebef8028,0x00000000ebf00000)
  to   space 2560K, 0% used [0x00000000eba00000,0x00000000eba00000,0x00000000ebc80000)
 ParOldGen       total 40960K, used 3309K [0x00000000c0000000, 0x00000000c2800000, 0x00000000eab00000)
  object space 40960K, 8% used [0x00000000c0000000,0x00000000c033b458,0x00000000c2800000)
 Metaspace       used 6088K, capacity 6966K, committed 7040K, reserved 1056768K
  class space    used 600K, capacity 622K, committed 640K, reserved 1048576K
}
Event: 10.028 GC heap before
{Heap before GC invocations=3 (full 0):
 PSYoungGen      total 17920K, used 17888K [0x00000000eab00000, 0x00000000ece00000, 0x0000000100000000)
  eden space 15360K, 100% used [0x00000000eab00000,0x00000000eba00000,0x00000000eba00000)
  from space 2560K, 98% used [0x00000000ebc80000,0x00000000ebef8028,0x00000000ebf00000)
  to   space 2560K, 0% used [0x00000000eba00000,0x00000000eba00000,0x00000000ebc80000)
 ParOldGen       total 40960K, used 3309K [0x00000000c0000000, 0x00000000c2800000, 0x00000000eab00000)
  object space 40960K, 8% used [0x00000000c0000000,0x00000000c033b458,0x00000000c2800000)
 Metaspace       used 6178K, capacity 7030K, committed 7296K, reserved 1056768K
  class space    used 601K, capacity 622K, committed 640K, reserved 1048576K
Event: 10.302 GC heap after
Heap after GC invocations=3 (full 0):
 PSYoungGen      total 17920K, used 2528K [0x00000000eab00000, 0x00000000ece00000, 0x0000000100000000)
  eden space 15360K, 0% used [0x00000000eab00000,0x00000000eab00000,0x00000000eba00000)
  from space 2560K, 98% used [0x00000000eba00000,0x00000000ebc78028,0x00000000ebc80000)
  to   space 2560K, 0% used [0x00000000ecb80000,0x00000000ecb80000,0x00000000ece00000)
 ParOldGen       total 40960K, used 5654K [0x00000000c0000000, 0x00000000c2800000, 0x00000000eab00000)
  object space 40960K, 13% used [0x00000000c0000000,0x00000000c05858e8,0x00000000c2800000)
 Metaspace       used 6178K, capacity 7030K, committed 7296K, reserved 1056768K
  class space    used 601K, capacity 622K, committed 640K, reserved 1048576K
}
Event: 12.127 GC heap before
{Heap before GC invocations=4 (full 0):
 PSYoungGen      total 17920K, used 17888K [0x00000000eab00000, 0x00000000ece00000, 0x0000000100000000)
  eden space 15360K, 100% used [0x00000000eab00000,0x00000000eba00000,0x00000000eba00000)
  from space 2560K, 98% used [0x00000000eba00000,0x00000000ebc78028,0x00000000ebc80000)
  to   space 2560K, 0% used [0x00000000ecb80000,0x00000000ecb80000,0x00000000ece00000)
 ParOldGen       total 40960K, used 5654K [0x00000000c0000000, 0x00000000c2800000, 0x00000000eab00000)
  object space 40960K, 13% used [0x00000000c0000000,0x00000000c05858e8,0x00000000c2800000)
 Metaspace       used 6236K, capacity 7094K, committed 7296K, reserved 1056768K
  class space    used 601K, capacity 622K, committed 640K, reserved 1048576K
Event: 12.419 GC heap after
Heap after GC invocations=4 (full 0):
 PSYoungGen      total 33280K, used 2529K [0x00000000eab00000, 0x00000000ece00000, 0x0000000100000000)
  eden space 30720K, 0% used [0x00000000eab00000,0x00000000eab00000,0x00000000ec900000)
  from space 2560K, 98% used [0x00000000ecb80000,0x00000000ecdf8430,0x00000000ece00000)
  to   space 2560K, 0% used [0x00000000ec900000,0x00000000ec900000,0x00000000ecb80000)
 ParOldGen       total 40960K, used 7827K [0x00000000c0000000, 0x00000000c2800000, 0x00000000eab00000)
  object space 40960K, 19% used [0x00000000c0000000,0x00000000c07a4eb8,0x00000000c2800000)
 Metaspace       used 6236K, capacity 7094K, committed 7296K, reserved 1056768K
  class space    used 601K, capacity 622K, committed 640K, reserved 1048576K
}
Event: 14.137 GC heap before
{Heap before GC invocations=5 (full 0):
 PSYoungGen      total 33280K, used 33249K [0x00000000eab00000, 0x00000000ece00000, 0x0000000100000000)
  eden space 30720K, 100% used [0x00000000eab00000,0x00000000ec900000,0x00000000ec900000)
  from space 2560K, 98% used [0x00000000ecb80000,0x00000000ecdf8430,0x00000000ece00000)
  to   space 2560K, 0% used [0x00000000ec900000,0x00000000ec900000,0x00000000ecb80000)
 ParOldGen       total 40960K, used 7827K [0x00000000c0000000, 0x00000000c2800000, 0x00000000eab00000)
  object space 40960K, 19% used [0x00000000c0000000,0x00000000c07a4eb8,0x00000000c2800000)
 Metaspace       used 6262K, capacity 7094K, committed 7296K, reserved 1056768K
  class space    used 601K, capacity 622K, committed 640K, reserved 1048576K
Event: 14.940 GC heap after
Heap after GC invocations=5 (full 0):
 PSYoungGen      total 33280K, used 2534K [0x00000000eab00000, 0x00000000ece00000, 0x0000000100000000)
  eden space 30720K, 0% used [0x00000000eab00000,0x00000000eab00000,0x00000000ec900000)
  from space 2560K, 99% used [0x00000000ec900000,0x00000000ecb79a40,0x00000000ecb80000)
  to   space 2560K, 0% used [0x00000000ecb80000,0x00000000ecb80000,0x00000000ece00000)
 ParOldGen       total 40960K, used 12205K [0x00000000c0000000, 0x00000000c2800000, 0x00000000eab00000)
  object space 40960K, 29% used [0x00000000c0000000,0x00000000c0beb7e0,0x00000000c2800000)
 Metaspace       used 6262K, capacity 7094K, committed 7296K, reserved 1056768K
  class space    used 601K, capacity 622K, committed 640K, reserved 1048576K
}
Event: 18.034 GC heap before
{Heap before GC invocations=6 (full 0):
 PSYoungGen      total 33280K, used 33254K [0x00000000eab00000, 0x00000000ece00000, 0x0000000100000000)
  eden space 30720K, 100% used [0x00000000eab00000,0x00000000ec900000,0x00000000ec900000)
  from space 2560K, 99% used [0x00000000ec900000,0x00000000ecb79a40,0x00000000ecb80000)
  to   space 2560K, 0% used [0x00000000ecb80000,0x00000000ecb80000,0x00000000ece00000)
 ParOldGen       total 40960K, used 12205K [0x00000000c0000000, 0x00000000c2800000, 0x00000000eab00000)
  object space 40960K, 29% used [0x00000000c0000000,0x00000000c0beb7e0,0x00000000c2800000)
 Metaspace       used 6394K, capacity 7128K, committed 7424K, reserved 1056768K
  class space    used 621K, capacity 656K, committed 768K, reserved 1048576K
Event: 18.288 GC heap after
Heap after GC invocations=6 (full 0):
 PSYoungGen      total 27648K, used 2534K [0x00000000eab00000, 0x00000000ef700000, 0x0000000100000000)
  eden space 25088K, 0% used [0x00000000eab00000,0x00000000eab00000,0x00000000ec380000)
  from space 2560K, 99% used [0x00000000ecb80000,0x00000000ecdf9a20,0x00000000ece00000)
  to   space 8192K, 0% used [0x00000000ec380000,0x00000000ec380000,0x00000000ecb80000)
 ParOldGen       total 40960K, used 17584K [0x00000000c0000000, 0x00000000c2800000, 0x00000000eab00000)
  object space 40960K, 42% used [0x00000000c0000000,0x00000000c112c128,0x00000000c2800000)
 Metaspace       used 6394K, capacity 7128K, committed 7424K, reserved 1056768K
  class space    used 621K, capacity 656K, committed 768K, reserved 1048576K
}

Deoptimization events (10 events):
Event: 15.340 Thread 0x0000000015cd2800 Uncommon trap: reason=unstable_if action=reinterpret pc=0x0000000002b3f5e0 method=com.android.dx.ssa.LocalVariableExtractor.processBlock(I)V @ 251
Event: 15.380 Thread 0x0000000015cd2000 Uncommon trap: reason=unstable_if action=reinterpret pc=0x00000000028b59b0 method=java.util.HashMap.putVal(ILjava/lang/Object;Ljava/lang/Object;ZZ)Ljava/lang/Object; @ 162
Event: 16.249 Thread 0x0000000015cd2000 Uncommon trap: reason=unstable_if action=reinterpret pc=0x00000000027e6d70 method=java.util.HashMap.getNode(ILjava/lang/Object;)Ljava/util/HashMap$Node; @ 84
Event: 16.409 Thread 0x0000000015cd2000 Uncommon trap: reason=unstable_if action=reinterpret pc=0x0000000002b398d0 method=java.util.HashMap.getNode(ILjava/lang/Object;)Ljava/util/HashMap$Node; @ 84
Event: 17.804 Thread 0x0000000015cd2000 Uncommon trap: reason=class_check action=maybe_recompile pc=0x0000000002bf555c method=com.android.dx.cf.code.BytecodeArray.parseInstruction(ILcom/android/dx/cf/code/BytecodeArray$Visitor;)I @ 1612
Event: 17.825 Thread 0x0000000015cd2000 Uncommon trap: reason=class_check action=maybe_recompile pc=0x0000000002bf555c method=com.android.dx.cf.code.BytecodeArray.parseInstruction(ILcom/android/dx/cf/code/BytecodeArray$Visitor;)I @ 1612
Event: 17.828 Thread 0x0000000015cd2000 Uncommon trap: reason=bimorphic action=maybe_recompile pc=0x0000000002bf4f84 method=com.android.dx.cf.code.BytecodeArray.parseInstruction(ILcom/android/dx/cf/code/BytecodeArray$Visitor;)I @ 1161
Event: 17.828 Thread 0x0000000015cd2000 Uncommon trap: reason=bimorphic action=maybe_recompile pc=0x0000000002bf5084 method=com.android.dx.cf.code.BytecodeArray.parseInstruction(ILcom/android/dx/cf/code/BytecodeArray$Visitor;)I @ 1224
Event: 17.828 Thread 0x0000000015cd2000 Uncommon trap: reason=bimorphic action=maybe_recompile pc=0x0000000002bf5084 method=com.android.dx.cf.code.BytecodeArray.parseInstruction(ILcom/android/dx/cf/code/BytecodeArray$Visitor;)I @ 1224
Event: 18.358 Thread 0x0000000015ccb000 Uncommon trap: reason=unstable_if action=reinterpret pc=0x0000000002bd5a18 method=java.util.HashMap.getNode(ILjava/lang/Object;)Ljava/util/HashMap$Node; @ 84

Internal exceptions (6 events):
Event: 2.280 Thread 0x00000000023d1000 Exception <a 'java/lang/NoSuchMethodError': Method sun.misc.Unsafe.defineClass(Ljava/lang/String;[BII)Ljava/lang/Class; name or signature does not match> (0x00000000eab07cc0) thrown at [C:\re\workspace\8-2-build-windows-amd64-cygwin\jdk8u101\7261\hotspot\sÅ©C∂˙<@
Event: 2.280 Thread 0x00000000023d1000 Exception <a 'java/lang/NoSuchMethodError': Method sun.misc.Unsafe.prefetchRead(Ljava/lang/Object;J)V name or signature does not match> (0x00000000eab07fa8) thrown at [C:\re\workspace\8-2-build-windows-amd64-cygwin\jdk8u101\7261\hotspot\src\share\vm\prims\Ô¥3∆Mi @
Event: 8.206 Thread 0x0000000015cd2000 Implicit null exception at 0x000000000285c765 to 0x000000000285e225
Event: 16.231 Thread 0x0000000015cd2000 Exception <a 'java/lang/ArrayIndexOutOfBoundsException': 18> (0x00000000ec21b3f0) thrown at [C:\re\workspace\8-2-build-windows-amd64-cygwin\jdk8u101\7261\hotspot\src\share\vm\interpreter\interpreterRuntime.cpp, line 366]
Event: 16.232 Thread 0x0000000015cd2000 Exception <a 'java/lang/ArrayIndexOutOfBoundsException'> (0x00000000ec21cf70) thrown at [C:\re\workspace\8-2-build-windows-amd64-cygwin\jdk8u101\7261\hotspot\src\share\vm\runtime\sharedRuntime.cpp, line 605]
Event: 16.247 Thread 0x0000000015cd2000 Exception <a 'java/lang/ArrayIndexOutOfBoundsException'> (0x00000000ec21e258) thrown at [C:\re\workspace\8-2-build-windows-amd64-cygwin\jdk8u101\7261\hotspot\src\share\vm\runtime\sharedRuntime.cpp, line 605]

Events (10 events):
Event: 17.828 Thread 0x0000000015cd2000 DEOPT PACKING pc=0x0000000002bf5084 sp=0x000000001649e8b0
Event: 17.828 Thread 0x0000000015cd2000 DEOPT UNPACKING pc=0x000000000251582a sp=0x000000001649e878 mode 2
Event: 17.828 Thread 0x0000000015cd2000 Uncommon trap: trap_request=0xffffffc6 fr.pc=0x0000000002bf5084
Event: 17.828 Thread 0x0000000015cd2000 DEOPT PACKING pc=0x0000000002bf5084 sp=0x000000001649e8b0
Event: 17.828 Thread 0x0000000015cd2000 DEOPT UNPACKING pc=0x000000000251582a sp=0x000000001649e878 mode 2
Event: 17.888 Executing VM operation: ParallelGCFailedAllocation
Event: 18.288 Executing VM operation: ParallelGCFailedAllocation done
Event: 18.358 Thread 0x0000000015ccb000 Uncommon trap: trap_request=0xffffff65 fr.pc=0x0000000002bd5a18
Event: 18.358 Thread 0x0000000015ccb000 DEOPT PACKING pc=0x0000000002bd5a18 sp=0x000000001639e020
Event: 18.358 Thread 0x0000000015ccb000 DEOPT UNPACKING pc=0x000000000251582a sp=0x000000001639de20 mode 2


Dynamic libraries:
0x00007ff64a9e0000 - 0x00007ff64aa17000 	C:\Program Files\Java\jdk1.8.0_101\bin\java.exe
0x00007ffa5edc0000 - 0x00007ffa5ef81000 	C:\Windows\SYSTEM32\ntdll.dll
0x00007ffa5d180000 - 0x00007ffa5d22d000 	C:\Windows\system32\KERNEL32.DLL
0x00007ffa5bf20000 - 0x00007ffa5c0fd000 	C:\Windows\system32\KERNELBASE.dll
0x00007ffa5d5a0000 - 0x00007ffa5d646000 	C:\Windows\system32\ADVAPI32.dll
0x00007ffa5cb80000 - 0x00007ffa5cc1d000 	C:\Windows\system32\msvcrt.dll
0x00007ffa5d0c0000 - 0x00007ffa5d11b000 	C:\Windows\system32\sechost.dll
0x00007ffa5c490000 - 0x00007ffa5c5b6000 	C:\Windows\system32\RPCRT4.dll
0x00007ffa5d380000 - 0x00007ffa5d4ce000 	C:\Windows\system32\USER32.dll
0x00007ffa5d650000 - 0x00007ffa5d7d6000 	C:\Windows\system32\GDI32.dll
0x00007ffa50260000 - 0x00007ffa504d4000 	C:\Windows\WinSxS\amd64_microsoft.windows.common-controls_6595b64144ccf1df_6.0.10240.16384_none_f41f7b285750ef43\COMCTL32.dll
0x00007ffa5c5c0000 - 0x00007ffa5c5f6000 	C:\Windows\system32\IMM32.DLL
0x00007ffa5cd90000 - 0x00007ffa5ceec000 	C:\Windows\system32\MSCTF.dll
0x00000000587e0000 - 0x00000000588b2000 	C:\Program Files\Java\jdk1.8.0_101\jre\bin\msvcr100.dll
0x00000000570a0000 - 0x000000005793a000 	C:\Program Files\Java\jdk1.8.0_101\jre\bin\server\jvm.dll
0x00007ffa5cc20000 - 0x00007ffa5cc28000 	C:\Windows\system32\PSAPI.DLL
0x00007ffa57bd0000 - 0x00007ffa57bd9000 	C:\Windows\SYSTEM32\WSOCK32.dll
0x00007ffa5d4d0000 - 0x00007ffa5d539000 	C:\Windows\system32\WS2_32.dll
0x00007ffa5d230000 - 0x00007ffa5d238000 	C:\Windows\system32\NSI.dll
0x00007ffa59e70000 - 0x00007ffa59e93000 	C:\Windows\SYSTEM32\WINMM.dll
0x00007ffa59000000 - 0x00007ffa5900a000 	C:\Windows\SYSTEM32\VERSION.dll
0x00007ffa59e10000 - 0x00007ffa59e3c000 	C:\Windows\SYSTEM32\WINMMBASE.dll
0x00007ffa5c390000 - 0x00007ffa5c3d4000 	C:\Windows\system32\cfgmgr32.dll
0x00007ffa5a180000 - 0x00007ffa5a1a7000 	C:\Windows\SYSTEM32\DEVOBJ.dll
0x00000000587d0000 - 0x00000000587df000 	C:\Program Files\Java\jdk1.8.0_101\jre\bin\verify.dll
0x00000000587a0000 - 0x00000000587c9000 	C:\Program Files\Java\jdk1.8.0_101\jre\bin\java.dll
0x0000000058780000 - 0x0000000058796000 	C:\Program Files\Java\jdk1.8.0_101\jre\bin\zip.dll
0x00007ffa5d890000 - 0x00007ffa5edb2000 	C:\Windows\system32\SHELL32.dll
0x00007ffa5b8f0000 - 0x00007ffa5bf19000 	C:\Windows\system32\windows.storage.dll
0x00007ffa5c670000 - 0x00007ffa5c8ec000 	C:\Windows\system32\combase.dll
0x00007ffa5d320000 - 0x00007ffa5d371000 	C:\Windows\system32\shlwapi.dll
0x00007ffa5b880000 - 0x00007ffa5b88f000 	C:\Windows\system32\kernel.appcore.dll
0x00007ffa5c2d0000 - 0x00007ffa5c383000 	C:\Windows\system32\shcore.dll
0x00007ffa5b7f0000 - 0x00007ffa5b83a000 	C:\Windows\system32\powrprof.dll
0x00007ffa5b860000 - 0x00007ffa5b873000 	C:\Windows\system32\profapi.dll

VM Arguments:
jvm_args: -Djava.awt.headless=true -Xmx1024M -Dfile.encoding=x-windows-874 -Duser.country=US -Duser.language=en -Duser.variant 
java_command: com.android.dx.command.Main --dex --force-jumbo --num-threads=4 --output C:\Users\komkrid\Desktop\PGP\app\build\intermediates\pre-dexed\debug\okhttp-2.0.0_24cb50f028ba81e0f8165cc7fadd4f957d957e45.jar C:\Users\komkrid\.gradle\caches\modules-2\files-2.1\com.squareup.okhttp\okhttp\2.0.0\4c8d1536dba3812cc1592090dc20c47a4ed3c35e\okhttp-2.0.0.jar
java_class_path (initial): C:\Users\komkrid\AppData\Local\Android\sdk\build-tools\24.0.0\lib\dx.jar
Launcher Type: SUN_STANDARD

Environment Variables:
JAVA_HOME=C:\Program Files\Java\jdk1.8.0_101
PATH=C:\ProgramData\Oracle\Java\javapath;C:\Windows\system32;C:\Windows;C:\Windows\System32\Wbem;C:\Windows\System32\WindowsPowerShell\v1.0\;C:\Program Files (x86)\AMD\ATI.ACE\Core-Static;C:\Program Files (x86)\Common Files\Tom Sawyer Software\8.0.0;C:\Program Files\Git\cmd;C:\ProgramData\Oracle\Java\javapath;C:\Windows\system32;C:\Windows;C:\Windows\System32\Wbem;C:\Windows\System32\WindowsPowerShell\v1.0\;C:\Program Files (x86)\AMD\ATI.ACE\Core-Static;C:\Program Files (x86)\Common Files\Tom Sawyer Software\8.0.0;C:\Program Files\Git\cmd;C:\Program Files\Java\jdk1.8.0_101\bin;C:\Users\komkrid\AppData\Local\Android\sdk\platform-tools;C:\Users\komkrid\AppData\Local\Android\sdk\tools;C:\android-adb\
USERNAME=komkrid
OS=Windows_NT
PROCESSOR_IDENTIFIER=AMD64 Family 16 Model 6 Stepping 3, AuthenticAMD



---------------  S Y S T E M  ---------------

OS: Windows 10.0 , 64 bit Build 10240 (10.0.10240.16384)

CPU:total 2 (2 cores per cpu, 1 threads per core) family 16 model 6 stepping 3, cmov, cx8, fxsr, mmx, sse, sse2, sse3, popcnt, mmxext, 3dnowpref, lzcnt, tsc, tscinvbit, tscinv

Memory: 4k page, physical 3930412k(242580k free), swap 7002412k(5148k free)

vm_info: Java HotSpot(TM) 64-Bit Server VM (25.101-b13) for windows-amd64 JRE (1.8.0_101-b13), built on Jun 22 2016 01:21:29 by "java_re" with MS VC++ 10.0 (VS2010)

time: Sun Dec 18 14:13:53 2016
elapsed time: 18 seconds (0d 0h 0m 18s)

