#
# There is insufficient memory for the Java Runtime Environment to continue.
# Native memory allocation (malloc) failed to allocate 710976 bytes for Chunk::new
# Possible reasons:
#   The system is out of physical RAM or swap space
#   In 32 bit mode, the process size limit was hit
# Possible solutions:
#   Reduce memory load on the system
#   Increase physical memory or swap space
#   Check if swap backing store is full
#   Use 64 bit Java on a 64 bit OS
#   Decrease Java heap size (-Xmx/-Xms)
#   Decrease number of Java threads
#   Decrease Java thread stack sizes (-Xss)
#   Set larger code cache with -XX:ReservedCodeCacheSize=
# This output file may be truncated or incomplete.
#
#  Out of Memory Error (allocation.cpp:390), pid=5556, tid=0x0000000000000cd8
#
# JRE version: Java(TM) SE Runtime Environment (8.0_101-b13) (build 1.8.0_101-b13)
# Java VM: Java HotSpot(TM) 64-Bit Server VM (25.101-b13 mixed mode windows-amd64 compressed oops)
# Failed to write core dump. Minidumps are not enabled by default on client versions of Windows
#

---------------  T H R E A D  ---------------

Current thread (0x00000000144d0800):  JavaThread "C2 CompilerThread0" daemon [_thread_in_native, id=3288, stack(0x00000000154e0000,0x00000000155e0000)]

Stack: [0x00000000154e0000,0x00000000155e0000]
[error occurred during error reporting (printing stack bounds), id 0xc0000005]

Native frames: (J=compiled Java code, j=interpreted, Vv=VM code, C=native code)


Current CompileTask:
C2:   9010 1226       4       com.android.dx.ssa.SCCP::simulateBranch (666 bytes)


---------------  P R O C E S S  ---------------

Java Threads: ( => current thread )
  0x000000001582b000 JavaThread "pool-1-thread-4" [_thread_in_Java, id=7312, stack(0x00000000160e0000,0x00000000161e0000)]
  0x0000000015820000 JavaThread "pool-1-thread-3" [_thread_in_Java, id=2272, stack(0x0000000015fe0000,0x00000000160e0000)]
  0x0000000015807000 JavaThread "pool-1-thread-2" [_thread_blocked, id=7640, stack(0x0000000015ee0000,0x0000000015fe0000)]
  0x0000000015806800 JavaThread "pool-2-thread-1" [_thread_blocked, id=5532, stack(0x0000000015de0000,0x0000000015ee0000)]
  0x00000000157f0800 JavaThread "pool-1-thread-1" [_thread_in_vm, id=6252, stack(0x0000000015ce0000,0x0000000015de0000)]
  0x00000000155e7000 JavaThread "Service Thread" daemon [_thread_blocked, id=4368, stack(0x0000000015ae0000,0x0000000015be0000)]
  0x00000000155e3000 JavaThread "C1 CompilerThread1" daemon [_thread_blocked, id=4860, stack(0x00000000159e0000,0x0000000015ae0000)]
=>0x00000000144d0800 JavaThread "C2 CompilerThread0" daemon [_thread_in_native, id=3288, stack(0x00000000154e0000,0x00000000155e0000)]
  0x00000000144cf800 JavaThread "Attach Listener" daemon [_thread_blocked, id=1860, stack(0x00000000153e0000,0x00000000154e0000)]
  0x000000001451e000 JavaThread "Signal Dispatcher" daemon [_thread_blocked, id=8068, stack(0x00000000152e0000,0x00000000153e0000)]
  0x00000000144b8800 JavaThread "Finalizer" daemon [_thread_blocked, id=8100, stack(0x0000000015100000,0x0000000015200000)]
  0x000000000202c800 JavaThread "Reference Handler" daemon [_thread_blocked, id=1184, stack(0x0000000015000000,0x0000000015100000)]
  0x0000000001f41000 JavaThread "main" [_thread_blocked, id=1472, stack(0x0000000001e40000,0x0000000001f40000)]

Other Threads:
  0x0000000014495800 VMThread [stack: 0x0000000014f00000,0x0000000015000000] [id=656]
  0x00000000155fe800 WatcherThread [stack: 0x0000000015be0000,0x0000000015ce0000] [id=3544]

VM state:not at safepoint (normal execution)

VM Mutex/Monitor currently owned by a thread: None

Heap:
 PSYoungGen      total 17920K, used 8322K [0x00000000eab00000, 0x00000000ece00000, 0x0000000100000000)
  eden space 15360K, 37% used [0x00000000eab00000,0x00000000eb0a48e0,0x00000000eba00000)
  from space 2560K, 99% used [0x00000000ebc80000,0x00000000ebefc028,0x00000000ebf00000)
  to   space 2560K, 0% used [0x00000000eba00000,0x00000000eba00000,0x00000000ebc80000)
 ParOldGen       total 40960K, used 2728K [0x00000000c0000000, 0x00000000c2800000, 0x00000000eab00000)
  object space 40960K, 6% used [0x00000000c0000000,0x00000000c02aa0f0,0x00000000c2800000)
 Metaspace       used 6094K, capacity 6964K, committed 7040K, reserved 1056768K
  class space    used 601K, capacity 620K, committed 640K, reserved 1048576K

Card table byte_map: [0x0000000011400000,0x0000000011610000] byte_map_base: 0x0000000010e00000

Marking Bits: (ParMarkBitMap*) 0x00000000578ba6d0
 Begin Bits: [0x0000000011970000, 0x0000000012970000)
 End Bits:   [0x0000000012970000, 0x0000000013970000)

Polling page: 0x0000000001d00000

CodeCache: size=245760Kb used=5224Kb max_used=5224Kb free=240535Kb
 bounds [0x0000000002040000, 0x0000000002560000, 0x0000000011040000]
 total_blobs=1574 nmethods=1306 adapters=182
 compilation: enabled

Compilation events (10 events):
Event: 9.003 Thread 0x00000000155e3000 nmethod 1307 0x000000000255bf50 code [0x000000000255c0a0, 0x000000000255c1b0]
Event: 9.003 Thread 0x00000000155e3000 1308       1       sun.util.calendar.CalendarDate::getSeconds (5 bytes)
Event: 9.003 Thread 0x00000000155e3000 nmethod 1308 0x000000000255c210 code [0x000000000255c360, 0x000000000255c470]
Event: 9.003 Thread 0x00000000155e3000 1309       1       sun.util.calendar.CalendarDate::getMillis (5 bytes)
Event: 9.004 Thread 0x00000000155e3000 nmethod 1309 0x000000000255c4d0 code [0x000000000255c620, 0x000000000255c730]
Event: 9.004 Thread 0x00000000155e3000 1310       3       sun.util.calendar.Gregorian$Date::getNormalizedYear (5 bytes)
Event: 9.004 Thread 0x00000000155e3000 nmethod 1310 0x000000000255c790 code [0x000000000255c8e0, 0x000000000255cad0]
Event: 9.004 Thread 0x00000000155e3000 1311       3       sun.util.calendar.BaseCalendar::isLeapYear (5 bytes)
Event: 9.004 Thread 0x00000000155e3000 nmethod 1311 0x000000000255cb50 code [0x000000000255ccc0, 0x000000000255cfb0]
Event: 9.007 Thread 0x00000000155e3000 1312       3       com.android.dx.dex.cf.AttributeTranslator::getAnnotations0 (62 bytes)

GC Heap History (4 events):
Event: 6.641 GC heap before
{Heap before GC invocations=1 (full 0):
 PSYoungGen      total 17920K, used 15360K [0x00000000eab00000, 0x00000000ebf00000, 0x0000000100000000)
  eden space 15360K, 100% used [0x00000000eab00000,0x00000000eba00000,0x00000000eba00000)
  from space 2560K, 0% used [0x00000000ebc80000,0x00000000ebc80000,0x00000000ebf00000)
  to   space 2560K, 0% used [0x00000000eba00000,0x00000000eba00000,0x00000000ebc80000)
 ParOldGen       total 40960K, used 0K [0x00000000c0000000, 0x00000000c2800000, 0x00000000eab00000)
  object space 40960K, 0% used [0x00000000c0000000,0x00000000c0000000,0x00000000c2800000)
 Metaspace       used 5592K, capacity 6514K, committed 6784K, reserved 1056768K
  class space    used 596K, capacity 618K, committed 640K, reserved 1048576K
Event: 6.652 GC heap after
Heap after GC invocations=1 (full 0):
 PSYoungGen      total 17920K, used 2554K [0x00000000eab00000, 0x00000000ebf00000, 0x0000000100000000)
  eden space 15360K, 0% used [0x00000000eab00000,0x00000000eab00000,0x00000000eba00000)
  from space 2560K, 99% used [0x00000000eba00000,0x00000000ebc7eab8,0x00000000ebc80000)
  to   space 2560K, 0% used [0x00000000ebc80000,0x00000000ebc80000,0x00000000ebf00000)
 ParOldGen       total 40960K, used 1021K [0x00000000c0000000, 0x00000000c2800000, 0x00000000eab00000)
  object space 40960K, 2% used [0x00000000c0000000,0x00000000c00ff580,0x00000000c2800000)
 Metaspace       used 5592K, capacity 6514K, committed 6784K, reserved 1056768K
  class space    used 596K, capacity 618K, committed 640K, reserved 1048576K
}
Event: 8.052 GC heap before
{Heap before GC invocations=2 (full 0):
 PSYoungGen      total 17920K, used 17914K [0x00000000eab00000, 0x00000000ebf00000, 0x0000000100000000)
  eden space 15360K, 100% used [0x00000000eab00000,0x00000000eba00000,0x00000000eba00000)
  from space 2560K, 99% used [0x00000000eba00000,0x00000000ebc7eab8,0x00000000ebc80000)
  to   space 2560K, 0% used [0x00000000ebc80000,0x00000000ebc80000,0x00000000ebf00000)
 ParOldGen       total 40960K, used 1021K [0x00000000c0000000, 0x00000000c2800000, 0x00000000eab00000)
  object space 40960K, 2% used [0x00000000c0000000,0x00000000c00ff580,0x00000000c2800000)
 Metaspace       used 5997K, capacity 6900K, committed 7040K, reserved 1056768K
  class space    used 600K, capacity 620K, committed 640K, reserved 1048576K
Event: 8.269 GC heap after
Heap after GC invocations=2 (full 0):
 PSYoungGen      total 17920K, used 2544K [0x00000000eab00000, 0x00000000ece00000, 0x0000000100000000)
  eden space 15360K, 0% used [0x00000000eab00000,0x00000000eab00000,0x00000000eba00000)
  from space 2560K, 99% used [0x00000000ebc80000,0x00000000ebefc028,0x00000000ebf00000)
  to   space 2560K, 0% used [0x00000000eba00000,0x00000000eba00000,0x00000000ebc80000)
 ParOldGen       total 40960K, used 2728K [0x00000000c0000000, 0x00000000c2800000, 0x00000000eab00000)
  object space 40960K, 6% used [0x00000000c0000000,0x00000000c02aa0f0,0x00000000c2800000)
 Metaspace       used 5997K, capacity 6900K, committed 7040K, reserved 1056768K
  class space    used 600K, capacity 620K, committed 640K, reserved 1048576K
}

Deoptimization events (10 events):
Event: 7.250 Thread 0x000000001582b000 Uncommon trap: reason=bimorphic action=maybe_recompile pc=0x00000000022b4c58 method=java.util.HashMap.getNode(ILjava/lang/Object;)Ljava/util/HashMap$Node; @ 126
Event: 7.250 Thread 0x000000001582b000 Uncommon trap: reason=bimorphic action=maybe_recompile pc=0x00000000022b4c58 method=java.util.HashMap.getNode(ILjava/lang/Object;)Ljava/util/HashMap$Node; @ 126
Event: 7.251 Thread 0x000000001582b000 Uncommon trap: reason=bimorphic action=maybe_recompile pc=0x00000000022b4c58 method=java.util.HashMap.getNode(ILjava/lang/Object;)Ljava/util/HashMap$Node; @ 126
Event: 7.251 Thread 0x000000001582b000 Uncommon trap: reason=bimorphic action=maybe_recompile pc=0x000000000241ded0 method=java.util.HashMap.getNode(ILjava/lang/Object;)Ljava/util/HashMap$Node; @ 126
Event: 7.525 Thread 0x0000000015820000 Uncommon trap: reason=class_check action=maybe_recompile pc=0x0000000002301540 method=com.android.dx.ssa.NormalSsaInsn.accept(Lcom/android/dx/ssa/SsaInsn$Visitor;)V @ 9
Event: 7.525 Thread 0x0000000015820000 Uncommon trap: reason=class_check action=maybe_recompile pc=0x0000000002301540 method=com.android.dx.ssa.NormalSsaInsn.accept(Lcom/android/dx/ssa/SsaInsn$Visitor;)V @ 9
Event: 7.525 Thread 0x0000000015820000 Uncommon trap: reason=class_check action=maybe_recompile pc=0x0000000002301540 method=com.android.dx.ssa.NormalSsaInsn.accept(Lcom/android/dx/ssa/SsaInsn$Visitor;)V @ 9
Event: 7.604 Thread 0x0000000015820000 Uncommon trap: reason=class_check action=maybe_recompile pc=0x0000000002301540 method=com.android.dx.ssa.NormalSsaInsn.accept(Lcom/android/dx/ssa/SsaInsn$Visitor;)V @ 9
Event: 7.811 Thread 0x0000000015820000 Uncommon trap: reason=unstable_if action=reinterpret pc=0x0000000002430fbc method=com.android.dx.util.IntList.binarysearch(I)I @ 105
Event: 8.287 Thread 0x00000000157f0800 Uncommon trap: reason=unstable_if action=reinterpret pc=0x0000000002421b94 method=com.android.dx.rop.code.RegisterSpecSet.put(Lcom/android/dx/rop/code/RegisterSpec;)V @ 77

Internal exceptions (2 events):
Event: 1.231 Thread 0x0000000001f41000 Exception <a 'java/lang/NoSuchMethodError': Method sun.misc.Unsafe.defineClass(Ljava/lang/String;[BII)Ljava/lang/Class; name or signature does not match> (0x00000000eab07cc0) thrown at [C:\re\workspace\8-2-build-windows-amd64-cygwin\jdk8u101\7261\hotspot\sx -±ü≤Û?
Event: 1.231 Thread 0x0000000001f41000 Exception <a 'java/lang/NoSuchMethodError': Method sun.misc.Unsafe.prefetchRead(Ljava/lang/Object;J)V name or signature does not match> (0x00000000eab07fa8) thrown at [C:\re\workspace\8-2-build-windows-amd64-cygwin\jdk8u101\7261\hotspot\src\share\vm\prims\

Events (10 events):
Event: 7.811 Thread 0x0000000015820000 DEOPT UNPACKING pc=0x000000000208582a sp=0x00000000160de9d8 mode 2
Event: 7.852 Executing VM operation: ParallelGCFailedAllocation
Event: 8.269 Executing VM operation: ParallelGCFailedAllocation done
Event: 8.287 Thread 0x00000000157f0800 Uncommon trap: trap_request=0xffffff65 fr.pc=0x0000000002421b94
Event: 8.287 Thread 0x00000000157f0800 DEOPT PACKING pc=0x0000000002421b94 sp=0x0000000015ddeb10
Event: 8.287 Thread 0x00000000157f0800 DEOPT UNPACKING pc=0x000000000208582a sp=0x0000000015ddea30 mode 2
Event: 8.898 loading class com/android/dx/cf/attrib/AttDeprecated
Event: 8.898 loading class com/android/dx/cf/attrib/AttDeprecated done
Event: 8.980 loading class com/android/dx/cf/attrib/AttEnclosingMethod
Event: 8.980 loading class com/android/dx/cf/attrib/AttEnclosingMethod done


Dynamic libraries:
0x00007ff64a9e0000 - 0x00007ff64aa17000 	C:\Program Files\Java\jdk1.8.0_101\bin\java.exe
0x00007ffa5edc0000 - 0x00007ffa5ef81000 	C:\Windows\SYSTEM32\ntdll.dll
0x00007ffa5d180000 - 0x00007ffa5d22d000 	C:\Windows\system32\KERNEL32.DLL
0x00007ffa5bf20000 - 0x00007ffa5c0fd000 	C:\Windows\system32\KERNELBASE.dll
0x00007ffa5d5a0000 - 0x00007ffa5d646000 	C:\Windows\system32\ADVAPI32.dll
0x00007ffa5cb80000 - 0x00007ffa5cc1d000 	C:\Windows\system32\msvcrt.dll
0x00007ffa5d0c0000 - 0x00007ffa5d11b000 	C:\Windows\system32\sechost.dll
0x00007ffa5c490000 - 0x00007ffa5c5b6000 	C:\Windows\system32\RPCRT4.dll
0x00007ffa5d380000 - 0x00007ffa5d4ce000 	C:\Windows\system32\USER32.dll
0x00007ffa5d650000 - 0x00007ffa5d7d6000 	C:\Windows\system32\GDI32.dll
0x00007ffa50260000 - 0x00007ffa504d4000 	C:\Windows\WinSxS\amd64_microsoft.windows.common-controls_6595b64144ccf1df_6.0.10240.16384_none_f41f7b285750ef43\COMCTL32.dll
0x00007ffa5c5c0000 - 0x00007ffa5c5f6000 	C:\Windows\system32\IMM32.DLL
0x00007ffa5cd90000 - 0x00007ffa5ceec000 	C:\Windows\system32\MSCTF.dll
0x00000000587e0000 - 0x00000000588b2000 	C:\Program Files\Java\jdk1.8.0_101\jre\bin\msvcr100.dll
0x00000000570a0000 - 0x000000005793a000 	C:\Program Files\Java\jdk1.8.0_101\jre\bin\server\jvm.dll
0x00007ffa5cc20000 - 0x00007ffa5cc28000 	C:\Windows\system32\PSAPI.DLL
0x00007ffa57bd0000 - 0x00007ffa57bd9000 	C:\Windows\SYSTEM32\WSOCK32.dll
0x00007ffa5d4d0000 - 0x00007ffa5d539000 	C:\Windows\system32\WS2_32.dll
0x00007ffa5d230000 - 0x00007ffa5d238000 	C:\Windows\system32\NSI.dll
0x00007ffa59e70000 - 0x00007ffa59e93000 	C:\Windows\SYSTEM32\WINMM.dll
0x00007ffa59000000 - 0x00007ffa5900a000 	C:\Windows\SYSTEM32\VERSION.dll
0x00007ffa59e10000 - 0x00007ffa59e3c000 	C:\Windows\SYSTEM32\WINMMBASE.dll
0x00007ffa5c390000 - 0x00007ffa5c3d4000 	C:\Windows\system32\cfgmgr32.dll
0x00007ffa5a180000 - 0x00007ffa5a1a7000 	C:\Windows\SYSTEM32\DEVOBJ.dll
0x00000000587d0000 - 0x00000000587df000 	C:\Program Files\Java\jdk1.8.0_101\jre\bin\verify.dll
0x00000000587a0000 - 0x00000000587c9000 	C:\Program Files\Java\jdk1.8.0_101\jre\bin\java.dll
0x0000000058780000 - 0x0000000058796000 	C:\Program Files\Java\jdk1.8.0_101\jre\bin\zip.dll
0x00007ffa5d890000 - 0x00007ffa5edb2000 	C:\Windows\system32\SHELL32.dll
0x00007ffa5b8f0000 - 0x00007ffa5bf19000 	C:\Windows\system32\windows.storage.dll
0x00007ffa5c670000 - 0x00007ffa5c8ec000 	C:\Windows\system32\combase.dll
0x00007ffa5d320000 - 0x00007ffa5d371000 	C:\Windows\system32\shlwapi.dll
0x00007ffa5b880000 - 0x00007ffa5b88f000 	C:\Windows\system32\kernel.appcore.dll
0x00007ffa5c2d0000 - 0x00007ffa5c383000 	C:\Windows\system32\shcore.dll
0x00007ffa5b7f0000 - 0x00007ffa5b83a000 	C:\Windows\system32\powrprof.dll
0x00007ffa5b860000 - 0x00007ffa5b873000 	C:\Windows\system32\profapi.dll

VM Arguments:
jvm_args: -Djava.awt.headless=true -Xmx1024M -Dfile.encoding=x-windows-874 -Duser.country=US -Duser.language=en -Duser.variant 
java_command: com.android.dx.command.Main --dex --force-jumbo --num-threads=4 --output C:\Users\komkrid\Desktop\PGP\app\build\intermediates\pre-dexed\debug\com.google.android.gms-play-services-wearable-8.4.0_9895e0e991a46cf07bcce95becbb15cdea3d0070.jar C:\Users\komkrid\Desktop\PGP\app\build\intermediates\exploded-aar\com.google.android.gms\play-services-wearable\8.4.0\jars\classes.jar
java_class_path (initial): C:\Users\komkrid\AppData\Local\Android\sdk\build-tools\24.0.0\lib\dx.jar
Launcher Type: SUN_STANDARD

Environment Variables:
JAVA_HOME=C:\Program Files\Java\jdk1.8.0_101
PATH=C:\ProgramData\Oracle\Java\javapath;C:\Windows\system32;C:\Windows;C:\Windows\System32\Wbem;C:\Windows\System32\WindowsPowerShell\v1.0\;C:\Program Files (x86)\AMD\ATI.ACE\Core-Static;C:\Program Files (x86)\Common Files\Tom Sawyer Software\8.0.0;C:\Program Files\Git\cmd;C:\ProgramData\Oracle\Java\javapath;C:\Windows\system32;C:\Windows;C:\Windows\System32\Wbem;C:\Windows\System32\WindowsPowerShell\v1.0\;C:\Program Files (x86)\AMD\ATI.ACE\Core-Static;C:\Program Files (x86)\Common Files\Tom Sawyer Software\8.0.0;C:\Program Files\Git\cmd;C:\Program Files\Java\jdk1.8.0_101\bin;C:\Users\komkrid\AppData\Local\Android\sdk\platform-tools;C:\Users\komkrid\AppData\Local\Android\sdk\tools;C:\android-adb\
USERNAME=komkrid
OS=Windows_NT
PROCESSOR_IDENTIFIER=AMD64 Family 16 Model 6 Stepping 3, AuthenticAMD



---------------  S Y S T E M  ---------------

OS: Windows 10.0 , 64 bit Build 10240 (10.0.10240.16384)

CPU:total 2 (2 cores per cpu, 1 threads per core) family 16 model 6 stepping 3, cmov, cx8, fxsr, mmx, sse, sse2, sse3, popcnt, mmxext, 3dnowpref, lzcnt, tsc, tscinvbit, tscinv

Memory: 4k page, physical 3930412k(145016k free), swap 7002412k(4540k free)

vm_info: Java HotSpot(TM) 64-Bit Server VM (25.101-b13) for windows-amd64 JRE (1.8.0_101-b13), built on Jun 22 2016 01:21:29 by "java_re" with MS VC++ 10.0 (VS2010)

time: Sun Dec 18 14:25:21 2016
elapsed time: 9 seconds (0d 0h 0m 9s)

