#
# There is insufficient memory for the Java Runtime Environment to continue.
# Native memory allocation (malloc) failed to allocate 1050416 bytes for Chunk::new
# Possible reasons:
#   The system is out of physical RAM or swap space
#   In 32 bit mode, the process size limit was hit
# Possible solutions:
#   Reduce memory load on the system
#   Increase physical memory or swap space
#   Check if swap backing store is full
#   Use 64 bit Java on a 64 bit OS
#   Decrease Java heap size (-Xmx/-Xms)
#   Decrease number of Java threads
#   Decrease Java thread stack sizes (-Xss)
#   Set larger code cache with -XX:ReservedCodeCacheSize=
# This output file may be truncated or incomplete.
#
#  Out of Memory Error (allocation.cpp:390), pid=6528, tid=0x0000000000001c3c
#
# JRE version: Java(TM) SE Runtime Environment (8.0_101-b13) (build 1.8.0_101-b13)
# Java VM: Java HotSpot(TM) 64-Bit Server VM (25.101-b13 mixed mode windows-amd64 compressed oops)
# Failed to write core dump. Minidumps are not enabled by default on client versions of Windows
#

---------------  T H R E A D  ---------------

Current thread (0x0000000014911000):  JavaThread "C2 CompilerThread0" daemon [_thread_in_native, id=7228, stack(0x0000000015920000,0x0000000015a20000)]

Stack: [0x0000000015920000,0x0000000015a20000]
[error occurred during error reporting (printing stack bounds), id 0xc0000005]

Native frames: (J=compiled Java code, j=interpreted, Vv=VM code, C=native code)


Current CompileTask:
C2:   7142 1692   !   4       com.android.dx.cf.cst.ConstantPoolParser::parse0 (731 bytes)


---------------  P R O C E S S  ---------------

Java Threads: ( => current thread )
  0x0000000015c64800 JavaThread "pool-2-thread-4" [_thread_blocked, id=5524, stack(0x0000000016520000,0x0000000016620000)]
  0x0000000015c4c800 JavaThread "pool-2-thread-3" [_thread_blocked, id=7572, stack(0x0000000016420000,0x0000000016520000)]
  0x0000000015c49800 JavaThread "pool-2-thread-2" [_thread_blocked, id=3844, stack(0x0000000016320000,0x0000000016420000)]
  0x0000000015c49000 JavaThread "pool-3-thread-1" [_thread_blocked, id=7928, stack(0x0000000016220000,0x0000000016320000)]
  0x0000000015c48000 JavaThread "pool-2-thread-1" [_thread_blocked, id=7300, stack(0x0000000016120000,0x0000000016220000)]
  0x0000000015a27800 JavaThread "Service Thread" daemon [_thread_blocked, id=5504, stack(0x0000000015f20000,0x0000000016020000)]
  0x0000000015a23000 JavaThread "C1 CompilerThread1" daemon [_thread_blocked, id=7464, stack(0x0000000015e20000,0x0000000015f20000)]
=>0x0000000014911000 JavaThread "C2 CompilerThread0" daemon [_thread_in_native, id=7228, stack(0x0000000015920000,0x0000000015a20000)]
  0x000000001490f800 JavaThread "Attach Listener" daemon [_thread_blocked, id=7596, stack(0x0000000015820000,0x0000000015920000)]
  0x000000001495e800 JavaThread "Signal Dispatcher" daemon [_thread_blocked, id=7640, stack(0x0000000015720000,0x0000000015820000)]
  0x00000000148f8800 JavaThread "Finalizer" daemon [_thread_blocked, id=7112, stack(0x0000000015540000,0x0000000015640000)]
  0x000000000246c800 JavaThread "Reference Handler" daemon [_thread_blocked, id=2332, stack(0x0000000015440000,0x0000000015540000)]
  0x0000000002381000 JavaThread "main" [_thread_blocked, id=2120, stack(0x0000000002220000,0x0000000002320000)]

Other Threads:
  0x00000000148d5800 VMThread [stack: 0x0000000015340000,0x0000000015440000] [id=3680]
  0x0000000015a5e800 WatcherThread [stack: 0x0000000016020000,0x0000000016120000] [id=4456]

VM state:at safepoint (normal execution)

VM Mutex/Monitor currently owned by a thread:  ([mutex/lock_event])
[0x000000000233cea0] Threads_lock - owner thread: 0x00000000148d5800
[0x000000000233c8a0] Heap_lock - owner thread: 0x0000000002381000

Heap:
 PSYoungGen      total 64000K, used 63988K [0x00000000eab00000, 0x00000000eec00000, 0x0000000100000000)
  eden space 61440K, 100% used [0x00000000eab00000,0x00000000ee700000,0x00000000ee700000)
  from space 2560K, 99% used [0x00000000ee980000,0x00000000eebfd250,0x00000000eec00000)
  to   space 2560K, 1% used [0x00000000ee700000,0x00000000ee708000,0x00000000ee980000)
 ParOldGen       total 40960K, used 11212K [0x00000000c0000000, 0x00000000c2800000, 0x00000000eab00000)
  object space 40960K, 27% used [0x00000000c0000000,0x00000000c0af3000,0x00000000c2800000)
 Metaspace       used 6430K, capacity 7158K, committed 7296K, reserved 1056768K
  class space    used 602K, capacity 622K, committed 640K, reserved 1048576K

Card table byte_map: [0x0000000011840000,0x0000000011a50000] byte_map_base: 0x0000000011240000

Marking Bits: (ParMarkBitMap*) 0x000000005f24a6d0
 Begin Bits: [0x0000000011db0000, 0x0000000012db0000)
 End Bits:   [0x0000000012db0000, 0x0000000013db0000)

Polling page: 0x0000000000680000

CodeCache: size=245760Kb used=7409Kb max_used=7409Kb free=238350Kb
 bounds [0x0000000002480000, 0x0000000002bd0000, 0x0000000011480000]
 total_blobs=2050 nmethods=1781 adapters=182
 compilation: enabled

Compilation events (10 events):
Event: 7.072 Thread 0x0000000015a23000 nmethod 1787 0x0000000002bb5110 code [0x0000000002bb5360, 0x0000000002bb60b8]
Event: 7.077 Thread 0x0000000015a23000 1789       2       java.util.concurrent.locks.ReentrantLock$NonfairSync::tryAcquire (6 bytes)
Event: 7.077 Thread 0x0000000015a23000 nmethod 1789 0x0000000002bb7490 code [0x0000000002bb7600, 0x0000000002bb7768]
Event: 7.077 Thread 0x0000000015a23000 1790       2       java.util.concurrent.locks.ReentrantLock$Sync::nonfairTryAcquire (67 bytes)
Event: 7.078 Thread 0x0000000015a23000 nmethod 1790 0x0000000002bb7810 code [0x0000000002bb7980, 0x0000000002bb7c08]
Event: 7.078 Thread 0x0000000015a23000 1791       1       com.android.dx.command.dexer.Main::access$1300 (4 bytes)
Event: 7.078 Thread 0x0000000015a23000 nmethod 1791 0x0000000002bb7d10 code [0x0000000002bb7e60, 0x0000000002bb7f50]
Event: 7.086 Thread 0x0000000015a23000 1792       2       java.util.concurrent.locks.AbstractQueuedSynchronizer::addWaiter (50 bytes)
Event: 7.086 Thread 0x0000000015a23000 nmethod 1792 0x0000000002bb7fd0 code [0x0000000002bb8140, 0x0000000002bb83e8]
Event: 7.092 Thread 0x0000000015a23000 1794       2       com.android.dx.cf.direct.StdAttributeFactory::innerClasses (383 bytes)

GC Heap History (8 events):
Event: 1.401 GC heap before
{Heap before GC invocations=1 (full 0):
 PSYoungGen      total 17920K, used 15360K [0x00000000eab00000, 0x00000000ebf00000, 0x0000000100000000)
  eden space 15360K, 100% used [0x00000000eab00000,0x00000000eba00000,0x00000000eba00000)
  from space 2560K, 0% used [0x00000000ebc80000,0x00000000ebc80000,0x00000000ebf00000)
  to   space 2560K, 0% used [0x00000000eba00000,0x00000000eba00000,0x00000000ebc80000)
 ParOldGen       total 40960K, used 0K [0x00000000c0000000, 0x00000000c2800000, 0x00000000eab00000)
  object space 40960K, 0% used [0x00000000c0000000,0x00000000c0000000,0x00000000c2800000)
 Metaspace       used 5076K, capacity 6032K, committed 6272K, reserved 1056768K
  class space    used 554K, capacity 584K, committed 640K, reserved 1048576K
Event: 1.417 GC heap after
Heap after GC invocations=1 (full 0):
 PSYoungGen      total 17920K, used 2545K [0x00000000eab00000, 0x00000000ece00000, 0x0000000100000000)
  eden space 15360K, 0% used [0x00000000eab00000,0x00000000eab00000,0x00000000eba00000)
  from space 2560K, 99% used [0x00000000eba00000,0x00000000ebc7c7c0,0x00000000ebc80000)
  to   space 2560K, 0% used [0x00000000ecb80000,0x00000000ecb80000,0x00000000ece00000)
 ParOldGen       total 40960K, used 42K [0x00000000c0000000, 0x00000000c2800000, 0x00000000eab00000)
  object space 40960K, 0% used [0x00000000c0000000,0x00000000c000abc8,0x00000000c2800000)
 Metaspace       used 5076K, capacity 6032K, committed 6272K, reserved 1056768K
  class space    used 554K, capacity 584K, committed 640K, reserved 1048576K
}
Event: 2.933 GC heap before
{Heap before GC invocations=2 (full 0):
 PSYoungGen      total 17920K, used 17905K [0x00000000eab00000, 0x00000000ece00000, 0x0000000100000000)
  eden space 15360K, 100% used [0x00000000eab00000,0x00000000eba00000,0x00000000eba00000)
  from space 2560K, 99% used [0x00000000eba00000,0x00000000ebc7c7c0,0x00000000ebc80000)
  to   space 2560K, 0% used [0x00000000ecb80000,0x00000000ecb80000,0x00000000ece00000)
 ParOldGen       total 40960K, used 42K [0x00000000c0000000, 0x00000000c2800000, 0x00000000eab00000)
  object space 40960K, 0% used [0x00000000c0000000,0x00000000c000abc8,0x00000000c2800000)
 Metaspace       used 6083K, capacity 6966K, committed 7040K, reserved 1056768K
  class space    used 601K, capacity 622K, committed 640K, reserved 1048576K
Event: 2.949 GC heap after
Heap after GC invocations=2 (full 0):
 PSYoungGen      total 33280K, used 2551K [0x00000000eab00000, 0x00000000ece00000, 0x0000000100000000)
  eden space 30720K, 0% used [0x00000000eab00000,0x00000000eab00000,0x00000000ec900000)
  from space 2560K, 99% used [0x00000000ecb80000,0x00000000ecdfdc78,0x00000000ece00000)
  to   space 2560K, 0% used [0x00000000ec900000,0x00000000ec900000,0x00000000ecb80000)
 ParOldGen       total 40960K, used 1787K [0x00000000c0000000, 0x00000000c2800000, 0x00000000eab00000)
  object space 40960K, 4% used [0x00000000c0000000,0x00000000c01beec0,0x00000000c2800000)
 Metaspace       used 6083K, capacity 6966K, committed 7040K, reserved 1056768K
  class space    used 601K, capacity 622K, committed 640K, reserved 1048576K
}
Event: 4.238 GC heap before
{Heap before GC invocations=3 (full 0):
 PSYoungGen      total 33280K, used 33256K [0x00000000eab00000, 0x00000000ece00000, 0x0000000100000000)
  eden space 30720K, 99% used [0x00000000eab00000,0x00000000ec8fc6c0,0x00000000ec900000)
  from space 2560K, 99% used [0x00000000ecb80000,0x00000000ecdfdc78,0x00000000ece00000)
  to   space 2560K, 0% used [0x00000000ec900000,0x00000000ec900000,0x00000000ecb80000)
 ParOldGen       total 40960K, used 1787K [0x00000000c0000000, 0x00000000c2800000, 0x00000000eab00000)
  object space 40960K, 4% used [0x00000000c0000000,0x00000000c01beec0,0x00000000c2800000)
 Metaspace       used 6295K, capacity 7094K, committed 7296K, reserved 1056768K
  class space    used 601K, capacity 622K, committed 640K, reserved 1048576K
Event: 4.263 GC heap after
Heap after GC invocations=3 (full 0):
 PSYoungGen      total 33280K, used 2528K [0x00000000eab00000, 0x00000000eec00000, 0x0000000100000000)
  eden space 30720K, 0% used [0x00000000eab00000,0x00000000eab00000,0x00000000ec900000)
  from space 2560K, 98% used [0x00000000ec900000,0x00000000ecb78028,0x00000000ecb80000)
  to   space 2560K, 0% used [0x00000000ee980000,0x00000000ee980000,0x00000000eec00000)
 ParOldGen       total 40960K, used 6793K [0x00000000c0000000, 0x00000000c2800000, 0x00000000eab00000)
  object space 40960K, 16% used [0x00000000c0000000,0x00000000c06a24d0,0x00000000c2800000)
 Metaspace       used 6295K, capacity 7094K, committed 7296K, reserved 1056768K
  class space    used 601K, capacity 622K, committed 640K, reserved 1048576K
}
Event: 5.789 GC heap before
{Heap before GC invocations=4 (full 0):
 PSYoungGen      total 33280K, used 33248K [0x00000000eab00000, 0x00000000eec00000, 0x0000000100000000)
  eden space 30720K, 100% used [0x00000000eab00000,0x00000000ec900000,0x00000000ec900000)
  from space 2560K, 98% used [0x00000000ec900000,0x00000000ecb78028,0x00000000ecb80000)
  to   space 2560K, 0% used [0x00000000ee980000,0x00000000ee980000,0x00000000eec00000)
 ParOldGen       total 40960K, used 6793K [0x00000000c0000000, 0x00000000c2800000, 0x00000000eab00000)
  object space 40960K, 16% used [0x00000000c0000000,0x00000000c06a24d0,0x00000000c2800000)
 Metaspace       used 6318K, capacity 7094K, committed 7296K, reserved 1056768K
  class space    used 601K, capacity 622K, committed 640K, reserved 1048576K
Event: 5.830 GC heap after
Heap after GC invocations=4 (full 0):
 PSYoungGen      total 64000K, used 2548K [0x00000000eab00000, 0x00000000eec00000, 0x0000000100000000)
  eden space 61440K, 0% used [0x00000000eab00000,0x00000000eab00000,0x00000000ee700000)
  from space 2560K, 99% used [0x00000000ee980000,0x00000000eebfd250,0x00000000eec00000)
  to   space 2560K, 0% used [0x00000000ee700000,0x00000000ee700000,0x00000000ee980000)
 ParOldGen       total 40960K, used 11212K [0x00000000c0000000, 0x00000000c2800000, 0x00000000eab00000)
  object space 40960K, 27% used [0x00000000c0000000,0x00000000c0af3000,0x00000000c2800000)
 Metaspace       used 6318K, capacity 7094K, committed 7296K, reserved 1056768K
  class space    used 601K, capacity 622K, committed 640K, reserved 1048576K
}

Deoptimization events (10 events):
Event: 3.063 Thread 0x0000000015c4c800 Uncommon trap: reason=unstable_if action=reinterpret pc=0x000000000290353c method=com.android.dx.util.IntList.binarysearch(I)I @ 105
Event: 4.513 Thread 0x0000000015c64800 Uncommon trap: reason=unstable_if action=reinterpret pc=0x0000000002ad0e28 method=com.android.dx.ssa.SCCP.simulateBranch(Lcom/android/dx/ssa/SsaInsn;)V @ 64
Event: 4.518 Thread 0x0000000015c64800 Uncommon trap: reason=unstable_if action=reinterpret pc=0x000000000290811c method=com.android.dx.ssa.SsaMethod.updateOneDefinition(Lcom/android/dx/ssa/SsaInsn;Lcom/android/dx/rop/code/RegisterSpec;)V @ 4
Event: 4.671 Thread 0x0000000002381000 Uncommon trap: reason=bimorphic action=maybe_recompile pc=0x00000000026d018c method=java.util.HashMap.getNode(ILjava/lang/Object;)Ljava/util/HashMap$Node; @ 126
Event: 5.263 Thread 0x0000000002381000 Uncommon trap: reason=unstable_if action=reinterpret pc=0x0000000002b284ac method=com.android.dx.util.MutabilityControl.isImmutable()Z @ 4
Event: 5.378 Thread 0x0000000015c48000 Uncommon trap: reason=bimorphic action=maybe_recompile pc=0x0000000002b1b2d8 method=com.android.dx.ssa.SCCP.setLatticeValueTo(IILcom/android/dx/rop/cst/Constant;)Z @ 43
Event: 5.378 Thread 0x0000000015c48000 Uncommon trap: reason=bimorphic action=maybe_recompile pc=0x0000000002b1b2d8 method=com.android.dx.ssa.SCCP.setLatticeValueTo(IILcom/android/dx/rop/cst/Constant;)Z @ 43
Event: 5.378 Thread 0x0000000015c48000 Uncommon trap: reason=bimorphic action=maybe_recompile pc=0x0000000002b1b2d8 method=com.android.dx.ssa.SCCP.setLatticeValueTo(IILcom/android/dx/rop/cst/Constant;)Z @ 43
Event: 5.378 Thread 0x0000000015c48000 Uncommon trap: reason=bimorphic action=maybe_recompile pc=0x0000000002b1b2d8 method=com.android.dx.ssa.SCCP.setLatticeValueTo(IILcom/android/dx/rop/cst/Constant;)Z @ 43
Event: 6.917 Thread 0x0000000015c4c800 Uncommon trap: reason=unstable_if action=reinterpret pc=0x0000000002b0cb9c method=com.android.dx.cf.code.ByteCatchList.listFor(I)Lcom/android/dx/cf/code/ByteCatchList; @ 47

Internal exceptions (2 events):
Event: 0.173 Thread 0x0000000002381000 Exception <a 'java/lang/NoSuchMethodError': Method sun.misc.Unsafe.defineClass(Ljava/lang/String;[BII)Ljava/lang/Class; name or signature does not match> (0x00000000eab07cc0) thrown at [C:\re\workspace\8-2-build-windows-amd64-cygwin\jdk8u101\7261\hotspot\s*€˜‹.Æ?
Event: 0.173 Thread 0x0000000002381000 Exception <a 'java/lang/NoSuchMethodError': Method sun.misc.Unsafe.prefetchRead(Ljava/lang/Object;J)V name or signature does not match> (0x00000000eab07fa8) thrown at [C:\re\workspace\8-2-build-windows-amd64-cygwin\jdk8u101\7261\hotspot\src\share\vm\prims\

Events (10 events):
Event: 5.378 Thread 0x0000000015c48000 DEOPT UNPACKING pc=0x00000000024c582a sp=0x000000001621ea08 mode 2
Event: 5.754 Executing VM operation: ParallelGCFailedAllocation
Event: 5.830 Executing VM operation: ParallelGCFailedAllocation done
Event: 6.113 Thread 0x0000000015c48000 DEOPT PACKING pc=0x0000000002af1792 sp=0x000000001621e940
Event: 6.113 Thread 0x0000000015c48000 DEOPT UNPACKING pc=0x00000000024c747f sp=0x000000001621e700 mode 0
Event: 6.384 loading class com/android/dx/cf/attrib/AttRuntimeInvisibleAnnotations
Event: 6.384 loading class com/android/dx/cf/attrib/AttRuntimeInvisibleAnnotations done
Event: 6.917 Thread 0x0000000015c4c800 Uncommon trap: trap_request=0xffffff65 fr.pc=0x0000000002b0cb9c
Event: 6.917 Thread 0x0000000015c4c800 DEOPT PACKING pc=0x0000000002b0cb9c sp=0x000000001651e950
Event: 6.917 Thread 0x0000000015c4c800 DEOPT UNPACKING pc=0x00000000024c582a sp=0x000000001651e770 mode 2


Dynamic libraries:
0x00007ff6fe810000 - 0x00007ff6fe847000 	C:\Program Files\Java\jdk1.8.0_101\bin\java.exe
0x00007ffb855e0000 - 0x00007ffb857a1000 	C:\Windows\SYSTEM32\ntdll.dll
0x00007ffb83770000 - 0x00007ffb8381d000 	C:\Windows\system32\KERNEL32.DLL
0x00007ffb822e0000 - 0x00007ffb824bd000 	C:\Windows\system32\KERNELBASE.dll
0x00007ffb82fb0000 - 0x00007ffb83056000 	C:\Windows\system32\ADVAPI32.dll
0x00007ffb82cc0000 - 0x00007ffb82d5d000 	C:\Windows\system32\msvcrt.dll
0x00007ffb83aa0000 - 0x00007ffb83afb000 	C:\Windows\system32\sechost.dll
0x00007ffb832b0000 - 0x00007ffb833d6000 	C:\Windows\system32\RPCRT4.dll
0x00007ffb83dd0000 - 0x00007ffb83f1e000 	C:\Windows\system32\USER32.dll
0x00007ffb83120000 - 0x00007ffb832a6000 	C:\Windows\system32\GDI32.dll
0x00007ffb77a90000 - 0x00007ffb77d04000 	C:\Windows\WinSxS\amd64_microsoft.windows.common-controls_6595b64144ccf1df_6.0.10240.16384_none_f41f7b285750ef43\COMCTL32.dll
0x00007ffb83d90000 - 0x00007ffb83dc6000 	C:\Windows\system32\IMM32.DLL
0x00007ffb82d80000 - 0x00007ffb82edc000 	C:\Windows\system32\MSCTF.dll
0x000000005fab0000 - 0x000000005fb82000 	C:\Program Files\Java\jdk1.8.0_101\jre\bin\msvcr100.dll
0x000000005ea30000 - 0x000000005f2ca000 	C:\Program Files\Java\jdk1.8.0_101\jre\bin\server\jvm.dll
0x00007ffb833e0000 - 0x00007ffb833e8000 	C:\Windows\system32\PSAPI.DLL
0x00007ffb7f300000 - 0x00007ffb7f309000 	C:\Windows\SYSTEM32\WSOCK32.dll
0x00007ffb85570000 - 0x00007ffb855d9000 	C:\Windows\system32\WS2_32.dll
0x00007ffb82cb0000 - 0x00007ffb82cb8000 	C:\Windows\system32\NSI.dll
0x00007ffb80690000 - 0x00007ffb806b3000 	C:\Windows\SYSTEM32\WINMM.dll
0x00007ffb7efd0000 - 0x00007ffb7efda000 	C:\Windows\SYSTEM32\VERSION.dll
0x00007ffb80630000 - 0x00007ffb8065c000 	C:\Windows\SYSTEM32\WINMMBASE.dll
0x00007ffb824c0000 - 0x00007ffb82504000 	C:\Windows\system32\cfgmgr32.dll
0x00007ffb80980000 - 0x00007ffb809a7000 	C:\Windows\SYSTEM32\DEVOBJ.dll
0x000000005faa0000 - 0x000000005faaf000 	C:\Program Files\Java\jdk1.8.0_101\jre\bin\verify.dll
0x000000005fa70000 - 0x000000005fa99000 	C:\Program Files\Java\jdk1.8.0_101\jre\bin\java.dll
0x000000005fa50000 - 0x000000005fa66000 	C:\Program Files\Java\jdk1.8.0_101\jre\bin\zip.dll
0x00007ffb84040000 - 0x00007ffb85562000 	C:\Windows\system32\SHELL32.dll
0x00007ffb825c0000 - 0x00007ffb82be9000 	C:\Windows\system32\windows.storage.dll
0x00007ffb83820000 - 0x00007ffb83a9c000 	C:\Windows\system32\combase.dll
0x00007ffb83f20000 - 0x00007ffb83f71000 	C:\Windows\system32\shlwapi.dll
0x00007ffb82030000 - 0x00007ffb8203f000 	C:\Windows\system32\kernel.appcore.dll
0x00007ffb82bf0000 - 0x00007ffb82ca3000 	C:\Windows\system32\shcore.dll
0x00007ffb82040000 - 0x00007ffb8208a000 	C:\Windows\system32\powrprof.dll
0x00007ffb82090000 - 0x00007ffb820a3000 	C:\Windows\system32\profapi.dll

VM Arguments:
jvm_args: -Djava.awt.headless=true -Xmx1024M -Dfile.encoding=x-windows-874 -Duser.country=US -Duser.language=en -Duser.variant 
java_command: com.android.dx.command.Main --dex --force-jumbo --num-threads=4 --multi-dex --output C:\Users\komkrid\Desktop\PGP-master\app\build\intermediates\transforms\dex\debug\folders\1000\10\com.google.android.gms-play-services-drive-8.4.0_b0c16796fd0927b624693894182cec6d2f2f6d7f C:\Users\komkrid\Desktop\PGP-master\app\build\intermediates\exploded-aar\com.google.android.gms\play-services-drive\8.4.0\jars\classes.jar
java_class_path (initial): C:\Users\komkrid\AppData\Local\Android\sdk\build-tools\24.0.0\lib\dx.jar
Launcher Type: SUN_STANDARD

Environment Variables:
JAVA_HOME=C:\Program Files\Java\jdk1.8.0_101
PATH=C:\ProgramData\Oracle\Java\javapath;C:\Windows\system32;C:\Windows;C:\Windows\System32\Wbem;C:\Windows\System32\WindowsPowerShell\v1.0\;C:\Program Files (x86)\AMD\ATI.ACE\Core-Static;C:\Program Files (x86)\Common Files\Tom Sawyer Software\8.0.0;C:\Program Files\Git\cmd;C:\ProgramData\Oracle\Java\javapath;C:\Windows\system32;C:\Windows;C:\Windows\System32\Wbem;C:\Windows\System32\WindowsPowerShell\v1.0\;C:\Program Files (x86)\AMD\ATI.ACE\Core-Static;C:\Program Files (x86)\Common Files\Tom Sawyer Software\8.0.0;C:\Program Files\Git\cmd;C:\Program Files\Java\jdk1.8.0_101\bin;C:\Users\komkrid\AppData\Local\Android\sdk\platform-tools;C:\Users\komkrid\AppData\Local\Android\sdk\tools;C:\android-adb\
USERNAME=komkrid
OS=Windows_NT
PROCESSOR_IDENTIFIER=AMD64 Family 16 Model 6 Stepping 3, AuthenticAMD



---------------  S Y S T E M  ---------------

OS: Windows 10.0 , 64 bit Build 10240 (10.0.10240.16384)

CPU:total 2 (2 cores per cpu, 1 threads per core) family 16 model 6 stepping 3, cmov, cx8, fxsr, mmx, sse, sse2, sse3, popcnt, mmxext, 3dnowpref, lzcnt, tsc, tscinvbit, tscinv

Memory: 4k page, physical 3930412k(157372k free), swap 7002412k(4816k free)

vm_info: Java HotSpot(TM) 64-Bit Server VM (25.101-b13) for windows-amd64 JRE (1.8.0_101-b13), built on Jun 22 2016 01:21:29 by "java_re" with MS VC++ 10.0 (VS2010)

time: Thu Jan 26 17:46:11 2017
elapsed time: 7 seconds (0d 0h 0m 7s)

