#
# There is insufficient memory for the Java Runtime Environment to continue.
# Native memory allocation (malloc) failed to allocate 378016 bytes for Chunk::new
# Possible reasons:
#   The system is out of physical RAM or swap space
#   In 32 bit mode, the process size limit was hit
# Possible solutions:
#   Reduce memory load on the system
#   Increase physical memory or swap space
#   Check if swap backing store is full
#   Use 64 bit Java on a 64 bit OS
#   Decrease Java heap size (-Xmx/-Xms)
#   Decrease number of Java threads
#   Decrease Java thread stack sizes (-Xss)
#   Set larger code cache with -XX:ReservedCodeCacheSize=
# This output file may be truncated or incomplete.
#
#  Out of Memory Error (allocation.cpp:390), pid=4360, tid=0x00000000000022cc
#
# JRE version: Java(TM) SE Runtime Environment (8.0_101-b13) (build 1.8.0_101-b13)
# Java VM: Java HotSpot(TM) 64-Bit Server VM (25.101-b13 mixed mode windows-amd64 compressed oops)
# Failed to write core dump. Minidumps are not enabled by default on client versions of Windows
#

---------------  T H R E A D  ---------------

Current thread (0x0000000014773800):  JavaThread "C2 CompilerThread0" daemon [_thread_in_native, id=8908, stack(0x00000000156a0000,0x00000000157a0000)]

Stack: [0x00000000156a0000,0x00000000157a0000]
[error occurred during error reporting (printing stack bounds), id 0xc0000005]

Native frames: (J=compiled Java code, j=interpreted, Vv=VM code, C=native code)


Current CompileTask:
C2:   6668 1395       4       com.android.dx.ssa.SCCP::simulateBranch (666 bytes)


---------------  P R O C E S S  ---------------

Java Threads: ( => current thread )
  0x0000000015b05000 JavaThread "pool-1-thread-4" [_thread_blocked, id=3812, stack(0x00000000162a0000,0x00000000163a0000)]
  0x0000000015afb000 JavaThread "pool-1-thread-3" [_thread_blocked, id=6432, stack(0x00000000161a0000,0x00000000162a0000)]
  0x0000000015ae8800 JavaThread "pool-1-thread-2" [_thread_blocked, id=4584, stack(0x00000000160a0000,0x00000000161a0000)]
  0x0000000015ae3800 JavaThread "pool-2-thread-1" [_thread_blocked, id=1004, stack(0x0000000015fa0000,0x00000000160a0000)]
  0x0000000015ae2800 JavaThread "pool-1-thread-1" [_thread_blocked, id=7232, stack(0x0000000015ea0000,0x0000000015fa0000)]
  0x000000001480e000 JavaThread "Service Thread" daemon [_thread_blocked, id=8592, stack(0x0000000015ca0000,0x0000000015da0000)]
  0x00000000147be800 JavaThread "C1 CompilerThread1" daemon [_thread_blocked, id=5068, stack(0x00000000157a0000,0x00000000158a0000)]
=>0x0000000014773800 JavaThread "C2 CompilerThread0" daemon [_thread_in_native, id=8908, stack(0x00000000156a0000,0x00000000157a0000)]
  0x0000000014772000 JavaThread "Attach Listener" daemon [_thread_blocked, id=4492, stack(0x00000000155a0000,0x00000000156a0000)]
  0x00000000022de000 JavaThread "Signal Dispatcher" daemon [_thread_blocked, id=5916, stack(0x00000000154a0000,0x00000000155a0000)]
  0x0000000014758800 JavaThread "Finalizer" daemon [_thread_blocked, id=6832, stack(0x00000000153a0000,0x00000000154a0000)]
  0x00000000022cd800 JavaThread "Reference Handler" daemon [_thread_blocked, id=6148, stack(0x00000000152a0000,0x00000000153a0000)]
  0x00000000021e1000 JavaThread "main" [_thread_blocked, id=8060, stack(0x0000000001fe0000,0x00000000020e0000)]

Other Threads:
  0x0000000014735800 VMThread [stack: 0x00000000151a0000,0x00000000152a0000] [id=2372]
  0x00000000158ed800 WatcherThread [stack: 0x0000000015da0000,0x0000000015ea0000] [id=6276]

VM state:at safepoint (normal execution)

VM Mutex/Monitor currently owned by a thread:  ([mutex/lock_event])
[0x00000000007ecea0] Threads_lock - owner thread: 0x0000000014735800
[0x00000000007ec020] Heap_lock - owner thread: 0x00000000021e1000

Heap:
 PSYoungGen      total 17920K, used 17914K [0x00000000eab00000, 0x00000000ebf00000, 0x0000000100000000)
  eden space 15360K, 100% used [0x00000000eab00000,0x00000000eba00000,0x00000000eba00000)
  from space 2560K, 99% used [0x00000000ebc80000,0x00000000ebefeab8,0x00000000ebf00000)
  to   space 2560K, 98% used [0x00000000eba00000,0x00000000ebc78018,0x00000000ebc80000)
 ParOldGen       total 40960K, used 4438K [0x00000000c0000000, 0x00000000c2800000, 0x00000000eab00000)
  object space 40960K, 10% used [0x00000000c0000000,0x00000000c0455a20,0x00000000c2800000)
 Metaspace       used 6164K, capacity 7030K, committed 7296K, reserved 1056768K
  class space    used 601K, capacity 622K, committed 640K, reserved 1048576K

Card table byte_map: [0x00000000116a0000,0x00000000118b0000] byte_map_base: 0x00000000110a0000

Marking Bits: (ParMarkBitMap*) 0x000000005b1ba6d0
 Begin Bits: [0x0000000011c10000, 0x0000000012c10000)
 End Bits:   [0x0000000012c10000, 0x0000000013c10000)

Polling page: 0x0000000000750000

CodeCache: size=245760Kb used=5513Kb max_used=5513Kb free=240247Kb
 bounds [0x00000000022e0000, 0x0000000002850000, 0x00000000112e0000]
 total_blobs=1685 nmethods=1417 adapters=182
 compilation: enabled

Compilation events (10 events):
Event: 6.641 Thread 0x00000000147be800 1428       3       java.util.RegularEnumSet::<init> (12 bytes)
Event: 6.642 Thread 0x00000000147be800 nmethod 1428 0x0000000002839950 code [0x0000000002839ac0, 0x0000000002839dd0]
Event: 6.642 Thread 0x00000000147be800 1429       3       java.util.RegularEnumSet::addAll (23 bytes)
Event: 6.642 Thread 0x00000000147be800 nmethod 1429 0x0000000002839f50 code [0x000000000283a0a0, 0x000000000283a250]
Event: 6.642 Thread 0x00000000147be800 1430       3       com.android.dx.ssa.SsaConverter::convertToSsaMethod (41 bytes)
Event: 6.643 Thread 0x00000000147be800 nmethod 1430 0x000000000283a310 code [0x000000000283a560, 0x000000000283b108]
Event: 6.643 Thread 0x00000000147be800 1431       3       java.util.BitSet::set (18 bytes)
Event: 6.643 Thread 0x00000000147be800 nmethod 1431 0x000000000283b710 code [0x000000000283b880, 0x000000000283bab8]
Event: 6.644 Thread 0x00000000147be800 1432       3       com.android.dx.ssa.LocalVariableInfo::<init> (78 bytes)
Event: 6.644 Thread 0x00000000147be800 nmethod 1432 0x000000000283bb90 code [0x000000000283bd60, 0x000000000283c768]

GC Heap History (4 events):
Event: 5.018 GC heap before
{Heap before GC invocations=1 (full 0):
 PSYoungGen      total 17920K, used 15360K [0x00000000eab00000, 0x00000000ebf00000, 0x0000000100000000)
  eden space 15360K, 100% used [0x00000000eab00000,0x00000000eba00000,0x00000000eba00000)
  from space 2560K, 0% used [0x00000000ebc80000,0x00000000ebc80000,0x00000000ebf00000)
  to   space 2560K, 0% used [0x00000000eba00000,0x00000000eba00000,0x00000000ebc80000)
 ParOldGen       total 40960K, used 0K [0x00000000c0000000, 0x00000000c2800000, 0x00000000eab00000)
  object space 40960K, 0% used [0x00000000c0000000,0x00000000c0000000,0x00000000c2800000)
 Metaspace       used 5522K, capacity 6450K, committed 6528K, reserved 1056768K
  class space    used 595K, capacity 618K, committed 640K, reserved 1048576K
Event: 5.028 GC heap after
Heap after GC invocations=1 (full 0):
 PSYoungGen      total 17920K, used 2554K [0x00000000eab00000, 0x00000000ebf00000, 0x0000000100000000)
  eden space 15360K, 0% used [0x00000000eab00000,0x00000000eab00000,0x00000000eba00000)
  from space 2560K, 99% used [0x00000000eba00000,0x00000000ebc7eab8,0x00000000ebc80000)
  to   space 2560K, 0% used [0x00000000ebc80000,0x00000000ebc80000,0x00000000ebf00000)
 ParOldGen       total 40960K, used 1038K [0x00000000c0000000, 0x00000000c2800000, 0x00000000eab00000)
  object space 40960K, 2% used [0x00000000c0000000,0x00000000c0103b18,0x00000000c2800000)
 Metaspace       used 5522K, capacity 6450K, committed 6528K, reserved 1056768K
  class space    used 595K, capacity 618K, committed 640K, reserved 1048576K
}
Event: 5.875 GC heap before
{Heap before GC invocations=2 (full 0):
 PSYoungGen      total 17920K, used 17914K [0x00000000eab00000, 0x00000000ebf00000, 0x0000000100000000)
  eden space 15360K, 100% used [0x00000000eab00000,0x00000000eba00000,0x00000000eba00000)
  from space 2560K, 99% used [0x00000000eba00000,0x00000000ebc7eab8,0x00000000ebc80000)
  to   space 2560K, 0% used [0x00000000ebc80000,0x00000000ebc80000,0x00000000ebf00000)
 ParOldGen       total 40960K, used 1038K [0x00000000c0000000, 0x00000000c2800000, 0x00000000eab00000)
  object space 40960K, 2% used [0x00000000c0000000,0x00000000c0103b18,0x00000000c2800000)
 Metaspace       used 6008K, capacity 6902K, committed 7040K, reserved 1056768K
  class space    used 601K, capacity 622K, committed 640K, reserved 1048576K
Event: 5.898 GC heap after
Heap after GC invocations=2 (full 0):
 PSYoungGen      total 17920K, used 2554K [0x00000000eab00000, 0x00000000ebf00000, 0x0000000100000000)
  eden space 15360K, 0% used [0x00000000eab00000,0x00000000eab00000,0x00000000eba00000)
  from space 2560K, 99% used [0x00000000ebc80000,0x00000000ebefeab8,0x00000000ebf00000)
  to   space 2560K, 0% used [0x00000000eba00000,0x00000000eba00000,0x00000000ebc80000)
 ParOldGen       total 40960K, used 3064K [0x00000000c0000000, 0x00000000c2800000, 0x00000000eab00000)
  object space 40960K, 7% used [0x00000000c0000000,0x00000000c02fe188,0x00000000c2800000)
 Metaspace       used 6008K, capacity 6902K, committed 7040K, reserved 1056768K
  class space    used 601K, capacity 622K, committed 640K, reserved 1048576K
}

Deoptimization events (4 events):
Event: 5.302 Thread 0x0000000015b05000 Uncommon trap: reason=class_check action=maybe_recompile pc=0x000000000259682c method=com.android.dx.ssa.NormalSsaInsn.accept(Lcom/android/dx/ssa/SsaInsn$Visitor;)V @ 9
Event: 5.305 Thread 0x0000000015b05000 Uncommon trap: reason=class_check action=maybe_recompile pc=0x000000000259682c method=com.android.dx.ssa.NormalSsaInsn.accept(Lcom/android/dx/ssa/SsaInsn$Visitor;)V @ 9
Event: 5.331 Thread 0x0000000015b05000 Uncommon trap: reason=class_check action=maybe_recompile pc=0x000000000259682c method=com.android.dx.ssa.NormalSsaInsn.accept(Lcom/android/dx/ssa/SsaInsn$Visitor;)V @ 9
Event: 5.335 Thread 0x0000000015b05000 Uncommon trap: reason=class_check action=maybe_recompile pc=0x000000000259682c method=com.android.dx.ssa.NormalSsaInsn.accept(Lcom/android/dx/ssa/SsaInsn$Visitor;)V @ 9

Internal exceptions (2 events):
Event: 0.068 Thread 0x00000000021e1000 Exception <a 'java/lang/NoSuchMethodError': Method sun.misc.Unsafe.defineClass(Ljava/lang/String;[BII)Ljava/lang/Class; name or signature does not match> (0x00000000eab07cc0) thrown at [C:\re\workspace\8-2-build-windows-amd64-cygwin\jdk8u101\7261\hotspot\s'8†{k±?
Event: 0.068 Thread 0x00000000021e1000 Exception <a 'java/lang/NoSuchMethodError': Method sun.misc.Unsafe.prefetchRead(Ljava/lang/Object;J)V name or signature does not match> (0x00000000eab07fa8) thrown at [C:\re\workspace\8-2-build-windows-amd64-cygwin\jdk8u101\7261\hotspot\src\share\vm\prims\

Events (10 events):
Event: 5.838 Executing VM operation: ForceSafepoint
Event: 5.864 Executing VM operation: ForceSafepoint done
Event: 5.875 Executing VM operation: ParallelGCFailedAllocation
Event: 5.898 Executing VM operation: ParallelGCFailedAllocation done
Event: 6.462 Thread 0x0000000015b05000 DEOPT PACKING pc=0x000000000263cd28 sp=0x000000001639ea20
Event: 6.462 Thread 0x0000000015b05000 DEOPT UNPACKING pc=0x000000000232747f sp=0x000000001639e768 mode 0
Event: 6.590 Thread 0x0000000015afb000 DEOPT PACKING pc=0x00000000025ce6a1 sp=0x000000001629e730
Event: 6.590 Thread 0x0000000015afb000 DEOPT UNPACKING pc=0x000000000232747f sp=0x000000001629e4a0 mode 0
Event: 6.621 Thread 0x0000000015afb000 DEOPT PACKING pc=0x00000000025bde8d sp=0x000000001629e6a0
Event: 6.621 Thread 0x0000000015afb000 DEOPT UNPACKING pc=0x000000000232747f sp=0x000000001629e478 mode 0


Dynamic libraries:
0x00007ff6f1450000 - 0x00007ff6f1487000 	C:\Program Files\Java\jdk1.8.0_101\bin\java.exe
0x00007ffa7e4c0000 - 0x00007ffa7e681000 	C:\Windows\SYSTEM32\ntdll.dll
0x00007ffa7e280000 - 0x00007ffa7e32d000 	C:\Windows\system32\KERNEL32.DLL
0x00007ffa7b9b0000 - 0x00007ffa7bb8d000 	C:\Windows\system32\KERNELBASE.dll
0x00007ffa7d690000 - 0x00007ffa7d736000 	C:\Windows\system32\ADVAPI32.dll
0x00007ffa7d440000 - 0x00007ffa7d4dd000 	C:\Windows\system32\msvcrt.dll
0x00007ffa7dd20000 - 0x00007ffa7dd7b000 	C:\Windows\system32\sechost.dll
0x00007ffa7d9c0000 - 0x00007ffa7dae6000 	C:\Windows\system32\RPCRT4.dll
0x00007ffa7dbd0000 - 0x00007ffa7dd1e000 	C:\Windows\system32\USER32.dll
0x00007ffa7e330000 - 0x00007ffa7e4b6000 	C:\Windows\system32\GDI32.dll
0x00007ffa74cc0000 - 0x00007ffa74f34000 	C:\Windows\WinSxS\amd64_microsoft.windows.common-controls_6595b64144ccf1df_6.0.10240.16384_none_f41f7b285750ef43\COMCTL32.dll
0x00007ffa7d210000 - 0x00007ffa7d246000 	C:\Windows\system32\IMM32.DLL
0x00007ffa7d740000 - 0x00007ffa7d89c000 	C:\Windows\system32\MSCTF.dll
0x000000005bd60000 - 0x000000005be32000 	C:\Program Files\Java\jdk1.8.0_101\jre\bin\msvcr100.dll
0x000000005a9a0000 - 0x000000005b23a000 	C:\Program Files\Java\jdk1.8.0_101\jre\bin\server\jvm.dll
0x00007ffa7d420000 - 0x00007ffa7d428000 	C:\Windows\system32\PSAPI.DLL
0x00007ffa784a0000 - 0x00007ffa784a9000 	C:\Windows\SYSTEM32\WSOCK32.dll
0x00007ffa79570000 - 0x00007ffa79593000 	C:\Windows\SYSTEM32\WINMM.dll
0x00007ffa77b70000 - 0x00007ffa77b7a000 	C:\Windows\SYSTEM32\VERSION.dll
0x0000000000410000 - 0x000000000043c000 	C:\Windows\SYSTEM32\WINMMBASE.dll
0x00007ffa7d180000 - 0x00007ffa7d1e9000 	C:\Windows\system32\WS2_32.dll
0x00007ffa7af90000 - 0x00007ffa7afd4000 	C:\Windows\system32\cfgmgr32.dll
0x00007ffa79880000 - 0x00007ffa798a7000 	C:\Windows\SYSTEM32\DEVOBJ.dll
0x00007ffa7bc40000 - 0x00007ffa7bc48000 	C:\Windows\system32\NSI.dll
0x000000005bd50000 - 0x000000005bd5f000 	C:\Program Files\Java\jdk1.8.0_101\jre\bin\verify.dll
0x000000005bd20000 - 0x000000005bd49000 	C:\Program Files\Java\jdk1.8.0_101\jre\bin\java.dll
0x000000005bd00000 - 0x000000005bd16000 	C:\Program Files\Java\jdk1.8.0_101\jre\bin\zip.dll
0x00007ffa7bc50000 - 0x00007ffa7d172000 	C:\Windows\system32\SHELL32.dll
0x00007ffa7b320000 - 0x00007ffa7b949000 	C:\Windows\system32\windows.storage.dll
0x00007ffa7dd80000 - 0x00007ffa7dffc000 	C:\Windows\system32\combase.dll
0x00007ffa7d960000 - 0x00007ffa7d9b1000 	C:\Windows\system32\shlwapi.dll
0x00007ffa7aef0000 - 0x00007ffa7aeff000 	C:\Windows\system32\kernel.appcore.dll
0x00007ffa7b090000 - 0x00007ffa7b143000 	C:\Windows\system32\shcore.dll
0x00007ffa7af00000 - 0x00007ffa7af4a000 	C:\Windows\system32\powrprof.dll
0x00007ffa7af70000 - 0x00007ffa7af83000 	C:\Windows\system32\profapi.dll

VM Arguments:
jvm_args: -Djava.awt.headless=true -Xmx1024M -Dfile.encoding=x-windows-874 -Duser.country=US -Duser.language=en -Duser.variant 
java_command: com.android.dx.command.Main --dex --force-jumbo --num-threads=4 --output C:\Users\komkrid\Desktop\PGP-master\app\build\intermediates\pre-dexed\debug\com.google.android.gms-play-services-wearable-8.1.0_39df2799d26d3bcb3316c88aa8f26a8178c30ad8.jar C:\Users\komkrid\Desktop\PGP-master\app\build\intermediates\exploded-aar\com.google.android.gms\play-services-wearable\8.1.0\jars\classes.jar
java_class_path (initial): C:\Users\komkrid\AppData\Local\Android\sdk\build-tools\24.0.0\lib\dx.jar
Launcher Type: SUN_STANDARD

Environment Variables:
JAVA_HOME=C:\Program Files\Java\jdk1.8.0_101
PATH=C:\ProgramData\Oracle\Java\javapath;C:\Windows\system32;C:\Windows;C:\Windows\System32\Wbem;C:\Windows\System32\WindowsPowerShell\v1.0\;C:\Program Files (x86)\AMD\ATI.ACE\Core-Static;C:\Program Files (x86)\Common Files\Tom Sawyer Software\8.0.0;C:\Program Files\Git\cmd;C:\ProgramData\Oracle\Java\javapath;C:\Windows\system32;C:\Windows;C:\Windows\System32\Wbem;C:\Windows\System32\WindowsPowerShell\v1.0\;C:\Program Files (x86)\AMD\ATI.ACE\Core-Static;C:\Program Files (x86)\Common Files\Tom Sawyer Software\8.0.0;C:\Program Files\Git\cmd;C:\Program Files\Java\jdk1.8.0_101\bin;C:\Users\komkrid\AppData\Local\Android\sdk\platform-tools;C:\Users\komkrid\AppData\Local\Android\sdk\tools;C:\android-adb\
USERNAME=komkrid
OS=Windows_NT
PROCESSOR_IDENTIFIER=AMD64 Family 16 Model 6 Stepping 3, AuthenticAMD



---------------  S Y S T E M  ---------------

OS: Windows 10.0 , 64 bit Build 10240 (10.0.10240.16384)

CPU:total 2 (2 cores per cpu, 1 threads per core) family 16 model 6 stepping 3, cmov, cx8, fxsr, mmx, sse, sse2, sse3, popcnt, mmxext, 3dnowpref, lzcnt, tsc, tscinvbit, tscinv

Memory: 4k page, physical 3930412k(240040k free), swap 7002412k(5456k free)

vm_info: Java HotSpot(TM) 64-Bit Server VM (25.101-b13) for windows-amd64 JRE (1.8.0_101-b13), built on Jun 22 2016 01:21:29 by "java_re" with MS VC++ 10.0 (VS2010)

time: Thu Jan 19 12:15:43 2017
elapsed time: 6 seconds (0d 0h 0m 6s)

