#
# There is insufficient memory for the Java Runtime Environment to continue.
# Native memory allocation (malloc) failed to allocate 32744 bytes for ChunkPool::allocate
# Possible reasons:
#   The system is out of physical RAM or swap space
#   In 32 bit mode, the process size limit was hit
# Possible solutions:
#   Reduce memory load on the system
#   Increase physical memory or swap space
#   Check if swap backing store is full
#   Use 64 bit Java on a 64 bit OS
#   Decrease Java heap size (-Xmx/-Xms)
#   Decrease number of Java threads
#   Decrease Java thread stack sizes (-Xss)
#   Set larger code cache with -XX:ReservedCodeCacheSize=
# This output file may be truncated or incomplete.
#
#  Out of Memory Error (allocation.cpp:273), pid=4104, tid=0x00000000000022e4
#
# JRE version: Java(TM) SE Runtime Environment (8.0_101-b13) (build 1.8.0_101-b13)
# Java VM: Java HotSpot(TM) 64-Bit Server VM (25.101-b13 mixed mode windows-amd64 compressed oops)
# Failed to write core dump. Minidumps are not enabled by default on client versions of Windows
#

---------------  T H R E A D  ---------------

Current thread (0x0000000015754800):  JavaThread "C1 CompilerThread1" daemon [_thread_in_native, id=8932, stack(0x0000000015b50000,0x0000000015c50000)]

Stack: [0x0000000015b50000,0x0000000015c50000]
[error occurred during error reporting (printing stack bounds), id 0xc0000005]

Native frames: (J=compiled Java code, j=interpreted, Vv=VM code, C=native code)


Current CompileTask:
C1:  16125   47  s!   3       sun.misc.URLClassPath::getLoader (197 bytes)


---------------  P R O C E S S  ---------------

Java Threads: ( => current thread )
  0x0000000015759000 JavaThread "Service Thread" daemon [_thread_blocked, id=3604, stack(0x0000000015c50000,0x0000000015d50000)]
=>0x0000000015754800 JavaThread "C1 CompilerThread1" daemon [_thread_in_native, id=8932, stack(0x0000000015b50000,0x0000000015c50000)]
  0x0000000014688800 JavaThread "C2 CompilerThread0" daemon [_thread_blocked, id=7152, stack(0x0000000015650000,0x0000000015750000)]
  0x0000000014687000 JavaThread "Attach Listener" daemon [_thread_blocked, id=3768, stack(0x0000000015550000,0x0000000015650000)]
  0x0000000014684000 JavaThread "Signal Dispatcher" daemon [_thread_blocked, id=4980, stack(0x0000000015450000,0x0000000015550000)]
  0x0000000014628800 JavaThread "Finalizer" daemon [_thread_blocked, id=8780, stack(0x0000000015270000,0x0000000015370000)]
  0x000000000219d800 JavaThread "Reference Handler" daemon [_thread_blocked, id=3796, stack(0x0000000015170000,0x0000000015270000)]
  0x00000000020b1000 JavaThread "main" [_thread_in_native, id=7348, stack(0x0000000001f90000,0x0000000002090000)]

Other Threads:
  0x0000000014605800 VMThread [stack: 0x0000000015070000,0x0000000015170000] [id=4264]
  0x000000001576f000 WatcherThread [stack: 0x0000000015d50000,0x0000000015e50000] [id=8120]

VM state:not at safepoint (normal execution)

VM Mutex/Monitor currently owned by a thread: None

Heap:
 PSYoungGen      total 17920K, used 1607K [0x00000000eab00000, 0x00000000ebf00000, 0x0000000100000000)
  eden space 15360K, 10% used [0x00000000eab00000,0x00000000eac91ff0,0x00000000eba00000)
  from space 2560K, 0% used [0x00000000ebc80000,0x00000000ebc80000,0x00000000ebf00000)
  to   space 2560K, 0% used [0x00000000eba00000,0x00000000eba00000,0x00000000ebc80000)
 ParOldGen       total 40960K, used 0K [0x00000000c0000000, 0x00000000c2800000, 0x00000000eab00000)
  object space 40960K, 0% used [0x00000000c0000000,0x00000000c0000000,0x00000000c2800000)
 Metaspace       used 2988K, capacity 4656K, committed 4864K, reserved 1056768K
  class space    used 323K, capacity 424K, committed 512K, reserved 1048576K

Card table byte_map: [0x0000000011570000,0x0000000011780000] byte_map_base: 0x0000000010f70000

Marking Bits: (ParMarkBitMap*) 0x000000005b1ba6d0
 Begin Bits: [0x0000000011ae0000, 0x0000000012ae0000)
 End Bits:   [0x0000000012ae0000, 0x0000000013ae0000)

Polling page: 0x00000000006d0000

CodeCache: size=245760Kb used=1126Kb max_used=1126Kb free=244633Kb
 bounds [0x00000000021b0000, 0x0000000002420000, 0x00000000111b0000]
 total_blobs=280 nmethods=46 adapters=148
 compilation: enabled

Compilation events (10 events):
Event: 16.116 Thread 0x0000000015754800 nmethod 41 0x00000000022c8990 code [0x00000000022c8ae0, 0x00000000022c8c50]
Event: 16.118 Thread 0x0000000015754800   43       3       java.lang.StringBuilder::append (8 bytes)
Event: 16.118 Thread 0x0000000015754800 nmethod 43 0x00000000022c8cd0 code [0x00000000022c8e40, 0x00000000022c8fc8]
Event: 16.118 Thread 0x0000000015754800   44       1       java.net.URL::getHost (5 bytes)
Event: 16.119 Thread 0x0000000015754800 nmethod 44 0x00000000022c9050 code [0x00000000022c91a0, 0x00000000022c92b0]
Event: 16.119 Thread 0x0000000015754800   45       1       java.net.URL::getProtocol (5 bytes)
Event: 16.119 Thread 0x0000000015754800 nmethod 45 0x00000000022c9310 code [0x00000000022c9460, 0x00000000022c9570]
Event: 16.121 Thread 0x0000000015754800   46  s    3       sun.misc.URLClassPath::getNextLoader (88 bytes)
Event: 16.122 Thread 0x0000000015754800 nmethod 46 0x00000000022c95d0 code [0x00000000022c97a0, 0x00000000022ca008]
Event: 16.122 Thread 0x0000000015754800   47  s!   3       sun.misc.URLClassPath::getLoader (197 bytes)

GC Heap History (0 events):
No events

Deoptimization events (0 events):
No events

Internal exceptions (2 events):
Event: 1.920 Thread 0x00000000020b1000 Exception <a 'java/lang/NoSuchMethodError': Method sun.misc.Unsafe.defineClass(Ljava/lang/String;[BII)Ljava/lang/Class; name or signature does not match> (0x00000000eab07cc0) thrown at [C:\re\workspace\8-2-build-windows-amd64-cygwin\jdk8u101\7261\hotspot\sî©½âºþ?
Event: 1.920 Thread 0x00000000020b1000 Exception <a 'java/lang/NoSuchMethodError': Method sun.misc.Unsafe.prefetchRead(Ljava/lang/Object;J)V name or signature does not match> (0x00000000eab07fa8) thrown at [C:\re\workspace\8-2-build-windows-amd64-cygwin\jdk8u101\7261\hotspot\src\share\vm\prims\

Events (10 events):
Event: 16.118 loading class com/android/dx/dex/cf/CfOptions done
Event: 16.119 loading class com/android/dx/command/DxConsole
Event: 16.119 loading class com/android/dx/command/DxConsole done
Event: 16.120 loading class com/android/dx/command/DxConsole$1
Event: 16.120 loading class com/android/dx/command/DxConsole$1 done
Event: 16.121 loading class com/android/dx/dex/DexOptions
Event: 16.121 loading class com/android/dx/dex/DexOptions done
Event: 16.121 loading class com/android/dx/dex/file/DexFile
Event: 16.121 loading class com/android/dx/dex/file/DexFile done
Event: 16.123 loading class java/security/NoSuchAlgorithmException


Dynamic libraries:
0x00007ff6f1450000 - 0x00007ff6f1487000 	C:\Program Files\Java\jdk1.8.0_101\bin\java.exe
0x00007ffa7e4c0000 - 0x00007ffa7e681000 	C:\Windows\SYSTEM32\ntdll.dll
0x00007ffa7e280000 - 0x00007ffa7e32d000 	C:\Windows\system32\KERNEL32.DLL
0x00007ffa7b9b0000 - 0x00007ffa7bb8d000 	C:\Windows\system32\KERNELBASE.dll
0x00007ffa7d690000 - 0x00007ffa7d736000 	C:\Windows\system32\ADVAPI32.dll
0x00007ffa7d440000 - 0x00007ffa7d4dd000 	C:\Windows\system32\msvcrt.dll
0x00007ffa7dd20000 - 0x00007ffa7dd7b000 	C:\Windows\system32\sechost.dll
0x00007ffa7d9c0000 - 0x00007ffa7dae6000 	C:\Windows\system32\RPCRT4.dll
0x00007ffa7dbd0000 - 0x00007ffa7dd1e000 	C:\Windows\system32\USER32.dll
0x00007ffa7e330000 - 0x00007ffa7e4b6000 	C:\Windows\system32\GDI32.dll
0x00007ffa74cc0000 - 0x00007ffa74f34000 	C:\Windows\WinSxS\amd64_microsoft.windows.common-controls_6595b64144ccf1df_6.0.10240.16384_none_f41f7b285750ef43\COMCTL32.dll
0x00007ffa7d210000 - 0x00007ffa7d246000 	C:\Windows\system32\IMM32.DLL
0x00007ffa7d740000 - 0x00007ffa7d89c000 	C:\Windows\system32\MSCTF.dll
0x000000005bd60000 - 0x000000005be32000 	C:\Program Files\Java\jdk1.8.0_101\jre\bin\msvcr100.dll
0x000000005a9a0000 - 0x000000005b23a000 	C:\Program Files\Java\jdk1.8.0_101\jre\bin\server\jvm.dll
0x00007ffa7d420000 - 0x00007ffa7d428000 	C:\Windows\system32\PSAPI.DLL
0x00007ffa784a0000 - 0x00007ffa784a9000 	C:\Windows\SYSTEM32\WSOCK32.dll
0x00007ffa79570000 - 0x00007ffa79593000 	C:\Windows\SYSTEM32\WINMM.dll
0x00007ffa7d180000 - 0x00007ffa7d1e9000 	C:\Windows\system32\WS2_32.dll
0x00007ffa7bc40000 - 0x00007ffa7bc48000 	C:\Windows\system32\NSI.dll
0x00007ffa77b70000 - 0x00007ffa77b7a000 	C:\Windows\SYSTEM32\VERSION.dll
0x00007ffa79540000 - 0x00007ffa7956c000 	C:\Windows\SYSTEM32\WINMMBASE.dll
0x00007ffa7af90000 - 0x00007ffa7afd4000 	C:\Windows\system32\cfgmgr32.dll
0x00007ffa79880000 - 0x00007ffa798a7000 	C:\Windows\SYSTEM32\DEVOBJ.dll
0x000000005bd50000 - 0x000000005bd5f000 	C:\Program Files\Java\jdk1.8.0_101\jre\bin\verify.dll
0x000000005bd20000 - 0x000000005bd49000 	C:\Program Files\Java\jdk1.8.0_101\jre\bin\java.dll
0x000000005bd00000 - 0x000000005bd16000 	C:\Program Files\Java\jdk1.8.0_101\jre\bin\zip.dll
0x00007ffa7bc50000 - 0x00007ffa7d172000 	C:\Windows\system32\SHELL32.dll
0x00007ffa7b320000 - 0x00007ffa7b949000 	C:\Windows\system32\windows.storage.dll
0x00007ffa7dd80000 - 0x00007ffa7dffc000 	C:\Windows\system32\combase.dll
0x00007ffa7d960000 - 0x00007ffa7d9b1000 	C:\Windows\system32\shlwapi.dll
0x00007ffa7aef0000 - 0x00007ffa7aeff000 	C:\Windows\system32\kernel.appcore.dll
0x00007ffa7b090000 - 0x00007ffa7b143000 	C:\Windows\system32\shcore.dll
0x00007ffa7af00000 - 0x00007ffa7af4a000 	C:\Windows\system32\powrprof.dll
0x00007ffa7af70000 - 0x00007ffa7af83000 	C:\Windows\system32\profapi.dll

VM Arguments:
jvm_args: -Djava.awt.headless=true -Xmx1024M -Dfile.encoding=x-windows-874 -Duser.country=US -Duser.language=en -Duser.variant 
java_command: com.android.dx.command.Main --dex --force-jumbo --num-threads=4 --output C:\Users\komkrid\Desktop\PGP-master\app\build\intermediates\pre-dexed\debug\com.google.android.gms-play-services-panorama-8.1.0_80a16460bbd2d45141e2b017f12528a6de4ecd37.jar C:\Users\komkrid\Desktop\PGP-master\app\build\intermediates\exploded-aar\com.google.android.gms\play-services-panorama\8.1.0\jars\classes.jar
java_class_path (initial): C:\Users\komkrid\AppData\Local\Android\sdk\build-tools\24.0.0\lib\dx.jar
Launcher Type: SUN_STANDARD

Environment Variables:
JAVA_HOME=C:\Program Files\Java\jdk1.8.0_101
PATH=C:\ProgramData\Oracle\Java\javapath;C:\Windows\system32;C:\Windows;C:\Windows\System32\Wbem;C:\Windows\System32\WindowsPowerShell\v1.0\;C:\Program Files (x86)\AMD\ATI.ACE\Core-Static;C:\Program Files (x86)\Common Files\Tom Sawyer Software\8.0.0;C:\Program Files\Git\cmd;C:\ProgramData\Oracle\Java\javapath;C:\Windows\system32;C:\Windows;C:\Windows\System32\Wbem;C:\Windows\System32\WindowsPowerShell\v1.0\;C:\Program Files (x86)\AMD\ATI.ACE\Core-Static;C:\Program Files (x86)\Common Files\Tom Sawyer Software\8.0.0;C:\Program Files\Git\cmd;C:\Program Files\Java\jdk1.8.0_101\bin;C:\Users\komkrid\AppData\Local\Android\sdk\platform-tools;C:\Users\komkrid\AppData\Local\Android\sdk\tools;C:\android-adb\
USERNAME=komkrid
OS=Windows_NT
PROCESSOR_IDENTIFIER=AMD64 Family 16 Model 6 Stepping 3, AuthenticAMD



---------------  S Y S T E M  ---------------

OS: Windows 10.0 , 64 bit Build 10240 (10.0.10240.16384)

CPU:total 2 (2 cores per cpu, 1 threads per core) family 16 model 6 stepping 3, cmov, cx8, fxsr, mmx, sse, sse2, sse3, popcnt, mmxext, 3dnowpref, lzcnt, tsc, tscinvbit, tscinv

Memory: 4k page, physical 3930412k(372300k free), swap 7002412k(3392k free)

vm_info: Java HotSpot(TM) 64-Bit Server VM (25.101-b13) for windows-amd64 JRE (1.8.0_101-b13), built on Jun 22 2016 01:21:29 by "java_re" with MS VC++ 10.0 (VS2010)

time: Thu Jan 19 12:15:33 2017
elapsed time: 16 seconds (0d 0h 0m 16s)

