#
# There is insufficient memory for the Java Runtime Environment to continue.
# Native memory allocation (malloc) failed to allocate 794096 bytes for Chunk::new
# Possible reasons:
#   The system is out of physical RAM or swap space
#   In 32 bit mode, the process size limit was hit
# Possible solutions:
#   Reduce memory load on the system
#   Increase physical memory or swap space
#   Check if swap backing store is full
#   Use 64 bit Java on a 64 bit OS
#   Decrease Java heap size (-Xmx/-Xms)
#   Decrease number of Java threads
#   Decrease Java thread stack sizes (-Xss)
#   Set larger code cache with -XX:ReservedCodeCacheSize=
# This output file may be truncated or incomplete.
#
#  Out of Memory Error (allocation.cpp:390), pid=4852, tid=0x000000000000176c
#
# JRE version: Java(TM) SE Runtime Environment (8.0_101-b13) (build 1.8.0_101-b13)
# Java VM: Java HotSpot(TM) 64-Bit Server VM (25.101-b13 mixed mode windows-amd64 compressed oops)
# Failed to write core dump. Minidumps are not enabled by default on client versions of Windows
#

---------------  T H R E A D  ---------------

Current thread (0x0000000014980800):  JavaThread "C2 CompilerThread0" daemon [_thread_in_native, id=5996, stack(0x0000000015990000,0x0000000015a90000)]

Stack: [0x0000000015990000,0x0000000015a90000]
[error occurred during error reporting (printing stack bounds), id 0xc0000005]

Native frames: (J=compiled Java code, j=interpreted, Vv=VM code, C=native code)


Current CompileTask:
C2:  28756 1862       4       com.android.dx.dex.code.RopToDop::dopFor (792 bytes)


---------------  P R O C E S S  ---------------

Java Threads: ( => current thread )
  0x0000000015a97800 JavaThread "Service Thread" daemon [_thread_blocked, id=1688, stack(0x0000000015f90000,0x0000000016090000)]
  0x0000000015a93000 JavaThread "C1 CompilerThread1" daemon [_thread_blocked, id=1412, stack(0x0000000015e90000,0x0000000015f90000)]
=>0x0000000014980800 JavaThread "C2 CompilerThread0" daemon [_thread_in_native, id=5996, stack(0x0000000015990000,0x0000000015a90000)]
  0x000000001497f800 JavaThread "Attach Listener" daemon [_thread_blocked, id=6148, stack(0x0000000015890000,0x0000000015990000)]
  0x00000000149ce800 JavaThread "Signal Dispatcher" daemon [_thread_blocked, id=5692, stack(0x0000000015790000,0x0000000015890000)]
  0x0000000014968800 JavaThread "Finalizer" daemon [_thread_blocked, id=8680, stack(0x00000000155b0000,0x00000000156b0000)]
  0x00000000024dd800 JavaThread "Reference Handler" daemon [_thread_blocked, id=7500, stack(0x00000000154b0000,0x00000000155b0000)]
  0x00000000023f1000 JavaThread "main" [_thread_in_Java, id=6692, stack(0x00000000022f0000,0x00000000023f0000)]

Other Threads:
  0x0000000014945800 VMThread [stack: 0x00000000153b0000,0x00000000154b0000] [id=7252]
  0x0000000015aae800 WatcherThread [stack: 0x0000000016090000,0x0000000016190000] [id=8704]

VM state:not at safepoint (normal execution)

VM Mutex/Monitor currently owned by a thread: None

Heap:
 PSYoungGen      total 65536K, used 38584K [0x00000000eab00000, 0x00000000efb00000, 0x0000000100000000)
  eden space 58368K, 66% used [0x00000000eab00000,0x00000000ed0ae2a0,0x00000000ee400000)
  from space 7168K, 0% used [0x00000000eee00000,0x00000000eee00000,0x00000000ef500000)
  to   space 10240K, 0% used [0x00000000ee400000,0x00000000ee400000,0x00000000eee00000)
 ParOldGen       total 65024K, used 33865K [0x00000000c0000000, 0x00000000c3f80000, 0x00000000eab00000)
  object space 65024K, 52% used [0x00000000c0000000,0x00000000c2112610,0x00000000c3f80000)
 Metaspace       used 6642K, capacity 7256K, committed 7424K, reserved 1056768K
  class space    used 630K, capacity 656K, committed 768K, reserved 1048576K

Card table byte_map: [0x00000000118b0000,0x0000000011ac0000] byte_map_base: 0x00000000112b0000

Marking Bits: (ParMarkBitMap*) 0x000000006e06a6d0
 Begin Bits: [0x0000000011e20000, 0x0000000012e20000)
 End Bits:   [0x0000000012e20000, 0x0000000013e20000)

Polling page: 0x00000000009f0000

CodeCache: size=245760Kb used=8513Kb max_used=8513Kb free=237246Kb
 bounds [0x00000000024f0000, 0x0000000002d50000, 0x00000000114f0000]
 total_blobs=2224 nmethods=1955 adapters=182
 compilation: enabled

Compilation events (10 events):
Event: 28.433 Thread 0x0000000014980800 nmethod 1819 0x0000000002d2ed50 code [0x0000000002d2eec0, 0x0000000002d2f208]
Event: 28.433 Thread 0x0000000014980800 1813       4       com.android.dx.rop.code.Insn::hashCode (5 bytes)
Event: 28.434 Thread 0x0000000014980800 nmethod 1813 0x0000000002d28bd0 code [0x0000000002d28d20, 0x0000000002d28dc8]
Event: 28.434 Thread 0x0000000014980800 1820       4       com.android.dx.rop.code.ThrowingCstInsn::withNewRegisters (25 bytes)
Event: 28.437 Thread 0x0000000014980800 nmethod 1820 0x0000000002d30910 code [0x0000000002d30a60, 0x0000000002d30c98]
Event: 28.437 Thread 0x0000000014980800 1814       4       com.android.dx.rop.code.Rop::hashCode (54 bytes)
Event: 28.455 Thread 0x0000000014980800 nmethod 1814 0x0000000002d1ddd0 code [0x0000000002d1df40, 0x0000000002d1e638]
Event: 28.455 Thread 0x0000000014980800 1862       4       com.android.dx.dex.code.RopToDop::dopFor (792 bytes)
Event: 28.565 Thread 0x0000000015a93000 1997       3       java.util.concurrent.FutureTask::report (37 bytes)
Event: 28.566 Thread 0x0000000015a93000 nmethod 1997 0x0000000002d1d6d0 code [0x0000000002d1d860, 0x0000000002d1dc58]

GC Heap History (10 events):
Event: 19.279 GC heap before
{Heap before GC invocations=5 (full 0):
 PSYoungGen      total 33280K, used 33264K [0x00000000eab00000, 0x00000000ece00000, 0x0000000100000000)
  eden space 30720K, 100% used [0x00000000eab00000,0x00000000ec900000,0x00000000ec900000)
  from space 2560K, 99% used [0x00000000ecb80000,0x00000000ecdfc038,0x00000000ece00000)
  to   space 2560K, 0% used [0x00000000ec900000,0x00000000ec900000,0x00000000ecb80000)
 ParOldGen       total 40960K, used 7002K [0x00000000c0000000, 0x00000000c2800000, 0x00000000eab00000)
  object space 40960K, 17% used [0x00000000c0000000,0x00000000c06d6ac8,0x00000000c2800000)
 Metaspace       used 6279K, capacity 7094K, committed 7296K, reserved 1056768K
  class space    used 602K, capacity 622K, committed 640K, reserved 1048576K
Event: 19.377 GC heap after
Heap after GC invocations=5 (full 0):
 PSYoungGen      total 33280K, used 2546K [0x00000000eab00000, 0x00000000ef500000, 0x0000000100000000)
  eden space 30720K, 0% used [0x00000000eab00000,0x00000000eab00000,0x00000000ec900000)
  from space 2560K, 99% used [0x00000000ec900000,0x00000000ecb7cbe0,0x00000000ecb80000)
  to   space 7168K, 0% used [0x00000000eee00000,0x00000000eee00000,0x00000000ef500000)
 ParOldGen       total 40960K, used 11264K [0x00000000c0000000, 0x00000000c2800000, 0x00000000eab00000)
  object space 40960K, 27% used [0x00000000c0000000,0x00000000c0b001e0,0x00000000c2800000)
 Metaspace       used 6279K, capacity 7094K, committed 7296K, reserved 1056768K
  class space    used 602K, capacity 622K, committed 640K, reserved 1048576K
}
Event: 21.087 GC heap before
{Heap before GC invocations=6 (full 0):
 PSYoungGen      total 33280K, used 33266K [0x00000000eab00000, 0x00000000ef500000, 0x0000000100000000)
  eden space 30720K, 100% used [0x00000000eab00000,0x00000000ec900000,0x00000000ec900000)
  from space 2560K, 99% used [0x00000000ec900000,0x00000000ecb7cbe0,0x00000000ecb80000)
  to   space 7168K, 0% used [0x00000000eee00000,0x00000000eee00000,0x00000000ef500000)
 ParOldGen       total 40960K, used 11264K [0x00000000c0000000, 0x00000000c2800000, 0x00000000eab00000)
  object space 40960K, 27% used [0x00000000c0000000,0x00000000c0b001e0,0x00000000c2800000)
 Metaspace       used 6313K, capacity 7094K, committed 7296K, reserved 1056768K
  class space    used 602K, capacity 622K, committed 640K, reserved 1048576K
Event: 21.208 GC heap after
Heap after GC invocations=6 (full 0):
 PSYoungGen      total 65536K, used 7161K [0x00000000eab00000, 0x00000000efb00000, 0x0000000100000000)
  eden space 58368K, 0% used [0x00000000eab00000,0x00000000eab00000,0x00000000ee400000)
  from space 7168K, 99% used [0x00000000eee00000,0x00000000ef4fe6f0,0x00000000ef500000)
  to   space 10240K, 0% used [0x00000000ee400000,0x00000000ee400000,0x00000000eee00000)
 ParOldGen       total 40960K, used 14617K [0x00000000c0000000, 0x00000000c2800000, 0x00000000eab00000)
  object space 40960K, 35% used [0x00000000c0000000,0x00000000c0e467a0,0x00000000c2800000)
 Metaspace       used 6313K, capacity 7094K, committed 7296K, reserved 1056768K
  class space    used 602K, capacity 622K, committed 640K, reserved 1048576K
}
Event: 22.743 GC heap before
{Heap before GC invocations=7 (full 0):
 PSYoungGen      total 65536K, used 65529K [0x00000000eab00000, 0x00000000efb00000, 0x0000000100000000)
  eden space 58368K, 100% used [0x00000000eab00000,0x00000000ee400000,0x00000000ee400000)
  from space 7168K, 99% used [0x00000000eee00000,0x00000000ef4fe6f0,0x00000000ef500000)
  to   space 10240K, 0% used [0x00000000ee400000,0x00000000ee400000,0x00000000eee00000)
 ParOldGen       total 40960K, used 14617K [0x00000000c0000000, 0x00000000c2800000, 0x00000000eab00000)
  object space 40960K, 35% used [0x00000000c0000000,0x00000000c0e467a0,0x00000000c2800000)
 Metaspace       used 6333K, capacity 7094K, committed 7296K, reserved 1056768K
  class space    used 602K, capacity 622K, committed 640K, reserved 1048576K
Event: 23.273 GC heap after
Heap after GC invocations=7 (full 0):
 PSYoungGen      total 68608K, used 10222K [0x00000000eab00000, 0x00000000efb00000, 0x0000000100000000)
  eden space 58368K, 0% used [0x00000000eab00000,0x00000000eab00000,0x00000000ee400000)
  from space 10240K, 99% used [0x00000000ee400000,0x00000000eedfbb98,0x00000000eee00000)
  to   space 7168K, 0% used [0x00000000eee00000,0x00000000eee00000,0x00000000ef500000)
 ParOldGen       total 40960K, used 21872K [0x00000000c0000000, 0x00000000c2800000, 0x00000000eab00000)
  object space 40960K, 53% used [0x00000000c0000000,0x00000000c155c2a8,0x00000000c2800000)
 Metaspace       used 6333K, capacity 7094K, committed 7296K, reserved 1056768K
  class space    used 602K, capacity 622K, committed 640K, reserved 1048576K
}
Event: 26.388 GC heap before
{Heap before GC invocations=8 (full 0):
 PSYoungGen      total 68608K, used 68590K [0x00000000eab00000, 0x00000000efb00000, 0x0000000100000000)
  eden space 58368K, 100% used [0x00000000eab00000,0x00000000ee400000,0x00000000ee400000)
  from space 10240K, 99% used [0x00000000ee400000,0x00000000eedfbb98,0x00000000eee00000)
  to   space 7168K, 0% used [0x00000000eee00000,0x00000000eee00000,0x00000000ef500000)
 ParOldGen       total 40960K, used 21872K [0x00000000c0000000, 0x00000000c2800000, 0x00000000eab00000)
  object space 40960K, 53% used [0x00000000c0000000,0x00000000c155c2a8,0x00000000c2800000)
 Metaspace       used 6547K, capacity 7192K, committed 7424K, reserved 1056768K
  class space    used 625K, capacity 656K, committed 768K, reserved 1048576K
Event: 26.579 GC heap after
Heap after GC invocations=8 (full 0):
 PSYoungGen      total 65536K, used 7166K [0x00000000eab00000, 0x00000000efb00000, 0x0000000100000000)
  eden space 58368K, 0% used [0x00000000eab00000,0x00000000eab00000,0x00000000ee400000)
  from space 7168K, 99% used [0x00000000eee00000,0x00000000ef4ff890,0x00000000ef500000)
  to   space 10240K, 0% used [0x00000000ee400000,0x00000000ee400000,0x00000000eee00000)
 ParOldGen       total 40960K, used 34266K [0x00000000c0000000, 0x00000000c2800000, 0x00000000eab00000)
  object space 40960K, 83% used [0x00000000c0000000,0x00000000c2176b10,0x00000000c2800000)
 Metaspace       used 6547K, capacity 7192K, committed 7424K, reserved 1056768K
  class space    used 625K, capacity 656K, committed 768K, reserved 1048576K
}
Event: 26.579 GC heap before
{Heap before GC invocations=9 (full 1):
 PSYoungGen      total 65536K, used 7166K [0x00000000eab00000, 0x00000000efb00000, 0x0000000100000000)
  eden space 58368K, 0% used [0x00000000eab00000,0x00000000eab00000,0x00000000ee400000)
  from space 7168K, 99% used [0x00000000eee00000,0x00000000ef4ff890,0x00000000ef500000)
  to   space 10240K, 0% used [0x00000000ee400000,0x00000000ee400000,0x00000000eee00000)
 ParOldGen       total 40960K, used 34266K [0x00000000c0000000, 0x00000000c2800000, 0x00000000eab00000)
  object space 40960K, 83% used [0x00000000c0000000,0x00000000c2176b10,0x00000000c2800000)
 Metaspace       used 6547K, capacity 7192K, committed 7424K, reserved 1056768K
  class space    used 625K, capacity 656K, committed 768K, reserved 1048576K
Event: 27.851 GC heap after
Heap after GC invocations=9 (full 1):
 PSYoungGen      total 65536K, used 0K [0x00000000eab00000, 0x00000000efb00000, 0x0000000100000000)
  eden space 58368K, 0% used [0x00000000eab00000,0x00000000eab00000,0x00000000ee400000)
  from space 7168K, 0% used [0x00000000eee00000,0x00000000eee00000,0x00000000ef500000)
  to   space 10240K, 0% used [0x00000000ee400000,0x00000000ee400000,0x00000000eee00000)
 ParOldGen       total 65024K, used 33865K [0x00000000c0000000, 0x00000000c3f80000, 0x00000000eab00000)
  object space 65024K, 52% used [0x00000000c0000000,0x00000000c2112610,0x00000000c3f80000)
 Metaspace       used 6547K, capacity 7192K, committed 7424K, reserved 1056768K
  class space    used 625K, capacity 656K, committed 768K, reserved 1048576K
}

Deoptimization events (10 events):
Event: 24.582 Thread 0x00000000023f1000 Uncommon trap: reason=class_check action=maybe_recompile pc=0x0000000002ab7934 method=java.util.HashMap.putVal(ILjava/lang/Object;Ljava/lang/Object;ZZ)Ljava/lang/Object; @ 203
Event: 25.119 Thread 0x0000000015cd1800 Uncommon trap: reason=bimorphic action=maybe_recompile pc=0x0000000002886678 method=java.util.HashMap.getNode(ILjava/lang/Object;)Ljava/util/HashMap$Node; @ 126
Event: 25.196 Thread 0x0000000015cb4000 Uncommon trap: reason=class_check action=maybe_recompile pc=0x0000000002bd68f8 method=com.android.dx.cf.code.Ropper.processBlock(Lcom/android/dx/cf/code/ByteBlock;Lcom/android/dx/cf/code/Frame;[I)V @ 711
Event: 25.211 Thread 0x0000000015cb8800 Uncommon trap: reason=bimorphic action=maybe_recompile pc=0x0000000002baa25c method=com.android.dx.cf.code.BytecodeArray.parseInstruction(ILcom/android/dx/cf/code/BytecodeArray$Visitor;)I @ 2281
Event: 25.211 Thread 0x0000000015cb8800 Uncommon trap: reason=bimorphic action=maybe_recompile pc=0x0000000002baa25c method=com.android.dx.cf.code.BytecodeArray.parseInstruction(ILcom/android/dx/cf/code/BytecodeArray$Visitor;)I @ 2281
Event: 25.591 Thread 0x0000000015cd2000 Uncommon trap: reason=unstable_if action=reinterpret pc=0x00000000028b1804 method=java.util.HashMap.putVal(ILjava/lang/Object;Ljava/lang/Object;ZZ)Ljava/lang/Object; @ 162
Event: 25.729 Thread 0x0000000015cd2000 Uncommon trap: reason=unstable_if action=reinterpret pc=0x0000000002c07a90 method=java.util.HashMap.getNode(ILjava/lang/Object;)Ljava/util/HashMap$Node; @ 84
Event: 25.759 Thread 0x0000000015cd1800 Uncommon trap: reason=unstable_if action=reinterpret pc=0x0000000002bd6518 method=com.android.dx.cf.code.Merger.mergeType(Lcom/android/dx/rop/type/TypeBearer;Lcom/android/dx/rop/type/TypeBearer;)Lcom/android/dx/rop/type/TypeBearer; @ 52
Event: 26.140 Thread 0x0000000015cb8800 Uncommon trap: reason=unstable_if action=reinterpret pc=0x0000000002bff5d4 method=java.util.HashMap.resize()[Ljava/util/HashMap$Node; @ 206
Event: 28.286 Thread 0x0000000015cb4000 Uncommon trap: reason=class_check action=maybe_recompile pc=0x0000000002ab7934 method=java.util.HashMap.putVal(ILjava/lang/Object;Ljava/lang/Object;ZZ)Ljava/lang/Object; @ 203

Internal exceptions (5 events):
Event: 5.950 Thread 0x00000000023f1000 Exception <a 'java/lang/NoSuchMethodError': Method sun.misc.Unsafe.defineClass(Ljava/lang/String;[BII)Ljava/lang/Class; name or signature does not match> (0x00000000eab07cc0) thrown at [C:\re\workspace\8-2-build-windows-amd64-cygwin\jdk8u101\7261\hotspot\sy´ùejÌ@
Event: 5.950 Thread 0x00000000023f1000 Exception <a 'java/lang/NoSuchMethodError': Method sun.misc.Unsafe.prefetchRead(Ljava/lang/Object;J)V name or signature does not match> (0x00000000eab07fa8) thrown at [C:\re\workspace\8-2-build-windows-amd64-cygwin\jdk8u101\7261\hotspot\src\share\vm\prims\ÅpbÒWµ9@
Event: 25.708 Thread 0x0000000015cd2000 Exception <a 'java/lang/ArrayIndexOutOfBoundsException': 18> (0x00000000ec29cd18) thrown at [C:\re\workspace\8-2-build-windows-amd64-cygwin\jdk8u101\7261\hotspot\src\share\vm\interpreter\interpreterRuntime.cpp, line 366]
Event: 25.709 Thread 0x0000000015cd2000 Exception <a 'java/lang/ArrayIndexOutOfBoundsException'> (0x00000000ec29e898) thrown at [C:\re\workspace\8-2-build-windows-amd64-cygwin\jdk8u101\7261\hotspot\src\share\vm\runtime\sharedRuntime.cpp, line 605]
Event: 25.726 Thread 0x0000000015cd2000 Exception <a 'java/lang/ArrayIndexOutOfBoundsException'> (0x00000000ec29fb80) thrown at [C:\re\workspace\8-2-build-windows-amd64-cygwin\jdk8u101\7261\hotspot\src\share\vm\runtime\sharedRuntime.cpp, line 605]

Events (10 events):
Event: 28.373 loading class java/util/HashMap$KeySet
Event: 28.405 loading class java/util/HashMap$KeySet done
Event: 28.405 loading class java/util/HashMap$KeyIterator
Event: 28.405 loading class java/util/HashMap$KeyIterator done
Event: 28.444 Thread 0x0000000015cb4000 Thread exited: 0x0000000015cb4000
Event: 28.445 Thread 0x0000000015cd1800 Thread exited: 0x0000000015cd1800
Event: 28.446 Thread 0x0000000015cb8800 Thread exited: 0x0000000015cb8800
Event: 28.446 Thread 0x0000000015cd2000 Thread exited: 0x0000000015cd2000
Event: 28.530 Thread 0x0000000015cb6800 Thread exited: 0x0000000015cb6800
Event: 28.566 loading class java/util/TreeMap$KeySet


Dynamic libraries:
0x00007ff609bd0000 - 0x00007ff609c07000 	C:\Program Files\Java\jdk1.8.0_101\bin\java.exe
0x00007fff403c0000 - 0x00007fff40581000 	C:\Windows\SYSTEM32\ntdll.dll
0x00007fff401c0000 - 0x00007fff4026d000 	C:\Windows\system32\KERNEL32.DLL
0x00007fff3d180000 - 0x00007fff3d35d000 	C:\Windows\system32\KERNELBASE.dll
0x00007fff3dcb0000 - 0x00007fff3dd56000 	C:\Windows\system32\ADVAPI32.dll
0x00007fff400e0000 - 0x00007fff4017d000 	C:\Windows\system32\msvcrt.dll
0x00007fff3dfe0000 - 0x00007fff3e03b000 	C:\Windows\system32\sechost.dll
0x00007fff3da90000 - 0x00007fff3dbb6000 	C:\Windows\system32\RPCRT4.dll
0x00007fff40270000 - 0x00007fff403be000 	C:\Windows\system32\USER32.dll
0x00007fff3e810000 - 0x00007fff3e996000 	C:\Windows\system32\GDI32.dll
0x00007fff2fba0000 - 0x00007fff2fe14000 	C:\Windows\WinSxS\amd64_microsoft.windows.common-controls_6595b64144ccf1df_6.0.10240.16384_none_f41f7b285750ef43\COMCTL32.dll
0x00007fff40180000 - 0x00007fff401b6000 	C:\Windows\system32\IMM32.DLL
0x00007fff3ea50000 - 0x00007fff3ebac000 	C:\Windows\system32\MSCTF.dll
0x000000006e0f0000 - 0x000000006e1c2000 	C:\Program Files\Java\jdk1.8.0_101\jre\bin\msvcr100.dll
0x000000006d850000 - 0x000000006e0ea000 	C:\Program Files\Java\jdk1.8.0_101\jre\bin\server\jvm.dll
0x00007fff3e370000 - 0x00007fff3e378000 	C:\Windows\system32\PSAPI.DLL
0x00007fff3a250000 - 0x00007fff3a259000 	C:\Windows\SYSTEM32\WSOCK32.dll
0x00007fff3e530000 - 0x00007fff3e599000 	C:\Windows\system32\WS2_32.dll
0x00007fff3e800000 - 0x00007fff3e808000 	C:\Windows\system32\NSI.dll
0x00007fff3b470000 - 0x00007fff3b493000 	C:\Windows\SYSTEM32\WINMM.dll
0x00007fff39b40000 - 0x00007fff39b4a000 	C:\Windows\SYSTEM32\VERSION.dll
0x00007fff3b330000 - 0x00007fff3b35c000 	C:\Windows\SYSTEM32\WINMMBASE.dll
0x00007fff3d990000 - 0x00007fff3d9d4000 	C:\Windows\system32\cfgmgr32.dll
0x00007fff3b780000 - 0x00007fff3b7a7000 	C:\Windows\SYSTEM32\DEVOBJ.dll
0x000000006d840000 - 0x000000006d84f000 	C:\Program Files\Java\jdk1.8.0_101\jre\bin\verify.dll
0x000000006d810000 - 0x000000006d839000 	C:\Program Files\Java\jdk1.8.0_101\jre\bin\java.dll
0x000000006d7f0000 - 0x000000006d806000 	C:\Program Files\Java\jdk1.8.0_101\jre\bin\zip.dll
0x00007fff3ebb0000 - 0x00007fff400d2000 	C:\Windows\system32\SHELL32.dll
0x00007fff3d360000 - 0x00007fff3d989000 	C:\Windows\system32\windows.storage.dll
0x00007fff3dd60000 - 0x00007fff3dfdc000 	C:\Windows\system32\combase.dll
0x00007fff3e2b0000 - 0x00007fff3e301000 	C:\Windows\system32\shlwapi.dll
0x00007fff3cdf0000 - 0x00007fff3cdff000 	C:\Windows\system32\kernel.appcore.dll
0x00007fff3d0c0000 - 0x00007fff3d173000 	C:\Windows\system32\shcore.dll
0x00007fff3ce40000 - 0x00007fff3ce8a000 	C:\Windows\system32\powrprof.dll
0x00007fff3ce00000 - 0x00007fff3ce13000 	C:\Windows\system32\profapi.dll

VM Arguments:
jvm_args: -Djava.awt.headless=true -Xmx1024M -Dfile.encoding=x-windows-874 -Duser.country=US -Duser.language=en -Duser.variant 
java_command: com.android.dx.command.Main --dex --force-jumbo --num-threads=4 --output C:\Users\komkrid\Desktop\PGP-master\app\build\intermediates\pre-dexed\debug\com.google.android.gms-play-services-analytics-8.4.0_71d6f81842198d88f6856e12bbbe2626f623510b.jar C:\Users\komkrid\Desktop\PGP-master\app\build\intermediates\exploded-aar\com.google.android.gms\play-services-analytics\8.4.0\jars\classes.jar
java_class_path (initial): C:\Users\komkrid\AppData\Local\Android\sdk\build-tools\24.0.0\lib\dx.jar
Launcher Type: SUN_STANDARD

Environment Variables:
JAVA_HOME=C:\Program Files\Java\jdk1.8.0_101
PATH=C:\ProgramData\Oracle\Java\javapath;C:\Windows\system32;C:\Windows;C:\Windows\System32\Wbem;C:\Windows\System32\WindowsPowerShell\v1.0\;C:\Program Files (x86)\AMD\ATI.ACE\Core-Static;C:\Program Files (x86)\Common Files\Tom Sawyer Software\8.0.0;C:\Program Files\Git\cmd;C:\ProgramData\Oracle\Java\javapath;C:\Windows\system32;C:\Windows;C:\Windows\System32\Wbem;C:\Windows\System32\WindowsPowerShell\v1.0\;C:\Program Files (x86)\AMD\ATI.ACE\Core-Static;C:\Program Files (x86)\Common Files\Tom Sawyer Software\8.0.0;C:\Program Files\Git\cmd;C:\Program Files\Java\jdk1.8.0_101\bin;C:\Users\komkrid\AppData\Local\Android\sdk\platform-tools;C:\Users\komkrid\AppData\Local\Android\sdk\tools;C:\android-adb\
USERNAME=komkrid
OS=Windows_NT
PROCESSOR_IDENTIFIER=AMD64 Family 16 Model 6 Stepping 3, AuthenticAMD



---------------  S Y S T E M  ---------------

OS: Windows 10.0 , 64 bit Build 10240 (10.0.10240.16384)

CPU:total 2 (2 cores per cpu, 1 threads per core) family 16 model 6 stepping 3, cmov, cx8, fxsr, mmx, sse, sse2, sse3, popcnt, mmxext, 3dnowpref, lzcnt, tsc, tscinvbit, tscinv

Memory: 4k page, physical 3930412k(235908k free), swap 7002412k(5432k free)

vm_info: Java HotSpot(TM) 64-Bit Server VM (25.101-b13) for windows-amd64 JRE (1.8.0_101-b13), built on Jun 22 2016 01:21:29 by "java_re" with MS VC++ 10.0 (VS2010)

time: Mon Jan 23 16:15:14 2017
elapsed time: 28 seconds (0d 0h 0m 28s)

