#
# There is insufficient memory for the Java Runtime Environment to continue.
# Native memory allocation (malloc) failed to allocate 397728 bytes for Chunk::new
# Possible reasons:
#   The system is out of physical RAM or swap space
#   In 32 bit mode, the process size limit was hit
# Possible solutions:
#   Reduce memory load on the system
#   Increase physical memory or swap space
#   Check if swap backing store is full
#   Use 64 bit Java on a 64 bit OS
#   Decrease Java heap size (-Xmx/-Xms)
#   Decrease number of Java threads
#   Decrease Java thread stack sizes (-Xss)
#   Set larger code cache with -XX:ReservedCodeCacheSize=
# This output file may be truncated or incomplete.
#
#  Out of Memory Error (allocation.cpp:390), pid=6984, tid=0x0000000000000ea0
#
# JRE version: Java(TM) SE Runtime Environment (8.0_101-b13) (build 1.8.0_101-b13)
# Java VM: Java HotSpot(TM) 64-Bit Server VM (25.101-b13 mixed mode windows-amd64 compressed oops)
# Failed to write core dump. Minidumps are not enabled by default on client versions of Windows
#

---------------  T H R E A D  ---------------

Current thread (0x00000000150b0800):  JavaThread "C2 CompilerThread0" daemon [_thread_in_native, id=3744, stack(0x00000000160c0000,0x00000000161c0000)]

Stack: [0x00000000160c0000,0x00000000161c0000]
[error occurred during error reporting (printing stack bounds), id 0xc0000005]

Native frames: (J=compiled Java code, j=interpreted, Vv=VM code, C=native code)


Current CompileTask:
C2:  23326 1936   !   4       com.android.dx.cf.code.Ropper::processBlock (1101 bytes)


---------------  P R O C E S S  ---------------

Java Threads: ( => current thread )
  0x00000000163fa000 JavaThread "pool-1-thread-4" [_thread_in_Java, id=3588, stack(0x0000000016cc0000,0x0000000016dc0000)]
  0x00000000163f7000 JavaThread "pool-1-thread-3" [_thread_in_Java, id=4628, stack(0x0000000016bc0000,0x0000000016cc0000)]
  0x00000000163f3800 JavaThread "pool-1-thread-2" [_thread_in_Java, id=5244, stack(0x0000000016ac0000,0x0000000016bc0000)]
  0x00000000163e7800 JavaThread "pool-2-thread-1" [_thread_blocked, id=6772, stack(0x00000000169c0000,0x0000000016ac0000)]
  0x00000000163d0800 JavaThread "pool-1-thread-1" [_thread_in_Java, id=3556, stack(0x00000000168c0000,0x00000000169c0000)]
  0x00000000161c7800 JavaThread "Service Thread" daemon [_thread_blocked, id=6264, stack(0x00000000166c0000,0x00000000167c0000)]
  0x00000000161c3000 JavaThread "C1 CompilerThread1" daemon [_thread_blocked, id=4216, stack(0x00000000165c0000,0x00000000166c0000)]
=>0x00000000150b0800 JavaThread "C2 CompilerThread0" daemon [_thread_in_native, id=3744, stack(0x00000000160c0000,0x00000000161c0000)]
  0x00000000150af800 JavaThread "Attach Listener" daemon [_thread_blocked, id=5012, stack(0x0000000015fc0000,0x00000000160c0000)]
  0x00000000150fe800 JavaThread "Signal Dispatcher" daemon [_thread_blocked, id=4292, stack(0x0000000015ec0000,0x0000000015fc0000)]
  0x0000000015098800 JavaThread "Finalizer" daemon [_thread_blocked, id=6024, stack(0x0000000015ce0000,0x0000000015de0000)]
  0x0000000002c0d800 JavaThread "Reference Handler" daemon [_thread_blocked, id=3496, stack(0x0000000015be0000,0x0000000015ce0000)]
  0x0000000002b21000 JavaThread "main" [_thread_in_native, id=184, stack(0x0000000002890000,0x0000000002990000)]

Other Threads:
  0x0000000015075800 VMThread [stack: 0x0000000015ae0000,0x0000000015be0000] [id=3932]
  0x00000000161dd800 WatcherThread [stack: 0x00000000167c0000,0x00000000168c0000] [id=6572]

VM state:not at safepoint (normal execution)

VM Mutex/Monitor currently owned by a thread: None

Heap:
 PSYoungGen      total 74240K, used 50287K [0x00000000eab00000, 0x00000000f3c00000, 0x0000000100000000)
  eden space 61440K, 61% used [0x00000000eab00000,0x00000000ecfa1528,0x00000000ee700000)
  from space 12800K, 99% used [0x00000000f2f80000,0x00000000f3bfa798,0x00000000f3c00000)
  to   space 2560K, 0% used [0x00000000ee700000,0x00000000ee700000,0x00000000ee980000)
 ParOldGen       total 40960K, used 22236K [0x00000000c0000000, 0x00000000c2800000, 0x00000000eab00000)
  object space 40960K, 54% used [0x00000000c0000000,0x00000000c15b7218,0x00000000c2800000)
 Metaspace       used 6544K, capacity 7192K, committed 7424K, reserved 1056768K
  class space    used 621K, capacity 656K, committed 768K, reserved 1048576K

Card table byte_map: [0x0000000011fe0000,0x00000000121f0000] byte_map_base: 0x00000000119e0000

Marking Bits: (ParMarkBitMap*) 0x000000005b1ba6d0
 Begin Bits: [0x0000000012550000, 0x0000000013550000)
 End Bits:   [0x0000000013550000, 0x0000000014550000)

Polling page: 0x0000000001050000

CodeCache: size=245760Kb used=8711Kb max_used=8711Kb free=237048Kb
 bounds [0x0000000002c20000, 0x00000000034b0000, 0x0000000011c20000]
 total_blobs=2206 nmethods=1937 adapters=182
 compilation: enabled

Compilation events (10 events):
Event: 23.111 Thread 0x00000000161c3000 1963       3       java.lang.String::lastIndexOf (151 bytes)
Event: 23.111 Thread 0x00000000161c3000 nmethod 1963 0x000000000349ef90 code [0x000000000349f140, 0x000000000349f690]
Event: 23.112 Thread 0x00000000161c3000 1964       2       com.android.dx.cf.attrib.InnerClassList::<init> (6 bytes)
Event: 23.112 Thread 0x00000000161c3000 nmethod 1964 0x000000000349fb10 code [0x000000000349fc80, 0x000000000349fde8]
Event: 23.112 Thread 0x00000000161c3000 1965   !   2       com.android.dx.cf.attrib.AttInnerClasses::<init> (43 bytes)
Event: 23.112 Thread 0x00000000161c3000 nmethod 1965 0x000000000349fe90 code [0x00000000034a0020, 0x00000000034a0338]
Event: 23.112 Thread 0x00000000161c3000 1966       2       com.android.dx.cf.attrib.AttInnerClasses::byteLength (14 bytes)
Event: 23.113 Thread 0x00000000161c3000 nmethod 1966 0x00000000034a0550 code [0x00000000034a06a0, 0x00000000034a0810]
Event: 23.277 Thread 0x00000000161c3000 1968       2       java.util.DualPivotQuicksort::sort (1195 bytes)
Event: 23.280 Thread 0x00000000161c3000 nmethod 1968 0x00000000034a08d0 code [0x00000000034a0bc0, 0x00000000034a20a8]

GC Heap History (10 events):
Event: 8.599 GC heap before
{Heap before GC invocations=2 (full 0):
 PSYoungGen      total 17920K, used 17892K [0x00000000eab00000, 0x00000000ece00000, 0x0000000100000000)
  eden space 15360K, 100% used [0x00000000eab00000,0x00000000eba00000,0x00000000eba00000)
  from space 2560K, 98% used [0x00000000eba00000,0x00000000ebc792a0,0x00000000ebc80000)
  to   space 2560K, 0% used [0x00000000ecb80000,0x00000000ecb80000,0x00000000ece00000)
 ParOldGen       total 40960K, used 875K [0x00000000c0000000, 0x00000000c2800000, 0x00000000eab00000)
  object space 40960K, 2% used [0x00000000c0000000,0x00000000c00dad40,0x00000000c2800000)
 Metaspace       used 5996K, capacity 6836K, committed 7040K, reserved 1056768K
  class space    used 597K, capacity 620K, committed 640K, reserved 1048576K
Event: 8.693 GC heap after
Heap after GC invocations=2 (full 0):
 PSYoungGen      total 33280K, used 2528K [0x00000000eab00000, 0x00000000ece00000, 0x0000000100000000)
  eden space 30720K, 0% used [0x00000000eab00000,0x00000000eab00000,0x00000000ec900000)
  from space 2560K, 98% used [0x00000000ecb80000,0x00000000ecdf8038,0x00000000ece00000)
  to   space 2560K, 0% used [0x00000000ec900000,0x00000000ec900000,0x00000000ecb80000)
 ParOldGen       total 40960K, used 2780K [0x00000000c0000000, 0x00000000c2800000, 0x00000000eab00000)
  object space 40960K, 6% used [0x00000000c0000000,0x00000000c02b7038,0x00000000c2800000)
 Metaspace       used 5996K, capacity 6836K, committed 7040K, reserved 1056768K
  class space    used 597K, capacity 620K, committed 640K, reserved 1048576K
}
Event: 18.794 GC heap before
{Heap before GC invocations=3 (full 0):
 PSYoungGen      total 33280K, used 33248K [0x00000000eab00000, 0x00000000ece00000, 0x0000000100000000)
  eden space 30720K, 100% used [0x00000000eab00000,0x00000000ec900000,0x00000000ec900000)
  from space 2560K, 98% used [0x00000000ecb80000,0x00000000ecdf8038,0x00000000ece00000)
  to   space 2560K, 0% used [0x00000000ec900000,0x00000000ec900000,0x00000000ecb80000)
 ParOldGen       total 40960K, used 2780K [0x00000000c0000000, 0x00000000c2800000, 0x00000000eab00000)
  object space 40960K, 6% used [0x00000000c0000000,0x00000000c02b7038,0x00000000c2800000)
 Metaspace       used 6232K, capacity 7030K, committed 7296K, reserved 1056768K
  class space    used 602K, capacity 622K, committed 640K, reserved 1048576K
Event: 18.926 GC heap after
Heap after GC invocations=3 (full 0):
 PSYoungGen      total 33280K, used 2528K [0x00000000eab00000, 0x00000000eec00000, 0x0000000100000000)
  eden space 30720K, 0% used [0x00000000eab00000,0x00000000eab00000,0x00000000ec900000)
  from space 2560K, 98% used [0x00000000ec900000,0x00000000ecb78028,0x00000000ecb80000)
  to   space 2560K, 0% used [0x00000000ee980000,0x00000000ee980000,0x00000000eec00000)
 ParOldGen       total 40960K, used 7506K [0x00000000c0000000, 0x00000000c2800000, 0x00000000eab00000)
  object space 40960K, 18% used [0x00000000c0000000,0x00000000c0754a88,0x00000000c2800000)
 Metaspace       used 6232K, capacity 7030K, committed 7296K, reserved 1056768K
  class space    used 602K, capacity 622K, committed 640K, reserved 1048576K
}
Event: 19.585 GC heap before
{Heap before GC invocations=4 (full 0):
 PSYoungGen      total 33280K, used 33248K [0x00000000eab00000, 0x00000000eec00000, 0x0000000100000000)
  eden space 30720K, 100% used [0x00000000eab00000,0x00000000ec900000,0x00000000ec900000)
  from space 2560K, 98% used [0x00000000ec900000,0x00000000ecb78028,0x00000000ecb80000)
  to   space 2560K, 0% used [0x00000000ee980000,0x00000000ee980000,0x00000000eec00000)
 ParOldGen       total 40960K, used 7506K [0x00000000c0000000, 0x00000000c2800000, 0x00000000eab00000)
  object space 40960K, 18% used [0x00000000c0000000,0x00000000c0754a88,0x00000000c2800000)
 Metaspace       used 6270K, capacity 7094K, committed 7296K, reserved 1056768K
  class space    used 602K, capacity 622K, committed 640K, reserved 1048576K
Event: 19.691 GC heap after
Heap after GC invocations=4 (full 0):
 PSYoungGen      total 64000K, used 2546K [0x00000000eab00000, 0x00000000eec00000, 0x0000000100000000)
  eden space 61440K, 0% used [0x00000000eab00000,0x00000000eab00000,0x00000000ee700000)
  from space 2560K, 99% used [0x00000000ee980000,0x00000000eebfcbc8,0x00000000eec00000)
  to   space 2560K, 0% used [0x00000000ee700000,0x00000000ee700000,0x00000000ee980000)
 ParOldGen       total 40960K, used 11763K [0x00000000c0000000, 0x00000000c2800000, 0x00000000eab00000)
  object space 40960K, 28% used [0x00000000c0000000,0x00000000c0b7cdd0,0x00000000c2800000)
 Metaspace       used 6270K, capacity 7094K, committed 7296K, reserved 1056768K
  class space    used 602K, capacity 622K, committed 640K, reserved 1048576K
}
Event: 20.831 GC heap before
{Heap before GC invocations=5 (full 0):
 PSYoungGen      total 64000K, used 63986K [0x00000000eab00000, 0x00000000eec00000, 0x0000000100000000)
  eden space 61440K, 100% used [0x00000000eab00000,0x00000000ee700000,0x00000000ee700000)
  from space 2560K, 99% used [0x00000000ee980000,0x00000000eebfcbc8,0x00000000eec00000)
  to   space 2560K, 0% used [0x00000000ee700000,0x00000000ee700000,0x00000000ee980000)
 ParOldGen       total 40960K, used 11763K [0x00000000c0000000, 0x00000000c2800000, 0x00000000eab00000)
  object space 40960K, 28% used [0x00000000c0000000,0x00000000c0b7cdd0,0x00000000c2800000)
 Metaspace       used 6327K, capacity 7094K, committed 7296K, reserved 1056768K
  class space    used 602K, capacity 622K, committed 640K, reserved 1048576K
Event: 20.925 GC heap after
Heap after GC invocations=5 (full 0):
 PSYoungGen      total 64000K, used 2535K [0x00000000eab00000, 0x00000000f3c00000, 0x0000000100000000)
  eden space 61440K, 0% used [0x00000000eab00000,0x00000000eab00000,0x00000000ee700000)
  from space 2560K, 99% used [0x00000000ee700000,0x00000000ee979f10,0x00000000ee980000)
  to   space 12800K, 0% used [0x00000000f2f80000,0x00000000f2f80000,0x00000000f3c00000)
 ParOldGen       total 40960K, used 21364K [0x00000000c0000000, 0x00000000c2800000, 0x00000000eab00000)
  object space 40960K, 52% used [0x00000000c0000000,0x00000000c14dd308,0x00000000c2800000)
 Metaspace       used 6327K, capacity 7094K, committed 7296K, reserved 1056768K
  class space    used 602K, capacity 622K, committed 640K, reserved 1048576K
}
Event: 22.045 GC heap before
{Heap before GC invocations=6 (full 0):
 PSYoungGen      total 64000K, used 63975K [0x00000000eab00000, 0x00000000f3c00000, 0x0000000100000000)
  eden space 61440K, 100% used [0x00000000eab00000,0x00000000ee700000,0x00000000ee700000)
  from space 2560K, 99% used [0x00000000ee700000,0x00000000ee979f10,0x00000000ee980000)
  to   space 12800K, 0% used [0x00000000f2f80000,0x00000000f2f80000,0x00000000f3c00000)
 ParOldGen       total 40960K, used 21364K [0x00000000c0000000, 0x00000000c2800000, 0x00000000eab00000)
  object space 40960K, 52% used [0x00000000c0000000,0x00000000c14dd308,0x00000000c2800000)
 Metaspace       used 6519K, capacity 7192K, committed 7424K, reserved 1056768K
  class space    used 621K, capacity 656K, committed 768K, reserved 1048576K
Event: 22.423 GC heap after
Heap after GC invocations=6 (full 0):
 PSYoungGen      total 74240K, used 12777K [0x00000000eab00000, 0x00000000f3c00000, 0x0000000100000000)
  eden space 61440K, 0% used [0x00000000eab00000,0x00000000eab00000,0x00000000ee700000)
  from space 12800K, 99% used [0x00000000f2f80000,0x00000000f3bfa798,0x00000000f3c00000)
  to   space 2560K, 0% used [0x00000000ee700000,0x00000000ee700000,0x00000000ee980000)
 ParOldGen       total 40960K, used 22236K [0x00000000c0000000, 0x00000000c2800000, 0x00000000eab00000)
  object space 40960K, 54% used [0x00000000c0000000,0x00000000c15b7218,0x00000000c2800000)
 Metaspace       used 6519K, capacity 7192K, committed 7424K, reserved 1056768K
  class space    used 621K, capacity 656K, committed 768K, reserved 1048576K
}

Deoptimization events (10 events):
Event: 21.265 Thread 0x00000000163fa000 Uncommon trap: reason=bimorphic action=maybe_recompile pc=0x0000000002f43298 method=java.util.HashMap.getNode(ILjava/lang/Object;)Ljava/util/HashMap$Node; @ 126
Event: 21.265 Thread 0x00000000163fa000 Uncommon trap: reason=class_check action=maybe_recompile pc=0x0000000003280ba8 method=java.util.HashMap.putVal(ILjava/lang/Object;Ljava/lang/Object;ZZ)Ljava/lang/Object; @ 203
Event: 21.265 Thread 0x00000000163fa000 Uncommon trap: reason=class_check action=maybe_recompile pc=0x0000000003280ba8 method=java.util.HashMap.putVal(ILjava/lang/Object;Ljava/lang/Object;ZZ)Ljava/lang/Object; @ 203
Event: 21.372 Thread 0x00000000163f3800 Uncommon trap: reason=bimorphic action=maybe_recompile pc=0x0000000002f7a0dc method=java.util.HashMap.getNode(ILjava/lang/Object;)Ljava/util/HashMap$Node; @ 126
Event: 21.572 Thread 0x00000000163d0800 Uncommon trap: reason=unstable_if action=reinterpret pc=0x0000000002ff85b4 method=java.util.HashMap.putVal(ILjava/lang/Object;Ljava/lang/Object;ZZ)Ljava/lang/Object; @ 162
Event: 21.852 Thread 0x0000000002b21000 Uncommon trap: reason=speculate_class_check action=maybe_recompile pc=0x00000000033850b4 method=com.android.dx.rop.cst.TypedConstant.getBasicType()I @ 1
Event: 21.872 Thread 0x00000000163d0800 Uncommon trap: reason=unstable_if action=reinterpret pc=0x000000000320f474 method=com.android.dx.cf.code.Merger.mergeType(Lcom/android/dx/rop/type/TypeBearer;Lcom/android/dx/rop/type/TypeBearer;)Lcom/android/dx/rop/type/TypeBearer; @ 52
Event: 22.464 Thread 0x00000000163f7000 Uncommon trap: reason=unstable_if action=reinterpret pc=0x0000000003214894 method=java.util.HashMap.resize()[Ljava/util/HashMap$Node; @ 206
Event: 23.059 Thread 0x00000000163f3800 Uncommon trap: reason=bimorphic action=maybe_recompile pc=0x000000000347c848 method=com.android.dx.cf.code.BytecodeArray.parseInstruction(ILcom/android/dx/cf/code/BytecodeArray$Visitor;)I @ 1357
Event: 23.060 Thread 0x00000000163f3800 Uncommon trap: reason=bimorphic action=maybe_recompile pc=0x000000000347c848 method=com.android.dx.cf.code.BytecodeArray.parseInstruction(ILcom/android/dx/cf/code/BytecodeArray$Visitor;)I @ 1357

Internal exceptions (5 events):
Event: 2.421 Thread 0x0000000002b21000 Exception <a 'java/lang/NoSuchMethodError': Method sun.misc.Unsafe.defineClass(Ljava/lang/String;[BII)Ljava/lang/Class; name or signature does not match> (0x00000000eab07cc0) thrown at [C:\re\workspace\8-2-build-windows-amd64-cygwin\jdk8u101\7261\hotspot\s³Ð
Event: 2.421 Thread 0x0000000002b21000 Exception <a 'java/lang/NoSuchMethodError': Method sun.misc.Unsafe.prefetchRead(Ljava/lang/Object;J)V name or signature does not match> (0x00000000eab07fa8) thrown at [C:\re\workspace\8-2-build-windows-amd64-cygwin\jdk8u101\7261\hotspot\src\share\vm\prims\žÄxòÝ’5@
Event: 21.574 Thread 0x00000000163d0800 Exception <a 'java/lang/ArrayIndexOutOfBoundsException': 18> (0x00000000ed8ff8e0) thrown at [C:\re\workspace\8-2-build-windows-amd64-cygwin\jdk8u101\7261\hotspot\src\share\vm\interpreter\interpreterRuntime.cpp, line 366]
Event: 21.575 Thread 0x00000000163d0800 Exception <a 'java/lang/ArrayIndexOutOfBoundsException'> (0x00000000ed901460) thrown at [C:\re\workspace\8-2-build-windows-amd64-cygwin\jdk8u101\7261\hotspot\src\share\vm\runtime\sharedRuntime.cpp, line 605]
Event: 21.576 Thread 0x00000000163d0800 Exception <a 'java/lang/ArrayIndexOutOfBoundsException'> (0x00000000ed902748) thrown at [C:\re\workspace\8-2-build-windows-amd64-cygwin\jdk8u101\7261\hotspot\src\share\vm\runtime\sharedRuntime.cpp, line 605]

Events (10 events):
Event: 23.059 Thread 0x00000000163f3800 Uncommon trap: trap_request=0xffffffc6 fr.pc=0x000000000347c848
Event: 23.059 Thread 0x00000000163f3800 DEOPT PACKING pc=0x000000000347c848 sp=0x0000000016bbe340
Event: 23.059 Thread 0x00000000163f3800 DEOPT UNPACKING pc=0x0000000002c6582a sp=0x0000000016bbe300 mode 2
Event: 23.060 Thread 0x00000000163f3800 Uncommon trap: trap_request=0xffffffc6 fr.pc=0x000000000347c848
Event: 23.060 Thread 0x00000000163f3800 DEOPT PACKING pc=0x000000000347c848 sp=0x0000000016bbe1a0
Event: 23.060 Thread 0x00000000163f3800 DEOPT UNPACKING pc=0x0000000002c6582a sp=0x0000000016bbe160 mode 2
Event: 23.076 Thread 0x00000000163f7000 DEOPT PACKING pc=0x0000000003086156 sp=0x0000000016cbe740
Event: 23.076 Thread 0x00000000163f7000 DEOPT UNPACKING pc=0x0000000002c6747f sp=0x0000000016cbe4a8 mode 0
Event: 23.111 Thread 0x0000000002b21000 DEOPT PACKING pc=0x0000000003348968 sp=0x000000000298eae0
Event: 23.111 Thread 0x0000000002b21000 DEOPT UNPACKING pc=0x0000000002c6747f sp=0x000000000298e7a8 mode 0


Dynamic libraries:
0x00007ff65b120000 - 0x00007ff65b157000 	C:\Program Files\Java\jdk1.8.0_101\bin\java.exe
0x00007ffa7e4c0000 - 0x00007ffa7e681000 	C:\Windows\SYSTEM32\ntdll.dll
0x00007ffa7e280000 - 0x00007ffa7e32d000 	C:\Windows\system32\KERNEL32.DLL
0x00007ffa7b9b0000 - 0x00007ffa7bb8d000 	C:\Windows\system32\KERNELBASE.dll
0x00007ffa7d690000 - 0x00007ffa7d736000 	C:\Windows\system32\ADVAPI32.dll
0x00007ffa7d440000 - 0x00007ffa7d4dd000 	C:\Windows\system32\msvcrt.dll
0x00007ffa7dd20000 - 0x00007ffa7dd7b000 	C:\Windows\system32\sechost.dll
0x00007ffa7d9c0000 - 0x00007ffa7dae6000 	C:\Windows\system32\RPCRT4.dll
0x00007ffa7dbd0000 - 0x00007ffa7dd1e000 	C:\Windows\system32\USER32.dll
0x00007ffa7e330000 - 0x00007ffa7e4b6000 	C:\Windows\system32\GDI32.dll
0x00007ffa73af0000 - 0x00007ffa73d64000 	C:\Windows\WinSxS\amd64_microsoft.windows.common-controls_6595b64144ccf1df_6.0.10240.16384_none_f41f7b285750ef43\COMCTL32.dll
0x00007ffa7d210000 - 0x00007ffa7d246000 	C:\Windows\system32\IMM32.DLL
0x00007ffa7d740000 - 0x00007ffa7d89c000 	C:\Windows\system32\MSCTF.dll
0x000000005bd60000 - 0x000000005be32000 	C:\Program Files\Java\jdk1.8.0_101\jre\bin\msvcr100.dll
0x000000005a9a0000 - 0x000000005b23a000 	C:\Program Files\Java\jdk1.8.0_101\jre\bin\server\jvm.dll
0x00007ffa7d420000 - 0x00007ffa7d428000 	C:\Windows\system32\PSAPI.DLL
0x00007ffa784a0000 - 0x00007ffa784a9000 	C:\Windows\SYSTEM32\WSOCK32.dll
0x00007ffa7d180000 - 0x00007ffa7d1e9000 	C:\Windows\system32\WS2_32.dll
0x00007ffa7bc40000 - 0x00007ffa7bc48000 	C:\Windows\system32\NSI.dll
0x00007ffa79570000 - 0x00007ffa79593000 	C:\Windows\SYSTEM32\WINMM.dll
0x00007ffa77b70000 - 0x00007ffa77b7a000 	C:\Windows\SYSTEM32\VERSION.dll
0x00007ffa79540000 - 0x00007ffa7956c000 	C:\Windows\SYSTEM32\WINMMBASE.dll
0x00007ffa7af90000 - 0x00007ffa7afd4000 	C:\Windows\system32\cfgmgr32.dll
0x00007ffa79880000 - 0x00007ffa798a7000 	C:\Windows\SYSTEM32\DEVOBJ.dll
0x000000005bd50000 - 0x000000005bd5f000 	C:\Program Files\Java\jdk1.8.0_101\jre\bin\verify.dll
0x000000005bd20000 - 0x000000005bd49000 	C:\Program Files\Java\jdk1.8.0_101\jre\bin\java.dll
0x000000005bd00000 - 0x000000005bd16000 	C:\Program Files\Java\jdk1.8.0_101\jre\bin\zip.dll
0x00007ffa7bc50000 - 0x00007ffa7d172000 	C:\Windows\system32\SHELL32.dll
0x00007ffa7b320000 - 0x00007ffa7b949000 	C:\Windows\system32\windows.storage.dll
0x00007ffa7dd80000 - 0x00007ffa7dffc000 	C:\Windows\system32\combase.dll
0x00007ffa7d960000 - 0x00007ffa7d9b1000 	C:\Windows\system32\shlwapi.dll
0x00007ffa7aef0000 - 0x00007ffa7aeff000 	C:\Windows\system32\kernel.appcore.dll
0x00007ffa7b090000 - 0x00007ffa7b143000 	C:\Windows\system32\shcore.dll
0x00007ffa7af00000 - 0x00007ffa7af4a000 	C:\Windows\system32\powrprof.dll
0x00007ffa7af70000 - 0x00007ffa7af83000 	C:\Windows\system32\profapi.dll

VM Arguments:
jvm_args: -Djava.awt.headless=true -Xmx1024M -Dfile.encoding=x-windows-874 -Duser.country=US -Duser.language=en -Duser.variant 
java_command: com.android.dx.command.Main --dex --force-jumbo --num-threads=4 --output C:\Users\komkrid\Desktop\PGP-master\app\build\intermediates\pre-dexed\debug\com.google.android.gms-play-services-analytics-8.1.0_e1f29209e0196d461bd9c6057f011411d07b31d4.jar C:\Users\komkrid\Desktop\PGP-master\app\build\intermediates\exploded-aar\com.google.android.gms\play-services-analytics\8.1.0\jars\classes.jar
java_class_path (initial): C:\Users\komkrid\AppData\Local\Android\sdk\build-tools\24.0.0\lib\dx.jar
Launcher Type: SUN_STANDARD

Environment Variables:
JAVA_HOME=C:\Program Files\Java\jdk1.8.0_101
PATH=C:\ProgramData\Oracle\Java\javapath;C:\Windows\system32;C:\Windows;C:\Windows\System32\Wbem;C:\Windows\System32\WindowsPowerShell\v1.0\;C:\Program Files (x86)\AMD\ATI.ACE\Core-Static;C:\Program Files (x86)\Common Files\Tom Sawyer Software\8.0.0;C:\Program Files\Git\cmd;C:\ProgramData\Oracle\Java\javapath;C:\Windows\system32;C:\Windows;C:\Windows\System32\Wbem;C:\Windows\System32\WindowsPowerShell\v1.0\;C:\Program Files (x86)\AMD\ATI.ACE\Core-Static;C:\Program Files (x86)\Common Files\Tom Sawyer Software\8.0.0;C:\Program Files\Git\cmd;C:\Program Files\Java\jdk1.8.0_101\bin;C:\Users\komkrid\AppData\Local\Android\sdk\platform-tools;C:\Users\komkrid\AppData\Local\Android\sdk\tools;C:\android-adb\
USERNAME=komkrid
OS=Windows_NT
PROCESSOR_IDENTIFIER=AMD64 Family 16 Model 6 Stepping 3, AuthenticAMD



---------------  S Y S T E M  ---------------

OS: Windows 10.0 , 64 bit Build 10240 (10.0.10240.16384)

CPU:total 2 (2 cores per cpu, 1 threads per core) family 16 model 6 stepping 3, cmov, cx8, fxsr, mmx, sse, sse2, sse3, popcnt, mmxext, 3dnowpref, lzcnt, tsc, tscinvbit, tscinv

Memory: 4k page, physical 3930412k(172620k free), swap 7002412k(5312k free)

vm_info: Java HotSpot(TM) 64-Bit Server VM (25.101-b13) for windows-amd64 JRE (1.8.0_101-b13), built on Jun 22 2016 01:21:29 by "java_re" with MS VC++ 10.0 (VS2010)

time: Tue Jan 17 09:05:00 2017
elapsed time: 23 seconds (0d 0h 0m 23s)

