#
# There is insufficient memory for the Java Runtime Environment to continue.
# Native memory allocation (malloc) failed to allocate 32744 bytes for ChunkPool::allocate
# Possible reasons:
#   The system is out of physical RAM or swap space
#   In 32 bit mode, the process size limit was hit
# Possible solutions:
#   Reduce memory load on the system
#   Increase physical memory or swap space
#   Check if swap backing store is full
#   Use 64 bit Java on a 64 bit OS
#   Decrease Java heap size (-Xmx/-Xms)
#   Decrease number of Java threads
#   Decrease Java thread stack sizes (-Xss)
#   Set larger code cache with -XX:ReservedCodeCacheSize=
# This output file may be truncated or incomplete.
#
#  Out of Memory Error (allocation.cpp:273), pid=948, tid=0x0000000000000320
#
# JRE version: Java(TM) SE Runtime Environment (8.0_101-b13) (build 1.8.0_101-b13)
# Java VM: Java HotSpot(TM) 64-Bit Server VM (25.101-b13 mixed mode windows-amd64 compressed oops)
# Failed to write core dump. Minidumps are not enabled by default on client versions of Windows
#

---------------  T H R E A D  ---------------

Current thread (0x0000000014b60800):  JavaThread "C2 CompilerThread0" daemon [_thread_in_native, id=800, stack(0x0000000015b80000,0x0000000015c80000)]

Stack: [0x0000000015b80000,0x0000000015c80000]
[error occurred during error reporting (printing stack bounds), id 0xc0000005]

Native frames: (J=compiled Java code, j=interpreted, Vv=VM code, C=native code)


Current CompileTask:
C2:   1982  588       4       java.lang.Math::max (11 bytes)


---------------  P R O C E S S  ---------------

Java Threads: ( => current thread )
  0x0000000015fa7000 JavaThread "pool-1-thread-4" [_thread_blocked, id=6552, stack(0x0000000016780000,0x0000000016880000)]
  0x0000000015fa4000 JavaThread "pool-1-thread-3" [_thread_blocked, id=3328, stack(0x0000000016680000,0x0000000016780000)]
  0x0000000015fa1000 JavaThread "pool-1-thread-2" [_thread_blocked, id=8368, stack(0x0000000016580000,0x0000000016680000)]
  0x0000000015f97000 JavaThread "pool-2-thread-1" [_thread_blocked, id=8156, stack(0x0000000016480000,0x0000000016580000)]
  0x0000000015f96800 JavaThread "pool-1-thread-1" [_thread_blocked, id=1508, stack(0x0000000016380000,0x0000000016480000)]
  0x0000000015d8d000 JavaThread "Service Thread" daemon [_thread_blocked, id=3108, stack(0x0000000016180000,0x0000000016280000)]
  0x0000000014b63800 JavaThread "C1 CompilerThread1" daemon [_thread_in_native, id=356, stack(0x0000000015c80000,0x0000000015d80000)]
=>0x0000000014b60800 JavaThread "C2 CompilerThread0" daemon [_thread_in_native, id=800, stack(0x0000000015b80000,0x0000000015c80000)]
  0x0000000014b5f000 JavaThread "Attach Listener" daemon [_thread_blocked, id=7968, stack(0x0000000015a80000,0x0000000015b80000)]
  0x0000000014bae800 JavaThread "Signal Dispatcher" daemon [_thread_blocked, id=1084, stack(0x0000000015980000,0x0000000015a80000)]
  0x0000000014b48800 JavaThread "Finalizer" daemon [_thread_blocked, id=6272, stack(0x00000000157a0000,0x00000000158a0000)]
  0x00000000026bd800 JavaThread "Reference Handler" daemon [_thread_blocked, id=9196, stack(0x00000000156a0000,0x00000000157a0000)]
  0x00000000025d1000 JavaThread "main" [_thread_blocked, id=4340, stack(0x0000000002460000,0x0000000002560000)]

Other Threads:
  0x0000000014b25800 VMThread [stack: 0x00000000155a0000,0x00000000156a0000] [id=7356]
  0x0000000015db9000 WatcherThread [stack: 0x0000000016280000,0x0000000016380000] [id=6988]

VM state:at safepoint (normal execution)

VM Mutex/Monitor currently owned by a thread:  ([mutex/lock_event])
[0x0000000000cac420] Threads_lock - owner thread: 0x0000000014b25800
[0x0000000000cac020] Heap_lock - owner thread: 0x0000000015fa1000
[0x0000000000cae0b0] MethodData_lock - owner thread: 0x00000000025d1000

Heap:
 PSYoungGen      total 17920K, used 13972K [0x00000000eab00000, 0x00000000ebf00000, 0x0000000100000000)
  eden space 15360K, 90% used [0x00000000eab00000,0x00000000eb8a5010,0x00000000eba00000)
  from space 2560K, 0% used [0x00000000ebc80000,0x00000000ebc80000,0x00000000ebf00000)
  to   space 2560K, 0% used [0x00000000eba00000,0x00000000eba00000,0x00000000ebc80000)
 ParOldGen       total 40960K, used 0K [0x00000000c0000000, 0x00000000c2800000, 0x00000000eab00000)
  object space 40960K, 0% used [0x00000000c0000000,0x00000000c0000000,0x00000000c2800000)
 Metaspace       used 5555K, capacity 6450K, committed 6528K, reserved 1069056K
  class space    used 598K, capacity 618K, committed 640K, reserved 1048576K

Card table byte_map: [0x0000000011a90000,0x0000000011ca0000] byte_map_base: 0x0000000011490000

Marking Bits: (ParMarkBitMap*) 0x000000006e06a6d0
 Begin Bits: [0x0000000012000000, 0x0000000013000000)
 End Bits:   [0x0000000013000000, 0x0000000014000000)

Polling page: 0x0000000000be0000

CodeCache: size=245760Kb used=2239Kb max_used=2250Kb free=243520Kb
 bounds [0x00000000026d0000, 0x0000000002940000, 0x00000000116d0000]
 total_blobs=837 nmethods=569 adapters=182
 compilation: enabled

Compilation events (10 events):
Event: 1.824 Thread 0x0000000014b63800  562       3       com.android.dx.rop.code.RegisterSpec::make (7 bytes)
Event: 1.824 Thread 0x0000000014b63800 nmethod 562 0x00000000028ede50 code [0x00000000028edfc0, 0x00000000028ee128]
Event: 1.824 Thread 0x0000000014b63800  546       3       com.android.dx.rop.code.Rop::canThrow (18 bytes)
Event: 1.824 Thread 0x0000000014b63800 nmethod 546 0x00000000028fdf90 code [0x00000000028fe100, 0x00000000028fe368]
Event: 1.824 Thread 0x0000000014b63800  570   !   3       com.android.dx.cf.code.BytecodeArray::parseInstruction (2764 bytes)
Event: 1.824 Thread 0x0000000014b60800  577       4       com.android.dx.rop.type.Type::getCategory (36 bytes)
Event: 1.825 Thread 0x0000000014b60800 nmethod 577 0x0000000002900710 code [0x0000000002900840, 0x00000000029008b8]
Event: 1.830 Thread 0x0000000014b60800  587       4       com.android.dx.ssa.NormalSsaInsn::isNormalMoveInsn (20 bytes)
Event: 1.831 Thread 0x0000000014b60800 nmethod 587 0x00000000028fdd10 code [0x00000000028fde40, 0x00000000028fded8]
Event: 1.838 Thread 0x0000000014b60800  588       4       java.lang.Math::max (11 bytes)

GC Heap History (0 events):
No events

Deoptimization events (0 events):
No events

Internal exceptions (2 events):
Event: 0.052 Thread 0x00000000025d1000 Exception <a 'java/lang/NoSuchMethodError': Method sun.misc.Unsafe.defineClass(Ljava/lang/String;[BII)Ljava/lang/Class; name or signature does not match> (0x00000000eab07cc0) thrown at [C:\re\workspace\8-2-build-windows-amd64-cygwin\jdk8u101\7261\hotspot\sÉæO¼’ª?
Event: 0.052 Thread 0x00000000025d1000 Exception <a 'java/lang/NoSuchMethodError': Method sun.misc.Unsafe.prefetchRead(Ljava/lang/Object;J)V name or signature does not match> (0x00000000eab07fa8) thrown at [C:\re\workspace\8-2-build-windows-amd64-cygwin\jdk8u101\7261\hotspot\src\share\vm\prims\

Events (10 events):
Event: 1.730 loading class java/util/TreeMap$EntrySet
Event: 1.730 loading class java/util/TreeMap$EntrySet done
Event: 1.731 loading class java/util/TreeMap$EntryIterator
Event: 1.731 loading class java/util/TreeMap$EntryIterator done
Event: 1.756 loading class com/android/dx/cf/code/SwitchList
Event: 1.756 loading class com/android/dx/cf/code/SwitchList done
Event: 1.771 loading class com/android/dx/ssa/back/FirstFitLocalCombiningAllocator$Multiset
Event: 1.771 loading class com/android/dx/ssa/back/FirstFitLocalCombiningAllocator$Multiset done
Event: 1.832 Executing VM operation: CollectForMetadataAllocation
Event: 1.837 Executing VM operation: CollectForMetadataAllocation done


Dynamic libraries:
0x00007ff609bd0000 - 0x00007ff609c07000 	C:\Program Files\Java\jdk1.8.0_101\bin\java.exe
0x00007fff403c0000 - 0x00007fff40581000 	C:\Windows\SYSTEM32\ntdll.dll
0x00007fff401c0000 - 0x00007fff4026d000 	C:\Windows\system32\KERNEL32.DLL
0x00007fff3d180000 - 0x00007fff3d35d000 	C:\Windows\system32\KERNELBASE.dll
0x00007fff3dcb0000 - 0x00007fff3dd56000 	C:\Windows\system32\ADVAPI32.dll
0x00007fff400e0000 - 0x00007fff4017d000 	C:\Windows\system32\msvcrt.dll
0x00007fff3dfe0000 - 0x00007fff3e03b000 	C:\Windows\system32\sechost.dll
0x00007fff3da90000 - 0x00007fff3dbb6000 	C:\Windows\system32\RPCRT4.dll
0x00007fff40270000 - 0x00007fff403be000 	C:\Windows\system32\USER32.dll
0x00007fff3e810000 - 0x00007fff3e996000 	C:\Windows\system32\GDI32.dll
0x00007fff2fba0000 - 0x00007fff2fe14000 	C:\Windows\WinSxS\amd64_microsoft.windows.common-controls_6595b64144ccf1df_6.0.10240.16384_none_f41f7b285750ef43\COMCTL32.dll
0x00007fff40180000 - 0x00007fff401b6000 	C:\Windows\system32\IMM32.DLL
0x00007fff3ea50000 - 0x00007fff3ebac000 	C:\Windows\system32\MSCTF.dll
0x000000006e0f0000 - 0x000000006e1c2000 	C:\Program Files\Java\jdk1.8.0_101\jre\bin\msvcr100.dll
0x000000006d850000 - 0x000000006e0ea000 	C:\Program Files\Java\jdk1.8.0_101\jre\bin\server\jvm.dll
0x00007fff3e370000 - 0x00007fff3e378000 	C:\Windows\system32\PSAPI.DLL
0x00007fff3a250000 - 0x00007fff3a259000 	C:\Windows\SYSTEM32\WSOCK32.dll
0x00007fff3e530000 - 0x00007fff3e599000 	C:\Windows\system32\WS2_32.dll
0x00007fff3e800000 - 0x00007fff3e808000 	C:\Windows\system32\NSI.dll
0x00007fff3b470000 - 0x00007fff3b493000 	C:\Windows\SYSTEM32\WINMM.dll
0x00007fff39b40000 - 0x00007fff39b4a000 	C:\Windows\SYSTEM32\VERSION.dll
0x00007fff3b330000 - 0x00007fff3b35c000 	C:\Windows\SYSTEM32\WINMMBASE.dll
0x00007fff3d990000 - 0x00007fff3d9d4000 	C:\Windows\system32\cfgmgr32.dll
0x00007fff3b780000 - 0x00007fff3b7a7000 	C:\Windows\SYSTEM32\DEVOBJ.dll
0x000000006d840000 - 0x000000006d84f000 	C:\Program Files\Java\jdk1.8.0_101\jre\bin\verify.dll
0x000000006d810000 - 0x000000006d839000 	C:\Program Files\Java\jdk1.8.0_101\jre\bin\java.dll
0x000000006d7f0000 - 0x000000006d806000 	C:\Program Files\Java\jdk1.8.0_101\jre\bin\zip.dll
0x00007fff3ebb0000 - 0x00007fff400d2000 	C:\Windows\system32\SHELL32.dll
0x00007fff3d360000 - 0x00007fff3d989000 	C:\Windows\system32\windows.storage.dll
0x00007fff3dd60000 - 0x00007fff3dfdc000 	C:\Windows\system32\combase.dll
0x00007fff3e2b0000 - 0x00007fff3e301000 	C:\Windows\system32\shlwapi.dll
0x00007fff3cdf0000 - 0x00007fff3cdff000 	C:\Windows\system32\kernel.appcore.dll
0x00007fff3d0c0000 - 0x00007fff3d173000 	C:\Windows\system32\shcore.dll
0x00007fff3ce40000 - 0x00007fff3ce8a000 	C:\Windows\system32\powrprof.dll
0x00007fff3ce00000 - 0x00007fff3ce13000 	C:\Windows\system32\profapi.dll

VM Arguments:
jvm_args: -Djava.awt.headless=true -Xmx1024M -Dfile.encoding=x-windows-874 -Duser.country=US -Duser.language=en -Duser.variant 
java_command: com.android.dx.command.Main --dex --force-jumbo --num-threads=4 --output C:\Users\komkrid\Desktop\PGP-master\app\build\intermediates\pre-dexed\debug\com.google.android.gms-play-services-location-8.4.0_88e88f585f43324acb230cc82fed9414f25fa914.jar C:\Users\komkrid\Desktop\PGP-master\app\build\intermediates\exploded-aar\com.google.android.gms\play-services-location\8.4.0\jars\classes.jar
java_class_path (initial): C:\Users\komkrid\AppData\Local\Android\sdk\build-tools\24.0.0\lib\dx.jar
Launcher Type: SUN_STANDARD

Environment Variables:
JAVA_HOME=C:\Program Files\Java\jdk1.8.0_101
PATH=C:\ProgramData\Oracle\Java\javapath;C:\Windows\system32;C:\Windows;C:\Windows\System32\Wbem;C:\Windows\System32\WindowsPowerShell\v1.0\;C:\Program Files (x86)\AMD\ATI.ACE\Core-Static;C:\Program Files (x86)\Common Files\Tom Sawyer Software\8.0.0;C:\Program Files\Git\cmd;C:\ProgramData\Oracle\Java\javapath;C:\Windows\system32;C:\Windows;C:\Windows\System32\Wbem;C:\Windows\System32\WindowsPowerShell\v1.0\;C:\Program Files (x86)\AMD\ATI.ACE\Core-Static;C:\Program Files (x86)\Common Files\Tom Sawyer Software\8.0.0;C:\Program Files\Git\cmd;C:\Program Files\Java\jdk1.8.0_101\bin;C:\Users\komkrid\AppData\Local\Android\sdk\platform-tools;C:\Users\komkrid\AppData\Local\Android\sdk\tools;C:\android-adb\
USERNAME=komkrid
OS=Windows_NT
PROCESSOR_IDENTIFIER=AMD64 Family 16 Model 6 Stepping 3, AuthenticAMD



---------------  S Y S T E M  ---------------

OS: Windows 10.0 , 64 bit Build 10240 (10.0.10240.16384)

CPU:total 2 (2 cores per cpu, 1 threads per core) family 16 model 6 stepping 3, cmov, cx8, fxsr, mmx, sse, sse2, sse3, popcnt, mmxext, 3dnowpref, lzcnt, tsc, tscinvbit, tscinv

Memory: 4k page, physical 3930412k(137152k free), swap 7002412k(127860k free)

vm_info: Java HotSpot(TM) 64-Bit Server VM (25.101-b13) for windows-amd64 JRE (1.8.0_101-b13), built on Jun 22 2016 01:21:29 by "java_re" with MS VC++ 10.0 (VS2010)

time: Mon Jan 23 14:17:24 2017
elapsed time: 1 seconds (0d 0h 0m 1s)

