#
# There is insufficient memory for the Java Runtime Environment to continue.
# Native memory allocation (malloc) failed to allocate 32744 bytes for ChunkPool::allocate
# Possible reasons:
#   The system is out of physical RAM or swap space
#   In 32 bit mode, the process size limit was hit
# Possible solutions:
#   Reduce memory load on the system
#   Increase physical memory or swap space
#   Check if swap backing store is full
#   Use 64 bit Java on a 64 bit OS
#   Decrease Java heap size (-Xmx/-Xms)
#   Decrease number of Java threads
#   Decrease Java thread stack sizes (-Xss)
#   Set larger code cache with -XX:ReservedCodeCacheSize=
# This output file may be truncated or incomplete.
#
#  Out of Memory Error (allocation.cpp:273), pid=4836, tid=0x0000000000002068
#
# JRE version: Java(TM) SE Runtime Environment (8.0_101-b13) (build 1.8.0_101-b13)
# Java VM: Java HotSpot(TM) 64-Bit Server VM (25.101-b13 mixed mode windows-amd64 compressed oops)
# Failed to write core dump. Minidumps are not enabled by default on client versions of Windows
#

---------------  T H R E A D  ---------------

Current thread (0x0000000014940800):  JavaThread "C2 CompilerThread0" daemon [_thread_in_native, id=8296, stack(0x0000000015960000,0x0000000015a60000)]

Stack: [0x0000000015960000,0x0000000015a60000]
[error occurred during error reporting (printing stack bounds), id 0xc0000005]

Native frames: (J=compiled Java code, j=interpreted, Vv=VM code, C=native code)


Current CompileTask:
C2:  38672 2328   !   4       com.android.dx.cf.code.BytecodeArray::parseInstruction (2764 bytes)


---------------  P R O C E S S  ---------------

Java Threads: ( => current thread )
  0x0000000015c7f000 JavaThread "pool-1-thread-4" [_thread_blocked, id=3656, stack(0x0000000016560000,0x0000000016660000)]
  0x0000000015c7c000 JavaThread "pool-1-thread-3" [_thread_blocked, id=4708, stack(0x0000000016460000,0x0000000016560000)]
  0x0000000015c79000 JavaThread "pool-1-thread-2" [_thread_blocked, id=4612, stack(0x0000000016360000,0x0000000016460000)]
  0x0000000015c78800 JavaThread "pool-2-thread-1" [_thread_blocked, id=6080, stack(0x0000000016260000,0x0000000016360000)]
  0x0000000015c75800 JavaThread "pool-1-thread-1" [_thread_blocked, id=3260, stack(0x0000000016160000,0x0000000016260000)]
  0x0000000015a67800 JavaThread "Service Thread" daemon [_thread_blocked, id=8420, stack(0x0000000015f60000,0x0000000016060000)]
  0x0000000015a63000 JavaThread "C1 CompilerThread1" daemon [_thread_blocked, id=5532, stack(0x0000000015e60000,0x0000000015f60000)]
=>0x0000000014940800 JavaThread "C2 CompilerThread0" daemon [_thread_in_native, id=8296, stack(0x0000000015960000,0x0000000015a60000)]
  0x000000001493f800 JavaThread "Attach Listener" daemon [_thread_blocked, id=9164, stack(0x0000000015860000,0x0000000015960000)]
  0x000000001498e800 JavaThread "Signal Dispatcher" daemon [_thread_blocked, id=6132, stack(0x0000000015760000,0x0000000015860000)]
  0x0000000014928800 JavaThread "Finalizer" daemon [_thread_blocked, id=6212, stack(0x0000000015580000,0x0000000015680000)]
  0x000000000249d800 JavaThread "Reference Handler" daemon [_thread_blocked, id=7876, stack(0x0000000015480000,0x0000000015580000)]
  0x00000000023b1000 JavaThread "main" [_thread_in_vm, id=7248, stack(0x0000000002240000,0x0000000002340000)]

Other Threads:
  0x0000000014905800 VMThread [stack: 0x0000000015380000,0x0000000015480000] [id=7340]
  0x0000000015a7e000 WatcherThread [stack: 0x0000000016060000,0x0000000016160000] [id=6224]

VM state:synchronizing (normal execution)

VM Mutex/Monitor currently owned by a thread:  ([mutex/lock_event])
[0x000000000223c5a0] Threads_lock - owner thread: 0x0000000014905800

Heap:
 PSYoungGen      total 211456K, used 131979K [0x00000000eab00000, 0x00000000fd680000, 0x0000000100000000)
  eden space 144896K, 54% used [0x00000000eab00000,0x00000000ef770e20,0x00000000f3880000)
  from space 66560K, 80% used [0x00000000f9580000,0x00000000fc9f20d8,0x00000000fd680000)
  to   space 57856K, 0% used [0x00000000f3880000,0x00000000f3880000,0x00000000f7100000)
 ParOldGen       total 169472K, used 124867K [0x00000000c0000000, 0x00000000ca580000, 0x00000000eab00000)
  object space 169472K, 73% used [0x00000000c0000000,0x00000000c79f0c10,0x00000000ca580000)
 Metaspace       used 6580K, capacity 7256K, committed 7424K, reserved 1056768K
  class space    used 623K, capacity 656K, committed 768K, reserved 1048576K

Card table byte_map: [0x0000000011870000,0x0000000011a80000] byte_map_base: 0x0000000011270000

Marking Bits: (ParMarkBitMap*) 0x000000005b1ba6d0
 Begin Bits: [0x0000000011de0000, 0x0000000012de0000)
 End Bits:   [0x0000000012de0000, 0x0000000013de0000)

Polling page: 0x00000000021c0000

CodeCache: size=245760Kb used=10747Kb max_used=10756Kb free=235012Kb
 bounds [0x00000000024b0000, 0x0000000002f40000, 0x00000000114b0000]
 total_blobs=2405 nmethods=2136 adapters=182
 compilation: enabled

Compilation events (10 events):
Event: 37.812 Thread 0x0000000014940800 nmethod 2306 0x0000000002f0db50 code [0x0000000002f0dc80, 0x0000000002f0dd38]
Event: 37.812 Thread 0x0000000014940800 2316   !   4       com.android.dx.rop.code.RegisterSpecSet::get (18 bytes)
Event: 37.813 Thread 0x0000000014940800 nmethod 2316 0x0000000002f15010 code [0x0000000002f15140, 0x0000000002f151d8]
Event: 37.813 Thread 0x0000000014940800 2311       4       com.android.dx.util.BitIntSet::iterator (9 bytes)
Event: 37.816 Thread 0x0000000014940800 nmethod 2311 0x0000000002f133d0 code [0x0000000002f13520, 0x0000000002f13698]
Event: 37.995 Thread 0x0000000015a63000 2326       1       com.android.dx.ssa.LiteralOpUpgrader$1::visitPhiInsn (1 bytes)
Event: 37.995 Thread 0x0000000015a63000 nmethod 2326 0x0000000002f13110 code [0x0000000002f13260, 0x0000000002f13370]
Event: 37.995 Thread 0x0000000015a63000 2327       3       com.android.dx.ssa.back.FirstFitLocalCombiningAllocator$1::visitPhiInsn (6 bytes)
Event: 37.995 Thread 0x0000000015a63000 nmethod 2327 0x0000000002f0f2d0 code [0x0000000002f0f440, 0x0000000002f0f5c8]
Event: 37.996 Thread 0x0000000014940800 2328   !   4       com.android.dx.cf.code.BytecodeArray::parseInstruction (2764 bytes)

GC Heap History (10 events):
Event: 29.863 GC heap before
{Heap before GC invocations=10 (full 1):
 PSYoungGen      total 136192K, used 23026K [0x00000000eab00000, 0x00000000fa100000, 0x0000000100000000)
  eden space 113152K, 0% used [0x00000000eab00000,0x00000000eab00000,0x00000000f1980000)
  from space 23040K, 99% used [0x00000000f1980000,0x00000000f2ffc868,0x00000000f3000000)
  to   space 35328K, 0% used [0x00000000f7e80000,0x00000000f7e80000,0x00000000fa100000)
 ParOldGen       total 50688K, used 50305K [0x00000000c0000000, 0x00000000c3180000, 0x00000000eab00000)
  object space 50688K, 99% used [0x00000000c0000000,0x00000000c3120728,0x00000000c3180000)
 Metaspace       used 6565K, capacity 7256K, committed 7424K, reserved 1056768K
  class space    used 622K, capacity 656K, committed 768K, reserved 1048576K
Event: 32.426 GC heap after
Heap after GC invocations=10 (full 1):
 PSYoungGen      total 136192K, used 13711K [0x00000000eab00000, 0x00000000fa100000, 0x0000000100000000)
  eden space 113152K, 0% used [0x00000000eab00000,0x00000000eab00000,0x00000000f1980000)
  from space 23040K, 59% used [0x00000000f1980000,0x00000000f26e3e20,0x00000000f3000000)
  to   space 35328K, 0% used [0x00000000f7e80000,0x00000000f7e80000,0x00000000fa100000)
 ParOldGen       total 91648K, used 50631K [0x00000000c0000000, 0x00000000c5980000, 0x00000000eab00000)
  object space 91648K, 55% used [0x00000000c0000000,0x00000000c3171ef0,0x00000000c5980000)
 Metaspace       used 6565K, capacity 7256K, committed 7424K, reserved 1056768K
  class space    used 622K, capacity 656K, committed 768K, reserved 1048576K
}
Event: 32.983 GC heap before
{Heap before GC invocations=11 (full 1):
 PSYoungGen      total 136192K, used 126863K [0x00000000eab00000, 0x00000000fa100000, 0x0000000100000000)
  eden space 113152K, 100% used [0x00000000eab00000,0x00000000f1980000,0x00000000f1980000)
  from space 23040K, 59% used [0x00000000f1980000,0x00000000f26e3e20,0x00000000f3000000)
  to   space 35328K, 0% used [0x00000000f7e80000,0x00000000f7e80000,0x00000000fa100000)
 ParOldGen       total 91648K, used 50631K [0x00000000c0000000, 0x00000000c5980000, 0x00000000eab00000)
  object space 91648K, 55% used [0x00000000c0000000,0x00000000c3171ef0,0x00000000c5980000)
 Metaspace       used 6571K, capacity 7256K, committed 7424K, reserved 1056768K
  class space    used 622K, capacity 656K, committed 768K, reserved 1048576K
Event: 33.138 GC heap after
Heap after GC invocations=11 (full 1):
 PSYoungGen      total 180224K, used 35308K [0x00000000eab00000, 0x00000000fa980000, 0x0000000100000000)
  eden space 144896K, 0% used [0x00000000eab00000,0x00000000eab00000,0x00000000f3880000)
  from space 35328K, 99% used [0x00000000f7e80000,0x00000000fa0fb3e8,0x00000000fa100000)
  to   space 57856K, 0% used [0x00000000f3880000,0x00000000f3880000,0x00000000f7100000)
 ParOldGen       total 96256K, used 95442K [0x00000000c0000000, 0x00000000c5e00000, 0x00000000eab00000)
  object space 96256K, 99% used [0x00000000c0000000,0x00000000c5d34b70,0x00000000c5e00000)
 Metaspace       used 6571K, capacity 7256K, committed 7424K, reserved 1056768K
  class space    used 622K, capacity 656K, committed 768K, reserved 1048576K
}
Event: 33.138 GC heap before
{Heap before GC invocations=12 (full 2):
 PSYoungGen      total 180224K, used 35308K [0x00000000eab00000, 0x00000000fa980000, 0x0000000100000000)
  eden space 144896K, 0% used [0x00000000eab00000,0x00000000eab00000,0x00000000f3880000)
  from space 35328K, 99% used [0x00000000f7e80000,0x00000000fa0fb3e8,0x00000000fa100000)
  to   space 57856K, 0% used [0x00000000f3880000,0x00000000f3880000,0x00000000f7100000)
 ParOldGen       total 96256K, used 95442K [0x00000000c0000000, 0x00000000c5e00000, 0x00000000eab00000)
  object space 96256K, 99% used [0x00000000c0000000,0x00000000c5d34b70,0x00000000c5e00000)
 Metaspace       used 6571K, capacity 7256K, committed 7424K, reserved 1056768K
  class space    used 622K, capacity 656K, committed 768K, reserved 1048576K
Event: 34.016 GC heap after
Heap after GC invocations=12 (full 2):
 PSYoungGen      total 180224K, used 25890K [0x00000000eab00000, 0x00000000fa980000, 0x0000000100000000)
  eden space 144896K, 0% used [0x00000000eab00000,0x00000000eab00000,0x00000000f3880000)
  from space 35328K, 73% used [0x00000000f7e80000,0x00000000f97c8818,0x00000000fa100000)
  to   space 57856K, 0% used [0x00000000f3880000,0x00000000f3880000,0x00000000f7100000)
 ParOldGen       total 169472K, used 96046K [0x00000000c0000000, 0x00000000ca580000, 0x00000000eab00000)
  object space 169472K, 56% used [0x00000000c0000000,0x00000000c5dcb990,0x00000000ca580000)
 Metaspace       used 6571K, capacity 7256K, committed 7424K, reserved 1056768K
  class space    used 622K, capacity 656K, committed 768K, reserved 1048576K
}
Event: 34.760 GC heap before
{Heap before GC invocations=13 (full 2):
 PSYoungGen      total 180224K, used 170786K [0x00000000eab00000, 0x00000000fa980000, 0x0000000100000000)
  eden space 144896K, 100% used [0x00000000eab00000,0x00000000f3880000,0x00000000f3880000)
  from space 35328K, 73% used [0x00000000f7e80000,0x00000000f97c8818,0x00000000fa100000)
  to   space 57856K, 0% used [0x00000000f3880000,0x00000000f3880000,0x00000000f7100000)
 ParOldGen       total 169472K, used 97873K [0x00000000c0000000, 0x00000000ca580000, 0x00000000eab00000)
  object space 169472K, 57% used [0x00000000c0000000,0x00000000c5f94798,0x00000000ca580000)
 Metaspace       used 6580K, capacity 7256K, committed 7424K, reserved 1056768K
  class space    used 623K, capacity 656K, committed 768K, reserved 1048576K
Event: 35.809 GC heap after
Heap after GC invocations=13 (full 2):
 PSYoungGen      total 202752K, used 52135K [0x00000000eab00000, 0x00000000fd680000, 0x0000000100000000)
  eden space 144896K, 0% used [0x00000000eab00000,0x00000000eab00000,0x00000000f3880000)
  from space 57856K, 90% used [0x00000000f3880000,0x00000000f6b69c38,0x00000000f7100000)
  to   space 66560K, 0% used [0x00000000f9580000,0x00000000f9580000,0x00000000fd680000)
 ParOldGen       total 169472K, used 124867K [0x00000000c0000000, 0x00000000ca580000, 0x00000000eab00000)
  object space 169472K, 73% used [0x00000000c0000000,0x00000000c79f0c10,0x00000000ca580000)
 Metaspace       used 6580K, capacity 7256K, committed 7424K, reserved 1056768K
  class space    used 623K, capacity 656K, committed 768K, reserved 1048576K
}
Event: 36.094 GC heap before
{Heap before GC invocations=14 (full 2):
 PSYoungGen      total 202752K, used 59006K [0x00000000eab00000, 0x00000000fd680000, 0x0000000100000000)
  eden space 144896K, 4% used [0x00000000eab00000,0x00000000eb1b5ce8,0x00000000f3880000)
  from space 57856K, 90% used [0x00000000f3880000,0x00000000f6b69c38,0x00000000f7100000)
  to   space 66560K, 0% used [0x00000000f9580000,0x00000000f9580000,0x00000000fd680000)
 ParOldGen       total 169472K, used 124867K [0x00000000c0000000, 0x00000000ca580000, 0x00000000eab00000)
  object space 169472K, 73% used [0x00000000c0000000,0x00000000c79f0c10,0x00000000ca580000)
 Metaspace       used 6580K, capacity 7256K, committed 7424K, reserved 1056768K
  class space    used 623K, capacity 656K, committed 768K, reserved 1048576K
Event: 37.616 GC heap after
Heap after GC invocations=14 (full 2):
 PSYoungGen      total 211456K, used 53704K [0x00000000eab00000, 0x00000000fd680000, 0x0000000100000000)
  eden space 144896K, 0% used [0x00000000eab00000,0x00000000eab00000,0x00000000f3880000)
  from space 66560K, 80% used [0x00000000f9580000,0x00000000fc9f20d8,0x00000000fd680000)
  to   space 57856K, 0% used [0x00000000f3880000,0x00000000f3880000,0x00000000f7100000)
 ParOldGen       total 169472K, used 124867K [0x00000000c0000000, 0x00000000ca580000, 0x00000000eab00000)
  object space 169472K, 73% used [0x00000000c0000000,0x00000000c79f0c10,0x00000000ca580000)
 Metaspace       used 6580K, capacity 7256K, committed 7424K, reserved 1056768K
  class space    used 623K, capacity 656K, committed 768K, reserved 1048576K
}

Deoptimization events (10 events):
Event: 14.587 Thread 0x00000000023b1000 Uncommon trap: reason=unstable_if action=reinterpret pc=0x0000000002b25490 method=com.android.dx.ssa.SCCP.simulateStmt(Lcom/android/dx/ssa/SsaInsn;)V @ 59
Event: 34.226 Thread 0x0000000015c75800 Uncommon trap: reason=predicate action=maybe_recompile pc=0x0000000002e02be8 method=com.android.dx.ssa.DomFront.run()[Lcom/android/dx/ssa/DomFront$DomInfo; @ 175
Event: 34.250 Thread 0x0000000015c75800 Uncommon trap: reason=class_check action=maybe_recompile pc=0x0000000002d77274 method=com.android.dx.ssa.SsaConverter.placePhiFunctions(Lcom/android/dx/ssa/SsaMethod;Lcom/android/dx/ssa/LocalVariableInfo;I)V @ 257
Event: 34.311 Thread 0x0000000015c7f000 Uncommon trap: reason=predicate action=maybe_recompile pc=0x0000000002e02be8 method=com.android.dx.ssa.DomFront.run()[Lcom/android/dx/ssa/DomFront$DomInfo; @ 175
Event: 34.321 Thread 0x0000000015c7f000 Uncommon trap: reason=class_check action=maybe_recompile pc=0x0000000002d60368 method=com.android.dx.ssa.SsaConverter.placePhiFunctions(Lcom/android/dx/ssa/SsaMethod;Lcom/android/dx/ssa/LocalVariableInfo;I)V @ 257
Event: 35.818 Thread 0x0000000015c79000 Uncommon trap: reason=class_check action=maybe_recompile pc=0x0000000002d77274 method=com.android.dx.ssa.SsaConverter.placePhiFunctions(Lcom/android/dx/ssa/SsaMethod;Lcom/android/dx/ssa/LocalVariableInfo;I)V @ 257
Event: 37.994 Thread 0x00000000023b1000 Uncommon trap: reason=bimorphic action=maybe_recompile pc=0x0000000002e1ed40 method=com.android.dx.cf.code.BytecodeArray.parseInstruction(ILcom/android/dx/cf/code/BytecodeArray$Visitor;)I @ 1597
Event: 37.994 Thread 0x00000000023b1000 Uncommon trap: reason=bimorphic action=maybe_recompile pc=0x0000000002e1fa98 method=com.android.dx.cf.code.BytecodeArray.parseInstruction(ILcom/android/dx/cf/code/BytecodeArray$Visitor;)I @ 1357
Event: 37.994 Thread 0x00000000023b1000 Uncommon trap: reason=bimorphic action=maybe_recompile pc=0x0000000002e1ed40 method=com.android.dx.cf.code.BytecodeArray.parseInstruction(ILcom/android/dx/cf/code/BytecodeArray$Visitor;)I @ 1597
Event: 37.994 Thread 0x00000000023b1000 Uncommon trap: reason=bimorphic action=maybe_recompile pc=0x0000000002e1fa98 method=com.android.dx.cf.code.BytecodeArray.parseInstruction(ILcom/android/dx/cf/code/BytecodeArray$Visitor;)I @ 1357

Internal exceptions (5 events):
Event: 1.709 Thread 0x00000000023b1000 Exception <a 'java/lang/NoSuchMethodError': Method sun.misc.Unsafe.defineClass(Ljava/lang/String;[BII)Ljava/lang/Class; name or signature does not match> (0x00000000eab07cc0) thrown at [C:\re\workspace\8-2-build-windows-amd64-cygwin\jdk8u101\7261\hotspot\sÒÀXû?
Event: 1.709 Thread 0x00000000023b1000 Exception <a 'java/lang/NoSuchMethodError': Method sun.misc.Unsafe.prefetchRead(Ljava/lang/Object;J)V name or signature does not match> (0x00000000eab07fa8) thrown at [C:\re\workspace\8-2-build-windows-amd64-cygwin\jdk8u101\7261\hotspot\src\share\vm\prims\…ƒ<wœé@
Event: 4.728 Thread 0x0000000015c75800 Exception <a 'java/lang/ArrayIndexOutOfBoundsException': 18> (0x00000000eb714f78) thrown at [C:\re\workspace\8-2-build-windows-amd64-cygwin\jdk8u101\7261\hotspot\src\share\vm\interpreter\interpreterRuntime.cpp, line 366]
Event: 4.734 Thread 0x0000000015c75800 Exception <a 'java/lang/ArrayIndexOutOfBoundsException'> (0x00000000eb716af8) thrown at [C:\re\workspace\8-2-build-windows-amd64-cygwin\jdk8u101\7261\hotspot\src\share\vm\runtime\sharedRuntime.cpp, line 605]
Event: 4.735 Thread 0x0000000015c75800 Exception <a 'java/lang/ArrayIndexOutOfBoundsException'> (0x00000000eb717de0) thrown at [C:\re\workspace\8-2-build-windows-amd64-cygwin\jdk8u101\7261\hotspot\src\share\vm\runtime\sharedRuntime.cpp, line 605]

Events (10 events):
Event: 37.994 Thread 0x00000000023b1000 DEOPT UNPACKING pc=0x00000000024f582a sp=0x000000000233e400 mode 2
Event: 37.994 Thread 0x00000000023b1000 Uncommon trap: trap_request=0xffffffc6 fr.pc=0x0000000002e1fa98
Event: 37.994 Thread 0x00000000023b1000 DEOPT PACKING pc=0x0000000002e1fa98 sp=0x000000000233e450
Event: 37.994 Thread 0x00000000023b1000 DEOPT UNPACKING pc=0x00000000024f582a sp=0x000000000233e400 mode 2
Event: 37.994 Thread 0x00000000023b1000 Uncommon trap: trap_request=0xffffffc6 fr.pc=0x0000000002e1ed40
Event: 37.994 Thread 0x00000000023b1000 DEOPT PACKING pc=0x0000000002e1ed40 sp=0x000000000233e490
Event: 37.994 Thread 0x00000000023b1000 DEOPT UNPACKING pc=0x00000000024f582a sp=0x000000000233e440 mode 2
Event: 37.994 Thread 0x00000000023b1000 Uncommon trap: trap_request=0xffffffc6 fr.pc=0x0000000002e1fa98
Event: 37.994 Thread 0x00000000023b1000 DEOPT PACKING pc=0x0000000002e1fa98 sp=0x000000000233e490
Event: 37.994 Thread 0x00000000023b1000 DEOPT UNPACKING pc=0x00000000024f582a sp=0x000000000233e440 mode 2


Dynamic libraries:
0x00007ff6f1450000 - 0x00007ff6f1487000 	C:\Program Files\Java\jdk1.8.0_101\bin\java.exe
0x00007ffa7e4c0000 - 0x00007ffa7e681000 	C:\Windows\SYSTEM32\ntdll.dll
0x00007ffa7e280000 - 0x00007ffa7e32d000 	C:\Windows\system32\KERNEL32.DLL
0x00007ffa7b9b0000 - 0x00007ffa7bb8d000 	C:\Windows\system32\KERNELBASE.dll
0x00007ffa7d690000 - 0x00007ffa7d736000 	C:\Windows\system32\ADVAPI32.dll
0x00007ffa7d440000 - 0x00007ffa7d4dd000 	C:\Windows\system32\msvcrt.dll
0x00007ffa7dd20000 - 0x00007ffa7dd7b000 	C:\Windows\system32\sechost.dll
0x00007ffa7d9c0000 - 0x00007ffa7dae6000 	C:\Windows\system32\RPCRT4.dll
0x00007ffa7dbd0000 - 0x00007ffa7dd1e000 	C:\Windows\system32\USER32.dll
0x00007ffa7e330000 - 0x00007ffa7e4b6000 	C:\Windows\system32\GDI32.dll
0x00007ffa74cc0000 - 0x00007ffa74f34000 	C:\Windows\WinSxS\amd64_microsoft.windows.common-controls_6595b64144ccf1df_6.0.10240.16384_none_f41f7b285750ef43\COMCTL32.dll
0x00007ffa7d210000 - 0x00007ffa7d246000 	C:\Windows\system32\IMM32.DLL
0x00007ffa7d740000 - 0x00007ffa7d89c000 	C:\Windows\system32\MSCTF.dll
0x000000005bd60000 - 0x000000005be32000 	C:\Program Files\Java\jdk1.8.0_101\jre\bin\msvcr100.dll
0x000000005a9a0000 - 0x000000005b23a000 	C:\Program Files\Java\jdk1.8.0_101\jre\bin\server\jvm.dll
0x00007ffa7d420000 - 0x00007ffa7d428000 	C:\Windows\system32\PSAPI.DLL
0x00007ffa784a0000 - 0x00007ffa784a9000 	C:\Windows\SYSTEM32\WSOCK32.dll
0x00007ffa7d180000 - 0x00007ffa7d1e9000 	C:\Windows\system32\WS2_32.dll
0x00007ffa7bc40000 - 0x00007ffa7bc48000 	C:\Windows\system32\NSI.dll
0x00007ffa79570000 - 0x00007ffa79593000 	C:\Windows\SYSTEM32\WINMM.dll
0x00007ffa77b70000 - 0x00007ffa77b7a000 	C:\Windows\SYSTEM32\VERSION.dll
0x00007ffa79540000 - 0x00007ffa7956c000 	C:\Windows\SYSTEM32\WINMMBASE.dll
0x00007ffa7af90000 - 0x00007ffa7afd4000 	C:\Windows\system32\cfgmgr32.dll
0x00007ffa79880000 - 0x00007ffa798a7000 	C:\Windows\SYSTEM32\DEVOBJ.dll
0x000000005bd50000 - 0x000000005bd5f000 	C:\Program Files\Java\jdk1.8.0_101\jre\bin\verify.dll
0x000000005bd20000 - 0x000000005bd49000 	C:\Program Files\Java\jdk1.8.0_101\jre\bin\java.dll
0x000000005bd00000 - 0x000000005bd16000 	C:\Program Files\Java\jdk1.8.0_101\jre\bin\zip.dll
0x00007ffa7bc50000 - 0x00007ffa7d172000 	C:\Windows\system32\SHELL32.dll
0x00007ffa7b320000 - 0x00007ffa7b949000 	C:\Windows\system32\windows.storage.dll
0x00007ffa7dd80000 - 0x00007ffa7dffc000 	C:\Windows\system32\combase.dll
0x00007ffa7d960000 - 0x00007ffa7d9b1000 	C:\Windows\system32\shlwapi.dll
0x00007ffa7aef0000 - 0x00007ffa7aeff000 	C:\Windows\system32\kernel.appcore.dll
0x00007ffa7b090000 - 0x00007ffa7b143000 	C:\Windows\system32\shcore.dll
0x00007ffa7af00000 - 0x00007ffa7af4a000 	C:\Windows\system32\powrprof.dll
0x00007ffa7af70000 - 0x00007ffa7af83000 	C:\Windows\system32\profapi.dll

VM Arguments:
jvm_args: -Djava.awt.headless=true -Xmx1024M -Dfile.encoding=x-windows-874 -Duser.country=US -Duser.language=en -Duser.variant 
java_command: com.android.dx.command.Main --dex --force-jumbo --num-threads=4 --output C:\Users\komkrid\Desktop\PGP-master\app\build\intermediates\pre-dexed\debug\com.google.android.gms-play-services-ads-8.1.0_8b1fd6909a97853f1ea23c0fb89ad64a19d029fb.jar C:\Users\komkrid\Desktop\PGP-master\app\build\intermediates\exploded-aar\com.google.android.gms\play-services-ads\8.1.0\jars\classes.jar
java_class_path (initial): C:\Users\komkrid\AppData\Local\Android\sdk\build-tools\24.0.0\lib\dx.jar
Launcher Type: SUN_STANDARD

Environment Variables:
JAVA_HOME=C:\Program Files\Java\jdk1.8.0_101
PATH=C:\ProgramData\Oracle\Java\javapath;C:\Windows\system32;C:\Windows;C:\Windows\System32\Wbem;C:\Windows\System32\WindowsPowerShell\v1.0\;C:\Program Files (x86)\AMD\ATI.ACE\Core-Static;C:\Program Files (x86)\Common Files\Tom Sawyer Software\8.0.0;C:\Program Files\Git\cmd;C:\ProgramData\Oracle\Java\javapath;C:\Windows\system32;C:\Windows;C:\Windows\System32\Wbem;C:\Windows\System32\WindowsPowerShell\v1.0\;C:\Program Files (x86)\AMD\ATI.ACE\Core-Static;C:\Program Files (x86)\Common Files\Tom Sawyer Software\8.0.0;C:\Program Files\Git\cmd;C:\Program Files\Java\jdk1.8.0_101\bin;C:\Users\komkrid\AppData\Local\Android\sdk\platform-tools;C:\Users\komkrid\AppData\Local\Android\sdk\tools;C:\android-adb\
USERNAME=komkrid
OS=Windows_NT
PROCESSOR_IDENTIFIER=AMD64 Family 16 Model 6 Stepping 3, AuthenticAMD



---------------  S Y S T E M  ---------------

OS: Windows 10.0 , 64 bit Build 10240 (10.0.10240.16384)

CPU:total 2 (2 cores per cpu, 1 threads per core) family 16 model 6 stepping 3, cmov, cx8, fxsr, mmx, sse, sse2, sse3, popcnt, mmxext, 3dnowpref, lzcnt, tsc, tscinvbit, tscinv

Memory: 4k page, physical 3930412k(214568k free), swap 7002412k(3592k free)

vm_info: Java HotSpot(TM) 64-Bit Server VM (25.101-b13) for windows-amd64 JRE (1.8.0_101-b13), built on Jun 22 2016 01:21:29 by "java_re" with MS VC++ 10.0 (VS2010)

time: Thu Jan 19 12:15:03 2017
elapsed time: 38 seconds (0d 0h 0m 38s)

