#
# There is insufficient memory for the Java Runtime Environment to continue.
# Native memory allocation (malloc) failed to allocate 32744 bytes for ChunkPool::allocate
# Possible reasons:
#   The system is out of physical RAM or swap space
#   In 32 bit mode, the process size limit was hit
# Possible solutions:
#   Reduce memory load on the system
#   Increase physical memory or swap space
#   Check if swap backing store is full
#   Use 64 bit Java on a 64 bit OS
#   Decrease Java heap size (-Xmx/-Xms)
#   Decrease number of Java threads
#   Decrease Java thread stack sizes (-Xss)
#   Set larger code cache with -XX:ReservedCodeCacheSize=
# This output file may be truncated or incomplete.
#
#  Out of Memory Error (allocation.cpp:273), pid=1448, tid=0x0000000000000470
#
# JRE version: Java(TM) SE Runtime Environment (8.0_101-b13) (build 1.8.0_101-b13)
# Java VM: Java HotSpot(TM) 64-Bit Server VM (25.101-b13 mixed mode windows-amd64 compressed oops)
# Failed to write core dump. Minidumps are not enabled by default on client versions of Windows
#

---------------  T H R E A D  ---------------

Current thread (0x00000000148b0800):  JavaThread "C2 CompilerThread0" daemon [_thread_in_native, id=1136, stack(0x00000000157f0000,0x00000000158f0000)]

Stack: [0x00000000157f0000,0x00000000158f0000]
[error occurred during error reporting (printing stack bounds), id 0xc0000005]

Native frames: (J=compiled Java code, j=interpreted, Vv=VM code, C=native code)


Current CompileTask:
C2:  18719 1737       4       com.android.dx.cf.code.Simulator$SimVisitor::visitConstant (332 bytes)


---------------  P R O C E S S  ---------------

Java Threads: ( => current thread )
  0x0000000015b25800 JavaThread "pool-1-thread-4" [_thread_in_Java, id=3232, stack(0x00000000163f0000,0x00000000164f0000)]
  0x0000000015b22800 JavaThread "pool-1-thread-3" [_thread_blocked, id=5008, stack(0x00000000162f0000,0x00000000163f0000)]
  0x0000000015b14000 JavaThread "pool-1-thread-2" [_thread_blocked, id=4296, stack(0x00000000161f0000,0x00000000162f0000)]
  0x0000000015b12800 JavaThread "pool-2-thread-1" [_thread_blocked, id=6156, stack(0x00000000160f0000,0x00000000161f0000)]
  0x0000000015b12000 JavaThread "pool-1-thread-1" [_thread_blocked, id=7824, stack(0x0000000015ff0000,0x00000000160f0000)]
  0x00000000158f7800 JavaThread "Service Thread" daemon [_thread_blocked, id=9064, stack(0x0000000015df0000,0x0000000015ef0000)]
  0x00000000158f3000 JavaThread "C1 CompilerThread1" daemon [_thread_blocked, id=1188, stack(0x0000000015cf0000,0x0000000015df0000)]
=>0x00000000148b0800 JavaThread "C2 CompilerThread0" daemon [_thread_in_native, id=1136, stack(0x00000000157f0000,0x00000000158f0000)]
  0x00000000148af800 JavaThread "Attach Listener" daemon [_thread_blocked, id=4908, stack(0x00000000156f0000,0x00000000157f0000)]
  0x00000000148fe800 JavaThread "Signal Dispatcher" daemon [_thread_blocked, id=6660, stack(0x00000000155f0000,0x00000000156f0000)]
  0x0000000014898800 JavaThread "Finalizer" daemon [_thread_blocked, id=6292, stack(0x00000000154f0000,0x00000000155f0000)]
  0x000000000240d800 JavaThread "Reference Handler" daemon [_thread_blocked, id=9140, stack(0x00000000153f0000,0x00000000154f0000)]
  0x0000000002321000 JavaThread "main" [_thread_in_vm, id=7692, stack(0x0000000002220000,0x0000000002320000)]

Other Threads:
  0x0000000014875800 VMThread [stack: 0x00000000152f0000,0x00000000153f0000] [id=208]
  0x000000001592e000 WatcherThread [stack: 0x0000000015ef0000,0x0000000015ff0000] [id=4584]

VM state:not at safepoint (normal execution)

VM Mutex/Monitor currently owned by a thread: None

Heap:
 PSYoungGen      total 33280K, used 28419K [0x00000000eab00000, 0x00000000eec00000, 0x0000000100000000)
  eden space 30720K, 84% used [0x00000000eab00000,0x00000000ec440d10,0x00000000ec900000)
  from space 2560K, 100% used [0x00000000ec900000,0x00000000ecb80000,0x00000000ecb80000)
  to   space 2560K, 0% used [0x00000000ee980000,0x00000000ee980000,0x00000000eec00000)
 ParOldGen       total 40960K, used 8147K [0x00000000c0000000, 0x00000000c2800000, 0x00000000eab00000)
  object space 40960K, 19% used [0x00000000c0000000,0x00000000c07f4fd0,0x00000000c2800000)
 Metaspace       used 6345K, capacity 7094K, committed 7296K, reserved 1056768K
  class space    used 603K, capacity 622K, committed 640K, reserved 1048576K

Card table byte_map: [0x00000000117e0000,0x00000000119f0000] byte_map_base: 0x00000000111e0000

Marking Bits: (ParMarkBitMap*) 0x000000006e06a6d0
 Begin Bits: [0x0000000011d50000, 0x0000000012d50000)
 End Bits:   [0x0000000012d50000, 0x0000000013d50000)

Polling page: 0x00000000005a0000

CodeCache: size=245760Kb used=7642Kb max_used=7642Kb free=238117Kb
 bounds [0x0000000002420000, 0x0000000002ba0000, 0x0000000011420000]
 total_blobs=2021 nmethods=1752 adapters=182
 compilation: enabled

Compilation events (10 events):
Event: 18.690 Thread 0x00000000158f3000 1751       3       java.util.concurrent.ThreadPoolExecutor::runStateAtLeast (11 bytes)
Event: 18.691 Thread 0x00000000158f3000 nmethod 1751 0x0000000002b8ddd0 code [0x0000000002b8df20, 0x0000000002b8e0b0]
Event: 18.691 Thread 0x00000000158f3000 1752       3       java.util.concurrent.ThreadPoolExecutor::beforeExecute (1 bytes)
Event: 18.691 Thread 0x00000000158f3000 nmethod 1752 0x0000000002b6b250 code [0x0000000002b6b3a0, 0x0000000002b6b4f0]
Event: 18.691 Thread 0x00000000158f3000 1753       3       java.util.concurrent.ThreadPoolExecutor::afterExecute (1 bytes)
Event: 18.691 Thread 0x00000000158f3000 nmethod 1753 0x0000000002b99c10 code [0x0000000002b99d60, 0x0000000002b99eb0]
Event: 18.691 Thread 0x00000000158f3000 1754   !   3       java.util.concurrent.ThreadPoolExecutor::getTask (179 bytes)
Event: 18.692 Thread 0x00000000158f3000 nmethod 1754 0x0000000002b99f10 code [0x0000000002b9a160, 0x0000000002b9b298]
Event: 18.693 Thread 0x00000000158f3000 1755       3       java.util.concurrent.locks.ReentrantLock::lockInterruptibly (9 bytes)
Event: 18.693 Thread 0x00000000158f3000 nmethod 1755 0x0000000002b9b910 code [0x0000000002b9bac0, 0x0000000002b9bfd8]

GC Heap History (6 events):
Event: 8.048 GC heap before
{Heap before GC invocations=1 (full 0):
 PSYoungGen      total 17920K, used 15360K [0x00000000eab00000, 0x00000000ebf00000, 0x0000000100000000)
  eden space 15360K, 100% used [0x00000000eab00000,0x00000000eba00000,0x00000000eba00000)
  from space 2560K, 0% used [0x00000000ebc80000,0x00000000ebc80000,0x00000000ebf00000)
  to   space 2560K, 0% used [0x00000000eba00000,0x00000000eba00000,0x00000000ebc80000)
 ParOldGen       total 40960K, used 0K [0x00000000c0000000, 0x00000000c2800000, 0x00000000eab00000)
  object space 40960K, 0% used [0x00000000c0000000,0x00000000c0000000,0x00000000c2800000)
 Metaspace       used 5807K, capacity 6706K, committed 6784K, reserved 1056768K
  class space    used 596K, capacity 618K, committed 640K, reserved 1048576K
Event: 8.256 GC heap after
Heap after GC invocations=1 (full 0):
 PSYoungGen      total 17920K, used 2538K [0x00000000eab00000, 0x00000000ece00000, 0x0000000100000000)
  eden space 15360K, 0% used [0x00000000eab00000,0x00000000eab00000,0x00000000eba00000)
  from space 2560K, 99% used [0x00000000eba00000,0x00000000ebc7a960,0x00000000ebc80000)
  to   space 2560K, 0% used [0x00000000ecb80000,0x00000000ecb80000,0x00000000ece00000)
 ParOldGen       total 40960K, used 1099K [0x00000000c0000000, 0x00000000c2800000, 0x00000000eab00000)
  object space 40960K, 2% used [0x00000000c0000000,0x00000000c0112ce8,0x00000000c2800000)
 Metaspace       used 5807K, capacity 6706K, committed 6784K, reserved 1056768K
  class space    used 596K, capacity 618K, committed 640K, reserved 1048576K
}
Event: 10.619 GC heap before
{Heap before GC invocations=2 (full 0):
 PSYoungGen      total 17920K, used 17898K [0x00000000eab00000, 0x00000000ece00000, 0x0000000100000000)
  eden space 15360K, 100% used [0x00000000eab00000,0x00000000eba00000,0x00000000eba00000)
  from space 2560K, 99% used [0x00000000eba00000,0x00000000ebc7a960,0x00000000ebc80000)
  to   space 2560K, 0% used [0x00000000ecb80000,0x00000000ecb80000,0x00000000ece00000)
 ParOldGen       total 40960K, used 1099K [0x00000000c0000000, 0x00000000c2800000, 0x00000000eab00000)
  object space 40960K, 2% used [0x00000000c0000000,0x00000000c0112ce8,0x00000000c2800000)
 Metaspace       used 6139K, capacity 6966K, committed 7040K, reserved 1056768K
  class space    used 601K, capacity 622K, committed 640K, reserved 1048576K
Event: 10.749 GC heap after
Heap after GC invocations=2 (full 0):
 PSYoungGen      total 33280K, used 2544K [0x00000000eab00000, 0x00000000ece00000, 0x0000000100000000)
  eden space 30720K, 0% used [0x00000000eab00000,0x00000000eab00000,0x00000000ec900000)
  from space 2560K, 99% used [0x00000000ecb80000,0x00000000ecdfc028,0x00000000ece00000)
  to   space 2560K, 0% used [0x00000000ec900000,0x00000000ec900000,0x00000000ecb80000)
 ParOldGen       total 40960K, used 3167K [0x00000000c0000000, 0x00000000c2800000, 0x00000000eab00000)
  object space 40960K, 7% used [0x00000000c0000000,0x00000000c0317d08,0x00000000c2800000)
 Metaspace       used 6139K, capacity 6966K, committed 7040K, reserved 1056768K
  class space    used 601K, capacity 622K, committed 640K, reserved 1048576K
}
Event: 16.563 GC heap before
{Heap before GC invocations=3 (full 0):
 PSYoungGen      total 33280K, used 33264K [0x00000000eab00000, 0x00000000ece00000, 0x0000000100000000)
  eden space 30720K, 100% used [0x00000000eab00000,0x00000000ec900000,0x00000000ec900000)
  from space 2560K, 99% used [0x00000000ecb80000,0x00000000ecdfc028,0x00000000ece00000)
  to   space 2560K, 0% used [0x00000000ec900000,0x00000000ec900000,0x00000000ecb80000)
 ParOldGen       total 40960K, used 3167K [0x00000000c0000000, 0x00000000c2800000, 0x00000000eab00000)
  object space 40960K, 7% used [0x00000000c0000000,0x00000000c0317d08,0x00000000c2800000)
 Metaspace       used 6290K, capacity 7094K, committed 7296K, reserved 1056768K
  class space    used 603K, capacity 622K, committed 640K, reserved 1048576K
Event: 16.753 GC heap after
Heap after GC invocations=3 (full 0):
 PSYoungGen      total 33280K, used 2560K [0x00000000eab00000, 0x00000000eec00000, 0x0000000100000000)
  eden space 30720K, 0% used [0x00000000eab00000,0x00000000eab00000,0x00000000ec900000)
  from space 2560K, 100% used [0x00000000ec900000,0x00000000ecb80000,0x00000000ecb80000)
  to   space 2560K, 0% used [0x00000000ee980000,0x00000000ee980000,0x00000000eec00000)
 ParOldGen       total 40960K, used 8147K [0x00000000c0000000, 0x00000000c2800000, 0x00000000eab00000)
  object space 40960K, 19% used [0x00000000c0000000,0x00000000c07f4fd0,0x00000000c2800000)
 Metaspace       used 6290K, capacity 7094K, committed 7296K, reserved 1056768K
  class space    used 603K, capacity 622K, committed 640K, reserved 1048576K
}

Deoptimization events (10 events):
Event: 10.568 Thread 0x0000000015b22800 Uncommon trap: reason=unstable_if action=reinterpret pc=0x0000000002831620 method=com.android.dx.rop.code.RegisterSpecSet.put(Lcom/android/dx/rop/code/RegisterSpec;)V @ 77
Event: 10.799 Thread 0x0000000015b25800 Uncommon trap: reason=class_check action=maybe_recompile pc=0x0000000002890ac0 method=com.android.dx.cf.code.BytecodeArray.parseInstruction(ILcom/android/dx/cf/code/BytecodeArray$Visitor;)I @ 1777
Event: 10.799 Thread 0x0000000015b25800 Uncommon trap: reason=class_check action=maybe_recompile pc=0x00000000028915d0 method=com.android.dx.cf.code.BytecodeArray.parseInstruction(ILcom/android/dx/cf/code/BytecodeArray$Visitor;)I @ 1387
Event: 10.821 Thread 0x0000000015b25800 Uncommon trap: reason=bimorphic action=maybe_recompile pc=0x0000000002892a34 method=com.android.dx.cf.code.BytecodeArray.parseInstruction(ILcom/android/dx/cf/code/BytecodeArray$Visitor;)I @ 2135
Event: 10.821 Thread 0x0000000015b25800 Uncommon trap: reason=bimorphic action=maybe_recompile pc=0x0000000002892a34 method=com.android.dx.cf.code.BytecodeArray.parseInstruction(ILcom/android/dx/cf/code/BytecodeArray$Visitor;)I @ 2135
Event: 10.821 Thread 0x0000000015b25800 Uncommon trap: reason=bimorphic action=maybe_recompile pc=0x0000000002892a34 method=com.android.dx.cf.code.BytecodeArray.parseInstruction(ILcom/android/dx/cf/code/BytecodeArray$Visitor;)I @ 2135
Event: 10.821 Thread 0x0000000015b25800 Uncommon trap: reason=bimorphic action=maybe_recompile pc=0x0000000002892a34 method=com.android.dx.cf.code.BytecodeArray.parseInstruction(ILcom/android/dx/cf/code/BytecodeArray$Visitor;)I @ 2135
Event: 10.844 Thread 0x0000000015b25800 Uncommon trap: reason=unstable_if action=reinterpret pc=0x00000000028cbf9c method=com.android.dx.ssa.SCCP.simulateStmt(Lcom/android/dx/ssa/SsaInsn;)V @ 53
Event: 14.874 Thread 0x0000000015b14000 Uncommon trap: reason=bimorphic action=maybe_recompile pc=0x00000000029d08c8 method=com.android.dx.ssa.SCCP.simulatePhi(Lcom/android/dx/ssa/PhiInsn;)V @ 124
Event: 17.611 Thread 0x0000000015b22800 Uncommon trap: reason=unstable_if action=reinterpret pc=0x00000000029bb34c method=com.android.dx.ssa.LiteralOpUpgrader$1.visitNonMoveInsn(Lcom/android/dx/ssa/NormalSsaInsn;)V @ 55

Internal exceptions (2 events):
Event: 1.681 Thread 0x0000000002321000 Exception <a 'java/lang/NoSuchMethodError': Method sun.misc.Unsafe.defineClass(Ljava/lang/String;[BII)Ljava/lang/Class; name or signature does not match> (0x00000000eab07cc0) thrown at [C:\re\workspace\8-2-build-windows-amd64-cygwin\jdk8u101\7261\hotspot\s•~ָחת?
Event: 1.681 Thread 0x0000000002321000 Exception <a 'java/lang/NoSuchMethodError': Method sun.misc.Unsafe.prefetchRead(Ljava/lang/Object;J)V name or signature does not match> (0x00000000eab07fa8) thrown at [C:\re\workspace\8-2-build-windows-amd64-cygwin\jdk8u101\7261\hotspot\src\share\vm\prims\

Events (10 events):
Event: 15.111 loading class com/android/dx/cf/attrib/AttRuntimeInvisibleAnnotations done
Event: 16.393 Executing VM operation: ParallelGCFailedAllocation
Event: 16.753 Executing VM operation: ParallelGCFailedAllocation done
Event: 17.592 Thread 0x0000000015b22800 DEOPT PACKING pc=0x000000000290e2e8 sp=0x00000000163ee510
Event: 17.592 Thread 0x0000000015b22800 DEOPT UNPACKING pc=0x000000000246747f sp=0x00000000163ee340 mode 0
Event: 17.611 Thread 0x0000000015b22800 Uncommon trap: trap_request=0xffffff65 fr.pc=0x00000000029bb34c
Event: 17.611 Thread 0x0000000015b22800 DEOPT PACKING pc=0x00000000029bb34c sp=0x00000000163ee560
Event: 17.611 Thread 0x0000000015b22800 DEOPT UNPACKING pc=0x000000000246582a sp=0x00000000163ee520 mode 2
Event: 17.612 loading class com/android/dx/rop/code/RegOps
Event: 17.612 loading class com/android/dx/rop/code/RegOps done


Dynamic libraries:
0x00007ff609bd0000 - 0x00007ff609c07000 	C:\Program Files\Java\jdk1.8.0_101\bin\java.exe
0x00007fff403c0000 - 0x00007fff40581000 	C:\Windows\SYSTEM32\ntdll.dll
0x00007fff401c0000 - 0x00007fff4026d000 	C:\Windows\system32\KERNEL32.DLL
0x00007fff3d180000 - 0x00007fff3d35d000 	C:\Windows\system32\KERNELBASE.dll
0x00007fff3dcb0000 - 0x00007fff3dd56000 	C:\Windows\system32\ADVAPI32.dll
0x00007fff400e0000 - 0x00007fff4017d000 	C:\Windows\system32\msvcrt.dll
0x00007fff3dfe0000 - 0x00007fff3e03b000 	C:\Windows\system32\sechost.dll
0x00007fff3da90000 - 0x00007fff3dbb6000 	C:\Windows\system32\RPCRT4.dll
0x00007fff40270000 - 0x00007fff403be000 	C:\Windows\system32\USER32.dll
0x00007fff3e810000 - 0x00007fff3e996000 	C:\Windows\system32\GDI32.dll
0x00007fff2fba0000 - 0x00007fff2fe14000 	C:\Windows\WinSxS\amd64_microsoft.windows.common-controls_6595b64144ccf1df_6.0.10240.16384_none_f41f7b285750ef43\COMCTL32.dll
0x00007fff40180000 - 0x00007fff401b6000 	C:\Windows\system32\IMM32.DLL
0x00007fff3ea50000 - 0x00007fff3ebac000 	C:\Windows\system32\MSCTF.dll
0x000000006e0f0000 - 0x000000006e1c2000 	C:\Program Files\Java\jdk1.8.0_101\jre\bin\msvcr100.dll
0x000000006d850000 - 0x000000006e0ea000 	C:\Program Files\Java\jdk1.8.0_101\jre\bin\server\jvm.dll
0x00007fff3e370000 - 0x00007fff3e378000 	C:\Windows\system32\PSAPI.DLL
0x00007fff3a250000 - 0x00007fff3a259000 	C:\Windows\SYSTEM32\WSOCK32.dll
0x00007fff3e530000 - 0x00007fff3e599000 	C:\Windows\system32\WS2_32.dll
0x00007fff3e800000 - 0x00007fff3e808000 	C:\Windows\system32\NSI.dll
0x00007fff3b470000 - 0x00007fff3b493000 	C:\Windows\SYSTEM32\WINMM.dll
0x00007fff39b40000 - 0x00007fff39b4a000 	C:\Windows\SYSTEM32\VERSION.dll
0x00007fff3b330000 - 0x00007fff3b35c000 	C:\Windows\SYSTEM32\WINMMBASE.dll
0x00007fff3d990000 - 0x00007fff3d9d4000 	C:\Windows\system32\cfgmgr32.dll
0x00007fff3b780000 - 0x00007fff3b7a7000 	C:\Windows\SYSTEM32\DEVOBJ.dll
0x000000006d840000 - 0x000000006d84f000 	C:\Program Files\Java\jdk1.8.0_101\jre\bin\verify.dll
0x000000006d810000 - 0x000000006d839000 	C:\Program Files\Java\jdk1.8.0_101\jre\bin\java.dll
0x000000006d7f0000 - 0x000000006d806000 	C:\Program Files\Java\jdk1.8.0_101\jre\bin\zip.dll
0x00007fff3ebb0000 - 0x00007fff400d2000 	C:\Windows\system32\SHELL32.dll
0x00007fff3d360000 - 0x00007fff3d989000 	C:\Windows\system32\windows.storage.dll
0x00007fff3dd60000 - 0x00007fff3dfdc000 	C:\Windows\system32\combase.dll
0x00007fff3e2b0000 - 0x00007fff3e301000 	C:\Windows\system32\shlwapi.dll
0x00007fff3cdf0000 - 0x00007fff3cdff000 	C:\Windows\system32\kernel.appcore.dll
0x00007fff3d0c0000 - 0x00007fff3d173000 	C:\Windows\system32\shcore.dll
0x00007fff3ce40000 - 0x00007fff3ce8a000 	C:\Windows\system32\powrprof.dll
0x00007fff3ce00000 - 0x00007fff3ce13000 	C:\Windows\system32\profapi.dll

VM Arguments:
jvm_args: -Djava.awt.headless=true -Xmx1024M -Dfile.encoding=x-windows-874 -Duser.country=US -Duser.language=en -Duser.variant 
java_command: com.android.dx.command.Main --dex --force-jumbo --num-threads=4 --output C:\Users\komkrid\Desktop\PGP-master\app\build\intermediates\pre-dexed\debug\com.google.android.gms-play-services-wearable-8.4.0_6123211410e0b349a457bfcd27dec4492e2b3e9e.jar C:\Users\komkrid\Desktop\PGP-master\app\build\intermediates\exploded-aar\com.google.android.gms\play-services-wearable\8.4.0\jars\classes.jar
java_class_path (initial): C:\Users\komkrid\AppData\Local\Android\sdk\build-tools\24.0.0\lib\dx.jar
Launcher Type: SUN_STANDARD

Environment Variables:
JAVA_HOME=C:\Program Files\Java\jdk1.8.0_101
PATH=C:\ProgramData\Oracle\Java\javapath;C:\Windows\system32;C:\Windows;C:\Windows\System32\Wbem;C:\Windows\System32\WindowsPowerShell\v1.0\;C:\Program Files (x86)\AMD\ATI.ACE\Core-Static;C:\Program Files (x86)\Common Files\Tom Sawyer Software\8.0.0;C:\Program Files\Git\cmd;C:\ProgramData\Oracle\Java\javapath;C:\Windows\system32;C:\Windows;C:\Windows\System32\Wbem;C:\Windows\System32\WindowsPowerShell\v1.0\;C:\Program Files (x86)\AMD\ATI.ACE\Core-Static;C:\Program Files (x86)\Common Files\Tom Sawyer Software\8.0.0;C:\Program Files\Git\cmd;C:\Program Files\Java\jdk1.8.0_101\bin;C:\Users\komkrid\AppData\Local\Android\sdk\platform-tools;C:\Users\komkrid\AppData\Local\Android\sdk\tools;C:\android-adb\
USERNAME=komkrid
OS=Windows_NT
PROCESSOR_IDENTIFIER=AMD64 Family 16 Model 6 Stepping 3, AuthenticAMD



---------------  S Y S T E M  ---------------

OS: Windows 10.0 , 64 bit Build 10240 (10.0.10240.16384)

CPU:total 2 (2 cores per cpu, 1 threads per core) family 16 model 6 stepping 3, cmov, cx8, fxsr, mmx, sse, sse2, sse3, popcnt, mmxext, 3dnowpref, lzcnt, tsc, tscinvbit, tscinv

Memory: 4k page, physical 3930412k(294716k free), swap 7002412k(5984k free)

vm_info: Java HotSpot(TM) 64-Bit Server VM (25.101-b13) for windows-amd64 JRE (1.8.0_101-b13), built on Jun 22 2016 01:21:29 by "java_re" with MS VC++ 10.0 (VS2010)

time: Mon Jan 23 13:58:17 2017
elapsed time: 18 seconds (0d 0h 0m 18s)

