#
# There is insufficient memory for the Java Runtime Environment to continue.
# Native memory allocation (malloc) failed to allocate 32784 bytes for Chunk::new
# Possible reasons:
#   The system is out of physical RAM or swap space
#   In 32 bit mode, the process size limit was hit
# Possible solutions:
#   Reduce memory load on the system
#   Increase physical memory or swap space
#   Check if swap backing store is full
#   Use 64 bit Java on a 64 bit OS
#   Decrease Java heap size (-Xmx/-Xms)
#   Decrease number of Java threads
#   Decrease Java thread stack sizes (-Xss)
#   Set larger code cache with -XX:ReservedCodeCacheSize=
# This output file may be truncated or incomplete.
#
#  Out of Memory Error (allocation.cpp:390), pid=2564, tid=0x0000000000001504
#
# JRE version: Java(TM) SE Runtime Environment (8.0_101-b13) (build 1.8.0_101-b13)
# Java VM: Java HotSpot(TM) 64-Bit Server VM (25.101-b13 mixed mode windows-amd64 compressed oops)
# Failed to write core dump. Minidumps are not enabled by default on client versions of Windows
#

---------------  T H R E A D  ---------------

Current thread (0x00000000150e0800):  JavaThread "C2 CompilerThread0" daemon [_thread_in_native, id=5380, stack(0x00000000160f0000,0x00000000161f0000)]

Stack: [0x00000000160f0000,0x00000000161f0000]
[error occurred during error reporting (printing stack bounds), id 0xc0000005]

Native frames: (J=compiled Java code, j=interpreted, Vv=VM code, C=native code)


Current CompileTask:
C2:  10039 1684       4       com.android.dx.ssa.Dominators::run (506 bytes)


---------------  P R O C E S S  ---------------

Java Threads: ( => current thread )
  0x0000000016535000 JavaThread "pool-1-thread-4" [_thread_in_Java, id=3336, stack(0x0000000016cf0000,0x0000000016df0000)]
  0x0000000016532000 JavaThread "pool-1-thread-3" [_thread_in_Java, id=9024, stack(0x0000000016bf0000,0x0000000016cf0000)]
  0x000000001652b800 JavaThread "pool-1-thread-2" [_thread_in_Java, id=6348, stack(0x0000000016af0000,0x0000000016bf0000)]
  0x0000000016524000 JavaThread "pool-2-thread-1" [_thread_blocked, id=8396, stack(0x00000000169f0000,0x0000000016af0000)]
  0x0000000016518800 JavaThread "pool-1-thread-1" [_thread_in_Java, id=8564, stack(0x00000000168f0000,0x00000000169f0000)]
  0x000000001517e800 JavaThread "Service Thread" daemon [_thread_blocked, id=9148, stack(0x00000000166f0000,0x00000000167f0000)]
  0x0000000015167000 JavaThread "C1 CompilerThread1" daemon [_thread_blocked, id=3216, stack(0x00000000161f0000,0x00000000162f0000)]
=>0x00000000150e0800 JavaThread "C2 CompilerThread0" daemon [_thread_in_native, id=5380, stack(0x00000000160f0000,0x00000000161f0000)]
  0x00000000150df800 JavaThread "Attach Listener" daemon [_thread_blocked, id=4040, stack(0x0000000015ff0000,0x00000000160f0000)]
  0x000000001512e800 JavaThread "Signal Dispatcher" daemon [_thread_blocked, id=6176, stack(0x0000000015ef0000,0x0000000015ff0000)]
  0x00000000150c8800 JavaThread "Finalizer" daemon [_thread_blocked, id=6336, stack(0x0000000015d10000,0x0000000015e10000)]
  0x0000000002c3d800 JavaThread "Reference Handler" daemon [_thread_blocked, id=5220, stack(0x0000000015c10000,0x0000000015d10000)]
  0x0000000002b51000 JavaThread "main" [_thread_in_Java, id=5536, stack(0x00000000028d0000,0x00000000029d0000)]

Other Threads:
  0x00000000150a5800 VMThread [stack: 0x0000000015b10000,0x0000000015c10000] [id=8920]
  0x0000000016326800 WatcherThread [stack: 0x00000000167f0000,0x00000000168f0000] [id=6140]

VM state:not at safepoint (normal execution)

VM Mutex/Monitor currently owned by a thread: None

Heap:
 PSYoungGen      total 64000K, used 40814K [0x00000000eab00000, 0x00000000eec00000, 0x0000000100000000)
  eden space 61440K, 62% used [0x00000000eab00000,0x00000000ed062420,0x00000000ee700000)
  from space 2560K, 98% used [0x00000000ee980000,0x00000000eebf96d8,0x00000000eec00000)
  to   space 2560K, 0% used [0x00000000ee700000,0x00000000ee700000,0x00000000ee980000)
 ParOldGen       total 40960K, used 11248K [0x00000000c0000000, 0x00000000c2800000, 0x00000000eab00000)
  object space 40960K, 27% used [0x00000000c0000000,0x00000000c0afc328,0x00000000c2800000)
 Metaspace       used 6467K, capacity 7158K, committed 7296K, reserved 1056768K
  class space    used 606K, capacity 622K, committed 640K, reserved 1048576K

Card table byte_map: [0x0000000012010000,0x0000000012220000] byte_map_base: 0x0000000011a10000

Marking Bits: (ParMarkBitMap*) 0x000000006e06a6d0
 Begin Bits: [0x0000000012580000, 0x0000000013580000)
 End Bits:   [0x0000000013580000, 0x0000000014580000)

Polling page: 0x00000000028b0000

CodeCache: size=245760Kb used=7287Kb max_used=7287Kb free=238472Kb
 bounds [0x0000000002c50000, 0x0000000003380000, 0x0000000011c50000]
 total_blobs=2050 nmethods=1781 adapters=182
 compilation: enabled

Compilation events (10 events):
Event: 9.975 Thread 0x0000000015167000 1797       2       com.android.dx.cf.direct.StdAttributeFactory::exceptions (105 bytes)
Event: 9.976 Thread 0x0000000015167000 nmethod 1797 0x0000000003369610 code [0x0000000003369860, 0x000000000336a178]
Event: 9.980 Thread 0x0000000015167000 1798       2       com.android.dx.cf.direct.AttributeFactory::parse0 (53 bytes)
Event: 9.981 Thread 0x0000000015167000 nmethod 1798 0x000000000336ab10 code [0x000000000336acc0, 0x000000000336b148]
Event: 9.986 Thread 0x0000000015167000 1799       2       com.android.dx.command.dexer.Main$ClassDefItemConsumer::call (5 bytes)
Event: 9.986 Thread 0x0000000015167000 nmethod 1799 0x000000000336b5d0 code [0x000000000336b740, 0x000000000336b8a8]
Event: 9.986 Thread 0x0000000015167000 1800   !   2       com.android.dx.command.dexer.Main$ClassDefItemConsumer::call (177 bytes)
Event: 9.988 Thread 0x0000000015167000 nmethod 1800 0x000000000336b950 code [0x000000000336bb40, 0x000000000336c4f8]
Event: 9.988 Thread 0x0000000015167000 1801   !   2       java.util.concurrent.LinkedBlockingQueue::take (93 bytes)
Event: 9.989 Thread 0x0000000015167000 nmethod 1801 0x000000000336cd50 code [0x000000000336cfa0, 0x000000000336d6d8]

GC Heap History (8 events):
Event: 3.125 GC heap before
{Heap before GC invocations=1 (full 0):
 PSYoungGen      total 17920K, used 15360K [0x00000000eab00000, 0x00000000ebf00000, 0x0000000100000000)
  eden space 15360K, 100% used [0x00000000eab00000,0x00000000eba00000,0x00000000eba00000)
  from space 2560K, 0% used [0x00000000ebc80000,0x00000000ebc80000,0x00000000ebf00000)
  to   space 2560K, 0% used [0x00000000eba00000,0x00000000eba00000,0x00000000ebc80000)
 ParOldGen       total 40960K, used 0K [0x00000000c0000000, 0x00000000c2800000, 0x00000000eab00000)
  object space 40960K, 0% used [0x00000000c0000000,0x00000000c0000000,0x00000000c2800000)
 Metaspace       used 3723K, capacity 4880K, committed 5120K, reserved 1056768K
  class space    used 406K, capacity 456K, committed 512K, reserved 1048576K
Event: 3.174 GC heap after
Heap after GC invocations=1 (full 0):
 PSYoungGen      total 17920K, used 1220K [0x00000000eab00000, 0x00000000ece00000, 0x0000000100000000)
  eden space 15360K, 0% used [0x00000000eab00000,0x00000000eab00000,0x00000000eba00000)
  from space 2560K, 47% used [0x00000000eba00000,0x00000000ebb31220,0x00000000ebc80000)
  to   space 2560K, 0% used [0x00000000ecb80000,0x00000000ecb80000,0x00000000ece00000)
 ParOldGen       total 40960K, used 0K [0x00000000c0000000, 0x00000000c2800000, 0x00000000eab00000)
  object space 40960K, 0% used [0x00000000c0000000,0x00000000c0000000,0x00000000c2800000)
 Metaspace       used 3723K, capacity 4880K, committed 5120K, reserved 1056768K
  class space    used 406K, capacity 456K, committed 512K, reserved 1048576K
}
Event: 5.212 GC heap before
{Heap before GC invocations=2 (full 0):
 PSYoungGen      total 17920K, used 16580K [0x00000000eab00000, 0x00000000ece00000, 0x0000000100000000)
  eden space 15360K, 100% used [0x00000000eab00000,0x00000000eba00000,0x00000000eba00000)
  from space 2560K, 47% used [0x00000000eba00000,0x00000000ebb31220,0x00000000ebc80000)
  to   space 2560K, 0% used [0x00000000ecb80000,0x00000000ecb80000,0x00000000ece00000)
 ParOldGen       total 40960K, used 0K [0x00000000c0000000, 0x00000000c2800000, 0x00000000eab00000)
  object space 40960K, 0% used [0x00000000c0000000,0x00000000c0000000,0x00000000c2800000)
 Metaspace       used 6011K, capacity 6836K, committed 7040K, reserved 1056768K
  class space    used 600K, capacity 620K, committed 640K, reserved 1048576K
Event: 5.227 GC heap after
Heap after GC invocations=2 (full 0):
 PSYoungGen      total 33280K, used 2535K [0x00000000eab00000, 0x00000000ece00000, 0x0000000100000000)
  eden space 30720K, 0% used [0x00000000eab00000,0x00000000eab00000,0x00000000ec900000)
  from space 2560K, 99% used [0x00000000ecb80000,0x00000000ecdf9c70,0x00000000ece00000)
  to   space 2560K, 0% used [0x00000000ec900000,0x00000000ec900000,0x00000000ecb80000)
 ParOldGen       total 40960K, used 1892K [0x00000000c0000000, 0x00000000c2800000, 0x00000000eab00000)
  object space 40960K, 4% used [0x00000000c0000000,0x00000000c01d93c8,0x00000000c2800000)
 Metaspace       used 6011K, capacity 6836K, committed 7040K, reserved 1056768K
  class space    used 600K, capacity 620K, committed 640K, reserved 1048576K
}
Event: 7.384 GC heap before
{Heap before GC invocations=3 (full 0):
 PSYoungGen      total 33280K, used 33255K [0x00000000eab00000, 0x00000000ece00000, 0x0000000100000000)
  eden space 30720K, 100% used [0x00000000eab00000,0x00000000ec900000,0x00000000ec900000)
  from space 2560K, 99% used [0x00000000ecb80000,0x00000000ecdf9c70,0x00000000ece00000)
  to   space 2560K, 0% used [0x00000000ec900000,0x00000000ec900000,0x00000000ecb80000)
 ParOldGen       total 40960K, used 1892K [0x00000000c0000000, 0x00000000c2800000, 0x00000000eab00000)
  object space 40960K, 4% used [0x00000000c0000000,0x00000000c01d93c8,0x00000000c2800000)
 Metaspace       used 6245K, capacity 7028K, committed 7296K, reserved 1056768K
  class space    used 600K, capacity 620K, committed 640K, reserved 1048576K
Event: 7.411 GC heap after
Heap after GC invocations=3 (full 0):
 PSYoungGen      total 33280K, used 2528K [0x00000000eab00000, 0x00000000eec00000, 0x0000000100000000)
  eden space 30720K, 0% used [0x00000000eab00000,0x00000000eab00000,0x00000000ec900000)
  from space 2560K, 98% used [0x00000000ec900000,0x00000000ecb78010,0x00000000ecb80000)
  to   space 2560K, 0% used [0x00000000ee980000,0x00000000ee980000,0x00000000eec00000)
 ParOldGen       total 40960K, used 6157K [0x00000000c0000000, 0x00000000c2800000, 0x00000000eab00000)
  object space 40960K, 15% used [0x00000000c0000000,0x00000000c0603648,0x00000000c2800000)
 Metaspace       used 6245K, capacity 7028K, committed 7296K, reserved 1056768K
  class space    used 600K, capacity 620K, committed 640K, reserved 1048576K
}
Event: 8.178 GC heap before
{Heap before GC invocations=4 (full 0):
 PSYoungGen      total 33280K, used 33248K [0x00000000eab00000, 0x00000000eec00000, 0x0000000100000000)
  eden space 30720K, 100% used [0x00000000eab00000,0x00000000ec900000,0x00000000ec900000)
  from space 2560K, 98% used [0x00000000ec900000,0x00000000ecb78010,0x00000000ecb80000)
  to   space 2560K, 0% used [0x00000000ee980000,0x00000000ee980000,0x00000000eec00000)
 ParOldGen       total 40960K, used 6157K [0x00000000c0000000, 0x00000000c2800000, 0x00000000eab00000)
  object space 40960K, 15% used [0x00000000c0000000,0x00000000c0603648,0x00000000c2800000)
 Metaspace       used 6340K, capacity 7094K, committed 7296K, reserved 1056768K
  class space    used 605K, capacity 622K, committed 640K, reserved 1048576K
Event: 8.207 GC heap after
Heap after GC invocations=4 (full 0):
 PSYoungGen      total 64000K, used 2533K [0x00000000eab00000, 0x00000000eec00000, 0x0000000100000000)
  eden space 61440K, 0% used [0x00000000eab00000,0x00000000eab00000,0x00000000ee700000)
  from space 2560K, 98% used [0x00000000ee980000,0x00000000eebf96d8,0x00000000eec00000)
  to   space 2560K, 0% used [0x00000000ee700000,0x00000000ee700000,0x00000000ee980000)
 ParOldGen       total 40960K, used 11248K [0x00000000c0000000, 0x00000000c2800000, 0x00000000eab00000)
  object space 40960K, 27% used [0x00000000c0000000,0x00000000c0afc328,0x00000000c2800000)
 Metaspace       used 6340K, capacity 7094K, committed 7296K, reserved 1056768K
  class space    used 605K, capacity 622K, committed 640K, reserved 1048576K
}

Deoptimization events (10 events):
Event: 6.811 Thread 0x0000000016535000 Uncommon trap: reason=null_check action=make_not_entrant pc=0x0000000002f5a190 method=com.android.dx.rop.type.Type.equals(Ljava/lang/Object;)Z @ 8
Event: 6.811 Thread 0x0000000016535000 Uncommon trap: reason=unstable_if action=reinterpret pc=0x00000000030cc230 method=com.android.dx.cf.code.Merger.mergeType(Lcom/android/dx/rop/type/TypeBearer;Lcom/android/dx/rop/type/TypeBearer;)Lcom/android/dx/rop/type/TypeBearer; @ 15
Event: 7.083 Thread 0x0000000016532000 Uncommon trap: reason=bimorphic action=maybe_recompile pc=0x0000000002ea6770 method=java.util.HashMap.getNode(ILjava/lang/Object;)Ljava/util/HashMap$Node; @ 126
Event: 7.092 Thread 0x0000000016532000 Uncommon trap: reason=bimorphic action=maybe_recompile pc=0x00000000032175d8 method=com.android.dx.ssa.SCCP.simulatePhi(Lcom/android/dx/ssa/PhiInsn;)V @ 124
Event: 7.092 Thread 0x0000000016532000 Uncommon trap: reason=bimorphic action=maybe_recompile pc=0x00000000032175d8 method=com.android.dx.ssa.SCCP.simulatePhi(Lcom/android/dx/ssa/PhiInsn;)V @ 124
Event: 7.694 Thread 0x0000000016518800 Uncommon trap: reason=bimorphic action=maybe_recompile pc=0x00000000032175d8 method=com.android.dx.ssa.SCCP.simulatePhi(Lcom/android/dx/ssa/PhiInsn;)V @ 124
Event: 7.790 Thread 0x0000000016518800 Uncommon trap: reason=unstable_if action=reinterpret pc=0x0000000003223fb8 method=com.android.dx.util.LabeledList.set(ILcom/android/dx/util/LabeledItem;)V @ 16
Event: 8.026 Thread 0x0000000016535000 Uncommon trap: reason=unstable_if action=reinterpret pc=0x00000000032a3cac method=com.android.dx.cf.code.ByteCatchList.listFor(I)Lcom/android/dx/cf/code/ByteCatchList; @ 19
Event: 8.460 Thread 0x0000000016535000 Uncommon trap: reason=class_check action=maybe_recompile pc=0x00000000032e8298 method=com.android.dx.ssa.SCCP.simulateBranch(Lcom/android/dx/ssa/SsaInsn;)V @ 145
Event: 9.540 Thread 0x000000001652b800 Uncommon trap: reason=class_check action=maybe_recompile pc=0x00000000032e8298 method=com.android.dx.ssa.SCCP.simulateBranch(Lcom/android/dx/ssa/SsaInsn;)V @ 145

Internal exceptions (3 events):
Event: 0.214 Thread 0x0000000002b51000 Exception <a 'java/lang/NoSuchMethodError': Method sun.misc.Unsafe.defineClass(Ljava/lang/String;[BII)Ljava/lang/Class; name or signature does not match> (0x00000000eab07cc0) thrown at [C:\re\workspace\8-2-build-windows-amd64-cygwin\jdk8u101\7261\hotspot\s¸3lË?
Event: 0.214 Thread 0x0000000002b51000 Exception <a 'java/lang/NoSuchMethodError': Method sun.misc.Unsafe.prefetchRead(Ljava/lang/Object;J)V name or signature does not match> (0x00000000eab07fa8) thrown at [C:\re\workspace\8-2-build-windows-amd64-cygwin\jdk8u101\7261\hotspot\src\share\vm\prims\TÐÆXN>@
Event: 6.811 Thread 0x0000000016535000 Implicit null exception at 0x0000000002f5a0e2 to 0x0000000002f5a181

Events (10 events):
Event: 8.460 Thread 0x0000000016535000 DEOPT UNPACKING pc=0x0000000002c9582a sp=0x0000000016dee738 mode 2
Event: 9.540 Thread 0x000000001652b800 Uncommon trap: trap_request=0xffffffde fr.pc=0x00000000032e8298
Event: 9.540 Thread 0x000000001652b800 DEOPT PACKING pc=0x00000000032e8298 sp=0x0000000016beec40
Event: 9.540 Thread 0x000000001652b800 DEOPT UNPACKING pc=0x0000000002c9582a sp=0x0000000016beec58 mode 2
Event: 9.864 Thread 0x0000000002b51000 DEOPT PACKING pc=0x0000000003273421 sp=0x00000000029ceb30
Event: 9.864 Thread 0x0000000002b51000 DEOPT UNPACKING pc=0x0000000002c9747f sp=0x00000000029ce8f0 mode 0
Event: 9.872 Thread 0x0000000002b51000 DEOPT PACKING pc=0x0000000003275892 sp=0x00000000029cec30
Event: 9.872 Thread 0x0000000002b51000 DEOPT UNPACKING pc=0x0000000002c9747f sp=0x00000000029cea40 mode 0
Event: 9.906 Thread 0x0000000016535000 DEOPT PACKING pc=0x00000000032840b9 sp=0x0000000016deeea0
Event: 9.906 Thread 0x0000000016535000 DEOPT UNPACKING pc=0x0000000002c9747f sp=0x0000000016deec70 mode 0


Dynamic libraries:
0x00007ff609bd0000 - 0x00007ff609c07000 	C:\Program Files\Java\jdk1.8.0_101\bin\java.exe
0x00007fff403c0000 - 0x00007fff40581000 	C:\Windows\SYSTEM32\ntdll.dll
0x00007fff401c0000 - 0x00007fff4026d000 	C:\Windows\system32\KERNEL32.DLL
0x00007fff3d180000 - 0x00007fff3d35d000 	C:\Windows\system32\KERNELBASE.dll
0x00007fff3dcb0000 - 0x00007fff3dd56000 	C:\Windows\system32\ADVAPI32.dll
0x00007fff400e0000 - 0x00007fff4017d000 	C:\Windows\system32\msvcrt.dll
0x00007fff3dfe0000 - 0x00007fff3e03b000 	C:\Windows\system32\sechost.dll
0x00007fff3da90000 - 0x00007fff3dbb6000 	C:\Windows\system32\RPCRT4.dll
0x00007fff40270000 - 0x00007fff403be000 	C:\Windows\system32\USER32.dll
0x00007fff3e810000 - 0x00007fff3e996000 	C:\Windows\system32\GDI32.dll
0x00007fff2fba0000 - 0x00007fff2fe14000 	C:\Windows\WinSxS\amd64_microsoft.windows.common-controls_6595b64144ccf1df_6.0.10240.16384_none_f41f7b285750ef43\COMCTL32.dll
0x00007fff40180000 - 0x00007fff401b6000 	C:\Windows\system32\IMM32.DLL
0x00007fff3ea50000 - 0x00007fff3ebac000 	C:\Windows\system32\MSCTF.dll
0x000000006e0f0000 - 0x000000006e1c2000 	C:\Program Files\Java\jdk1.8.0_101\jre\bin\msvcr100.dll
0x000000006d850000 - 0x000000006e0ea000 	C:\Program Files\Java\jdk1.8.0_101\jre\bin\server\jvm.dll
0x00007fff3e370000 - 0x00007fff3e378000 	C:\Windows\system32\PSAPI.DLL
0x00007fff3a250000 - 0x00007fff3a259000 	C:\Windows\SYSTEM32\WSOCK32.dll
0x00007fff3e530000 - 0x00007fff3e599000 	C:\Windows\system32\WS2_32.dll
0x00007fff3e800000 - 0x00007fff3e808000 	C:\Windows\system32\NSI.dll
0x00007fff3b470000 - 0x00007fff3b493000 	C:\Windows\SYSTEM32\WINMM.dll
0x00007fff39b40000 - 0x00007fff39b4a000 	C:\Windows\SYSTEM32\VERSION.dll
0x00007fff3b330000 - 0x00007fff3b35c000 	C:\Windows\SYSTEM32\WINMMBASE.dll
0x00007fff3d990000 - 0x00007fff3d9d4000 	C:\Windows\system32\cfgmgr32.dll
0x00007fff3b780000 - 0x00007fff3b7a7000 	C:\Windows\SYSTEM32\DEVOBJ.dll
0x000000006d840000 - 0x000000006d84f000 	C:\Program Files\Java\jdk1.8.0_101\jre\bin\verify.dll
0x000000006d810000 - 0x000000006d839000 	C:\Program Files\Java\jdk1.8.0_101\jre\bin\java.dll
0x000000006d7f0000 - 0x000000006d806000 	C:\Program Files\Java\jdk1.8.0_101\jre\bin\zip.dll
0x00007fff3ebb0000 - 0x00007fff400d2000 	C:\Windows\system32\SHELL32.dll
0x00007fff3d360000 - 0x00007fff3d989000 	C:\Windows\system32\windows.storage.dll
0x00007fff3dd60000 - 0x00007fff3dfdc000 	C:\Windows\system32\combase.dll
0x00007fff3e2b0000 - 0x00007fff3e301000 	C:\Windows\system32\shlwapi.dll
0x00007fff3cdf0000 - 0x00007fff3cdff000 	C:\Windows\system32\kernel.appcore.dll
0x00007fff3d0c0000 - 0x00007fff3d173000 	C:\Windows\system32\shcore.dll
0x00007fff3ce40000 - 0x00007fff3ce8a000 	C:\Windows\system32\powrprof.dll
0x00007fff3ce00000 - 0x00007fff3ce13000 	C:\Windows\system32\profapi.dll

VM Arguments:
jvm_args: -Djava.awt.headless=true -Xmx1024M -Dfile.encoding=x-windows-874 -Duser.country=US -Duser.language=en -Duser.variant 
java_command: com.android.dx.command.Main --dex --force-jumbo --num-threads=4 --output C:\Users\komkrid\Desktop\PGP-master\app\build\intermediates\pre-dexed\debug\com.google.android.gms-play-services-games-8.4.0_088c31c57b58e84ed99bd2f70a3d1d5e321b0de9.jar C:\Users\komkrid\Desktop\PGP-master\app\build\intermediates\exploded-aar\com.google.android.gms\play-services-games\8.4.0\jars\classes.jar
java_class_path (initial): C:\Users\komkrid\AppData\Local\Android\sdk\build-tools\24.0.0\lib\dx.jar
Launcher Type: SUN_STANDARD

Environment Variables:
JAVA_HOME=C:\Program Files\Java\jdk1.8.0_101
PATH=C:\ProgramData\Oracle\Java\javapath;C:\Windows\system32;C:\Windows;C:\Windows\System32\Wbem;C:\Windows\System32\WindowsPowerShell\v1.0\;C:\Program Files (x86)\AMD\ATI.ACE\Core-Static;C:\Program Files (x86)\Common Files\Tom Sawyer Software\8.0.0;C:\Program Files\Git\cmd;C:\ProgramData\Oracle\Java\javapath;C:\Windows\system32;C:\Windows;C:\Windows\System32\Wbem;C:\Windows\System32\WindowsPowerShell\v1.0\;C:\Program Files (x86)\AMD\ATI.ACE\Core-Static;C:\Program Files (x86)\Common Files\Tom Sawyer Software\8.0.0;C:\Program Files\Git\cmd;C:\Program Files\Java\jdk1.8.0_101\bin;C:\Users\komkrid\AppData\Local\Android\sdk\platform-tools;C:\Users\komkrid\AppData\Local\Android\sdk\tools;C:\android-adb\
USERNAME=komkrid
OS=Windows_NT
PROCESSOR_IDENTIFIER=AMD64 Family 16 Model 6 Stepping 3, AuthenticAMD



---------------  S Y S T E M  ---------------

OS: Windows 10.0 , 64 bit Build 10240 (10.0.10240.16384)

CPU:total 2 (2 cores per cpu, 1 threads per core) family 16 model 6 stepping 3, cmov, cx8, fxsr, mmx, sse, sse2, sse3, popcnt, mmxext, 3dnowpref, lzcnt, tsc, tscinvbit, tscinv

Memory: 4k page, physical 3930412k(311404k free), swap 7002412k(5692k free)

vm_info: Java HotSpot(TM) 64-Bit Server VM (25.101-b13) for windows-amd64 JRE (1.8.0_101-b13), built on Jun 22 2016 01:21:29 by "java_re" with MS VC++ 10.0 (VS2010)

time: Mon Jan 23 14:01:04 2017
elapsed time: 10 seconds (0d 0h 0m 10s)

