#
# There is insufficient memory for the Java Runtime Environment to continue.
# Native memory allocation (malloc) failed to allocate 581296 bytes for Chunk::new
# Possible reasons:
#   The system is out of physical RAM or swap space
#   In 32 bit mode, the process size limit was hit
# Possible solutions:
#   Reduce memory load on the system
#   Increase physical memory or swap space
#   Check if swap backing store is full
#   Use 64 bit Java on a 64 bit OS
#   Decrease Java heap size (-Xmx/-Xms)
#   Decrease number of Java threads
#   Decrease Java thread stack sizes (-Xss)
#   Set larger code cache with -XX:ReservedCodeCacheSize=
# This output file may be truncated or incomplete.
#
#  Out of Memory Error (allocation.cpp:390), pid=5648, tid=0x000000000000165c
#
# JRE version: Java(TM) SE Runtime Environment (8.0_101-b13) (build 1.8.0_101-b13)
# Java VM: Java HotSpot(TM) 64-Bit Server VM (25.101-b13 mixed mode windows-amd64 compressed oops)
# Failed to write core dump. Minidumps are not enabled by default on client versions of Windows
#

---------------  T H R E A D  ---------------

Current thread (0x00000000152a0800):  JavaThread "C2 CompilerThread0" daemon [_thread_in_native, id=5724, stack(0x00000000162c0000,0x00000000163c0000)]

Stack: [0x00000000162c0000,0x00000000163c0000]
[error occurred during error reporting (printing stack bounds), id 0xc0000005]

Native frames: (J=compiled Java code, j=interpreted, Vv=VM code, C=native code)


Current CompileTask:
C2:  39577 2345       4       com.android.dx.ssa.ConstCollector::getConstsSortedByCountUse (386 bytes)


---------------  P R O C E S S  ---------------

Java Threads: ( => current thread )
  0x00000000166fd800 JavaThread "pool-1-thread-4" [_thread_in_Java, id=5116, stack(0x0000000016ec0000,0x0000000016fc0000)]
  0x00000000166f9000 JavaThread "pool-1-thread-3" [_thread_in_Java, id=6628, stack(0x0000000016dc0000,0x0000000016ec0000)]
  0x00000000166f6000 JavaThread "pool-1-thread-2" [_thread_in_Java, id=4920, stack(0x0000000016cc0000,0x0000000016dc0000)]
  0x00000000166e2000 JavaThread "pool-2-thread-1" [_thread_blocked, id=5472, stack(0x0000000016bc0000,0x0000000016cc0000)]
  0x00000000166e8000 JavaThread "pool-1-thread-1" [_thread_in_Java, id=7232, stack(0x0000000016ac0000,0x0000000016bc0000)]
  0x00000000164c7800 JavaThread "Service Thread" daemon [_thread_blocked, id=6212, stack(0x00000000168c0000,0x00000000169c0000)]
  0x00000000152a3800 JavaThread "C1 CompilerThread1" daemon [_thread_blocked, id=3296, stack(0x00000000163c0000,0x00000000164c0000)]
=>0x00000000152a0800 JavaThread "C2 CompilerThread0" daemon [_thread_in_native, id=5724, stack(0x00000000162c0000,0x00000000163c0000)]
  0x000000001529f800 JavaThread "Attach Listener" daemon [_thread_blocked, id=6244, stack(0x00000000161c0000,0x00000000162c0000)]
  0x00000000152ee000 JavaThread "Signal Dispatcher" daemon [_thread_blocked, id=7068, stack(0x00000000160c0000,0x00000000161c0000)]
  0x0000000015288800 JavaThread "Finalizer" daemon [_thread_blocked, id=7144, stack(0x0000000015ee0000,0x0000000015fe0000)]
  0x0000000002dfc800 JavaThread "Reference Handler" daemon [_thread_blocked, id=972, stack(0x0000000015de0000,0x0000000015ee0000)]
  0x0000000002d11000 JavaThread "main" [_thread_in_Java, id=2880, stack(0x00000000012f0000,0x00000000013f0000)]

Other Threads:
  0x0000000015265800 VMThread [stack: 0x0000000015ce0000,0x0000000015de0000] [id=980]
  0x00000000164fd800 WatcherThread [stack: 0x00000000169c0000,0x0000000016ac0000] [id=656]

VM state:not at safepoint (normal execution)

VM Mutex/Monitor currently owned by a thread: None

Heap:
 PSYoungGen      total 226304K, used 177866K [0x00000000eab00000, 0x0000000100000000, 0x0000000100000000)
  eden space 172032K, 89% used [0x00000000eab00000,0x00000000f41860d8,0x00000000f5300000)
  from space 54272K, 43% used [0x00000000f5300000,0x00000000f6a2ca50,0x00000000f8800000)
  to   space 91648K, 0% used [0x00000000fa680000,0x00000000fa680000,0x0000000100000000)
 ParOldGen       total 328192K, used 206176K [0x00000000c0000000, 0x00000000d4080000, 0x00000000eab00000)
  object space 328192K, 62% used [0x00000000c0000000,0x00000000cc958230,0x00000000d4080000)
 Metaspace       used 6602K, capacity 7256K, committed 7424K, reserved 1056768K
  class space    used 628K, capacity 656K, committed 768K, reserved 1048576K

Card table byte_map: [0x00000000121d0000,0x00000000123e0000] byte_map_base: 0x0000000011bd0000

Marking Bits: (ParMarkBitMap*) 0x00000000578ba6d0
 Begin Bits: [0x0000000012740000, 0x0000000013740000)
 End Bits:   [0x0000000013740000, 0x0000000014740000)

Polling page: 0x00000000012c0000

CodeCache: size=245760Kb used=11223Kb max_used=11235Kb free=234536Kb
 bounds [0x0000000002e10000, 0x0000000003920000, 0x0000000011e10000]
 total_blobs=2454 nmethods=2185 adapters=182
 compilation: enabled

Compilation events (10 events):
Event: 39.211 Thread 0x00000000152a0800 nmethod 2334% 0x0000000003909e10 code [0x000000000390a100, 0x000000000390ce38]
Event: 39.212 Thread 0x00000000152a0800 2329       4       com.android.dx.cf.code.Ropper::addExceptionSetupBlocks (203 bytes)
Event: 39.310 Thread 0x00000000152a0800 nmethod 2329 0x000000000390ffd0 code [0x0000000003910280, 0x0000000003911ae8]
Event: 39.310 Thread 0x00000000152a0800 2333   !   4       com.android.dx.cf.direct.AttributeListParser::parse (323 bytes)
Event: 39.317 Thread 0x00000000152a0800 nmethod 2333 0x0000000003848010 code [0x0000000003848180, 0x0000000003848568]
Event: 39.413 Thread 0x00000000152a0800 2342   !   4       com.android.dx.cf.cst.ConstantPoolParser::parseUtf8 (47 bytes)
Event: 39.420 Thread 0x00000000152a0800 nmethod 2342 0x00000000039075d0 code [0x0000000003907760, 0x0000000003907c38]
Event: 39.420 Thread 0x00000000152a0800 2343       4       com.android.dx.rop.cst.CstString::stringToUtf8Bytes (175 bytes)
Event: 39.428 Thread 0x00000000152a0800 nmethod 2343 0x0000000003906d50 code [0x0000000003906ea0, 0x0000000003907318]
Event: 39.428 Thread 0x00000000152a0800 2345       4       com.android.dx.ssa.ConstCollector::getConstsSortedByCountUse (386 bytes)

GC Heap History (10 events):
Event: 23.204 GC heap before
{Heap before GC invocations=10 (full 1):
 PSYoungGen      total 182784K, used 182775K [0x00000000eab00000, 0x00000000fe500000, 0x0000000100000000)
  eden space 143360K, 100% used [0x00000000eab00000,0x00000000f3700000,0x00000000f3700000)
  from space 39424K, 99% used [0x00000000fbe80000,0x00000000fe4fdd00,0x00000000fe500000)
  to   space 48640K, 0% used [0x00000000f8600000,0x00000000f8600000,0x00000000fb580000)
 ParOldGen       total 117248K, used 63819K [0x00000000c0000000, 0x00000000c7280000, 0x00000000eab00000)
  object space 117248K, 54% used [0x00000000c0000000,0x00000000c3e52ce0,0x00000000c7280000)
 Metaspace       used 6598K, capacity 7256K, committed 7424K, reserved 1056768K
  class space    used 627K, capacity 656K, committed 768K, reserved 1048576K
Event: 23.501 GC heap after
Heap after GC invocations=10 (full 1):
 PSYoungGen      total 208896K, used 48622K [0x00000000eab00000, 0x00000000fdd80000, 0x0000000100000000)
  eden space 160256K, 0% used [0x00000000eab00000,0x00000000eab00000,0x00000000f4780000)
  from space 48640K, 99% used [0x00000000f8600000,0x00000000fb57bab0,0x00000000fb580000)
  to   space 40960K, 0% used [0x00000000fb580000,0x00000000fb580000,0x00000000fdd80000)
 ParOldGen       total 117248K, used 110460K [0x00000000c0000000, 0x00000000c7280000, 0x00000000eab00000)
  object space 117248K, 94% used [0x00000000c0000000,0x00000000c6bdf3f0,0x00000000c7280000)
 Metaspace       used 6598K, capacity 7256K, committed 7424K, reserved 1056768K
  class space    used 627K, capacity 656K, committed 768K, reserved 1048576K
}
Event: 23.501 GC heap before
{Heap before GC invocations=11 (full 2):
 PSYoungGen      total 208896K, used 48622K [0x00000000eab00000, 0x00000000fdd80000, 0x0000000100000000)
  eden space 160256K, 0% used [0x00000000eab00000,0x00000000eab00000,0x00000000f4780000)
  from space 48640K, 99% used [0x00000000f8600000,0x00000000fb57bab0,0x00000000fb580000)
  to   space 40960K, 0% used [0x00000000fb580000,0x00000000fb580000,0x00000000fdd80000)
 ParOldGen       total 117248K, used 110460K [0x00000000c0000000, 0x00000000c7280000, 0x00000000eab00000)
  object space 117248K, 94% used [0x00000000c0000000,0x00000000c6bdf3f0,0x00000000c7280000)
 Metaspace       used 6598K, capacity 7256K, committed 7424K, reserved 1056768K
  class space    used 627K, capacity 656K, committed 768K, reserved 1048576K
Event: 24.592 GC heap after
Heap after GC invocations=11 (full 2):
 PSYoungGen      total 208896K, used 490K [0x00000000eab00000, 0x00000000fdd80000, 0x0000000100000000)
  eden space 160256K, 0% used [0x00000000eab00000,0x00000000eab00000,0x00000000f4780000)
  from space 48640K, 1% used [0x00000000f8600000,0x00000000f867a8d0,0x00000000fb580000)
  to   space 40960K, 0% used [0x00000000fb580000,0x00000000fb580000,0x00000000fdd80000)
 ParOldGen       total 206336K, used 116918K [0x00000000c0000000, 0x00000000cc980000, 0x00000000eab00000)
  object space 206336K, 56% used [0x00000000c0000000,0x00000000c722dae0,0x00000000cc980000)
 Metaspace       used 6598K, capacity 7256K, committed 7424K, reserved 1056768K
  class space    used 627K, capacity 656K, committed 768K, reserved 1048576K
}
Event: 25.114 GC heap before
{Heap before GC invocations=12 (full 2):
 PSYoungGen      total 208896K, used 160746K [0x00000000eab00000, 0x00000000fdd80000, 0x0000000100000000)
  eden space 160256K, 100% used [0x00000000eab00000,0x00000000f4780000,0x00000000f4780000)
  from space 48640K, 1% used [0x00000000f8600000,0x00000000f867a8d0,0x00000000fb580000)
  to   space 40960K, 0% used [0x00000000fb580000,0x00000000fb580000,0x00000000fdd80000)
 ParOldGen       total 206336K, used 116918K [0x00000000c0000000, 0x00000000cc980000, 0x00000000eab00000)
  object space 206336K, 56% used [0x00000000c0000000,0x00000000c722dae0,0x00000000cc980000)
 Metaspace       used 6599K, capacity 7256K, committed 7424K, reserved 1056768K
  class space    used 627K, capacity 656K, committed 768K, reserved 1048576K
Event: 25.341 GC heap after
Heap after GC invocations=12 (full 2):
 PSYoungGen      total 212992K, used 40937K [0x00000000eab00000, 0x0000000100000000, 0x0000000100000000)
  eden space 172032K, 0% used [0x00000000eab00000,0x00000000eab00000,0x00000000f5300000)
  from space 40960K, 99% used [0x00000000fb580000,0x00000000fdd7a5b0,0x00000000fdd80000)
  to   space 88576K, 0% used [0x00000000f5300000,0x00000000f5300000,0x00000000fa980000)
 ParOldGen       total 206336K, used 146849K [0x00000000c0000000, 0x00000000cc980000, 0x00000000eab00000)
  object space 206336K, 71% used [0x00000000c0000000,0x00000000c8f687d0,0x00000000cc980000)
 Metaspace       used 6599K, capacity 7256K, committed 7424K, reserved 1056768K
  class space    used 627K, capacity 656K, committed 768K, reserved 1048576K
}
Event: 26.930 GC heap before
{Heap before GC invocations=13 (full 2):
 PSYoungGen      total 212992K, used 212969K [0x00000000eab00000, 0x0000000100000000, 0x0000000100000000)
  eden space 172032K, 100% used [0x00000000eab00000,0x00000000f5300000,0x00000000f5300000)
  from space 40960K, 99% used [0x00000000fb580000,0x00000000fdd7a5b0,0x00000000fdd80000)
  to   space 88576K, 0% used [0x00000000f5300000,0x00000000f5300000,0x00000000fa980000)
 ParOldGen       total 206336K, used 146849K [0x00000000c0000000, 0x00000000cc980000, 0x00000000eab00000)
  object space 206336K, 71% used [0x00000000c0000000,0x00000000c8f687d0,0x00000000cc980000)
 Metaspace       used 6599K, capacity 7256K, committed 7424K, reserved 1056768K
  class space    used 627K, capacity 656K, committed 768K, reserved 1048576K
Event: 27.136 GC heap after
Heap after GC invocations=13 (full 2):
 PSYoungGen      total 226304K, used 54237K [0x00000000eab00000, 0x0000000100000000, 0x0000000100000000)
  eden space 172032K, 0% used [0x00000000eab00000,0x00000000eab00000,0x00000000f5300000)
  from space 54272K, 99% used [0x00000000f5300000,0x00000000f87f77e0,0x00000000f8800000)
  to   space 91648K, 0% used [0x00000000fa680000,0x00000000fa680000,0x0000000100000000)
 ParOldGen       total 206336K, used 185247K [0x00000000c0000000, 0x00000000cc980000, 0x00000000eab00000)
  object space 206336K, 89% used [0x00000000c0000000,0x00000000cb4e7fe0,0x00000000cc980000)
 Metaspace       used 6599K, capacity 7256K, committed 7424K, reserved 1056768K
  class space    used 627K, capacity 656K, committed 768K, reserved 1048576K
}
Event: 27.136 GC heap before
{Heap before GC invocations=14 (full 3):
 PSYoungGen      total 226304K, used 54237K [0x00000000eab00000, 0x0000000100000000, 0x0000000100000000)
  eden space 172032K, 0% used [0x00000000eab00000,0x00000000eab00000,0x00000000f5300000)
  from space 54272K, 99% used [0x00000000f5300000,0x00000000f87f77e0,0x00000000f8800000)
  to   space 91648K, 0% used [0x00000000fa680000,0x00000000fa680000,0x0000000100000000)
 ParOldGen       total 206336K, used 185247K [0x00000000c0000000, 0x00000000cc980000, 0x00000000eab00000)
  object space 206336K, 89% used [0x00000000c0000000,0x00000000cb4e7fe0,0x00000000cc980000)
 Metaspace       used 6599K, capacity 7256K, committed 7424K, reserved 1056768K
  class space    used 627K, capacity 656K, committed 768K, reserved 1048576K
Event: 30.674 GC heap after
Heap after GC invocations=14 (full 3):
 PSYoungGen      total 226304K, used 23730K [0x00000000eab00000, 0x0000000100000000, 0x0000000100000000)
  eden space 172032K, 0% used [0x00000000eab00000,0x00000000eab00000,0x00000000f5300000)
  from space 54272K, 43% used [0x00000000f5300000,0x00000000f6a2ca50,0x00000000f8800000)
  to   space 91648K, 0% used [0x00000000fa680000,0x00000000fa680000,0x0000000100000000)
 ParOldGen       total 328192K, used 206176K [0x00000000c0000000, 0x00000000d4080000, 0x00000000eab00000)
  object space 328192K, 62% used [0x00000000c0000000,0x00000000cc958230,0x00000000d4080000)
 Metaspace       used 6599K, capacity 7256K, committed 7424K, reserved 1056768K
  class space    used 627K, capacity 656K, committed 768K, reserved 1048576K
}

Deoptimization events (10 events):
Event: 16.158 Thread 0x0000000002d11000 Uncommon trap: reason=class_check action=maybe_recompile pc=0x00000000035b7b60 method=com.android.dx.cf.code.RopperMachine.run(Lcom/android/dx/cf/code/Frame;II)V @ 310
Event: 16.158 Thread 0x0000000002d11000 Uncommon trap: reason=class_check action=maybe_recompile pc=0x00000000035cd6b4 method=com.android.dx.cf.code.BaseMachine.addResult(Lcom/android/dx/rop/type/TypeBearer;)V @ 23
Event: 16.158 Thread 0x0000000002d11000 Uncommon trap: reason=class_check action=maybe_recompile pc=0x00000000035b7b60 method=com.android.dx.cf.code.RopperMachine.run(Lcom/android/dx/cf/code/Frame;II)V @ 310
Event: 16.158 Thread 0x0000000002d11000 Uncommon trap: reason=class_check action=maybe_recompile pc=0x00000000035cd6b4 method=com.android.dx.cf.code.BaseMachine.addResult(Lcom/android/dx/rop/type/TypeBearer;)V @ 23
Event: 16.158 Thread 0x0000000002d11000 Uncommon trap: reason=class_check action=maybe_recompile pc=0x00000000035b7b60 method=com.android.dx.cf.code.RopperMachine.run(Lcom/android/dx/cf/code/Frame;II)V @ 310
Event: 16.181 Thread 0x0000000002d11000 Uncommon trap: reason=unstable_if action=reinterpret pc=0x00000000035b6010 method=com.android.dx.rop.code.DexTranslationAdvice.hasConstantOperation(Lcom/android/dx/rop/code/Rop;Lcom/android/dx/rop/code/RegisterSpec;Lcom/android/dx/rop/code/RegisterSpec;)Z {–âÄ)80@
Event: 16.219 Thread 0x0000000002d11000 Uncommon trap: reason=unstable_if action=reinterpret pc=0x0000000003505c58 method=com.android.dx.cf.code.Merger.mergeType(Lcom/android/dx/rop/type/TypeBearer;Lcom/android/dx/rop/type/TypeBearer;)Lcom/android/dx/rop/type/TypeBearer; @ 126
Event: 16.932 Thread 0x0000000002d11000 Uncommon trap: reason=class_check action=maybe_recompile pc=0x00000000035cd6b4 method=com.android.dx.cf.code.BaseMachine.addResult(Lcom/android/dx/rop/type/TypeBearer;)V @ 23
Event: 18.150 Thread 0x0000000002d11000 Uncommon trap: reason=speculate_class_check action=maybe_recompile pc=0x000000000354c70c method=com.android.dx.rop.cst.TypedConstant.getBasicType()I @ 1
Event: 18.336 Thread 0x0000000002d11000 Uncommon trap: reason=unstable_if action=reinterpret pc=0x000000000354c45c method=com.android.dx.ssa.SCCP.simulateBranch(Lcom/android/dx/ssa/SsaInsn;)V @ 334

Internal exceptions (6 events):
Event: 0.105 Thread 0x0000000002d11000 Exception <a 'java/lang/NoSuchMethodError': Method sun.misc.Unsafe.defineClass(Ljava/lang/String;[BII)Ljava/lang/Class; name or signature does not match> (0x00000000eab07cc0) thrown at [C:\re\workspace\8-2-build-windows-amd64-cygwin\jdk8u101\7261\hotspot\s;Èóíläº?
Event: 0.105 Thread 0x0000000002d11000 Exception <a 'java/lang/NoSuchMethodError': Method sun.misc.Unsafe.prefetchRead(Ljava/lang/Object;J)V name or signature does not match> (0x00000000eab07fa8) thrown at [C:\re\workspace\8-2-build-windows-amd64-cygwin\jdk8u101\7261\hotspot\src\share\vm\prims\êª‹ßá@
Event: 2.235 Thread 0x00000000166e8000 Implicit null exception at 0x000000000312f1a2 to 0x000000000312f241
Event: 4.246 Thread 0x00000000166f6000 Exception <a 'java/lang/ArrayIndexOutOfBoundsException': 18> (0x00000000eccb3bc8) thrown at [C:\re\workspace\8-2-build-windows-amd64-cygwin\jdk8u101\7261\hotspot\src\share\vm\interpreter\interpreterRuntime.cpp, line 366]
Event: 4.247 Thread 0x00000000166f6000 Exception <a 'java/lang/ArrayIndexOutOfBoundsException'> (0x00000000eccb5748) thrown at [C:\re\workspace\8-2-build-windows-amd64-cygwin\jdk8u101\7261\hotspot\src\share\vm\runtime\sharedRuntime.cpp, line 605]
Event: 4.248 Thread 0x00000000166f6000 Exception <a 'java/lang/ArrayIndexOutOfBoundsException'> (0x00000000eccb6a30) thrown at [C:\re\workspace\8-2-build-windows-amd64-cygwin\jdk8u101\7261\hotspot\src\share\vm\runtime\sharedRuntime.cpp, line 605]

Events (10 events):
Event: 37.016 Thread 0x00000000166fd800 DEOPT PACKING pc=0x00000000031f87ae sp=0x0000000016fbe790
Event: 37.016 Thread 0x00000000166fd800 DEOPT UNPACKING pc=0x0000000002e5747f sp=0x0000000016fbe4f0 mode 0
Event: 38.967 Thread 0x0000000002d11000 DEOPT PACKING pc=0x0000000003267a57 sp=0x00000000013ee5c0
Event: 38.967 Thread 0x0000000002d11000 DEOPT UNPACKING pc=0x0000000002e5747f sp=0x00000000013ee3a8 mode 0
Event: 39.426 Thread 0x0000000002d11000 DEOPT PACKING pc=0x00000000031fd1d9 sp=0x00000000013ee330
Event: 39.426 Thread 0x0000000002d11000 DEOPT UNPACKING pc=0x0000000002e5747f sp=0x00000000013ee128 mode 0
Event: 39.428 Thread 0x0000000002d11000 DEOPT PACKING pc=0x000000000320a2df sp=0x00000000013ee370
Event: 39.428 Thread 0x0000000002d11000 DEOPT UNPACKING pc=0x0000000002e5747f sp=0x00000000013ee110 mode 0
Event: 39.442 Thread 0x0000000002d11000 DEOPT PACKING pc=0x000000000327c6d6 sp=0x00000000013ee640
Event: 39.442 Thread 0x0000000002d11000 DEOPT UNPACKING pc=0x0000000002e5747f sp=0x00000000013ee3a8 mode 0


Dynamic libraries:
0x00007ff64a9e0000 - 0x00007ff64aa17000 	C:\Program Files\Java\jdk1.8.0_101\bin\java.exe
0x00007ffa5edc0000 - 0x00007ffa5ef81000 	C:\Windows\SYSTEM32\ntdll.dll
0x00007ffa5d180000 - 0x00007ffa5d22d000 	C:\Windows\system32\KERNEL32.DLL
0x00007ffa5bf20000 - 0x00007ffa5c0fd000 	C:\Windows\system32\KERNELBASE.dll
0x00007ffa5d5a0000 - 0x00007ffa5d646000 	C:\Windows\system32\ADVAPI32.dll
0x00007ffa5cb80000 - 0x00007ffa5cc1d000 	C:\Windows\system32\msvcrt.dll
0x00007ffa5d0c0000 - 0x00007ffa5d11b000 	C:\Windows\system32\sechost.dll
0x00007ffa5c490000 - 0x00007ffa5c5b6000 	C:\Windows\system32\RPCRT4.dll
0x00007ffa5d380000 - 0x00007ffa5d4ce000 	C:\Windows\system32\USER32.dll
0x00007ffa5d650000 - 0x00007ffa5d7d6000 	C:\Windows\system32\GDI32.dll
0x00007ffa50260000 - 0x00007ffa504d4000 	C:\Windows\WinSxS\amd64_microsoft.windows.common-controls_6595b64144ccf1df_6.0.10240.16384_none_f41f7b285750ef43\COMCTL32.dll
0x00007ffa5c5c0000 - 0x00007ffa5c5f6000 	C:\Windows\system32\IMM32.DLL
0x00007ffa5cd90000 - 0x00007ffa5ceec000 	C:\Windows\system32\MSCTF.dll
0x00000000587e0000 - 0x00000000588b2000 	C:\Program Files\Java\jdk1.8.0_101\jre\bin\msvcr100.dll
0x00000000570a0000 - 0x000000005793a000 	C:\Program Files\Java\jdk1.8.0_101\jre\bin\server\jvm.dll
0x00007ffa5cc20000 - 0x00007ffa5cc28000 	C:\Windows\system32\PSAPI.DLL
0x00007ffa57bd0000 - 0x00007ffa57bd9000 	C:\Windows\SYSTEM32\WSOCK32.dll
0x00007ffa5d4d0000 - 0x00007ffa5d539000 	C:\Windows\system32\WS2_32.dll
0x00007ffa5d230000 - 0x00007ffa5d238000 	C:\Windows\system32\NSI.dll
0x00007ffa59e70000 - 0x00007ffa59e93000 	C:\Windows\SYSTEM32\WINMM.dll
0x00007ffa59000000 - 0x00007ffa5900a000 	C:\Windows\SYSTEM32\VERSION.dll
0x00007ffa59e10000 - 0x00007ffa59e3c000 	C:\Windows\SYSTEM32\WINMMBASE.dll
0x00007ffa5c390000 - 0x00007ffa5c3d4000 	C:\Windows\system32\cfgmgr32.dll
0x00007ffa5a180000 - 0x00007ffa5a1a7000 	C:\Windows\SYSTEM32\DEVOBJ.dll
0x00000000587d0000 - 0x00000000587df000 	C:\Program Files\Java\jdk1.8.0_101\jre\bin\verify.dll
0x00000000587a0000 - 0x00000000587c9000 	C:\Program Files\Java\jdk1.8.0_101\jre\bin\java.dll
0x0000000058780000 - 0x0000000058796000 	C:\Program Files\Java\jdk1.8.0_101\jre\bin\zip.dll
0x00007ffa5d890000 - 0x00007ffa5edb2000 	C:\Windows\system32\SHELL32.dll
0x00007ffa5b8f0000 - 0x00007ffa5bf19000 	C:\Windows\system32\windows.storage.dll
0x00007ffa5c670000 - 0x00007ffa5c8ec000 	C:\Windows\system32\combase.dll
0x00007ffa5d320000 - 0x00007ffa5d371000 	C:\Windows\system32\shlwapi.dll
0x00007ffa5b880000 - 0x00007ffa5b88f000 	C:\Windows\system32\kernel.appcore.dll
0x00007ffa5c2d0000 - 0x00007ffa5c383000 	C:\Windows\system32\shcore.dll
0x00007ffa5b7f0000 - 0x00007ffa5b83a000 	C:\Windows\system32\powrprof.dll
0x00007ffa5b860000 - 0x00007ffa5b873000 	C:\Windows\system32\profapi.dll

VM Arguments:
jvm_args: -Djava.awt.headless=true -Xmx1024M -Dfile.encoding=x-windows-874 -Duser.country=US -Duser.language=en -Duser.variant 
java_command: com.android.dx.command.Main --dex --force-jumbo --num-threads=4 --output C:\Users\komkrid\Desktop\PGP\app\build\intermediates\pre-dexed\debug\com.google.android.gms-play-services-ads-8.4.0_1aa5c3bb31424781a95a8995f1ea73dfdf5b7deb.jar C:\Users\komkrid\Desktop\PGP\app\build\intermediates\exploded-aar\com.google.android.gms\play-services-ads\8.4.0\jars\classes.jar
java_class_path (initial): C:\Users\komkrid\AppData\Local\Android\sdk\build-tools\24.0.0\lib\dx.jar
Launcher Type: SUN_STANDARD

Environment Variables:
JAVA_HOME=C:\Program Files\Java\jdk1.8.0_101
PATH=C:\ProgramData\Oracle\Java\javapath;C:\Windows\system32;C:\Windows;C:\Windows\System32\Wbem;C:\Windows\System32\WindowsPowerShell\v1.0\;C:\Program Files (x86)\AMD\ATI.ACE\Core-Static;C:\Program Files (x86)\Common Files\Tom Sawyer Software\8.0.0;C:\Program Files\Git\cmd;C:\ProgramData\Oracle\Java\javapath;C:\Windows\system32;C:\Windows;C:\Windows\System32\Wbem;C:\Windows\System32\WindowsPowerShell\v1.0\;C:\Program Files (x86)\AMD\ATI.ACE\Core-Static;C:\Program Files (x86)\Common Files\Tom Sawyer Software\8.0.0;C:\Program Files\Git\cmd;C:\Program Files\Java\jdk1.8.0_101\bin;C:\Users\komkrid\AppData\Local\Android\sdk\platform-tools;C:\Users\komkrid\AppData\Local\Android\sdk\tools;C:\android-adb\
USERNAME=komkrid
OS=Windows_NT
PROCESSOR_IDENTIFIER=AMD64 Family 16 Model 6 Stepping 3, AuthenticAMD



---------------  S Y S T E M  ---------------

OS: Windows 10.0 , 64 bit Build 10240 (10.0.10240.16384)

CPU:total 2 (2 cores per cpu, 1 threads per core) family 16 model 6 stepping 3, cmov, cx8, fxsr, mmx, sse, sse2, sse3, popcnt, mmxext, 3dnowpref, lzcnt, tsc, tscinvbit, tscinv

Memory: 4k page, physical 3930412k(240052k free), swap 7002412k(2568k free)

vm_info: Java HotSpot(TM) 64-Bit Server VM (25.101-b13) for windows-amd64 JRE (1.8.0_101-b13), built on Jun 22 2016 01:21:29 by "java_re" with MS VC++ 10.0 (VS2010)

time: Sun Dec 18 14:13:54 2016
elapsed time: 39 seconds (0d 0h 0m 39s)

