#
# There is insufficient memory for the Java Runtime Environment to continue.
# Native memory allocation (malloc) failed to allocate 32744 bytes for ChunkPool::allocate
# Possible reasons:
#   The system is out of physical RAM or swap space
#   In 32 bit mode, the process size limit was hit
# Possible solutions:
#   Reduce memory load on the system
#   Increase physical memory or swap space
#   Check if swap backing store is full
#   Use 64 bit Java on a 64 bit OS
#   Decrease Java heap size (-Xmx/-Xms)
#   Decrease number of Java threads
#   Decrease Java thread stack sizes (-Xss)
#   Set larger code cache with -XX:ReservedCodeCacheSize=
# This output file may be truncated or incomplete.
#
#  Out of Memory Error (allocation.cpp:273), pid=3104, tid=0x0000000000000be8
#
# JRE version: Java(TM) SE Runtime Environment (8.0_101-b13) (build 1.8.0_101-b13)
# Java VM: Java HotSpot(TM) 64-Bit Server VM (25.101-b13 mixed mode windows-amd64 compressed oops)
# Failed to write core dump. Minidumps are not enabled by default on client versions of Windows
#

---------------  T H R E A D  ---------------

Current thread (0x0000000015492800):  JavaThread "C2 CompilerThread0" daemon [_thread_in_native, id=3048, stack(0x00000000164a0000,0x00000000165a0000)]

Stack: [0x00000000164a0000,0x00000000165a0000]
[error occurred during error reporting (printing stack bounds), id 0xc0000005]

Native frames: (J=compiled Java code, j=interpreted, Vv=VM code, C=native code)


Current CompileTask:
C2:  49398 2355   !   4       com.android.dx.cf.code.Ropper::processBlock (1101 bytes)


---------------  P R O C E S S  ---------------

Java Threads: ( => current thread )
  0x00000000169a1000 JavaThread "pool-1-thread-4" [_thread_in_Java, id=5884, stack(0x00000000170a0000,0x00000000171a0000)]
  0x0000000016994000 JavaThread "pool-1-thread-3" [_thread_in_Java, id=4124, stack(0x0000000016fa0000,0x00000000170a0000)]
  0x0000000016993800 JavaThread "pool-1-thread-2" [_thread_in_Java, id=3640, stack(0x0000000016ea0000,0x0000000016fa0000)]
  0x00000000168f1800 JavaThread "pool-2-thread-1" [_thread_blocked, id=7764, stack(0x0000000016da0000,0x0000000016ea0000)]
  0x00000000168f1000 JavaThread "pool-1-thread-1" [_thread_in_Java, id=3988, stack(0x0000000016ca0000,0x0000000016da0000)]
  0x000000001552d800 JavaThread "Service Thread" daemon [_thread_blocked, id=4128, stack(0x0000000016aa0000,0x0000000016ba0000)]
  0x0000000015495800 JavaThread "C1 CompilerThread1" daemon [_thread_blocked, id=5636, stack(0x00000000165a0000,0x00000000166a0000)]
=>0x0000000015492800 JavaThread "C2 CompilerThread0" daemon [_thread_in_native, id=3048, stack(0x00000000164a0000,0x00000000165a0000)]
  0x0000000015491000 JavaThread "Attach Listener" daemon [_thread_blocked, id=7576, stack(0x00000000163a0000,0x00000000164a0000)]
  0x00000000154dc000 JavaThread "Signal Dispatcher" daemon [_thread_blocked, id=924, stack(0x00000000162a0000,0x00000000163a0000)]
  0x0000000015478800 JavaThread "Finalizer" daemon [_thread_blocked, id=4304, stack(0x00000000160c0000,0x00000000161c0000)]
  0x0000000002fec800 JavaThread "Reference Handler" daemon [_thread_blocked, id=1448, stack(0x0000000015fc0000,0x00000000160c0000)]
  0x0000000002f01000 JavaThread "main" [_thread_in_Java, id=6940, stack(0x0000000002d00000,0x0000000002e00000)]

Other Threads:
  0x0000000015455800 VMThread [stack: 0x0000000015ec0000,0x0000000015fc0000] [id=760]
  0x00000000166d5000 WatcherThread [stack: 0x0000000016ba0000,0x0000000016ca0000] [id=6768]

VM state:synchronizing (normal execution)

VM Mutex/Monitor currently owned by a thread:  ([mutex/lock_event])
[0x0000000002c3ca00] Safepoint_lock - owner thread: 0x0000000015455800
[0x0000000002c3c580] Threads_lock - owner thread: 0x0000000015455800

Heap:
 PSYoungGen      total 254976K, used 98337K [0x00000000eab00000, 0x0000000100000000, 0x0000000100000000)
  eden space 190464K, 17% used [0x00000000eab00000,0x00000000ecc72b10,0x00000000f6500000)
  from space 64512K, 99% used [0x00000000f6500000,0x00000000fa395c48,0x00000000fa400000)
  to   space 87552K, 0% used [0x00000000faa80000,0x00000000faa80000,0x0000000100000000)
 ParOldGen       total 278528K, used 174375K [0x00000000c0000000, 0x00000000d1000000, 0x00000000eab00000)
  object space 278528K, 62% used [0x00000000c0000000,0x00000000caa49c90,0x00000000d1000000)
 Metaspace       used 6583K, capacity 7256K, committed 7424K, reserved 1056768K
  class space    used 628K, capacity 656K, committed 768K, reserved 1048576K

Card table byte_map: [0x00000000123c0000,0x00000000125d0000] byte_map_base: 0x0000000011dc0000

Marking Bits: (ParMarkBitMap*) 0x00000000578ba6d0
 Begin Bits: [0x0000000012930000, 0x0000000013930000)
 End Bits:   [0x0000000013930000, 0x0000000014930000)

Polling page: 0x0000000002b70000

CodeCache: size=245760Kb used=10714Kb max_used=10734Kb free=235045Kb
 bounds [0x0000000003000000, 0x0000000003a90000, 0x0000000012000000]
 total_blobs=2470 nmethods=2201 adapters=182
 compilation: enabled

Compilation events (10 events):
Event: 47.909 Thread 0x0000000015492800 nmethod 2345 0x0000000003a76e50 code [0x0000000003a77060, 0x0000000003a77d28]
Event: 47.909 Thread 0x0000000015492800 2346       4       com.android.dx.ssa.SCCP::simulateBranch (666 bytes)
Event: 48.219 Thread 0x0000000015492800 nmethod 2346 0x0000000003a7e350 code [0x0000000003a7e820, 0x0000000003a82700]
Event: 48.220 Thread 0x0000000015492800 2352       4       com.android.dx.cf.code.BasicBlocker::visitLocal (34 bytes)
Event: 48.223 Thread 0x0000000015492800 nmethod 2352 0x0000000003a70710 code [0x0000000003a70860, 0x0000000003a709d8]
Event: 48.223 Thread 0x0000000015492800 2347       4       com.android.dx.ssa.SCCP::addBlockToWorklist (47 bytes)
Event: 48.247 Thread 0x0000000015492800 nmethod 2347 0x0000000003a69110 code [0x0000000003a692a0, 0x0000000003a69c78]
Event: 48.362 Thread 0x0000000015492800 2355   !   4       com.android.dx.cf.code.Ropper::processBlock (1101 bytes)
Event: 48.372 Thread 0x0000000015495800 2361       1       com.android.dx.ssa.LiteralOpUpgrader$1::visitPhiInsn (1 bytes)
Event: 48.372 Thread 0x0000000015495800 nmethod 2361 0x000000000312e710 code [0x000000000312e860, 0x000000000312e970]

GC Heap History (10 events):
Event: 33.600 GC heap before
{Heap before GC invocations=12 (full 1):
 PSYoungGen      total 204288K, used 204270K [0x00000000eab00000, 0x00000000fc400000, 0x0000000100000000)
  eden space 154624K, 100% used [0x00000000eab00000,0x00000000f4200000,0x00000000f4200000)
  from space 49664K, 99% used [0x00000000f8f80000,0x00000000fbffb8d0,0x00000000fc000000)
  to   space 66560K, 0% used [0x00000000f4200000,0x00000000f4200000,0x00000000f8300000)
 ParOldGen       total 143360K, used 107895K [0x00000000c0000000, 0x00000000c8c00000, 0x00000000eab00000)
  object space 143360K, 75% used [0x00000000c0000000,0x00000000c695dfc8,0x00000000c8c00000)
 Metaspace       used 6566K, capacity 7256K, committed 7424K, reserved 1056768K
  class space    used 628K, capacity 656K, committed 768K, reserved 1048576K
Event: 35.624 GC heap after
Heap after GC invocations=12 (full 1):
 PSYoungGen      total 221184K, used 56992K [0x00000000eab00000, 0x0000000100000000, 0x0000000100000000)
  eden space 154624K, 0% used [0x00000000eab00000,0x00000000eab00000,0x00000000f4200000)
  from space 66560K, 85% used [0x00000000f4200000,0x00000000f79a8358,0x00000000f8300000)
  to   space 74752K, 0% used [0x00000000fb700000,0x00000000fb700000,0x0000000100000000)
 ParOldGen       total 159744K, used 159638K [0x00000000c0000000, 0x00000000c9c00000, 0x00000000eab00000)
  object space 159744K, 99% used [0x00000000c0000000,0x00000000c9be5898,0x00000000c9c00000)
 Metaspace       used 6566K, capacity 7256K, committed 7424K, reserved 1056768K
  class space    used 628K, capacity 656K, committed 768K, reserved 1048576K
}
Event: 35.624 GC heap before
{Heap before GC invocations=13 (full 2):
 PSYoungGen      total 221184K, used 56992K [0x00000000eab00000, 0x0000000100000000, 0x0000000100000000)
  eden space 154624K, 0% used [0x00000000eab00000,0x00000000eab00000,0x00000000f4200000)
  from space 66560K, 85% used [0x00000000f4200000,0x00000000f79a8358,0x00000000f8300000)
  to   space 74752K, 0% used [0x00000000fb700000,0x00000000fb700000,0x0000000100000000)
 ParOldGen       total 159744K, used 159638K [0x00000000c0000000, 0x00000000c9c00000, 0x00000000eab00000)
  object space 159744K, 99% used [0x00000000c0000000,0x00000000c9be5898,0x00000000c9c00000)
 Metaspace       used 6566K, capacity 7256K, committed 7424K, reserved 1056768K
  class space    used 628K, capacity 656K, committed 768K, reserved 1048576K
Event: 39.059 GC heap after
Heap after GC invocations=13 (full 2):
 PSYoungGen      total 221184K, used 43112K [0x00000000eab00000, 0x0000000100000000, 0x0000000100000000)
  eden space 154624K, 0% used [0x00000000eab00000,0x00000000eab00000,0x00000000f4200000)
  from space 66560K, 64% used [0x00000000f4200000,0x00000000f6c1a080,0x00000000f8300000)
  to   space 74752K, 0% used [0x00000000fb700000,0x00000000fb700000,0x0000000100000000)
 ParOldGen       total 242688K, used 159720K [0x00000000c0000000, 0x00000000ced00000, 0x00000000eab00000)
  object space 242688K, 65% used [0x00000000c0000000,0x00000000c9bfa380,0x00000000ced00000)
 Metaspace       used 6566K, capacity 7256K, committed 7424K, reserved 1056768K
  class space    used 628K, capacity 656K, committed 768K, reserved 1048576K
}
Event: 39.675 GC heap before
{Heap before GC invocations=14 (full 2):
 PSYoungGen      total 221184K, used 197736K [0x00000000eab00000, 0x0000000100000000, 0x0000000100000000)
  eden space 154624K, 100% used [0x00000000eab00000,0x00000000f4200000,0x00000000f4200000)
  from space 66560K, 64% used [0x00000000f4200000,0x00000000f6c1a080,0x00000000f8300000)
  to   space 74752K, 0% used [0x00000000fb700000,0x00000000fb700000,0x0000000100000000)
 ParOldGen       total 242688K, used 159720K [0x00000000c0000000, 0x00000000ced00000, 0x00000000eab00000)
  object space 242688K, 65% used [0x00000000c0000000,0x00000000c9bfa380,0x00000000ced00000)
 Metaspace       used 6566K, capacity 7256K, committed 7424K, reserved 1056768K
  class space    used 628K, capacity 656K, committed 768K, reserved 1048576K
Event: 39.927 GC heap after
Heap after GC invocations=14 (full 2):
 PSYoungGen      total 265216K, used 50925K [0x00000000eab00000, 0x0000000100000000, 0x0000000100000000)
  eden space 190464K, 0% used [0x00000000eab00000,0x00000000eab00000,0x00000000f6500000)
  from space 74752K, 68% used [0x00000000fb700000,0x00000000fe8bb528,0x0000000100000000)
  to   space 79360K, 0% used [0x00000000f6500000,0x00000000f6500000,0x00000000fb280000)
 ParOldGen       total 242688K, used 200946K [0x00000000c0000000, 0x00000000ced00000, 0x00000000eab00000)
  object space 242688K, 82% used [0x00000000c0000000,0x00000000cc43c8d0,0x00000000ced00000)
 Metaspace       used 6566K, capacity 7256K, committed 7424K, reserved 1056768K
  class space    used 628K, capacity 656K, committed 768K, reserved 1048576K
}
Event: 39.927 GC heap before
{Heap before GC invocations=15 (full 3):
 PSYoungGen      total 265216K, used 50925K [0x00000000eab00000, 0x0000000100000000, 0x0000000100000000)
  eden space 190464K, 0% used [0x00000000eab00000,0x00000000eab00000,0x00000000f6500000)
  from space 74752K, 68% used [0x00000000fb700000,0x00000000fe8bb528,0x0000000100000000)
  to   space 79360K, 0% used [0x00000000f6500000,0x00000000f6500000,0x00000000fb280000)
 ParOldGen       total 242688K, used 200946K [0x00000000c0000000, 0x00000000ced00000, 0x00000000eab00000)
  object space 242688K, 82% used [0x00000000c0000000,0x00000000cc43c8d0,0x00000000ced00000)
 Metaspace       used 6566K, capacity 7256K, committed 7424K, reserved 1056768K
  class space    used 628K, capacity 656K, committed 768K, reserved 1048576K
Event: 40.705 GC heap after
Heap after GC invocations=15 (full 3):
 PSYoungGen      total 265216K, used 0K [0x00000000eab00000, 0x0000000100000000, 0x0000000100000000)
  eden space 190464K, 0% used [0x00000000eab00000,0x00000000eab00000,0x00000000f6500000)
  from space 74752K, 0% used [0x00000000fb700000,0x00000000fb700000,0x0000000100000000)
  to   space 79360K, 0% used [0x00000000f6500000,0x00000000f6500000,0x00000000fb280000)
 ParOldGen       total 278528K, used 174367K [0x00000000c0000000, 0x00000000d1000000, 0x00000000eab00000)
  object space 278528K, 62% used [0x00000000c0000000,0x00000000caa47c90,0x00000000d1000000)
 Metaspace       used 6566K, capacity 7256K, committed 7424K, reserved 1056768K
  class space    used 628K, capacity 656K, committed 768K, reserved 1048576K
}
Event: 46.240 GC heap before
{Heap before GC invocations=16 (full 3):
 PSYoungGen      total 265216K, used 190464K [0x00000000eab00000, 0x0000000100000000, 0x0000000100000000)
  eden space 190464K, 100% used [0x00000000eab00000,0x00000000f6500000,0x00000000f6500000)
  from space 74752K, 0% used [0x00000000fb700000,0x00000000fb700000,0x0000000100000000)
  to   space 79360K, 0% used [0x00000000f6500000,0x00000000f6500000,0x00000000fb280000)
 ParOldGen       total 278528K, used 174367K [0x00000000c0000000, 0x00000000d1000000, 0x00000000eab00000)
  object space 278528K, 62% used [0x00000000c0000000,0x00000000caa47c90,0x00000000d1000000)
 Metaspace       used 6577K, capacity 7256K, committed 7424K, reserved 1056768K
  class space    used 628K, capacity 656K, committed 768K, reserved 1048576K
Event: 46.682 GC heap after
Heap after GC invocations=16 (full 3):
 PSYoungGen      total 254976K, used 64087K [0x00000000eab00000, 0x0000000100000000, 0x0000000100000000)
  eden space 190464K, 0% used [0x00000000eab00000,0x00000000eab00000,0x00000000f6500000)
  from space 64512K, 99% used [0x00000000f6500000,0x00000000fa395c48,0x00000000fa400000)
  to   space 87552K, 0% used [0x00000000faa80000,0x00000000faa80000,0x0000000100000000)
 ParOldGen       total 278528K, used 174375K [0x00000000c0000000, 0x00000000d1000000, 0x00000000eab00000)
  object space 278528K, 62% used [0x00000000c0000000,0x00000000caa49c90,0x00000000d1000000)
 Metaspace       used 6577K, capacity 7256K, committed 7424K, reserved 1056768K
  class space    used 628K, capacity 656K, committed 768K, reserved 1048576K
}

Deoptimization events (10 events):
Event: 41.544 Thread 0x0000000002f01000 Uncommon trap: reason=class_check action=maybe_recompile pc=0x000000000372f544 method=com.android.dx.cf.code.BaseMachine.addResult(Lcom/android/dx/rop/type/TypeBearer;)V @ 23
Event: 41.544 Thread 0x0000000002f01000 Uncommon trap: reason=class_check action=maybe_recompile pc=0x0000000003717f54 method=com.android.dx.cf.code.RopperMachine.run(Lcom/android/dx/cf/code/Frame;II)V @ 310
Event: 42.407 Thread 0x0000000002f01000 Uncommon trap: reason=speculate_class_check action=maybe_recompile pc=0x0000000003755450 method=com.android.dx.rop.cst.TypedConstant.getBasicType()I @ 1
Event: 42.652 Thread 0x0000000002f01000 Uncommon trap: reason=unstable_if action=reinterpret pc=0x0000000003679ab0 method=com.android.dx.ssa.SCCP.simulateStmt(Lcom/android/dx/ssa/SsaInsn;)V @ 59
Event: 44.025 Thread 0x0000000002f01000 Uncommon trap: reason=unstable_if action=reinterpret pc=0x000000000373c49c method=java.util.HashMap.putVal(ILjava/lang/Object;Ljava/lang/Object;ZZ)Ljava/lang/Object; @ 109
Event: 44.608 Thread 0x0000000002f01000 Uncommon trap: reason=speculate_class_check action=maybe_recompile pc=0x0000000003755450 method=com.android.dx.rop.cst.TypedConstant.getBasicType()I @ 1
Event: 44.846 Thread 0x0000000002f01000 Uncommon trap: reason=unstable_if action=reinterpret pc=0x00000000037b60d8 method=com.android.dx.cf.code.Merger.mergeType(Lcom/android/dx/rop/type/TypeBearer;Lcom/android/dx/rop/type/TypeBearer;)Lcom/android/dx/rop/type/TypeBearer; @ 126
Event: 44.855 Thread 0x0000000002f01000 Uncommon trap: reason=unstable_if action=reinterpret pc=0x00000000038066d0 method=com.android.dx.cf.code.Merger.mergeType(Lcom/android/dx/rop/type/TypeBearer;Lcom/android/dx/rop/type/TypeBearer;)Lcom/android/dx/rop/type/TypeBearer; @ 126
Event: 45.562 Thread 0x0000000002f01000 Uncommon trap: reason=speculate_class_check action=maybe_recompile pc=0x0000000003755450 method=com.android.dx.rop.cst.TypedConstant.getBasicType()I @ 1
Event: 47.883 Thread 0x0000000002f01000 Uncommon trap: reason=speculate_class_check action=maybe_recompile pc=0x0000000003755450 method=com.android.dx.rop.cst.TypedConstant.getBasicType()I @ 1

Internal exceptions (6 events):
Event: 0.103 Thread 0x0000000002f01000 Exception <a 'java/lang/NoSuchMethodError': Method sun.misc.Unsafe.defineClass(Ljava/lang/String;[BII)Ljava/lang/Class; name or signature does not match> (0x00000000eab07cc0) thrown at [C:\re\workspace\8-2-build-windows-amd64-cygwin\jdk8u101\7261\hotspot\stòM„ıL∫?
Event: 0.103 Thread 0x0000000002f01000 Exception <a 'java/lang/NoSuchMethodError': Method sun.misc.Unsafe.prefetchRead(Ljava/lang/Object;J)V name or signature does not match> (0x00000000eab07fa8) thrown at [C:\re\workspace\8-2-build-windows-amd64-cygwin\jdk8u101\7261\hotspot\src\share\vm\prims\›èº‡˘?
Event: 1.564 Thread 0x0000000016993800 Implicit null exception at 0x00000000032624e2 to 0x0000000003262581
Event: 4.373 Thread 0x0000000016994000 Exception <a 'java/lang/ArrayIndexOutOfBoundsException': 18> (0x00000000eb0fabe0) thrown at [C:\re\workspace\8-2-build-windows-amd64-cygwin\jdk8u101\7261\hotspot\src\share\vm\interpreter\interpreterRuntime.cpp, line 366]
Event: 4.374 Thread 0x0000000016994000 Exception <a 'java/lang/ArrayIndexOutOfBoundsException'> (0x00000000eb0fc760) thrown at [C:\re\workspace\8-2-build-windows-amd64-cygwin\jdk8u101\7261\hotspot\src\share\vm\runtime\sharedRuntime.cpp, line 605]
Event: 4.375 Thread 0x0000000016994000 Exception <a 'java/lang/ArrayIndexOutOfBoundsException'> (0x00000000eb0fda48) thrown at [C:\re\workspace\8-2-build-windows-amd64-cygwin\jdk8u101\7261\hotspot\src\share\vm\runtime\sharedRuntime.cpp, line 605]

Events (10 events):
Event: 46.071 Thread 0x0000000002f01000 DEOPT UNPACKING pc=0x000000000304747f sp=0x0000000002dfe010 mode 0
Event: 46.234 Executing VM operation: ParallelGCFailedAllocation
Event: 46.682 Executing VM operation: ParallelGCFailedAllocation done
Event: 46.708 Thread 0x0000000002f01000 DEOPT PACKING pc=0x00000000034789c0 sp=0x0000000002dfe1f0
Event: 46.708 Thread 0x0000000002f01000 DEOPT UNPACKING pc=0x000000000304747f sp=0x0000000002dfdf80 mode 0
Event: 47.883 Thread 0x0000000002f01000 Uncommon trap: trap_request=0xffffff76 fr.pc=0x0000000003755450
Event: 47.883 Thread 0x0000000002f01000 DEOPT PACKING pc=0x0000000003755450 sp=0x0000000002dfe0c0
Event: 47.883 Thread 0x0000000002f01000 DEOPT UNPACKING pc=0x000000000304582a sp=0x0000000002dfe060 mode 2
Event: 48.393 Thread 0x0000000002f01000 DEOPT PACKING pc=0x00000000034a0a99 sp=0x0000000002dfdfc0
Event: 48.393 Thread 0x0000000002f01000 DEOPT UNPACKING pc=0x000000000304747f sp=0x0000000002dfddb8 mode 0


Dynamic libraries:
0x00007ff64a9e0000 - 0x00007ff64aa17000 	C:\Program Files\Java\jdk1.8.0_101\bin\java.exe
0x00007ffa5edc0000 - 0x00007ffa5ef81000 	C:\Windows\SYSTEM32\ntdll.dll
0x00007ffa5d180000 - 0x00007ffa5d22d000 	C:\Windows\system32\KERNEL32.DLL
0x00007ffa5bf20000 - 0x00007ffa5c0fd000 	C:\Windows\system32\KERNELBASE.dll
0x00007ffa5d5a0000 - 0x00007ffa5d646000 	C:\Windows\system32\ADVAPI32.dll
0x00007ffa5cb80000 - 0x00007ffa5cc1d000 	C:\Windows\system32\msvcrt.dll
0x00007ffa5d0c0000 - 0x00007ffa5d11b000 	C:\Windows\system32\sechost.dll
0x00007ffa5c490000 - 0x00007ffa5c5b6000 	C:\Windows\system32\RPCRT4.dll
0x00007ffa5d380000 - 0x00007ffa5d4ce000 	C:\Windows\system32\USER32.dll
0x00007ffa5d650000 - 0x00007ffa5d7d6000 	C:\Windows\system32\GDI32.dll
0x00007ffa50260000 - 0x00007ffa504d4000 	C:\Windows\WinSxS\amd64_microsoft.windows.common-controls_6595b64144ccf1df_6.0.10240.16384_none_f41f7b285750ef43\COMCTL32.dll
0x00007ffa5c5c0000 - 0x00007ffa5c5f6000 	C:\Windows\system32\IMM32.DLL
0x00007ffa5cd90000 - 0x00007ffa5ceec000 	C:\Windows\system32\MSCTF.dll
0x00000000587e0000 - 0x00000000588b2000 	C:\Program Files\Java\jdk1.8.0_101\jre\bin\msvcr100.dll
0x00000000570a0000 - 0x000000005793a000 	C:\Program Files\Java\jdk1.8.0_101\jre\bin\server\jvm.dll
0x00007ffa5cc20000 - 0x00007ffa5cc28000 	C:\Windows\system32\PSAPI.DLL
0x00007ffa57bd0000 - 0x00007ffa57bd9000 	C:\Windows\SYSTEM32\WSOCK32.dll
0x00007ffa5d4d0000 - 0x00007ffa5d539000 	C:\Windows\system32\WS2_32.dll
0x00007ffa5d230000 - 0x00007ffa5d238000 	C:\Windows\system32\NSI.dll
0x00007ffa59e70000 - 0x00007ffa59e93000 	C:\Windows\SYSTEM32\WINMM.dll
0x00007ffa59000000 - 0x00007ffa5900a000 	C:\Windows\SYSTEM32\VERSION.dll
0x00007ffa59e10000 - 0x00007ffa59e3c000 	C:\Windows\SYSTEM32\WINMMBASE.dll
0x00007ffa5c390000 - 0x00007ffa5c3d4000 	C:\Windows\system32\cfgmgr32.dll
0x00007ffa5a180000 - 0x00007ffa5a1a7000 	C:\Windows\SYSTEM32\DEVOBJ.dll
0x00000000587d0000 - 0x00000000587df000 	C:\Program Files\Java\jdk1.8.0_101\jre\bin\verify.dll
0x00000000587a0000 - 0x00000000587c9000 	C:\Program Files\Java\jdk1.8.0_101\jre\bin\java.dll
0x0000000058780000 - 0x0000000058796000 	C:\Program Files\Java\jdk1.8.0_101\jre\bin\zip.dll
0x00007ffa5d890000 - 0x00007ffa5edb2000 	C:\Windows\system32\SHELL32.dll
0x00007ffa5b8f0000 - 0x00007ffa5bf19000 	C:\Windows\system32\windows.storage.dll
0x00007ffa5c670000 - 0x00007ffa5c8ec000 	C:\Windows\system32\combase.dll
0x00007ffa5d320000 - 0x00007ffa5d371000 	C:\Windows\system32\shlwapi.dll
0x00007ffa5b880000 - 0x00007ffa5b88f000 	C:\Windows\system32\kernel.appcore.dll
0x00007ffa5c2d0000 - 0x00007ffa5c383000 	C:\Windows\system32\shcore.dll
0x00007ffa5b7f0000 - 0x00007ffa5b83a000 	C:\Windows\system32\powrprof.dll
0x00007ffa5b860000 - 0x00007ffa5b873000 	C:\Windows\system32\profapi.dll

VM Arguments:
jvm_args: -Djava.awt.headless=true -Xmx1024M -Dfile.encoding=x-windows-874 -Duser.country=US -Duser.language=en -Duser.variant 
java_command: com.android.dx.command.Main --dex --force-jumbo --num-threads=4 --output C:\Users\komkrid\Desktop\PGP\app\build\intermediates\pre-dexed\debug\com.google.android.gms-play-services-ads-8.4.0_1aa5c3bb31424781a95a8995f1ea73dfdf5b7deb.jar C:\Users\komkrid\Desktop\PGP\app\build\intermediates\exploded-aar\com.google.android.gms\play-services-ads\8.4.0\jars\classes.jar
java_class_path (initial): C:\Users\komkrid\AppData\Local\Android\sdk\build-tools\24.0.0\lib\dx.jar
Launcher Type: SUN_STANDARD

Environment Variables:
JAVA_HOME=C:\Program Files\Java\jdk1.8.0_101
PATH=C:\ProgramData\Oracle\Java\javapath;C:\Windows\system32;C:\Windows;C:\Windows\System32\Wbem;C:\Windows\System32\WindowsPowerShell\v1.0\;C:\Program Files (x86)\AMD\ATI.ACE\Core-Static;C:\Program Files (x86)\Common Files\Tom Sawyer Software\8.0.0;C:\Program Files\Git\cmd;C:\ProgramData\Oracle\Java\javapath;C:\Windows\system32;C:\Windows;C:\Windows\System32\Wbem;C:\Windows\System32\WindowsPowerShell\v1.0\;C:\Program Files (x86)\AMD\ATI.ACE\Core-Static;C:\Program Files (x86)\Common Files\Tom Sawyer Software\8.0.0;C:\Program Files\Git\cmd;C:\Program Files\Java\jdk1.8.0_101\bin;C:\Users\komkrid\AppData\Local\Android\sdk\platform-tools;C:\Users\komkrid\AppData\Local\Android\sdk\tools;C:\android-adb\
USERNAME=komkrid
OS=Windows_NT
PROCESSOR_IDENTIFIER=AMD64 Family 16 Model 6 Stepping 3, AuthenticAMD



---------------  S Y S T E M  ---------------

OS: Windows 10.0 , 64 bit Build 10240 (10.0.10240.16384)

CPU:total 2 (2 cores per cpu, 1 threads per core) family 16 model 6 stepping 3, cmov, cx8, fxsr, mmx, sse, sse2, sse3, popcnt, mmxext, 3dnowpref, lzcnt, tsc, tscinvbit, tscinv

Memory: 4k page, physical 3930412k(145408k free), swap 7002412k(4132k free)

vm_info: Java HotSpot(TM) 64-Bit Server VM (25.101-b13) for windows-amd64 JRE (1.8.0_101-b13), built on Jun 22 2016 01:21:29 by "java_re" with MS VC++ 10.0 (VS2010)

time: Sun Dec 18 14:25:20 2016
elapsed time: 49 seconds (0d 0h 0m 49s)

